[0.147s] DEBUG:colcon:Command line arguments: ['/usr/bin/colcon', 'build', '--packages-select', 'ros2_laser_scan_matcher']
[0.147s] DEBUG:colcon:Parsed command line arguments: Namespace(log_base=None, log_level=None, verb_name='build', build_base='build', install_base='install', merge_install=False, symlink_install=False, test_result_base=None, continue_on_error=False, executor='parallel', parallel_workers=8, event_handlers=None, ignore_user_meta=False, metas=['./colcon.meta'], base_paths=['.'], packages_ignore=None, packages_ignore_regex=None, paths=None, packages_up_to=None, packages_up_to_regex=None, packages_above=None, packages_above_and_dependencies=None, packages_above_depth=None, packages_select_by_dep=None, packages_skip_by_dep=None, packages_skip_up_to=None, packages_select_build_failed=False, packages_skip_build_finished=False, packages_select_test_failures=False, packages_skip_test_passed=False, packages_select=['ros2_laser_scan_matcher'], packages_skip=None, packages_select_regex=None, packages_skip_regex=None, packages_start=None, packages_end=None, allow_overriding=[], cmake_args=None, cmake_target=None, cmake_target_skip_unavailable=False, cmake_clean_cache=False, cmake_clean_first=False, cmake_force_configure=False, ament_cmake_args=None, catkin_cmake_args=None, catkin_skip_building_tests=False, verb_parser=<colcon_defaults.argument_parser.defaults.DefaultArgumentsDecorator object at 0x7a0f12d0e200>, verb_extension=<colcon_core.verb.build.BuildVerb object at 0x7a0f12e43cd0>, main=<bound method BuildVerb.main of <colcon_core.verb.build.BuildVerb object at 0x7a0f12e43cd0>>)
[0.189s] Level 1:colcon.colcon_core.package_discovery:discover_packages(colcon_meta) check parameters
[0.190s] Level 1:colcon.colcon_core.package_discovery:discover_packages(recursive) check parameters
[0.190s] Level 1:colcon.colcon_core.package_discovery:discover_packages(ignore) check parameters
[0.190s] Level 1:colcon.colcon_core.package_discovery:discover_packages(path) check parameters
[0.190s] Level 1:colcon.colcon_core.package_discovery:discover_packages(colcon_meta) discover
[0.190s] Level 1:colcon.colcon_core.package_discovery:discover_packages(recursive) discover
[0.190s] INFO:colcon.colcon_core.package_discovery:Crawling recursively for packages in '/home/lin/train2/src'
[0.190s] Level 1:colcon.colcon_core.package_identification:_identify(.) by extensions ['ignore', 'ignore_ament_install']
[0.190s] Level 1:colcon.colcon_core.package_identification:_identify(.) by extension 'ignore'
[0.190s] Level 1:colcon.colcon_core.package_identification:_identify(.) by extension 'ignore_ament_install'
[0.190s] Level 1:colcon.colcon_core.package_identification:_identify(.) by extensions ['colcon_pkg']
[0.190s] Level 1:colcon.colcon_core.package_identification:_identify(.) by extension 'colcon_pkg'
[0.190s] Level 1:colcon.colcon_core.package_identification:_identify(.) by extensions ['colcon_meta']
[0.191s] Level 1:colcon.colcon_core.package_identification:_identify(.) by extension 'colcon_meta'
[0.191s] Level 1:colcon.colcon_core.package_identification:_identify(.) by extensions ['ros']
[0.191s] Level 1:colcon.colcon_core.package_identification:_identify(.) by extension 'ros'
[0.208s] Level 1:colcon.colcon_core.package_identification:_identify(.) by extensions ['cmake', 'python']
[0.208s] Level 1:colcon.colcon_core.package_identification:_identify(.) by extension 'cmake'
[0.208s] Level 1:colcon.colcon_core.package_identification:_identify(.) by extension 'python'
[0.208s] Level 1:colcon.colcon_core.package_identification:_identify(.) by extensions ['python_setup_py']
[0.208s] Level 1:colcon.colcon_core.package_identification:_identify(.) by extension 'python_setup_py'
[0.208s] Level 1:colcon.colcon_core.package_identification:_identify(build) by extensions ['ignore', 'ignore_ament_install']
[0.209s] Level 1:colcon.colcon_core.package_identification:_identify(build) by extension 'ignore'
[0.209s] Level 1:colcon.colcon_core.package_identification:_identify(build) ignored
[0.209s] Level 1:colcon.colcon_core.package_identification:_identify(config) by extensions ['ignore', 'ignore_ament_install']
[0.209s] Level 1:colcon.colcon_core.package_identification:_identify(config) by extension 'ignore'
[0.209s] Level 1:colcon.colcon_core.package_identification:_identify(config) by extension 'ignore_ament_install'
[0.209s] Level 1:colcon.colcon_core.package_identification:_identify(config) by extensions ['colcon_pkg']
[0.209s] Level 1:colcon.colcon_core.package_identification:_identify(config) by extension 'colcon_pkg'
[0.209s] Level 1:colcon.colcon_core.package_identification:_identify(config) by extensions ['colcon_meta']
[0.209s] Level 1:colcon.colcon_core.package_identification:_identify(config) by extension 'colcon_meta'
[0.209s] Level 1:colcon.colcon_core.package_identification:_identify(config) by extensions ['ros']
[0.209s] Level 1:colcon.colcon_core.package_identification:_identify(config) by extension 'ros'
[0.210s] Level 1:colcon.colcon_core.package_identification:_identify(config) by extensions ['cmake', 'python']
[0.210s] Level 1:colcon.colcon_core.package_identification:_identify(config) by extension 'cmake'
[0.210s] Level 1:colcon.colcon_core.package_identification:_identify(config) by extension 'python'
[0.210s] Level 1:colcon.colcon_core.package_identification:_identify(config) by extensions ['python_setup_py']
[0.210s] Level 1:colcon.colcon_core.package_identification:_identify(config) by extension 'python_setup_py'
[0.210s] Level 1:colcon.colcon_core.package_identification:_identify(csm) by extensions ['ignore', 'ignore_ament_install']
[0.210s] Level 1:colcon.colcon_core.package_identification:_identify(csm) by extension 'ignore'
[0.210s] Level 1:colcon.colcon_core.package_identification:_identify(csm) by extension 'ignore_ament_install'
[0.210s] Level 1:colcon.colcon_core.package_identification:_identify(csm) by extensions ['colcon_pkg']
[0.210s] Level 1:colcon.colcon_core.package_identification:_identify(csm) by extension 'colcon_pkg'
[0.210s] Level 1:colcon.colcon_core.package_identification:_identify(csm) by extensions ['colcon_meta']
[0.210s] Level 1:colcon.colcon_core.package_identification:_identify(csm) by extension 'colcon_meta'
[0.210s] Level 1:colcon.colcon_core.package_identification:_identify(csm) by extensions ['ros']
[0.210s] Level 1:colcon.colcon_core.package_identification:_identify(csm) by extension 'ros'
[0.212s] DEBUG:colcon.colcon_core.package_identification:Package 'csm' with type 'ros.ament_cmake' and name 'csm'
[0.213s] Level 1:colcon.colcon_core.package_identification:_identify(example_cpp) by extensions ['ignore', 'ignore_ament_install']
[0.213s] Level 1:colcon.colcon_core.package_identification:_identify(example_cpp) by extension 'ignore'
[0.213s] Level 1:colcon.colcon_core.package_identification:_identify(example_cpp) by extension 'ignore_ament_install'
[0.213s] Level 1:colcon.colcon_core.package_identification:_identify(example_cpp) by extensions ['colcon_pkg']
[0.213s] Level 1:colcon.colcon_core.package_identification:_identify(example_cpp) by extension 'colcon_pkg'
[0.213s] Level 1:colcon.colcon_core.package_identification:_identify(example_cpp) by extensions ['colcon_meta']
[0.213s] Level 1:colcon.colcon_core.package_identification:_identify(example_cpp) by extension 'colcon_meta'
[0.213s] Level 1:colcon.colcon_core.package_identification:_identify(example_cpp) by extensions ['ros']
[0.213s] Level 1:colcon.colcon_core.package_identification:_identify(example_cpp) by extension 'ros'
[0.214s] DEBUG:colcon.colcon_core.package_identification:Package 'example_cpp' with type 'ros.ament_cmake' and name 'example_cpp'
[0.214s] Level 1:colcon.colcon_core.package_identification:_identify(example_py) by extensions ['ignore', 'ignore_ament_install']
[0.214s] Level 1:colcon.colcon_core.package_identification:_identify(example_py) by extension 'ignore'
[0.214s] Level 1:colcon.colcon_core.package_identification:_identify(example_py) by extension 'ignore_ament_install'
[0.214s] Level 1:colcon.colcon_core.package_identification:_identify(example_py) by extensions ['colcon_pkg']
[0.214s] Level 1:colcon.colcon_core.package_identification:_identify(example_py) by extension 'colcon_pkg'
[0.214s] Level 1:colcon.colcon_core.package_identification:_identify(example_py) by extensions ['colcon_meta']
[0.214s] Level 1:colcon.colcon_core.package_identification:_identify(example_py) by extension 'colcon_meta'
[0.214s] Level 1:colcon.colcon_core.package_identification:_identify(example_py) by extensions ['ros']
[0.214s] Level 1:colcon.colcon_core.package_identification:_identify(example_py) by extension 'ros'
[0.215s] DEBUG:colcon.colcon_core.package_identification:Package 'example_py' with type 'ros.ament_python' and name 'example_py'
[0.215s] Level 1:colcon.colcon_core.package_identification:_identify(example_ros2_interfaces) by extensions ['ignore', 'ignore_ament_install']
[0.215s] Level 1:colcon.colcon_core.package_identification:_identify(example_ros2_interfaces) by extension 'ignore'
[0.215s] Level 1:colcon.colcon_core.package_identification:_identify(example_ros2_interfaces) by extension 'ignore_ament_install'
[0.215s] Level 1:colcon.colcon_core.package_identification:_identify(example_ros2_interfaces) by extensions ['colcon_pkg']
[0.215s] Level 1:colcon.colcon_core.package_identification:_identify(example_ros2_interfaces) by extension 'colcon_pkg'
[0.216s] Level 1:colcon.colcon_core.package_identification:_identify(example_ros2_interfaces) by extensions ['colcon_meta']
[0.216s] Level 1:colcon.colcon_core.package_identification:_identify(example_ros2_interfaces) by extension 'colcon_meta'
[0.216s] Level 1:colcon.colcon_core.package_identification:_identify(example_ros2_interfaces) by extensions ['ros']
[0.216s] Level 1:colcon.colcon_core.package_identification:_identify(example_ros2_interfaces) by extension 'ros'
[0.216s] DEBUG:colcon.colcon_core.package_identification:Package 'example_ros2_interfaces' with type 'ros.ament_cmake' and name 'example_ros2_interfaces'
[0.216s] Level 1:colcon.colcon_core.package_identification:_identify(fishbot_bringup) by extensions ['ignore', 'ignore_ament_install']
[0.216s] Level 1:colcon.colcon_core.package_identification:_identify(fishbot_bringup) by extension 'ignore'
[0.217s] Level 1:colcon.colcon_core.package_identification:_identify(fishbot_bringup) by extension 'ignore_ament_install'
[0.217s] Level 1:colcon.colcon_core.package_identification:_identify(fishbot_bringup) by extensions ['colcon_pkg']
[0.217s] Level 1:colcon.colcon_core.package_identification:_identify(fishbot_bringup) by extension 'colcon_pkg'
[0.217s] Level 1:colcon.colcon_core.package_identification:_identify(fishbot_bringup) by extensions ['colcon_meta']
[0.217s] Level 1:colcon.colcon_core.package_identification:_identify(fishbot_bringup) by extension 'colcon_meta'
[0.217s] Level 1:colcon.colcon_core.package_identification:_identify(fishbot_bringup) by extensions ['ros']
[0.217s] Level 1:colcon.colcon_core.package_identification:_identify(fishbot_bringup) by extension 'ros'
[0.217s] DEBUG:colcon.colcon_core.package_identification:Package 'fishbot_bringup' with type 'ros.ament_cmake' and name 'fishbot_bringup'
[0.217s] Level 1:colcon.colcon_core.package_identification:_identify(fishbot_cartographer) by extensions ['ignore', 'ignore_ament_install']
[0.218s] Level 1:colcon.colcon_core.package_identification:_identify(fishbot_cartographer) by extension 'ignore'
[0.218s] Level 1:colcon.colcon_core.package_identification:_identify(fishbot_cartographer) by extension 'ignore_ament_install'
[0.218s] Level 1:colcon.colcon_core.package_identification:_identify(fishbot_cartographer) by extensions ['colcon_pkg']
[0.218s] Level 1:colcon.colcon_core.package_identification:_identify(fishbot_cartographer) by extension 'colcon_pkg'
[0.218s] Level 1:colcon.colcon_core.package_identification:_identify(fishbot_cartographer) by extensions ['colcon_meta']
[0.218s] Level 1:colcon.colcon_core.package_identification:_identify(fishbot_cartographer) by extension 'colcon_meta'
[0.218s] Level 1:colcon.colcon_core.package_identification:_identify(fishbot_cartographer) by extensions ['ros']
[0.218s] Level 1:colcon.colcon_core.package_identification:_identify(fishbot_cartographer) by extension 'ros'
[0.218s] DEBUG:colcon.colcon_core.package_identification:Package 'fishbot_cartographer' with type 'ros.ament_cmake' and name 'fishbot_cartographer'
[0.219s] Level 1:colcon.colcon_core.package_identification:_identify(fishbot_description) by extensions ['ignore', 'ignore_ament_install']
[0.219s] Level 1:colcon.colcon_core.package_identification:_identify(fishbot_description) by extension 'ignore'
[0.219s] Level 1:colcon.colcon_core.package_identification:_identify(fishbot_description) by extension 'ignore_ament_install'
[0.219s] Level 1:colcon.colcon_core.package_identification:_identify(fishbot_description) by extensions ['colcon_pkg']
[0.219s] Level 1:colcon.colcon_core.package_identification:_identify(fishbot_description) by extension 'colcon_pkg'
[0.219s] Level 1:colcon.colcon_core.package_identification:_identify(fishbot_description) by extensions ['colcon_meta']
[0.219s] Level 1:colcon.colcon_core.package_identification:_identify(fishbot_description) by extension 'colcon_meta'
[0.219s] Level 1:colcon.colcon_core.package_identification:_identify(fishbot_description) by extensions ['ros']
[0.219s] Level 1:colcon.colcon_core.package_identification:_identify(fishbot_description) by extension 'ros'
[0.220s] DEBUG:colcon.colcon_core.package_identification:Package 'fishbot_description' with type 'ros.ament_python' and name 'fishbot_description'
[0.220s] Level 1:colcon.colcon_core.package_identification:_identify(fishbot_navigation2) by extensions ['ignore', 'ignore_ament_install']
[0.220s] Level 1:colcon.colcon_core.package_identification:_identify(fishbot_navigation2) by extension 'ignore'
[0.220s] Level 1:colcon.colcon_core.package_identification:_identify(fishbot_navigation2) by extension 'ignore_ament_install'
[0.220s] Level 1:colcon.colcon_core.package_identification:_identify(fishbot_navigation2) by extensions ['colcon_pkg']
[0.220s] Level 1:colcon.colcon_core.package_identification:_identify(fishbot_navigation2) by extension 'colcon_pkg'
[0.220s] Level 1:colcon.colcon_core.package_identification:_identify(fishbot_navigation2) by extensions ['colcon_meta']
[0.220s] Level 1:colcon.colcon_core.package_identification:_identify(fishbot_navigation2) by extension 'colcon_meta'
[0.220s] Level 1:colcon.colcon_core.package_identification:_identify(fishbot_navigation2) by extensions ['ros']
[0.220s] Level 1:colcon.colcon_core.package_identification:_identify(fishbot_navigation2) by extension 'ros'
[0.221s] DEBUG:colcon.colcon_core.package_identification:Package 'fishbot_navigation2' with type 'ros.ament_cmake' and name 'fishbot_navigation2'
[0.221s] Level 1:colcon.colcon_core.package_identification:_identify(install) by extensions ['ignore', 'ignore_ament_install']
[0.221s] Level 1:colcon.colcon_core.package_identification:_identify(install) by extension 'ignore'
[0.221s] Level 1:colcon.colcon_core.package_identification:_identify(install) ignored
[0.221s] Level 1:colcon.colcon_core.package_identification:_identify(log) by extensions ['ignore', 'ignore_ament_install']
[0.221s] Level 1:colcon.colcon_core.package_identification:_identify(log) by extension 'ignore'
[0.221s] Level 1:colcon.colcon_core.package_identification:_identify(log) ignored
[0.221s] Level 1:colcon.colcon_core.package_identification:_identify(odom_publisher) by extensions ['ignore', 'ignore_ament_install']
[0.222s] Level 1:colcon.colcon_core.package_identification:_identify(odom_publisher) by extension 'ignore'
[0.222s] Level 1:colcon.colcon_core.package_identification:_identify(odom_publisher) by extension 'ignore_ament_install'
[0.222s] Level 1:colcon.colcon_core.package_identification:_identify(odom_publisher) by extensions ['colcon_pkg']
[0.222s] Level 1:colcon.colcon_core.package_identification:_identify(odom_publisher) by extension 'colcon_pkg'
[0.222s] Level 1:colcon.colcon_core.package_identification:_identify(odom_publisher) by extensions ['colcon_meta']
[0.222s] Level 1:colcon.colcon_core.package_identification:_identify(odom_publisher) by extension 'colcon_meta'
[0.222s] Level 1:colcon.colcon_core.package_identification:_identify(odom_publisher) by extensions ['ros']
[0.222s] Level 1:colcon.colcon_core.package_identification:_identify(odom_publisher) by extension 'ros'
[0.222s] DEBUG:colcon.colcon_core.package_identification:Package 'odom_publisher' with type 'ros.ament_cmake' and name 'odom_publisher'
[0.223s] Level 1:colcon.colcon_core.package_identification:_identify(ros2_laser_scan_matcher) by extensions ['ignore', 'ignore_ament_install']
[0.223s] Level 1:colcon.colcon_core.package_identification:_identify(ros2_laser_scan_matcher) by extension 'ignore'
[0.223s] Level 1:colcon.colcon_core.package_identification:_identify(ros2_laser_scan_matcher) by extension 'ignore_ament_install'
[0.223s] Level 1:colcon.colcon_core.package_identification:_identify(ros2_laser_scan_matcher) by extensions ['colcon_pkg']
[0.223s] Level 1:colcon.colcon_core.package_identification:_identify(ros2_laser_scan_matcher) by extension 'colcon_pkg'
[0.223s] Level 1:colcon.colcon_core.package_identification:_identify(ros2_laser_scan_matcher) by extensions ['colcon_meta']
[0.223s] Level 1:colcon.colcon_core.package_identification:_identify(ros2_laser_scan_matcher) by extension 'colcon_meta'
[0.223s] Level 1:colcon.colcon_core.package_identification:_identify(ros2_laser_scan_matcher) by extensions ['ros']
[0.223s] Level 1:colcon.colcon_core.package_identification:_identify(ros2_laser_scan_matcher) by extension 'ros'
[0.224s] DEBUG:colcon.colcon_core.package_identification:Package 'ros2_laser_scan_matcher' with type 'ros.ament_cmake' and name 'ros2_laser_scan_matcher'
[0.224s] Level 1:colcon.colcon_core.package_identification:_identify(src) by extensions ['ignore', 'ignore_ament_install']
[0.224s] Level 1:colcon.colcon_core.package_identification:_identify(src) by extension 'ignore'
[0.224s] Level 1:colcon.colcon_core.package_identification:_identify(src) by extension 'ignore_ament_install'
[0.224s] Level 1:colcon.colcon_core.package_identification:_identify(src) by extensions ['colcon_pkg']
[0.224s] Level 1:colcon.colcon_core.package_identification:_identify(src) by extension 'colcon_pkg'
[0.225s] Level 1:colcon.colcon_core.package_identification:_identify(src) by extensions ['colcon_meta']
[0.225s] Level 1:colcon.colcon_core.package_identification:_identify(src) by extension 'colcon_meta'
[0.225s] Level 1:colcon.colcon_core.package_identification:_identify(src) by extensions ['ros']
[0.225s] Level 1:colcon.colcon_core.package_identification:_identify(src) by extension 'ros'
[0.225s] Level 1:colcon.colcon_core.package_identification:_identify(src) by extensions ['cmake', 'python']
[0.225s] Level 1:colcon.colcon_core.package_identification:_identify(src) by extension 'cmake'
[0.225s] Level 1:colcon.colcon_core.package_identification:_identify(src) by extension 'python'
[0.225s] Level 1:colcon.colcon_core.package_identification:_identify(src) by extensions ['python_setup_py']
[0.225s] Level 1:colcon.colcon_core.package_identification:_identify(src) by extension 'python_setup_py'
[0.225s] Level 1:colcon.colcon_core.package_identification:_identify(src/robot_startup) by extensions ['ignore', 'ignore_ament_install']
[0.225s] Level 1:colcon.colcon_core.package_identification:_identify(src/robot_startup) by extension 'ignore'
[0.225s] Level 1:colcon.colcon_core.package_identification:_identify(src/robot_startup) by extension 'ignore_ament_install'
[0.225s] Level 1:colcon.colcon_core.package_identification:_identify(src/robot_startup) by extensions ['colcon_pkg']
[0.225s] Level 1:colcon.colcon_core.package_identification:_identify(src/robot_startup) by extension 'colcon_pkg'
[0.226s] Level 1:colcon.colcon_core.package_identification:_identify(src/robot_startup) by extensions ['colcon_meta']
[0.226s] Level 1:colcon.colcon_core.package_identification:_identify(src/robot_startup) by extension 'colcon_meta'
[0.226s] Level 1:colcon.colcon_core.package_identification:_identify(src/robot_startup) by extensions ['ros']
[0.226s] Level 1:colcon.colcon_core.package_identification:_identify(src/robot_startup) by extension 'ros'
[0.226s] DEBUG:colcon.colcon_core.package_identification:Package 'src/robot_startup' with type 'ros.ament_cmake' and name 'robot_startup'
[0.226s] Level 1:colcon.colcon_core.package_identification:_identify(ydlidar_ros2) by extensions ['ignore', 'ignore_ament_install']
[0.226s] Level 1:colcon.colcon_core.package_identification:_identify(ydlidar_ros2) by extension 'ignore'
[0.226s] Level 1:colcon.colcon_core.package_identification:_identify(ydlidar_ros2) by extension 'ignore_ament_install'
[0.227s] Level 1:colcon.colcon_core.package_identification:_identify(ydlidar_ros2) by extensions ['colcon_pkg']
[0.227s] Level 1:colcon.colcon_core.package_identification:_identify(ydlidar_ros2) by extension 'colcon_pkg'
[0.227s] Level 1:colcon.colcon_core.package_identification:_identify(ydlidar_ros2) by extensions ['colcon_meta']
[0.227s] Level 1:colcon.colcon_core.package_identification:_identify(ydlidar_ros2) by extension 'colcon_meta'
[0.227s] Level 1:colcon.colcon_core.package_identification:_identify(ydlidar_ros2) by extensions ['ros']
[0.227s] Level 1:colcon.colcon_core.package_identification:_identify(ydlidar_ros2) by extension 'ros'
[0.227s] DEBUG:colcon.colcon_core.package_identification:Package 'ydlidar_ros2' with type 'ros.ament_cmake' and name 'ydlidar'
[0.227s] Level 1:colcon.colcon_core.package_discovery:discover_packages(recursive) using defaults
[0.228s] Level 1:colcon.colcon_core.package_discovery:discover_packages(ignore) discover
[0.228s] Level 1:colcon.colcon_core.package_discovery:discover_packages(ignore) using defaults
[0.228s] Level 1:colcon.colcon_core.package_discovery:discover_packages(path) discover
[0.228s] Level 1:colcon.colcon_core.package_discovery:discover_packages(path) using defaults
[0.250s] INFO:colcon.colcon_core.package_selection:Skipping not selected package 'csm' in 'csm'
[0.250s] INFO:colcon.colcon_core.package_selection:Skipping not selected package 'example_py' in 'example_py'
[0.250s] INFO:colcon.colcon_core.package_selection:Skipping not selected package 'example_ros2_interfaces' in 'example_ros2_interfaces'
[0.250s] INFO:colcon.colcon_core.package_selection:Skipping not selected package 'fishbot_bringup' in 'fishbot_bringup'
[0.250s] INFO:colcon.colcon_core.package_selection:Skipping not selected package 'fishbot_cartographer' in 'fishbot_cartographer'
[0.250s] INFO:colcon.colcon_core.package_selection:Skipping not selected package 'fishbot_description' in 'fishbot_description'
[0.250s] INFO:colcon.colcon_core.package_selection:Skipping not selected package 'fishbot_navigation2' in 'fishbot_navigation2'
[0.250s] INFO:colcon.colcon_core.package_selection:Skipping not selected package 'odom_publisher' in 'odom_publisher'
[0.250s] INFO:colcon.colcon_core.package_selection:Skipping not selected package 'robot_startup' in 'src/robot_startup'
[0.250s] INFO:colcon.colcon_core.package_selection:Skipping not selected package 'ydlidar' in 'ydlidar_ros2'
[0.250s] INFO:colcon.colcon_core.package_selection:Skipping not selected package 'example_cpp' in 'example_cpp'
[0.251s] Level 1:colcon.colcon_core.package_discovery:discover_packages(prefix_path) check parameters
[0.251s] Level 1:colcon.colcon_core.package_discovery:discover_packages(prefix_path) discover
[0.257s] DEBUG:colcon.colcon_installed_package_information.package_discovery:Found 13 installed packages in /home/lin/train2/src/install
[0.258s] DEBUG:colcon.colcon_installed_package_information.package_discovery:Found 14 installed packages in /home/lin/ros_ws/install
[0.262s] DEBUG:colcon.colcon_installed_package_information.package_discovery:Found 326 installed packages in /opt/ros/humble
[0.264s] Level 1:colcon.colcon_core.package_discovery:discover_packages(prefix_path) using defaults
[0.320s] Level 5:colcon.colcon_core.verb:set package 'ros2_laser_scan_matcher' build argument 'cmake_args' from command line to 'None'
[0.321s] Level 5:colcon.colcon_core.verb:set package 'ros2_laser_scan_matcher' build argument 'cmake_target' from command line to 'None'
[0.321s] Level 5:colcon.colcon_core.verb:set package 'ros2_laser_scan_matcher' build argument 'cmake_target_skip_unavailable' from command line to 'False'
[0.321s] Level 5:colcon.colcon_core.verb:set package 'ros2_laser_scan_matcher' build argument 'cmake_clean_cache' from command line to 'False'
[0.321s] Level 5:colcon.colcon_core.verb:set package 'ros2_laser_scan_matcher' build argument 'cmake_clean_first' from command line to 'False'
[0.321s] Level 5:colcon.colcon_core.verb:set package 'ros2_laser_scan_matcher' build argument 'cmake_force_configure' from command line to 'False'
[0.321s] Level 5:colcon.colcon_core.verb:set package 'ros2_laser_scan_matcher' build argument 'ament_cmake_args' from command line to 'None'
[0.321s] Level 5:colcon.colcon_core.verb:set package 'ros2_laser_scan_matcher' build argument 'catkin_cmake_args' from command line to 'None'
[0.321s] Level 5:colcon.colcon_core.verb:set package 'ros2_laser_scan_matcher' build argument 'catkin_skip_building_tests' from command line to 'False'
[0.321s] DEBUG:colcon.colcon_core.verb:Building package 'ros2_laser_scan_matcher' with the following arguments: {'ament_cmake_args': None, 'build_base': '/home/lin/train2/src/build/ros2_laser_scan_matcher', 'catkin_cmake_args': None, 'catkin_skip_building_tests': False, 'cmake_args': None, 'cmake_clean_cache': False, 'cmake_clean_first': False, 'cmake_force_configure': False, 'cmake_target': None, 'cmake_target_skip_unavailable': False, 'install_base': '/home/lin/train2/src/install/ros2_laser_scan_matcher', 'merge_install': False, 'path': '/home/lin/train2/src/ros2_laser_scan_matcher', 'symlink_install': False, 'test_result_base': None}
[0.321s] INFO:colcon.colcon_core.executor:Executing jobs using 'parallel' executor
[0.323s] DEBUG:colcon.colcon_parallel_executor.executor.parallel:run_until_complete
[0.324s] INFO:colcon.colcon_ros.task.ament_cmake.build:Building ROS package in '/home/lin/train2/src/ros2_laser_scan_matcher' with build type 'ament_cmake'
[0.324s] INFO:colcon.colcon_cmake.task.cmake.build:Building CMake package in '/home/lin/train2/src/ros2_laser_scan_matcher'
[0.328s] INFO:colcon.colcon_core.plugin_system:Skipping extension 'colcon_core.shell.bat': Not used on non-Windows systems
[0.328s] INFO:colcon.colcon_core.shell:Skip shell extension 'powershell' for command environment: Not usable outside of PowerShell
[0.328s] DEBUG:colcon.colcon_core.shell:Skip shell extension 'dsv' for command environment
[0.364s] DEBUG:colcon.colcon_core.event_handler.log_command:Invoking command in '/home/lin/train2/src/build/ros2_laser_scan_matcher': AMENT_PREFIX_PATH=/home/lin/train2/src/install/csm:${AMENT_PREFIX_PATH} CMAKE_PREFIX_PATH=/home/lin/train2/src/install/csm:/home/lin/ros_ws/install/rmu_gazebo_simulator:/home/lin/ros_ws/install/pb2025_robot_description:/home/lin/ros_ws/install/rmoss_core:/home/lin/ros_ws/install/rmoss_cam:/home/lin/ros_ws/install/rmoss_util:/home/lin/ros_ws/install/rmoss_projectile_motion:/home/lin/ros_ws/install/rmoss_gz_cam:/home/lin/ros_ws/install/rmoss_gz_bridge:/home/lin/ros_ws/install/rmoss_gz_base:/home/lin/ros_ws/install/rmoss_base:/home/lin/ros_ws/install/rmoss_interfaces:/home/lin/ros_ws/install/rmoss_gz_resources:/home/lin/ros_ws/install/rmoss_gz_plugins:/home/lin/train2/src/install/ydlidar_ros2:/home/lin/train2/src/install/ydlidar:/home/lin/train2/src/install/robot_startup:/home/lin/train2/src/install/odom_publisher:/home/lin/train2/src/install/fishbot_navigation2:/home/lin/train2/src/install/fishbot_cartographer:/home/lin/train2/src/install/fishbot_bringup:/home/lin/train2/src/install/example_cpp:/home/lin/train2/src/install/example_ros2_interfaces:/home/lin/ros_ws/install/sdformat_tools:/home/lin/train2/src/install/fishbot_description:/home/lin/train2/src/install/example_py:/opt/ros/humble LD_LIBRARY_PATH=/home/lin/train2/src/install/csm/lib:${LD_LIBRARY_PATH} /usr/local/bin/cmake /home/lin/train2/src/ros2_laser_scan_matcher -DCMAKE_INSTALL_PREFIX=/home/lin/train2/src/install/ros2_laser_scan_matcher
[3.595s] DEBUG:colcon.colcon_core.event_handler.log_command:Invoked command in '/home/lin/train2/src/build/ros2_laser_scan_matcher' returned '0': AMENT_PREFIX_PATH=/home/lin/train2/src/install/csm:${AMENT_PREFIX_PATH} CMAKE_PREFIX_PATH=/home/lin/train2/src/install/csm:/home/lin/ros_ws/install/rmu_gazebo_simulator:/home/lin/ros_ws/install/pb2025_robot_description:/home/lin/ros_ws/install/rmoss_core:/home/lin/ros_ws/install/rmoss_cam:/home/lin/ros_ws/install/rmoss_util:/home/lin/ros_ws/install/rmoss_projectile_motion:/home/lin/ros_ws/install/rmoss_gz_cam:/home/lin/ros_ws/install/rmoss_gz_bridge:/home/lin/ros_ws/install/rmoss_gz_base:/home/lin/ros_ws/install/rmoss_base:/home/lin/ros_ws/install/rmoss_interfaces:/home/lin/ros_ws/install/rmoss_gz_resources:/home/lin/ros_ws/install/rmoss_gz_plugins:/home/lin/train2/src/install/ydlidar_ros2:/home/lin/train2/src/install/ydlidar:/home/lin/train2/src/install/robot_startup:/home/lin/train2/src/install/odom_publisher:/home/lin/train2/src/install/fishbot_navigation2:/home/lin/train2/src/install/fishbot_cartographer:/home/lin/train2/src/install/fishbot_bringup:/home/lin/train2/src/install/example_cpp:/home/lin/train2/src/install/example_ros2_interfaces:/home/lin/ros_ws/install/sdformat_tools:/home/lin/train2/src/install/fishbot_description:/home/lin/train2/src/install/example_py:/opt/ros/humble LD_LIBRARY_PATH=/home/lin/train2/src/install/csm/lib:${LD_LIBRARY_PATH} /usr/local/bin/cmake /home/lin/train2/src/ros2_laser_scan_matcher -DCMAKE_INSTALL_PREFIX=/home/lin/train2/src/install/ros2_laser_scan_matcher
[3.598s] DEBUG:colcon.colcon_core.event_handler.log_command:Invoking command in '/home/lin/train2/src/build/ros2_laser_scan_matcher': AMENT_PREFIX_PATH=/home/lin/train2/src/install/csm:${AMENT_PREFIX_PATH} CMAKE_PREFIX_PATH=/home/lin/train2/src/install/csm:/home/lin/ros_ws/install/rmu_gazebo_simulator:/home/lin/ros_ws/install/pb2025_robot_description:/home/lin/ros_ws/install/rmoss_core:/home/lin/ros_ws/install/rmoss_cam:/home/lin/ros_ws/install/rmoss_util:/home/lin/ros_ws/install/rmoss_projectile_motion:/home/lin/ros_ws/install/rmoss_gz_cam:/home/lin/ros_ws/install/rmoss_gz_bridge:/home/lin/ros_ws/install/rmoss_gz_base:/home/lin/ros_ws/install/rmoss_base:/home/lin/ros_ws/install/rmoss_interfaces:/home/lin/ros_ws/install/rmoss_gz_resources:/home/lin/ros_ws/install/rmoss_gz_plugins:/home/lin/train2/src/install/ydlidar_ros2:/home/lin/train2/src/install/ydlidar:/home/lin/train2/src/install/robot_startup:/home/lin/train2/src/install/odom_publisher:/home/lin/train2/src/install/fishbot_navigation2:/home/lin/train2/src/install/fishbot_cartographer:/home/lin/train2/src/install/fishbot_bringup:/home/lin/train2/src/install/example_cpp:/home/lin/train2/src/install/example_ros2_interfaces:/home/lin/ros_ws/install/sdformat_tools:/home/lin/train2/src/install/fishbot_description:/home/lin/train2/src/install/example_py:/opt/ros/humble LD_LIBRARY_PATH=/home/lin/train2/src/install/csm/lib:${LD_LIBRARY_PATH} /usr/local/bin/cmake --build /home/lin/train2/src/build/ros2_laser_scan_matcher -- -j8 -l8
[18.547s] DEBUG:colcon.colcon_core.event_handler.log_command:Invoked command in '/home/lin/train2/src/build/ros2_laser_scan_matcher' returned '0': AMENT_PREFIX_PATH=/home/lin/train2/src/install/csm:${AMENT_PREFIX_PATH} CMAKE_PREFIX_PATH=/home/lin/train2/src/install/csm:/home/lin/ros_ws/install/rmu_gazebo_simulator:/home/lin/ros_ws/install/pb2025_robot_description:/home/lin/ros_ws/install/rmoss_core:/home/lin/ros_ws/install/rmoss_cam:/home/lin/ros_ws/install/rmoss_util:/home/lin/ros_ws/install/rmoss_projectile_motion:/home/lin/ros_ws/install/rmoss_gz_cam:/home/lin/ros_ws/install/rmoss_gz_bridge:/home/lin/ros_ws/install/rmoss_gz_base:/home/lin/ros_ws/install/rmoss_base:/home/lin/ros_ws/install/rmoss_interfaces:/home/lin/ros_ws/install/rmoss_gz_resources:/home/lin/ros_ws/install/rmoss_gz_plugins:/home/lin/train2/src/install/ydlidar_ros2:/home/lin/train2/src/install/ydlidar:/home/lin/train2/src/install/robot_startup:/home/lin/train2/src/install/odom_publisher:/home/lin/train2/src/install/fishbot_navigation2:/home/lin/train2/src/install/fishbot_cartographer:/home/lin/train2/src/install/fishbot_bringup:/home/lin/train2/src/install/example_cpp:/home/lin/train2/src/install/example_ros2_interfaces:/home/lin/ros_ws/install/sdformat_tools:/home/lin/train2/src/install/fishbot_description:/home/lin/train2/src/install/example_py:/opt/ros/humble LD_LIBRARY_PATH=/home/lin/train2/src/install/csm/lib:${LD_LIBRARY_PATH} /usr/local/bin/cmake --build /home/lin/train2/src/build/ros2_laser_scan_matcher -- -j8 -l8
[18.557s] DEBUG:colcon.colcon_core.event_handler.log_command:Invoking command in '/home/lin/train2/src/build/ros2_laser_scan_matcher': AMENT_PREFIX_PATH=/home/lin/train2/src/install/csm:${AMENT_PREFIX_PATH} CMAKE_PREFIX_PATH=/home/lin/train2/src/install/csm:/home/lin/ros_ws/install/rmu_gazebo_simulator:/home/lin/ros_ws/install/pb2025_robot_description:/home/lin/ros_ws/install/rmoss_core:/home/lin/ros_ws/install/rmoss_cam:/home/lin/ros_ws/install/rmoss_util:/home/lin/ros_ws/install/rmoss_projectile_motion:/home/lin/ros_ws/install/rmoss_gz_cam:/home/lin/ros_ws/install/rmoss_gz_bridge:/home/lin/ros_ws/install/rmoss_gz_base:/home/lin/ros_ws/install/rmoss_base:/home/lin/ros_ws/install/rmoss_interfaces:/home/lin/ros_ws/install/rmoss_gz_resources:/home/lin/ros_ws/install/rmoss_gz_plugins:/home/lin/train2/src/install/ydlidar_ros2:/home/lin/train2/src/install/ydlidar:/home/lin/train2/src/install/robot_startup:/home/lin/train2/src/install/odom_publisher:/home/lin/train2/src/install/fishbot_navigation2:/home/lin/train2/src/install/fishbot_cartographer:/home/lin/train2/src/install/fishbot_bringup:/home/lin/train2/src/install/example_cpp:/home/lin/train2/src/install/example_ros2_interfaces:/home/lin/ros_ws/install/sdformat_tools:/home/lin/train2/src/install/fishbot_description:/home/lin/train2/src/install/example_py:/opt/ros/humble LD_LIBRARY_PATH=/home/lin/train2/src/install/csm/lib:${LD_LIBRARY_PATH} /usr/local/bin/cmake --install /home/lin/train2/src/build/ros2_laser_scan_matcher
[18.583s] Level 1:colcon.colcon_core.environment:create_environment_scripts_only(ros2_laser_scan_matcher)
[18.584s] DEBUG:colcon.colcon_core.event_handler.log_command:Invoked command in '/home/lin/train2/src/build/ros2_laser_scan_matcher' returned '0': AMENT_PREFIX_PATH=/home/lin/train2/src/install/csm:${AMENT_PREFIX_PATH} CMAKE_PREFIX_PATH=/home/lin/train2/src/install/csm:/home/lin/ros_ws/install/rmu_gazebo_simulator:/home/lin/ros_ws/install/pb2025_robot_description:/home/lin/ros_ws/install/rmoss_core:/home/lin/ros_ws/install/rmoss_cam:/home/lin/ros_ws/install/rmoss_util:/home/lin/ros_ws/install/rmoss_projectile_motion:/home/lin/ros_ws/install/rmoss_gz_cam:/home/lin/ros_ws/install/rmoss_gz_bridge:/home/lin/ros_ws/install/rmoss_gz_base:/home/lin/ros_ws/install/rmoss_base:/home/lin/ros_ws/install/rmoss_interfaces:/home/lin/ros_ws/install/rmoss_gz_resources:/home/lin/ros_ws/install/rmoss_gz_plugins:/home/lin/train2/src/install/ydlidar_ros2:/home/lin/train2/src/install/ydlidar:/home/lin/train2/src/install/robot_startup:/home/lin/train2/src/install/odom_publisher:/home/lin/train2/src/install/fishbot_navigation2:/home/lin/train2/src/install/fishbot_cartographer:/home/lin/train2/src/install/fishbot_bringup:/home/lin/train2/src/install/example_cpp:/home/lin/train2/src/install/example_ros2_interfaces:/home/lin/ros_ws/install/sdformat_tools:/home/lin/train2/src/install/fishbot_description:/home/lin/train2/src/install/example_py:/opt/ros/humble LD_LIBRARY_PATH=/home/lin/train2/src/install/csm/lib:${LD_LIBRARY_PATH} /usr/local/bin/cmake --install /home/lin/train2/src/build/ros2_laser_scan_matcher
[18.587s] Level 1:colcon.colcon_core.environment:checking '/home/lin/train2/src/install/ros2_laser_scan_matcher' for CMake module files
[18.588s] Level 1:colcon.colcon_core.environment:checking '/home/lin/train2/src/install/ros2_laser_scan_matcher' for CMake config files
[18.588s] Level 1:colcon.colcon_core.shell:create_environment_hook('ros2_laser_scan_matcher', 'cmake_prefix_path')
[18.588s] INFO:colcon.colcon_core.shell:Creating environment hook '/home/lin/train2/src/install/ros2_laser_scan_matcher/share/ros2_laser_scan_matcher/hook/cmake_prefix_path.ps1'
[18.589s] INFO:colcon.colcon_core.shell:Creating environment descriptor '/home/lin/train2/src/install/ros2_laser_scan_matcher/share/ros2_laser_scan_matcher/hook/cmake_prefix_path.dsv'
[18.589s] INFO:colcon.colcon_core.shell:Creating environment hook '/home/lin/train2/src/install/ros2_laser_scan_matcher/share/ros2_laser_scan_matcher/hook/cmake_prefix_path.sh'
[18.590s] Level 1:colcon.colcon_core.environment:checking '/home/lin/train2/src/install/ros2_laser_scan_matcher/lib'
[18.591s] Level 1:colcon.colcon_core.environment:checking '/home/lin/train2/src/install/ros2_laser_scan_matcher/bin'
[18.591s] Level 1:colcon.colcon_core.environment:checking '/home/lin/train2/src/install/ros2_laser_scan_matcher/lib/pkgconfig/ros2_laser_scan_matcher.pc'
[18.591s] Level 1:colcon.colcon_core.environment:checking '/home/lin/train2/src/install/ros2_laser_scan_matcher/lib/python3.10/site-packages'
[18.591s] Level 1:colcon.colcon_core.environment:checking '/home/lin/train2/src/install/ros2_laser_scan_matcher/bin'
[18.591s] INFO:colcon.colcon_core.shell:Creating package script '/home/lin/train2/src/install/ros2_laser_scan_matcher/share/ros2_laser_scan_matcher/package.ps1'
[18.592s] INFO:colcon.colcon_core.shell:Creating package descriptor '/home/lin/train2/src/install/ros2_laser_scan_matcher/share/ros2_laser_scan_matcher/package.dsv'
[18.593s] INFO:colcon.colcon_core.shell:Creating package script '/home/lin/train2/src/install/ros2_laser_scan_matcher/share/ros2_laser_scan_matcher/package.sh'
[18.593s] INFO:colcon.colcon_core.shell:Creating package script '/home/lin/train2/src/install/ros2_laser_scan_matcher/share/ros2_laser_scan_matcher/package.bash'
[18.594s] INFO:colcon.colcon_core.shell:Creating package script '/home/lin/train2/src/install/ros2_laser_scan_matcher/share/ros2_laser_scan_matcher/package.zsh'
[18.595s] Level 1:colcon.colcon_core.environment:create_file_with_runtime_dependencies(/home/lin/train2/src/install/ros2_laser_scan_matcher/share/colcon-core/packages/ros2_laser_scan_matcher)
[18.595s] Level 1:colcon.colcon_core.environment:create_environment_scripts_only(ros2_laser_scan_matcher)
[18.596s] Level 1:colcon.colcon_core.environment:checking '/home/lin/train2/src/install/ros2_laser_scan_matcher' for CMake module files
[18.596s] Level 1:colcon.colcon_core.environment:checking '/home/lin/train2/src/install/ros2_laser_scan_matcher' for CMake config files
[18.597s] Level 1:colcon.colcon_core.shell:create_environment_hook('ros2_laser_scan_matcher', 'cmake_prefix_path')
[18.597s] INFO:colcon.colcon_core.shell:Creating environment hook '/home/lin/train2/src/install/ros2_laser_scan_matcher/share/ros2_laser_scan_matcher/hook/cmake_prefix_path.ps1'
[18.598s] INFO:colcon.colcon_core.shell:Creating environment descriptor '/home/lin/train2/src/install/ros2_laser_scan_matcher/share/ros2_laser_scan_matcher/hook/cmake_prefix_path.dsv'
[18.598s] INFO:colcon.colcon_core.shell:Creating environment hook '/home/lin/train2/src/install/ros2_laser_scan_matcher/share/ros2_laser_scan_matcher/hook/cmake_prefix_path.sh'
[18.599s] Level 1:colcon.colcon_core.environment:checking '/home/lin/train2/src/install/ros2_laser_scan_matcher/lib'
[18.599s] Level 1:colcon.colcon_core.environment:checking '/home/lin/train2/src/install/ros2_laser_scan_matcher/bin'
[18.599s] Level 1:colcon.colcon_core.environment:checking '/home/lin/train2/src/install/ros2_laser_scan_matcher/lib/pkgconfig/ros2_laser_scan_matcher.pc'
[18.600s] Level 1:colcon.colcon_core.environment:checking '/home/lin/train2/src/install/ros2_laser_scan_matcher/lib/python3.10/site-packages'
[18.600s] Level 1:colcon.colcon_core.environment:checking '/home/lin/train2/src/install/ros2_laser_scan_matcher/bin'
[18.600s] INFO:colcon.colcon_core.shell:Creating package script '/home/lin/train2/src/install/ros2_laser_scan_matcher/share/ros2_laser_scan_matcher/package.ps1'
[18.601s] INFO:colcon.colcon_core.shell:Creating package descriptor '/home/lin/train2/src/install/ros2_laser_scan_matcher/share/ros2_laser_scan_matcher/package.dsv'
[18.601s] INFO:colcon.colcon_core.shell:Creating package script '/home/lin/train2/src/install/ros2_laser_scan_matcher/share/ros2_laser_scan_matcher/package.sh'
[18.602s] INFO:colcon.colcon_core.shell:Creating package script '/home/lin/train2/src/install/ros2_laser_scan_matcher/share/ros2_laser_scan_matcher/package.bash'
[18.603s] INFO:colcon.colcon_core.shell:Creating package script '/home/lin/train2/src/install/ros2_laser_scan_matcher/share/ros2_laser_scan_matcher/package.zsh'
[18.603s] Level 1:colcon.colcon_core.environment:create_file_with_runtime_dependencies(/home/lin/train2/src/install/ros2_laser_scan_matcher/share/colcon-core/packages/ros2_laser_scan_matcher)
[18.604s] DEBUG:colcon.colcon_parallel_executor.executor.parallel:closing loop
[18.604s] DEBUG:colcon.colcon_parallel_executor.executor.parallel:loop closed
[18.604s] DEBUG:colcon.colcon_parallel_executor.executor.parallel:run_until_complete finished with '0'
[18.604s] DEBUG:colcon.colcon_core.event_reactor:joining thread
[18.613s] INFO:colcon.colcon_core.plugin_system:Skipping extension 'colcon_notification.desktop_notification.terminal_notifier': Not used on non-Darwin systems
[18.613s] INFO:colcon.colcon_core.plugin_system:Skipping extension 'colcon_notification.desktop_notification.win32': Not used on non-Windows systems
[18.613s] INFO:colcon.colcon_notification.desktop_notification:Sending desktop notification using 'notify2'
[18.635s] DEBUG:colcon.colcon_core.event_reactor:joined thread
[18.635s] INFO:colcon.colcon_core.shell:Creating prefix script '/home/lin/train2/src/install/local_setup.ps1'
[18.636s] INFO:colcon.colcon_core.shell:Creating prefix util module '/home/lin/train2/src/install/_local_setup_util_ps1.py'
[18.637s] INFO:colcon.colcon_core.shell:Creating prefix chain script '/home/lin/train2/src/install/setup.ps1'
[18.642s] INFO:colcon.colcon_core.shell:Creating prefix script '/home/lin/train2/src/install/local_setup.sh'
[18.642s] INFO:colcon.colcon_core.shell:Creating prefix util module '/home/lin/train2/src/install/_local_setup_util_sh.py'
[18.643s] INFO:colcon.colcon_core.shell:Creating prefix chain script '/home/lin/train2/src/install/setup.sh'
[18.652s] INFO:colcon.colcon_core.shell:Creating prefix script '/home/lin/train2/src/install/local_setup.bash'
[18.653s] INFO:colcon.colcon_core.shell:Creating prefix chain script '/home/lin/train2/src/install/setup.bash'
[18.657s] INFO:colcon.colcon_core.shell:Creating prefix script '/home/lin/train2/src/install/local_setup.zsh'
[18.658s] INFO:colcon.colcon_core.shell:Creating prefix chain script '/home/lin/train2/src/install/setup.zsh'
