[0.125s] DEBUG:colcon:Command line arguments: ['/usr/bin/colcon', 'build', '--packages-select', 'fishbot_description/']
[0.126s] DEBUG:colcon:Parsed command line arguments: Namespace(log_base=None, log_level=None, verb_name='build', build_base='build', install_base='install', merge_install=False, symlink_install=False, test_result_base=None, continue_on_error=False, executor='parallel', parallel_workers=8, event_handlers=None, ignore_user_meta=False, metas=['./colcon.meta'], base_paths=['.'], packages_ignore=None, packages_ignore_regex=None, paths=None, packages_up_to=None, packages_up_to_regex=None, packages_above=None, packages_above_and_dependencies=None, packages_above_depth=None, packages_select_by_dep=None, packages_skip_by_dep=None, packages_skip_up_to=None, packages_select_build_failed=False, packages_skip_build_finished=False, packages_select_test_failures=False, packages_skip_test_passed=False, packages_select=['fishbot_description/'], packages_skip=None, packages_select_regex=None, packages_skip_regex=None, packages_start=None, packages_end=None, allow_overriding=[], cmake_args=None, cmake_target=None, cmake_target_skip_unavailable=False, cmake_clean_cache=False, cmake_clean_first=False, cmake_force_configure=False, ament_cmake_args=None, catkin_cmake_args=None, catkin_skip_building_tests=False, verb_parser=<colcon_defaults.argument_parser.defaults.DefaultArgumentsDecorator object at 0x7a386120d6c0>, verb_extension=<colcon_core.verb.build.BuildVerb object at 0x7a3861347190>, main=<bound method BuildVerb.main of <colcon_core.verb.build.BuildVerb object at 0x7a3861347190>>)
[0.168s] Level 1:colcon.colcon_core.package_discovery:discover_packages(colcon_meta) check parameters
[0.169s] Level 1:colcon.colcon_core.package_discovery:discover_packages(recursive) check parameters
[0.169s] Level 1:colcon.colcon_core.package_discovery:discover_packages(ignore) check parameters
[0.169s] Level 1:colcon.colcon_core.package_discovery:discover_packages(path) check parameters
[0.169s] Level 1:colcon.colcon_core.package_discovery:discover_packages(colcon_meta) discover
[0.169s] Level 1:colcon.colcon_core.package_discovery:discover_packages(recursive) discover
[0.169s] INFO:colcon.colcon_core.package_discovery:Crawling recursively for packages in '/home/lin/train2/src'
[0.169s] Level 1:colcon.colcon_core.package_identification:_identify(.) by extensions ['ignore', 'ignore_ament_install']
[0.169s] Level 1:colcon.colcon_core.package_identification:_identify(.) by extension 'ignore'
[0.169s] Level 1:colcon.colcon_core.package_identification:_identify(.) by extension 'ignore_ament_install'
[0.169s] Level 1:colcon.colcon_core.package_identification:_identify(.) by extensions ['colcon_pkg']
[0.169s] Level 1:colcon.colcon_core.package_identification:_identify(.) by extension 'colcon_pkg'
[0.170s] Level 1:colcon.colcon_core.package_identification:_identify(.) by extensions ['colcon_meta']
[0.170s] Level 1:colcon.colcon_core.package_identification:_identify(.) by extension 'colcon_meta'
[0.170s] Level 1:colcon.colcon_core.package_identification:_identify(.) by extensions ['ros']
[0.170s] Level 1:colcon.colcon_core.package_identification:_identify(.) by extension 'ros'
[0.187s] Level 1:colcon.colcon_core.package_identification:_identify(.) by extensions ['cmake', 'python']
[0.187s] Level 1:colcon.colcon_core.package_identification:_identify(.) by extension 'cmake'
[0.187s] Level 1:colcon.colcon_core.package_identification:_identify(.) by extension 'python'
[0.187s] Level 1:colcon.colcon_core.package_identification:_identify(.) by extensions ['python_setup_py']
[0.187s] Level 1:colcon.colcon_core.package_identification:_identify(.) by extension 'python_setup_py'
[0.187s] Level 1:colcon.colcon_core.package_identification:_identify(build) by extensions ['ignore', 'ignore_ament_install']
[0.187s] Level 1:colcon.colcon_core.package_identification:_identify(build) by extension 'ignore'
[0.187s] Level 1:colcon.colcon_core.package_identification:_identify(build) ignored
[0.187s] Level 1:colcon.colcon_core.package_identification:_identify(example_cpp) by extensions ['ignore', 'ignore_ament_install']
[0.188s] Level 1:colcon.colcon_core.package_identification:_identify(example_cpp) by extension 'ignore'
[0.188s] Level 1:colcon.colcon_core.package_identification:_identify(example_cpp) by extension 'ignore_ament_install'
[0.188s] Level 1:colcon.colcon_core.package_identification:_identify(example_cpp) by extensions ['colcon_pkg']
[0.188s] Level 1:colcon.colcon_core.package_identification:_identify(example_cpp) by extension 'colcon_pkg'
[0.188s] Level 1:colcon.colcon_core.package_identification:_identify(example_cpp) by extensions ['colcon_meta']
[0.188s] Level 1:colcon.colcon_core.package_identification:_identify(example_cpp) by extension 'colcon_meta'
[0.188s] Level 1:colcon.colcon_core.package_identification:_identify(example_cpp) by extensions ['ros']
[0.188s] Level 1:colcon.colcon_core.package_identification:_identify(example_cpp) by extension 'ros'
[0.191s] DEBUG:colcon.colcon_core.package_identification:Package 'example_cpp' with type 'ros.ament_cmake' and name 'example_cpp'
[0.191s] Level 1:colcon.colcon_core.package_identification:_identify(example_py) by extensions ['ignore', 'ignore_ament_install']
[0.191s] Level 1:colcon.colcon_core.package_identification:_identify(example_py) by extension 'ignore'
[0.191s] Level 1:colcon.colcon_core.package_identification:_identify(example_py) by extension 'ignore_ament_install'
[0.191s] Level 1:colcon.colcon_core.package_identification:_identify(example_py) by extensions ['colcon_pkg']
[0.191s] Level 1:colcon.colcon_core.package_identification:_identify(example_py) by extension 'colcon_pkg'
[0.191s] Level 1:colcon.colcon_core.package_identification:_identify(example_py) by extensions ['colcon_meta']
[0.191s] Level 1:colcon.colcon_core.package_identification:_identify(example_py) by extension 'colcon_meta'
[0.191s] Level 1:colcon.colcon_core.package_identification:_identify(example_py) by extensions ['ros']
[0.191s] Level 1:colcon.colcon_core.package_identification:_identify(example_py) by extension 'ros'
[0.192s] DEBUG:colcon.colcon_core.package_identification:Package 'example_py' with type 'ros.ament_python' and name 'example_py'
[0.192s] Level 1:colcon.colcon_core.package_identification:_identify(example_ros2_interfaces) by extensions ['ignore', 'ignore_ament_install']
[0.192s] Level 1:colcon.colcon_core.package_identification:_identify(example_ros2_interfaces) by extension 'ignore'
[0.192s] Level 1:colcon.colcon_core.package_identification:_identify(example_ros2_interfaces) by extension 'ignore_ament_install'
[0.192s] Level 1:colcon.colcon_core.package_identification:_identify(example_ros2_interfaces) by extensions ['colcon_pkg']
[0.192s] Level 1:colcon.colcon_core.package_identification:_identify(example_ros2_interfaces) by extension 'colcon_pkg'
[0.193s] Level 1:colcon.colcon_core.package_identification:_identify(example_ros2_interfaces) by extensions ['colcon_meta']
[0.193s] Level 1:colcon.colcon_core.package_identification:_identify(example_ros2_interfaces) by extension 'colcon_meta'
[0.193s] Level 1:colcon.colcon_core.package_identification:_identify(example_ros2_interfaces) by extensions ['ros']
[0.193s] Level 1:colcon.colcon_core.package_identification:_identify(example_ros2_interfaces) by extension 'ros'
[0.193s] DEBUG:colcon.colcon_core.package_identification:Package 'example_ros2_interfaces' with type 'ros.ament_cmake' and name 'example_ros2_interfaces'
[0.193s] Level 1:colcon.colcon_core.package_identification:_identify(fishbot_description) by extensions ['ignore', 'ignore_ament_install']
[0.194s] Level 1:colcon.colcon_core.package_identification:_identify(fishbot_description) by extension 'ignore'
[0.194s] Level 1:colcon.colcon_core.package_identification:_identify(fishbot_description) by extension 'ignore_ament_install'
[0.194s] Level 1:colcon.colcon_core.package_identification:_identify(fishbot_description) by extensions ['colcon_pkg']
[0.194s] Level 1:colcon.colcon_core.package_identification:_identify(fishbot_description) by extension 'colcon_pkg'
[0.194s] Level 1:colcon.colcon_core.package_identification:_identify(fishbot_description) by extensions ['colcon_meta']
[0.194s] Level 1:colcon.colcon_core.package_identification:_identify(fishbot_description) by extension 'colcon_meta'
[0.194s] Level 1:colcon.colcon_core.package_identification:_identify(fishbot_description) by extensions ['ros']
[0.194s] Level 1:colcon.colcon_core.package_identification:_identify(fishbot_description) by extension 'ros'
[0.195s] DEBUG:colcon.colcon_core.package_identification:Package 'fishbot_description' with type 'ros.ament_python' and name 'fishbot_description'
[0.195s] Level 1:colcon.colcon_core.package_identification:_identify(install) by extensions ['ignore', 'ignore_ament_install']
[0.195s] Level 1:colcon.colcon_core.package_identification:_identify(install) by extension 'ignore'
[0.195s] Level 1:colcon.colcon_core.package_identification:_identify(install) ignored
[0.195s] Level 1:colcon.colcon_core.package_identification:_identify(log) by extensions ['ignore', 'ignore_ament_install']
[0.195s] Level 1:colcon.colcon_core.package_identification:_identify(log) by extension 'ignore'
[0.195s] Level 1:colcon.colcon_core.package_identification:_identify(log) ignored
[0.195s] Level 1:colcon.colcon_core.package_identification:_identify(src) by extensions ['ignore', 'ignore_ament_install']
[0.195s] Level 1:colcon.colcon_core.package_identification:_identify(src) by extension 'ignore'
[0.196s] Level 1:colcon.colcon_core.package_identification:_identify(src) by extension 'ignore_ament_install'
[0.196s] Level 1:colcon.colcon_core.package_identification:_identify(src) by extensions ['colcon_pkg']
[0.196s] Level 1:colcon.colcon_core.package_identification:_identify(src) by extension 'colcon_pkg'
[0.196s] Level 1:colcon.colcon_core.package_identification:_identify(src) by extensions ['colcon_meta']
[0.196s] Level 1:colcon.colcon_core.package_identification:_identify(src) by extension 'colcon_meta'
[0.196s] Level 1:colcon.colcon_core.package_identification:_identify(src) by extensions ['ros']
[0.196s] Level 1:colcon.colcon_core.package_identification:_identify(src) by extension 'ros'
[0.196s] Level 1:colcon.colcon_core.package_identification:_identify(src) by extensions ['cmake', 'python']
[0.196s] Level 1:colcon.colcon_core.package_identification:_identify(src) by extension 'cmake'
[0.196s] Level 1:colcon.colcon_core.package_identification:_identify(src) by extension 'python'
[0.196s] Level 1:colcon.colcon_core.package_identification:_identify(src) by extensions ['python_setup_py']
[0.196s] Level 1:colcon.colcon_core.package_identification:_identify(src) by extension 'python_setup_py'
[0.196s] Level 1:colcon.colcon_core.package_identification:_identify(src/robot_startup) by extensions ['ignore', 'ignore_ament_install']
[0.197s] Level 1:colcon.colcon_core.package_identification:_identify(src/robot_startup) by extension 'ignore'
[0.197s] Level 1:colcon.colcon_core.package_identification:_identify(src/robot_startup) by extension 'ignore_ament_install'
[0.197s] Level 1:colcon.colcon_core.package_identification:_identify(src/robot_startup) by extensions ['colcon_pkg']
[0.197s] Level 1:colcon.colcon_core.package_identification:_identify(src/robot_startup) by extension 'colcon_pkg'
[0.197s] Level 1:colcon.colcon_core.package_identification:_identify(src/robot_startup) by extensions ['colcon_meta']
[0.197s] Level 1:colcon.colcon_core.package_identification:_identify(src/robot_startup) by extension 'colcon_meta'
[0.197s] Level 1:colcon.colcon_core.package_identification:_identify(src/robot_startup) by extensions ['ros']
[0.197s] Level 1:colcon.colcon_core.package_identification:_identify(src/robot_startup) by extension 'ros'
[0.198s] DEBUG:colcon.colcon_core.package_identification:Package 'src/robot_startup' with type 'ros.ament_cmake' and name 'robot_startup'
[0.198s] Level 1:colcon.colcon_core.package_discovery:discover_packages(recursive) using defaults
[0.198s] Level 1:colcon.colcon_core.package_discovery:discover_packages(ignore) discover
[0.198s] Level 1:colcon.colcon_core.package_discovery:discover_packages(ignore) using defaults
[0.198s] Level 1:colcon.colcon_core.package_discovery:discover_packages(path) discover
[0.198s] Level 1:colcon.colcon_core.package_discovery:discover_packages(path) using defaults
[0.198s] WARNING:colcon.colcon_core.package_selection:ignoring unknown package 'fishbot_description/' in --packages-select
[0.225s] INFO:colcon.colcon_core.package_selection:Skipping not selected package 'example_py' in 'example_py'
[0.225s] INFO:colcon.colcon_core.package_selection:Skipping not selected package 'example_ros2_interfaces' in 'example_ros2_interfaces'
[0.225s] INFO:colcon.colcon_core.package_selection:Skipping not selected package 'fishbot_description' in 'fishbot_description'
[0.225s] INFO:colcon.colcon_core.package_selection:Skipping not selected package 'robot_startup' in 'src/robot_startup'
[0.225s] INFO:colcon.colcon_core.package_selection:Skipping not selected package 'example_cpp' in 'example_cpp'
[0.226s] Level 1:colcon.colcon_core.package_discovery:discover_packages(prefix_path) check parameters
[0.226s] Level 1:colcon.colcon_core.package_discovery:discover_packages(prefix_path) discover
[0.231s] DEBUG:colcon.colcon_installed_package_information.package_discovery:Found 5 installed packages in /home/lin/train2/src/install
[0.233s] DEBUG:colcon.colcon_installed_package_information.package_discovery:Found 14 installed packages in /home/lin/ros_ws/install
[0.237s] DEBUG:colcon.colcon_installed_package_information.package_discovery:Found 281 installed packages in /opt/ros/humble
[0.238s] Level 1:colcon.colcon_core.package_discovery:discover_packages(prefix_path) using defaults
[0.294s] INFO:colcon.colcon_core.executor:Executing jobs using 'parallel' executor
[0.295s] DEBUG:colcon.colcon_parallel_executor.executor.parallel:run_until_complete
[0.295s] DEBUG:colcon.colcon_parallel_executor.executor.parallel:closing loop
[0.295s] DEBUG:colcon.colcon_parallel_executor.executor.parallel:loop closed
[0.295s] DEBUG:colcon.colcon_parallel_executor.executor.parallel:run_until_complete finished with '0'
[0.295s] DEBUG:colcon.colcon_core.event_reactor:joining thread
[0.303s] INFO:colcon.colcon_core.plugin_system:Skipping extension 'colcon_notification.desktop_notification.terminal_notifier': Not used on non-Darwin systems
[0.304s] INFO:colcon.colcon_core.plugin_system:Skipping extension 'colcon_notification.desktop_notification.win32': Not used on non-Windows systems
[0.304s] INFO:colcon.colcon_notification.desktop_notification:Sending desktop notification using 'notify2'
[0.329s] DEBUG:colcon.colcon_core.event_reactor:joined thread
[0.332s] INFO:colcon.colcon_core.plugin_system:Skipping extension 'colcon_core.shell.bat': Not used on non-Windows systems
[0.332s] INFO:colcon.colcon_core.shell:Creating prefix script '/home/lin/train2/src/install/local_setup.ps1'
[0.334s] INFO:colcon.colcon_core.shell:Creating prefix util module '/home/lin/train2/src/install/_local_setup_util_ps1.py'
[0.335s] INFO:colcon.colcon_core.shell:Creating prefix chain script '/home/lin/train2/src/install/setup.ps1'
[0.339s] INFO:colcon.colcon_core.shell:Creating prefix script '/home/lin/train2/src/install/local_setup.sh'
[0.340s] INFO:colcon.colcon_core.shell:Creating prefix util module '/home/lin/train2/src/install/_local_setup_util_sh.py'
[0.341s] INFO:colcon.colcon_core.shell:Creating prefix chain script '/home/lin/train2/src/install/setup.sh'
[0.344s] INFO:colcon.colcon_core.shell:Creating prefix script '/home/lin/train2/src/install/local_setup.bash'
[0.345s] INFO:colcon.colcon_core.shell:Creating prefix chain script '/home/lin/train2/src/install/setup.bash'
[0.349s] INFO:colcon.colcon_core.shell:Creating prefix script '/home/lin/train2/src/install/local_setup.zsh'
[0.350s] INFO:colcon.colcon_core.shell:Creating prefix chain script '/home/lin/train2/src/install/setup.zsh'
