[0.458s] Invoking command in '/home/lin/train2/src/build/fishbot_bringup': CMAKE_PREFIX_PATH=${CMAKE_PREFIX_PATH}:/home/lin/ros_ws/install/sdformat_tools:/home/lin/train2/src/install/fishbot_description:/home/lin/train2/src/install/example_py:/opt/ros/humble /usr/local/bin/cmake --build /home/lin/train2/src/build/fishbot_bringup -- -j8 -l8
[0.852s] [100%] Built target fishbot_bringup
[0.934s] Invoked command in '/home/lin/train2/src/build/fishbot_bringup' returned '0': CMAKE_PREFIX_PATH=${CMAKE_PREFIX_PATH}:/home/lin/ros_ws/install/sdformat_tools:/home/lin/train2/src/install/fishbot_description:/home/lin/train2/src/install/example_py:/opt/ros/humble /usr/local/bin/cmake --build /home/lin/train2/src/build/fishbot_bringup -- -j8 -l8
[0.972s] Invoking command in '/home/lin/train2/src/build/fishbot_bringup': CMAKE_PREFIX_PATH=${CMAKE_PREFIX_PATH}:/home/lin/ros_ws/install/sdformat_tools:/home/lin/train2/src/install/fishbot_description:/home/lin/train2/src/install/example_py:/opt/ros/humble /usr/local/bin/cmake --install /home/lin/train2/src/build/fishbot_bringup
[1.012s] -- Install configuration: ""
[1.012s] -- Execute custom install script
[1.012s] -- Up-to-date symlink: /home/lin/train2/src/install/fishbot_bringup/lib/fishbot_bringup/fishbot_bringup
[1.012s] -- Up-to-date symlink: /home/lin/train2/src/install/fishbot_bringup/share/ament_index/resource_index/package_run_dependencies/fishbot_bringup
[1.013s] -- Up-to-date symlink: /home/lin/train2/src/install/fishbot_bringup/share/ament_index/resource_index/parent_prefix_path/fishbot_bringup
[1.014s] -- Up-to-date symlink: /home/lin/train2/src/install/fishbot_bringup/share/fishbot_bringup/environment/ament_prefix_path.sh
[1.015s] -- Up-to-date symlink: /home/lin/train2/src/install/fishbot_bringup/share/fishbot_bringup/environment/ament_prefix_path.dsv
[1.017s] -- Up-to-date symlink: /home/lin/train2/src/install/fishbot_bringup/share/fishbot_bringup/environment/path.sh
[1.017s] -- Up-to-date symlink: /home/lin/train2/src/install/fishbot_bringup/share/fishbot_bringup/environment/path.dsv
[1.017s] -- Up-to-date symlink: /home/lin/train2/src/install/fishbot_bringup/share/fishbot_bringup/local_setup.bash
[1.018s] -- Up-to-date symlink: /home/lin/train2/src/install/fishbot_bringup/share/fishbot_bringup/local_setup.sh
[1.018s] -- Up-to-date symlink: /home/lin/train2/src/install/fishbot_bringup/share/fishbot_bringup/local_setup.zsh
[1.018s] -- Up-to-date symlink: /home/lin/train2/src/install/fishbot_bringup/share/fishbot_bringup/local_setup.dsv
[1.018s] -- Symlinking: /home/lin/train2/src/install/fishbot_bringup/share/fishbot_bringup/package.dsv
[1.040s] -- Up-to-date symlink: /home/lin/train2/src/install/fishbot_bringup/share/ament_index/resource_index/packages/fishbot_bringup
[1.048s] -- Up-to-date symlink: /home/lin/train2/src/install/fishbot_bringup/share/fishbot_bringup/cmake/fishbot_bringupConfig.cmake
[1.049s] -- Up-to-date symlink: /home/lin/train2/src/install/fishbot_bringup/share/fishbot_bringup/cmake/fishbot_bringupConfig-version.cmake
[1.049s] -- Up-to-date symlink: /home/lin/train2/src/install/fishbot_bringup/share/fishbot_bringup/package.xml
[1.189s] Invoked command in '/home/lin/train2/src/build/fishbot_bringup' returned '0': CMAKE_PREFIX_PATH=${CMAKE_PREFIX_PATH}:/home/lin/ros_ws/install/sdformat_tools:/home/lin/train2/src/install/fishbot_description:/home/lin/train2/src/install/example_py:/opt/ros/humble /usr/local/bin/cmake --install /home/lin/train2/src/build/fishbot_bringup
