[0.049s] Invoking command in '/home/lin/train2/src/build/example_cpp': CMAKE_PREFIX_PATH=/home/lin/train2/src/install/example_ros2_interfaces:/home/lin/train2/src/install/example_cpp:/home/lin/train2/install/example_cpp:/home/lin/train2/install/example_ros2_interfaces:/home/lin/train2/src/install/example_py:/home/lin/train2/install/example_py:/opt/ros/humble /usr/local/bin/cmake --build /home/lin/train2/src/build/example_cpp -- -j8 -l8
[0.093s] -- Found ament_cmake: 1.3.12 (/opt/ros/humble/share/ament_cmake/cmake)
[0.502s] -- Found rclcpp: 16.0.14 (/opt/ros/humble/share/rclcpp/cmake)
[0.564s] -- Found rosidl_generator_c: 3.1.7 (/opt/ros/humble/share/rosidl_generator_c/cmake)
[0.572s] -- Found rosidl_adapter: 3.1.7 (/opt/ros/humble/share/rosidl_adapter/cmake)
[0.586s] -- Found rosidl_generator_cpp: 3.1.7 (/opt/ros/humble/share/rosidl_generator_cpp/cmake)
[0.606s] -- Using all available rosidl_typesupport_c: rosidl_typesupport_fastrtps_c;rosidl_typesupport_introspection_c
[0.636s] -- Using all available rosidl_typesupport_cpp: rosidl_typesupport_fastrtps_cpp;rosidl_typesupport_introspection_cpp
[0.712s] -- Found rmw_implementation_cmake: 6.1.2 (/opt/ros/humble/share/rmw_implementation_cmake/cmake)
[0.716s] -- Found rmw_fastrtps_cpp: 6.2.8 (/opt/ros/humble/share/rmw_fastrtps_cpp/cmake)
[0.915s] -- Using RMW implementation 'rmw_fastrtps_cpp' as default
[1.002s] -- Found example_ros2_interfaces: 0.0.0 (/home/lin/train2/src/install/example_ros2_interfaces/share/example_ros2_interfaces/cmake)
[1.057s] -- Found ament_lint_auto: 0.12.14 (/opt/ros/humble/share/ament_lint_auto/cmake)
[1.183s] -- Added test 'cppcheck' to perform static code analysis on C / C++ code
[1.184s] -- Configured cppcheck include dirs: $<BUILD_INTERFACE:/home/lin/train2/src/example_cpp/include>
[1.185s] -- Configured cppcheck exclude dirs and/or files: 
[1.186s] -- Added test 'lint_cmake' to check CMake code style
[1.190s] -- Added test 'uncrustify' to check C / C++ code style
[1.190s] -- Configured uncrustify additional arguments: 
[1.191s] -- Added test 'xmllint' to check XML markup files
[1.193s] -- Configuring done (1.1s)
[1.270s] -- Generating done (0.1s)
[1.281s] -- Build files have been written to: /home/lin/train2/src/build/example_cpp
[1.416s] [ 16%] Built target topic_subscribe_01
[1.417s] [ 33%] Built target node_01
[1.420s] [ 41%] [32mBuilding CXX object CMakeFiles/example_interfaces_control_01.dir/src/example_interfaces_control_01.cpp.o[0m
[1.438s] [ 58%] Built target topic_publisher_01
[1.441s] [ 66%] [32mBuilding CXX object CMakeFiles/example_interfaces_robot_01.dir/src/example_interfaces_robot_01.cpp.o[0m
[1.449s] [ 83%] Built target node_03
[8.960s] [ 91%] [32m[1mLinking CXX executable example_interfaces_robot_01[0m
[9.524s] [ 91%] Built target example_interfaces_robot_01
[13.306s] [100%] [32m[1mLinking CXX executable example_interfaces_control_01[0m
[14.201s] [100%] Built target example_interfaces_control_01
[14.216s] Invoked command in '/home/lin/train2/src/build/example_cpp' returned '0': CMAKE_PREFIX_PATH=/home/lin/train2/src/install/example_ros2_interfaces:/home/lin/train2/src/install/example_cpp:/home/lin/train2/install/example_cpp:/home/lin/train2/install/example_ros2_interfaces:/home/lin/train2/src/install/example_py:/home/lin/train2/install/example_py:/opt/ros/humble /usr/local/bin/cmake --build /home/lin/train2/src/build/example_cpp -- -j8 -l8
[14.222s] Invoking command in '/home/lin/train2/src/build/example_cpp': CMAKE_PREFIX_PATH=/home/lin/train2/src/install/example_ros2_interfaces:/home/lin/train2/src/install/example_cpp:/home/lin/train2/install/example_cpp:/home/lin/train2/install/example_ros2_interfaces:/home/lin/train2/src/install/example_py:/home/lin/train2/install/example_py:/opt/ros/humble /usr/local/bin/cmake --install /home/lin/train2/src/build/example_cpp
[14.226s] -- Install configuration: ""
[14.227s] -- Installing: /home/lin/train2/src/install/example_cpp/lib/example_cpp/example_interfaces_robot_01
[14.237s] -- Set runtime path of "/home/lin/train2/src/install/example_cpp/lib/example_cpp/example_interfaces_robot_01" to ""
[14.238s] -- Installing: /home/lin/train2/src/install/example_cpp/lib/example_cpp/example_interfaces_control_01
[14.257s] -- Set runtime path of "/home/lin/train2/src/install/example_cpp/lib/example_cpp/example_interfaces_control_01" to ""
[14.260s] -- Up-to-date: /home/lin/train2/src/install/example_cpp/share/ament_index/resource_index/package_run_dependencies/example_cpp
[14.260s] -- Up-to-date: /home/lin/train2/src/install/example_cpp/share/ament_index/resource_index/parent_prefix_path/example_cpp
[14.260s] -- Up-to-date: /home/lin/train2/src/install/example_cpp/share/example_cpp/environment/ament_prefix_path.sh
[14.261s] -- Installing: /home/lin/train2/src/install/example_cpp/share/example_cpp/environment/ament_prefix_path.dsv
[14.261s] -- Up-to-date: /home/lin/train2/src/install/example_cpp/share/example_cpp/environment/path.sh
[14.262s] -- Installing: /home/lin/train2/src/install/example_cpp/share/example_cpp/environment/path.dsv
[14.262s] -- Up-to-date: /home/lin/train2/src/install/example_cpp/share/example_cpp/local_setup.bash
[14.262s] -- Up-to-date: /home/lin/train2/src/install/example_cpp/share/example_cpp/local_setup.sh
[14.262s] -- Up-to-date: /home/lin/train2/src/install/example_cpp/share/example_cpp/local_setup.zsh
[14.262s] -- Installing: /home/lin/train2/src/install/example_cpp/share/example_cpp/local_setup.dsv
[14.263s] -- Installing: /home/lin/train2/src/install/example_cpp/share/example_cpp/package.dsv
[14.264s] -- Up-to-date: /home/lin/train2/src/install/example_cpp/share/ament_index/resource_index/packages/example_cpp
[14.264s] -- Up-to-date: /home/lin/train2/src/install/example_cpp/share/example_cpp/cmake/example_cppConfig.cmake
[14.264s] -- Up-to-date: /home/lin/train2/src/install/example_cpp/share/example_cpp/cmake/example_cppConfig-version.cmake
[14.266s] -- Up-to-date: /home/lin/train2/src/install/example_cpp/share/example_cpp/package.xml
[14.266s] -- Up-to-date: /home/lin/train2/src/install/example_cpp/lib/example_cpp/node_01
[14.266s] -- Up-to-date: /home/lin/train2/src/install/example_cpp/lib/example_cpp/node_03
[14.267s] -- Up-to-date: /home/lin/train2/src/install/example_cpp/lib/example_cpp/topic_publisher_01
[14.270s] -- Up-to-date: /home/lin/train2/src/install/example_cpp/lib/example_cpp/topic_subscribe_01
[14.275s] Invoked command in '/home/lin/train2/src/build/example_cpp' returned '0': CMAKE_PREFIX_PATH=/home/lin/train2/src/install/example_ros2_interfaces:/home/lin/train2/src/install/example_cpp:/home/lin/train2/install/example_cpp:/home/lin/train2/install/example_ros2_interfaces:/home/lin/train2/src/install/example_py:/home/lin/train2/install/example_py:/opt/ros/humble /usr/local/bin/cmake --install /home/lin/train2/src/build/example_cpp
