[1.834s] Invoking command in '/home/lin/train2/src/build/robot_startup': CMAKE_PREFIX_PATH=${CMAKE_PREFIX_PATH}:/home/lin/ros_ws/install/sdformat_tools:/home/lin/train2/src/install/fishbot_description:/home/lin/train2/src/install/example_py:/opt/ros/humble /usr/local/bin/cmake --build /home/lin/train2/src/build/robot_startup -- -j8 -l8
[2.475s] Invoked command in '/home/lin/train2/src/build/robot_startup' returned '0': CMAKE_PREFIX_PATH=${CMAKE_PREFIX_PATH}:/home/lin/ros_ws/install/sdformat_tools:/home/lin/train2/src/install/fishbot_description:/home/lin/train2/src/install/example_py:/opt/ros/humble /usr/local/bin/cmake --build /home/lin/train2/src/build/robot_startup -- -j8 -l8
[2.494s] Invoking command in '/home/lin/train2/src/build/robot_startup': CMAKE_PREFIX_PATH=${CMAKE_PREFIX_PATH}:/home/lin/ros_ws/install/sdformat_tools:/home/lin/train2/src/install/fishbot_description:/home/lin/train2/src/install/example_py:/opt/ros/humble /usr/local/bin/cmake --install /home/lin/train2/src/build/robot_startup
[2.841s] -- Install configuration: ""
[2.842s] -- Execute custom install script
[2.843s] -- Up-to-date symlink: /home/lin/train2/src/install/robot_startup/share/robot_startup/launch/example_action.launch.py
[2.844s] -- Up-to-date symlink: /home/lin/train2/src/install/robot_startup/share/ament_index/resource_index/package_run_dependencies/robot_startup
[2.845s] -- Up-to-date symlink: /home/lin/train2/src/install/robot_startup/share/ament_index/resource_index/parent_prefix_path/robot_startup
[2.846s] -- Up-to-date symlink: /home/lin/train2/src/install/robot_startup/share/robot_startup/environment/ament_prefix_path.sh
[2.848s] -- Up-to-date symlink: /home/lin/train2/src/install/robot_startup/share/robot_startup/environment/ament_prefix_path.dsv
[2.850s] -- Up-to-date symlink: /home/lin/train2/src/install/robot_startup/share/robot_startup/environment/path.sh
[2.851s] -- Up-to-date symlink: /home/lin/train2/src/install/robot_startup/share/robot_startup/environment/path.dsv
[2.854s] -- Up-to-date symlink: /home/lin/train2/src/install/robot_startup/share/robot_startup/local_setup.bash
[2.855s] -- Up-to-date symlink: /home/lin/train2/src/install/robot_startup/share/robot_startup/local_setup.sh
[2.859s] -- Up-to-date symlink: /home/lin/train2/src/install/robot_startup/share/robot_startup/local_setup.zsh
[2.860s] -- Up-to-date symlink: /home/lin/train2/src/install/robot_startup/share/robot_startup/local_setup.dsv
[2.861s] -- Symlinking: /home/lin/train2/src/install/robot_startup/share/robot_startup/package.dsv
[2.862s] -- Up-to-date symlink: /home/lin/train2/src/install/robot_startup/share/ament_index/resource_index/packages/robot_startup
[2.864s] -- Up-to-date symlink: /home/lin/train2/src/install/robot_startup/share/robot_startup/cmake/robot_startupConfig.cmake
[2.868s] -- Up-to-date symlink: /home/lin/train2/src/install/robot_startup/share/robot_startup/cmake/robot_startupConfig-version.cmake
[2.868s] -- Up-to-date symlink: /home/lin/train2/src/install/robot_startup/share/robot_startup/package.xml
[2.895s] Invoked command in '/home/lin/train2/src/build/robot_startup' returned '0': CMAKE_PREFIX_PATH=${CMAKE_PREFIX_PATH}:/home/lin/ros_ws/install/sdformat_tools:/home/lin/train2/src/install/fishbot_description:/home/lin/train2/src/install/example_py:/opt/ros/humble /usr/local/bin/cmake --install /home/lin/train2/src/build/robot_startup
