-- Found ament_cmake: 1.3.12 (/opt/ros/humble/share/ament_cmake/cmake)
-- Override CMake install command with custom implementation using symlinks instead of copying resources
-- Found nav2_bringup: 1.1.18 (/opt/ros/humble/share/nav2_bringup/cmake)
-- Found ament_lint_auto: 0.12.14 (/opt/ros/humble/share/ament_lint_auto/cmake)
-- Added test 'flake8' to check Python code syntax and style conventions
-- Added test 'lint_cmake' to check CMake code style
-- Added test 'pep257' to check Python code against some of the docstring style conventions in PEP 257
-- Added test 'xmllint' to check XML markup files
-- Configuring done (0.8s)
-- Generating done (0.0s)
-- Build files have been written to: /home/lin/train2/src/build/fishbot_navigation2
-- Install configuration: ""
-- Execute custom install script
-- Symlinking: /home/lin/train2/src/install/fishbot_navigation2/share/fishbot_navigation2/launch/launch.py
-- Symlinking: /home/lin/train2/src/install/fishbot_navigation2/share/fishbot_navigation2/param/fishbot_nav2.yaml
-- Symlinking: /home/lin/train2/src/install/fishbot_navigation2/share/fishbot_navigation2/maps/fishbot_map.pgm
-- Symlinking: /home/lin/train2/src/install/fishbot_navigation2/share/fishbot_navigation2/maps/fishbot_map.yaml
-- Symlinking: /home/lin/train2/src/install/fishbot_navigation2/share/ament_index/resource_index/package_run_dependencies/fishbot_navigation2
-- Symlinking: /home/lin/train2/src/install/fishbot_navigation2/share/ament_index/resource_index/parent_prefix_path/fishbot_navigation2
-- Symlinking: /home/lin/train2/src/install/fishbot_navigation2/share/fishbot_navigation2/environment/ament_prefix_path.sh
-- Symlinking: /home/lin/train2/src/install/fishbot_navigation2/share/fishbot_navigation2/environment/ament_prefix_path.dsv
-- Symlinking: /home/lin/train2/src/install/fishbot_navigation2/share/fishbot_navigation2/environment/path.sh
-- Symlinking: /home/lin/train2/src/install/fishbot_navigation2/share/fishbot_navigation2/environment/path.dsv
-- Symlinking: /home/lin/train2/src/install/fishbot_navigation2/share/fishbot_navigation2/local_setup.bash
-- Symlinking: /home/lin/train2/src/install/fishbot_navigation2/share/fishbot_navigation2/local_setup.sh
-- Symlinking: /home/lin/train2/src/install/fishbot_navigation2/share/fishbot_navigation2/local_setup.zsh
-- Symlinking: /home/lin/train2/src/install/fishbot_navigation2/share/fishbot_navigation2/local_setup.dsv
-- Symlinking: /home/lin/train2/src/install/fishbot_navigation2/share/fishbot_navigation2/package.dsv
-- Symlinking: /home/lin/train2/src/install/fishbot_navigation2/share/ament_index/resource_index/packages/fishbot_navigation2
-- Symlinking: /home/lin/train2/src/install/fishbot_navigation2/share/fishbot_navigation2/cmake/fishbot_navigation2Config.cmake
-- Symlinking: /home/lin/train2/src/install/fishbot_navigation2/share/fishbot_navigation2/cmake/fishbot_navigation2Config-version.cmake
-- Symlinking: /home/lin/train2/src/install/fishbot_navigation2/share/fishbot_navigation2/package.xml
