[0.131s] DEBUG:colcon:Command line arguments: ['/usr/bin/colcon', 'build']
[0.131s] DEBUG:colcon:Parsed command line arguments: Namespace(log_base=None, log_level=None, verb_name='build', build_base='build', install_base='install', merge_install=False, symlink_install=False, test_result_base=None, continue_on_error=False, executor='parallel', parallel_workers=8, event_handlers=None, ignore_user_meta=False, metas=['./colcon.meta'], base_paths=['.'], packages_ignore=None, packages_ignore_regex=None, paths=None, packages_up_to=None, packages_up_to_regex=None, packages_above=None, packages_above_and_dependencies=None, packages_above_depth=None, packages_select_by_dep=None, packages_skip_by_dep=None, packages_skip_up_to=None, packages_select_build_failed=False, packages_skip_build_finished=False, packages_select_test_failures=False, packages_skip_test_passed=False, packages_select=None, packages_skip=None, packages_select_regex=None, packages_skip_regex=None, packages_start=None, packages_end=None, allow_overriding=[], cmake_args=None, cmake_target=None, cmake_target_skip_unavailable=False, cmake_clean_cache=False, cmake_clean_first=False, cmake_force_configure=False, ament_cmake_args=None, catkin_cmake_args=None, catkin_skip_building_tests=False, verb_parser=<colcon_defaults.argument_parser.defaults.DefaultArgumentsDecorator object at 0x7f31ade19420>, verb_extension=<colcon_core.verb.build.BuildVerb object at 0x7f31adf42ef0>, main=<bound method BuildVerb.main of <colcon_core.verb.build.BuildVerb object at 0x7f31adf42ef0>>)
[0.174s] Level 1:colcon.colcon_core.package_discovery:discover_packages(colcon_meta) check parameters
[0.174s] Level 1:colcon.colcon_core.package_discovery:discover_packages(recursive) check parameters
[0.174s] Level 1:colcon.colcon_core.package_discovery:discover_packages(ignore) check parameters
[0.174s] Level 1:colcon.colcon_core.package_discovery:discover_packages(path) check parameters
[0.174s] Level 1:colcon.colcon_core.package_discovery:discover_packages(colcon_meta) discover
[0.174s] Level 1:colcon.colcon_core.package_discovery:discover_packages(recursive) discover
[0.174s] INFO:colcon.colcon_core.package_discovery:Crawling recursively for packages in '/home/lin/train2/src'
[0.174s] Level 1:colcon.colcon_core.package_identification:_identify(.) by extensions ['ignore', 'ignore_ament_install']
[0.174s] Level 1:colcon.colcon_core.package_identification:_identify(.) by extension 'ignore'
[0.174s] Level 1:colcon.colcon_core.package_identification:_identify(.) by extension 'ignore_ament_install'
[0.174s] Level 1:colcon.colcon_core.package_identification:_identify(.) by extensions ['colcon_pkg']
[0.175s] Level 1:colcon.colcon_core.package_identification:_identify(.) by extension 'colcon_pkg'
[0.175s] Level 1:colcon.colcon_core.package_identification:_identify(.) by extensions ['colcon_meta']
[0.175s] Level 1:colcon.colcon_core.package_identification:_identify(.) by extension 'colcon_meta'
[0.175s] Level 1:colcon.colcon_core.package_identification:_identify(.) by extensions ['ros']
[0.175s] Level 1:colcon.colcon_core.package_identification:_identify(.) by extension 'ros'
[0.190s] Level 1:colcon.colcon_core.package_identification:_identify(.) by extensions ['cmake', 'python']
[0.190s] Level 1:colcon.colcon_core.package_identification:_identify(.) by extension 'cmake'
[0.190s] Level 1:colcon.colcon_core.package_identification:_identify(.) by extension 'python'
[0.191s] Level 1:colcon.colcon_core.package_identification:_identify(.) by extensions ['python_setup_py']
[0.191s] Level 1:colcon.colcon_core.package_identification:_identify(.) by extension 'python_setup_py'
[0.191s] Level 1:colcon.colcon_core.package_identification:_identify(build) by extensions ['ignore', 'ignore_ament_install']
[0.191s] Level 1:colcon.colcon_core.package_identification:_identify(build) by extension 'ignore'
[0.191s] Level 1:colcon.colcon_core.package_identification:_identify(build) ignored
[0.191s] Level 1:colcon.colcon_core.package_identification:_identify(example_cpp) by extensions ['ignore', 'ignore_ament_install']
[0.191s] Level 1:colcon.colcon_core.package_identification:_identify(example_cpp) by extension 'ignore'
[0.191s] Level 1:colcon.colcon_core.package_identification:_identify(example_cpp) by extension 'ignore_ament_install'
[0.191s] Level 1:colcon.colcon_core.package_identification:_identify(example_cpp) by extensions ['colcon_pkg']
[0.191s] Level 1:colcon.colcon_core.package_identification:_identify(example_cpp) by extension 'colcon_pkg'
[0.192s] Level 1:colcon.colcon_core.package_identification:_identify(example_cpp) by extensions ['colcon_meta']
[0.192s] Level 1:colcon.colcon_core.package_identification:_identify(example_cpp) by extension 'colcon_meta'
[0.192s] Level 1:colcon.colcon_core.package_identification:_identify(example_cpp) by extensions ['ros']
[0.192s] Level 1:colcon.colcon_core.package_identification:_identify(example_cpp) by extension 'ros'
[0.194s] DEBUG:colcon.colcon_core.package_identification:Package 'example_cpp' with type 'ros.ament_cmake' and name 'example_cpp'
[0.194s] Level 1:colcon.colcon_core.package_identification:_identify(example_py) by extensions ['ignore', 'ignore_ament_install']
[0.194s] Level 1:colcon.colcon_core.package_identification:_identify(example_py) by extension 'ignore'
[0.194s] Level 1:colcon.colcon_core.package_identification:_identify(example_py) by extension 'ignore_ament_install'
[0.194s] Level 1:colcon.colcon_core.package_identification:_identify(example_py) by extensions ['colcon_pkg']
[0.195s] Level 1:colcon.colcon_core.package_identification:_identify(example_py) by extension 'colcon_pkg'
[0.195s] Level 1:colcon.colcon_core.package_identification:_identify(example_py) by extensions ['colcon_meta']
[0.195s] Level 1:colcon.colcon_core.package_identification:_identify(example_py) by extension 'colcon_meta'
[0.195s] Level 1:colcon.colcon_core.package_identification:_identify(example_py) by extensions ['ros']
[0.195s] Level 1:colcon.colcon_core.package_identification:_identify(example_py) by extension 'ros'
[0.195s] DEBUG:colcon.colcon_core.package_identification:Package 'example_py' with type 'ros.ament_python' and name 'example_py'
[0.196s] Level 1:colcon.colcon_core.package_identification:_identify(example_ros2_interfaces) by extensions ['ignore', 'ignore_ament_install']
[0.196s] Level 1:colcon.colcon_core.package_identification:_identify(example_ros2_interfaces) by extension 'ignore'
[0.196s] Level 1:colcon.colcon_core.package_identification:_identify(example_ros2_interfaces) by extension 'ignore_ament_install'
[0.196s] Level 1:colcon.colcon_core.package_identification:_identify(example_ros2_interfaces) by extensions ['colcon_pkg']
[0.196s] Level 1:colcon.colcon_core.package_identification:_identify(example_ros2_interfaces) by extension 'colcon_pkg'
[0.196s] Level 1:colcon.colcon_core.package_identification:_identify(example_ros2_interfaces) by extensions ['colcon_meta']
[0.196s] Level 1:colcon.colcon_core.package_identification:_identify(example_ros2_interfaces) by extension 'colcon_meta'
[0.196s] Level 1:colcon.colcon_core.package_identification:_identify(example_ros2_interfaces) by extensions ['ros']
[0.196s] Level 1:colcon.colcon_core.package_identification:_identify(example_ros2_interfaces) by extension 'ros'
[0.197s] DEBUG:colcon.colcon_core.package_identification:Package 'example_ros2_interfaces' with type 'ros.ament_cmake' and name 'example_ros2_interfaces'
[0.197s] Level 1:colcon.colcon_core.package_identification:_identify(install) by extensions ['ignore', 'ignore_ament_install']
[0.197s] Level 1:colcon.colcon_core.package_identification:_identify(install) by extension 'ignore'
[0.197s] Level 1:colcon.colcon_core.package_identification:_identify(install) ignored
[0.197s] Level 1:colcon.colcon_core.package_identification:_identify(log) by extensions ['ignore', 'ignore_ament_install']
[0.197s] Level 1:colcon.colcon_core.package_identification:_identify(log) by extension 'ignore'
[0.197s] Level 1:colcon.colcon_core.package_identification:_identify(log) ignored
[0.197s] Level 1:colcon.colcon_core.package_identification:_identify(src) by extensions ['ignore', 'ignore_ament_install']
[0.198s] Level 1:colcon.colcon_core.package_identification:_identify(src) by extension 'ignore'
[0.198s] Level 1:colcon.colcon_core.package_identification:_identify(src) by extension 'ignore_ament_install'
[0.198s] Level 1:colcon.colcon_core.package_identification:_identify(src) by extensions ['colcon_pkg']
[0.198s] Level 1:colcon.colcon_core.package_identification:_identify(src) by extension 'colcon_pkg'
[0.198s] Level 1:colcon.colcon_core.package_identification:_identify(src) by extensions ['colcon_meta']
[0.198s] Level 1:colcon.colcon_core.package_identification:_identify(src) by extension 'colcon_meta'
[0.198s] Level 1:colcon.colcon_core.package_identification:_identify(src) by extensions ['ros']
[0.198s] Level 1:colcon.colcon_core.package_identification:_identify(src) by extension 'ros'
[0.198s] Level 1:colcon.colcon_core.package_identification:_identify(src) by extensions ['cmake', 'python']
[0.198s] Level 1:colcon.colcon_core.package_identification:_identify(src) by extension 'cmake'
[0.198s] Level 1:colcon.colcon_core.package_identification:_identify(src) by extension 'python'
[0.198s] Level 1:colcon.colcon_core.package_identification:_identify(src) by extensions ['python_setup_py']
[0.198s] Level 1:colcon.colcon_core.package_identification:_identify(src) by extension 'python_setup_py'
[0.199s] Level 1:colcon.colcon_core.package_identification:_identify(src/robot_startup) by extensions ['ignore', 'ignore_ament_install']
[0.199s] Level 1:colcon.colcon_core.package_identification:_identify(src/robot_startup) by extension 'ignore'
[0.199s] Level 1:colcon.colcon_core.package_identification:_identify(src/robot_startup) by extension 'ignore_ament_install'
[0.199s] Level 1:colcon.colcon_core.package_identification:_identify(src/robot_startup) by extensions ['colcon_pkg']
[0.199s] Level 1:colcon.colcon_core.package_identification:_identify(src/robot_startup) by extension 'colcon_pkg'
[0.199s] Level 1:colcon.colcon_core.package_identification:_identify(src/robot_startup) by extensions ['colcon_meta']
[0.199s] Level 1:colcon.colcon_core.package_identification:_identify(src/robot_startup) by extension 'colcon_meta'
[0.199s] Level 1:colcon.colcon_core.package_identification:_identify(src/robot_startup) by extensions ['ros']
[0.199s] Level 1:colcon.colcon_core.package_identification:_identify(src/robot_startup) by extension 'ros'
[0.200s] DEBUG:colcon.colcon_core.package_identification:Package 'src/robot_startup' with type 'ros.ament_cmake' and name 'robot_startup'
[0.200s] Level 1:colcon.colcon_core.package_discovery:discover_packages(recursive) using defaults
[0.200s] Level 1:colcon.colcon_core.package_discovery:discover_packages(ignore) discover
[0.200s] Level 1:colcon.colcon_core.package_discovery:discover_packages(ignore) using defaults
[0.200s] Level 1:colcon.colcon_core.package_discovery:discover_packages(path) discover
[0.200s] Level 1:colcon.colcon_core.package_discovery:discover_packages(path) using defaults
[0.220s] Level 1:colcon.colcon_core.package_discovery:discover_packages(prefix_path) check parameters
[0.220s] Level 1:colcon.colcon_core.package_discovery:discover_packages(prefix_path) discover
[0.221s] WARNING:colcon.colcon_core.prefix_path.colcon:The path '/home/lin/train2/install' in the environment variable COLCON_PREFIX_PATH doesn't exist
[0.222s] WARNING:colcon.colcon_ros.prefix_path.ament:The path '/home/lin/train2/install/example_cpp' in the environment variable AMENT_PREFIX_PATH doesn't exist
[0.222s] WARNING:colcon.colcon_ros.prefix_path.ament:The path '/home/lin/train2/install/example_ros2_interfaces' in the environment variable AMENT_PREFIX_PATH doesn't exist
[0.222s] WARNING:colcon.colcon_ros.prefix_path.ament:The path '/home/lin/train2/install/example_py' in the environment variable AMENT_PREFIX_PATH doesn't exist
[0.223s] WARNING:colcon.colcon_ros.prefix_path.catkin:The path '/home/lin/train2/install/example_cpp' in the environment variable CMAKE_PREFIX_PATH doesn't exist
[0.223s] WARNING:colcon.colcon_ros.prefix_path.catkin:The path '/home/lin/train2/install/example_ros2_interfaces' in the environment variable CMAKE_PREFIX_PATH doesn't exist
[0.224s] DEBUG:colcon.colcon_installed_package_information.package_discovery:Found 4 installed packages in /home/lin/train2/src/install
[0.227s] DEBUG:colcon.colcon_installed_package_information.package_discovery:Found 272 installed packages in /opt/ros/humble
[0.228s] Level 1:colcon.colcon_core.package_discovery:discover_packages(prefix_path) using defaults
[0.303s] Level 5:colcon.colcon_core.verb:set package 'example_py' build argument 'cmake_args' from command line to 'None'
[0.303s] Level 5:colcon.colcon_core.verb:set package 'example_py' build argument 'cmake_target' from command line to 'None'
[0.303s] Level 5:colcon.colcon_core.verb:set package 'example_py' build argument 'cmake_target_skip_unavailable' from command line to 'False'
[0.303s] Level 5:colcon.colcon_core.verb:set package 'example_py' build argument 'cmake_clean_cache' from command line to 'False'
[0.303s] Level 5:colcon.colcon_core.verb:set package 'example_py' build argument 'cmake_clean_first' from command line to 'False'
[0.303s] Level 5:colcon.colcon_core.verb:set package 'example_py' build argument 'cmake_force_configure' from command line to 'False'
[0.303s] Level 5:colcon.colcon_core.verb:set package 'example_py' build argument 'ament_cmake_args' from command line to 'None'
[0.303s] Level 5:colcon.colcon_core.verb:set package 'example_py' build argument 'catkin_cmake_args' from command line to 'None'
[0.303s] Level 5:colcon.colcon_core.verb:set package 'example_py' build argument 'catkin_skip_building_tests' from command line to 'False'
[0.303s] DEBUG:colcon.colcon_core.verb:Building package 'example_py' with the following arguments: {'ament_cmake_args': None, 'build_base': '/home/lin/train2/src/build/example_py', 'catkin_cmake_args': None, 'catkin_skip_building_tests': False, 'cmake_args': None, 'cmake_clean_cache': False, 'cmake_clean_first': False, 'cmake_force_configure': False, 'cmake_target': None, 'cmake_target_skip_unavailable': False, 'install_base': '/home/lin/train2/src/install/example_py', 'merge_install': False, 'path': '/home/lin/train2/src/example_py', 'symlink_install': False, 'test_result_base': None}
[0.304s] Level 5:colcon.colcon_core.verb:set package 'example_ros2_interfaces' build argument 'cmake_args' from command line to 'None'
[0.304s] Level 5:colcon.colcon_core.verb:set package 'example_ros2_interfaces' build argument 'cmake_target' from command line to 'None'
[0.304s] Level 5:colcon.colcon_core.verb:set package 'example_ros2_interfaces' build argument 'cmake_target_skip_unavailable' from command line to 'False'
[0.304s] Level 5:colcon.colcon_core.verb:set package 'example_ros2_interfaces' build argument 'cmake_clean_cache' from command line to 'False'
[0.304s] Level 5:colcon.colcon_core.verb:set package 'example_ros2_interfaces' build argument 'cmake_clean_first' from command line to 'False'
[0.304s] Level 5:colcon.colcon_core.verb:set package 'example_ros2_interfaces' build argument 'cmake_force_configure' from command line to 'False'
[0.304s] Level 5:colcon.colcon_core.verb:set package 'example_ros2_interfaces' build argument 'ament_cmake_args' from command line to 'None'
[0.304s] Level 5:colcon.colcon_core.verb:set package 'example_ros2_interfaces' build argument 'catkin_cmake_args' from command line to 'None'
[0.304s] Level 5:colcon.colcon_core.verb:set package 'example_ros2_interfaces' build argument 'catkin_skip_building_tests' from command line to 'False'
[0.304s] DEBUG:colcon.colcon_core.verb:Building package 'example_ros2_interfaces' with the following arguments: {'ament_cmake_args': None, 'build_base': '/home/lin/train2/src/build/example_ros2_interfaces', 'catkin_cmake_args': None, 'catkin_skip_building_tests': False, 'cmake_args': None, 'cmake_clean_cache': False, 'cmake_clean_first': False, 'cmake_force_configure': False, 'cmake_target': None, 'cmake_target_skip_unavailable': False, 'install_base': '/home/lin/train2/src/install/example_ros2_interfaces', 'merge_install': False, 'path': '/home/lin/train2/src/example_ros2_interfaces', 'symlink_install': False, 'test_result_base': None}
[0.305s] Level 5:colcon.colcon_core.verb:set package 'robot_startup' build argument 'cmake_args' from command line to 'None'
[0.305s] Level 5:colcon.colcon_core.verb:set package 'robot_startup' build argument 'cmake_target' from command line to 'None'
[0.305s] Level 5:colcon.colcon_core.verb:set package 'robot_startup' build argument 'cmake_target_skip_unavailable' from command line to 'False'
[0.305s] Level 5:colcon.colcon_core.verb:set package 'robot_startup' build argument 'cmake_clean_cache' from command line to 'False'
[0.305s] Level 5:colcon.colcon_core.verb:set package 'robot_startup' build argument 'cmake_clean_first' from command line to 'False'
[0.306s] Level 5:colcon.colcon_core.verb:set package 'robot_startup' build argument 'cmake_force_configure' from command line to 'False'
[0.306s] Level 5:colcon.colcon_core.verb:set package 'robot_startup' build argument 'ament_cmake_args' from command line to 'None'
[0.306s] Level 5:colcon.colcon_core.verb:set package 'robot_startup' build argument 'catkin_cmake_args' from command line to 'None'
[0.306s] Level 5:colcon.colcon_core.verb:set package 'robot_startup' build argument 'catkin_skip_building_tests' from command line to 'False'
[0.306s] DEBUG:colcon.colcon_core.verb:Building package 'robot_startup' with the following arguments: {'ament_cmake_args': None, 'build_base': '/home/lin/train2/src/build/robot_startup', 'catkin_cmake_args': None, 'catkin_skip_building_tests': False, 'cmake_args': None, 'cmake_clean_cache': False, 'cmake_clean_first': False, 'cmake_force_configure': False, 'cmake_target': None, 'cmake_target_skip_unavailable': False, 'install_base': '/home/lin/train2/src/install/robot_startup', 'merge_install': False, 'path': '/home/lin/train2/src/src/robot_startup', 'symlink_install': False, 'test_result_base': None}
[0.306s] Level 5:colcon.colcon_core.verb:set package 'example_cpp' build argument 'cmake_args' from command line to 'None'
[0.306s] Level 5:colcon.colcon_core.verb:set package 'example_cpp' build argument 'cmake_target' from command line to 'None'
[0.306s] Level 5:colcon.colcon_core.verb:set package 'example_cpp' build argument 'cmake_target_skip_unavailable' from command line to 'False'
[0.306s] Level 5:colcon.colcon_core.verb:set package 'example_cpp' build argument 'cmake_clean_cache' from command line to 'False'
[0.306s] Level 5:colcon.colcon_core.verb:set package 'example_cpp' build argument 'cmake_clean_first' from command line to 'False'
[0.306s] Level 5:colcon.colcon_core.verb:set package 'example_cpp' build argument 'cmake_force_configure' from command line to 'False'
[0.306s] Level 5:colcon.colcon_core.verb:set package 'example_cpp' build argument 'ament_cmake_args' from command line to 'None'
[0.306s] Level 5:colcon.colcon_core.verb:set package 'example_cpp' build argument 'catkin_cmake_args' from command line to 'None'
[0.306s] Level 5:colcon.colcon_core.verb:set package 'example_cpp' build argument 'catkin_skip_building_tests' from command line to 'False'
[0.307s] DEBUG:colcon.colcon_core.verb:Building package 'example_cpp' with the following arguments: {'ament_cmake_args': None, 'build_base': '/home/lin/train2/src/build/example_cpp', 'catkin_cmake_args': None, 'catkin_skip_building_tests': False, 'cmake_args': None, 'cmake_clean_cache': False, 'cmake_clean_first': False, 'cmake_force_configure': False, 'cmake_target': None, 'cmake_target_skip_unavailable': False, 'install_base': '/home/lin/train2/src/install/example_cpp', 'merge_install': False, 'path': '/home/lin/train2/src/example_cpp', 'symlink_install': False, 'test_result_base': None}
[0.307s] INFO:colcon.colcon_core.executor:Executing jobs using 'parallel' executor
[0.310s] DEBUG:colcon.colcon_parallel_executor.executor.parallel:run_until_complete
[0.310s] INFO:colcon.colcon_ros.task.ament_cmake.build:Building ROS package in '/home/lin/train2/src/example_ros2_interfaces' with build type 'ament_cmake'
[0.311s] INFO:colcon.colcon_cmake.task.cmake.build:Building CMake package in '/home/lin/train2/src/example_ros2_interfaces'
[0.318s] INFO:colcon.colcon_core.plugin_system:Skipping extension 'colcon_core.shell.bat': Not used on non-Windows systems
[0.319s] INFO:colcon.colcon_core.shell:Skip shell extension 'powershell' for command environment: Not usable outside of PowerShell
[0.319s] DEBUG:colcon.colcon_core.shell:Skip shell extension 'dsv' for command environment
[0.327s] INFO:colcon.colcon_ros.task.ament_python.build:Building ROS package in '/home/lin/train2/src/example_py' with build type 'ament_python'
[0.327s] Level 1:colcon.colcon_core.shell:create_environment_hook('example_py', 'ament_prefix_path')
[0.328s] INFO:colcon.colcon_core.shell:Creating environment hook '/home/lin/train2/src/install/example_py/share/example_py/hook/ament_prefix_path.ps1'
[0.329s] INFO:colcon.colcon_core.shell:Creating environment descriptor '/home/lin/train2/src/install/example_py/share/example_py/hook/ament_prefix_path.dsv'
[0.331s] INFO:colcon.colcon_core.shell:Creating environment hook '/home/lin/train2/src/install/example_py/share/example_py/hook/ament_prefix_path.sh'
[0.333s] INFO:colcon.colcon_core.shell:Skip shell extension 'powershell' for command environment: Not usable outside of PowerShell
[0.333s] DEBUG:colcon.colcon_core.shell:Skip shell extension 'dsv' for command environment
[0.345s] INFO:colcon.colcon_ros.task.ament_cmake.build:Building ROS package in '/home/lin/train2/src/src/robot_startup' with build type 'ament_cmake'
[0.345s] INFO:colcon.colcon_cmake.task.cmake.build:Building CMake package in '/home/lin/train2/src/src/robot_startup'
[0.346s] INFO:colcon.colcon_core.shell:Skip shell extension 'powershell' for command environment: Not usable outside of PowerShell
[0.346s] DEBUG:colcon.colcon_core.shell:Skip shell extension 'dsv' for command environment
[0.369s] DEBUG:colcon.colcon_core.event_handler.log_command:Invoking command in '/home/lin/train2/src/build/example_ros2_interfaces': CMAKE_PREFIX_PATH=${CMAKE_PREFIX_PATH}:/home/lin/train2/src/install/example_py:/home/lin/train2/install/example_py:/opt/ros/humble /usr/local/bin/cmake --build /home/lin/train2/src/build/example_ros2_interfaces -- -j8 -l8
[0.821s] INFO:colcon.colcon_core.task.python.build:Building Python package in '/home/lin/train2/src/example_py'
[0.822s] INFO:colcon.colcon_core.shell:Skip shell extension 'powershell' for command environment: Not usable outside of PowerShell
[0.822s] DEBUG:colcon.colcon_core.shell:Skip shell extension 'dsv' for command environment
[0.861s] DEBUG:colcon.colcon_core.event_handler.log_command:Invoking command in '/home/lin/train2/src/build/robot_startup': CMAKE_PREFIX_PATH=${CMAKE_PREFIX_PATH}:/home/lin/train2/src/install/example_py:/home/lin/train2/install/example_py:/opt/ros/humble /usr/local/bin/cmake --build /home/lin/train2/src/build/robot_startup -- -j8 -l8
[0.923s] DEBUG:colcon.colcon_core.event_handler.log_command:Invoked command in '/home/lin/train2/src/build/robot_startup' returned '0': CMAKE_PREFIX_PATH=${CMAKE_PREFIX_PATH}:/home/lin/train2/src/install/example_py:/home/lin/train2/install/example_py:/opt/ros/humble /usr/local/bin/cmake --build /home/lin/train2/src/build/robot_startup -- -j8 -l8
[0.936s] DEBUG:colcon.colcon_core.event_handler.log_command:Invoking command in '/home/lin/train2/src/build/robot_startup': CMAKE_PREFIX_PATH=${CMAKE_PREFIX_PATH}:/home/lin/train2/src/install/example_py:/home/lin/train2/install/example_py:/opt/ros/humble /usr/local/bin/cmake --install /home/lin/train2/src/build/robot_startup
[0.951s] Level 1:colcon.colcon_core.environment:create_environment_scripts_only(robot_startup)
[0.952s] DEBUG:colcon.colcon_core.event_handler.log_command:Invoked command in '/home/lin/train2/src/build/robot_startup' returned '0': CMAKE_PREFIX_PATH=${CMAKE_PREFIX_PATH}:/home/lin/train2/src/install/example_py:/home/lin/train2/install/example_py:/opt/ros/humble /usr/local/bin/cmake --install /home/lin/train2/src/build/robot_startup
[0.961s] Level 1:colcon.colcon_core.environment:checking '/home/lin/train2/src/install/robot_startup' for CMake module files
[0.964s] Level 1:colcon.colcon_core.environment:checking '/home/lin/train2/src/install/robot_startup' for CMake config files
[0.964s] Level 1:colcon.colcon_core.shell:create_environment_hook('robot_startup', 'cmake_prefix_path')
[0.964s] INFO:colcon.colcon_core.shell:Creating environment hook '/home/lin/train2/src/install/robot_startup/share/robot_startup/hook/cmake_prefix_path.ps1'
[0.966s] INFO:colcon.colcon_core.shell:Creating environment descriptor '/home/lin/train2/src/install/robot_startup/share/robot_startup/hook/cmake_prefix_path.dsv'
[0.966s] INFO:colcon.colcon_core.shell:Creating environment hook '/home/lin/train2/src/install/robot_startup/share/robot_startup/hook/cmake_prefix_path.sh'
[0.972s] Level 1:colcon.colcon_core.environment:checking '/home/lin/train2/src/install/robot_startup/bin'
[0.972s] Level 1:colcon.colcon_core.environment:checking '/home/lin/train2/src/install/robot_startup/lib/pkgconfig/robot_startup.pc'
[0.972s] Level 1:colcon.colcon_core.environment:checking '/home/lin/train2/src/install/robot_startup/lib/python3.10/site-packages'
[0.973s] Level 1:colcon.colcon_core.environment:checking '/home/lin/train2/src/install/robot_startup/bin'
[0.973s] INFO:colcon.colcon_core.shell:Creating package script '/home/lin/train2/src/install/robot_startup/share/robot_startup/package.ps1'
[0.974s] INFO:colcon.colcon_core.shell:Creating package descriptor '/home/lin/train2/src/install/robot_startup/share/robot_startup/package.dsv'
[0.977s] INFO:colcon.colcon_core.shell:Creating package script '/home/lin/train2/src/install/robot_startup/share/robot_startup/package.sh'
[0.979s] INFO:colcon.colcon_core.shell:Creating package script '/home/lin/train2/src/install/robot_startup/share/robot_startup/package.bash'
[0.981s] INFO:colcon.colcon_core.shell:Creating package script '/home/lin/train2/src/install/robot_startup/share/robot_startup/package.zsh'
[0.982s] Level 1:colcon.colcon_core.environment:create_file_with_runtime_dependencies(/home/lin/train2/src/install/robot_startup/share/colcon-core/packages/robot_startup)
[0.983s] Level 1:colcon.colcon_core.environment:create_environment_scripts_only(robot_startup)
[0.983s] Level 1:colcon.colcon_core.environment:checking '/home/lin/train2/src/install/robot_startup' for CMake module files
[0.984s] Level 1:colcon.colcon_core.environment:checking '/home/lin/train2/src/install/robot_startup' for CMake config files
[0.985s] Level 1:colcon.colcon_core.shell:create_environment_hook('robot_startup', 'cmake_prefix_path')
[0.985s] INFO:colcon.colcon_core.shell:Creating environment hook '/home/lin/train2/src/install/robot_startup/share/robot_startup/hook/cmake_prefix_path.ps1'
[0.986s] INFO:colcon.colcon_core.shell:Creating environment descriptor '/home/lin/train2/src/install/robot_startup/share/robot_startup/hook/cmake_prefix_path.dsv'
[0.987s] INFO:colcon.colcon_core.shell:Creating environment hook '/home/lin/train2/src/install/robot_startup/share/robot_startup/hook/cmake_prefix_path.sh'
[0.988s] Level 1:colcon.colcon_core.environment:checking '/home/lin/train2/src/install/robot_startup/bin'
[0.988s] Level 1:colcon.colcon_core.environment:checking '/home/lin/train2/src/install/robot_startup/lib/pkgconfig/robot_startup.pc'
[0.988s] Level 1:colcon.colcon_core.environment:checking '/home/lin/train2/src/install/robot_startup/lib/python3.10/site-packages'
[0.988s] Level 1:colcon.colcon_core.environment:checking '/home/lin/train2/src/install/robot_startup/bin'
[0.989s] INFO:colcon.colcon_core.shell:Creating package script '/home/lin/train2/src/install/robot_startup/share/robot_startup/package.ps1'
[0.990s] INFO:colcon.colcon_core.shell:Creating package descriptor '/home/lin/train2/src/install/robot_startup/share/robot_startup/package.dsv'
[0.990s] INFO:colcon.colcon_core.shell:Creating package script '/home/lin/train2/src/install/robot_startup/share/robot_startup/package.sh'
[0.991s] INFO:colcon.colcon_core.shell:Creating package script '/home/lin/train2/src/install/robot_startup/share/robot_startup/package.bash'
[0.992s] INFO:colcon.colcon_core.shell:Creating package script '/home/lin/train2/src/install/robot_startup/share/robot_startup/package.zsh'
[0.993s] Level 1:colcon.colcon_core.environment:create_file_with_runtime_dependencies(/home/lin/train2/src/install/robot_startup/share/colcon-core/packages/robot_startup)
[1.233s] DEBUG:colcon.colcon_core.event_handler.log_command:Invoked command in '/home/lin/train2/src/build/example_ros2_interfaces' returned '0': CMAKE_PREFIX_PATH=${CMAKE_PREFIX_PATH}:/home/lin/train2/src/install/example_py:/home/lin/train2/install/example_py:/opt/ros/humble /usr/local/bin/cmake --build /home/lin/train2/src/build/example_ros2_interfaces -- -j8 -l8
[1.238s] DEBUG:colcon.colcon_core.event_handler.log_command:Invoking command in '/home/lin/train2/src/build/example_ros2_interfaces': CMAKE_PREFIX_PATH=${CMAKE_PREFIX_PATH}:/home/lin/train2/src/install/example_py:/home/lin/train2/install/example_py:/opt/ros/humble /usr/local/bin/cmake --install /home/lin/train2/src/build/example_ros2_interfaces
[1.408s] Level 1:colcon.colcon_core.environment:create_environment_scripts_only(example_ros2_interfaces)
[1.408s] Level 1:colcon.colcon_core.environment:checking '/home/lin/train2/src/install/example_ros2_interfaces' for CMake module files
[1.410s] DEBUG:colcon.colcon_core.event_handler.log_command:Invoked command in '/home/lin/train2/src/build/example_ros2_interfaces' returned '0': CMAKE_PREFIX_PATH=${CMAKE_PREFIX_PATH}:/home/lin/train2/src/install/example_py:/home/lin/train2/install/example_py:/opt/ros/humble /usr/local/bin/cmake --install /home/lin/train2/src/build/example_ros2_interfaces
[1.413s] Level 1:colcon.colcon_core.environment:checking '/home/lin/train2/src/install/example_ros2_interfaces' for CMake config files
[1.415s] Level 1:colcon.colcon_core.shell:create_environment_hook('example_ros2_interfaces', 'cmake_prefix_path')
[1.415s] INFO:colcon.colcon_core.shell:Creating environment hook '/home/lin/train2/src/install/example_ros2_interfaces/share/example_ros2_interfaces/hook/cmake_prefix_path.ps1'
[1.416s] INFO:colcon.colcon_core.shell:Creating environment descriptor '/home/lin/train2/src/install/example_ros2_interfaces/share/example_ros2_interfaces/hook/cmake_prefix_path.dsv'
[1.418s] INFO:colcon.colcon_core.shell:Creating environment hook '/home/lin/train2/src/install/example_ros2_interfaces/share/example_ros2_interfaces/hook/cmake_prefix_path.sh'
[1.419s] Level 1:colcon.colcon_core.environment:checking '/home/lin/train2/src/install/example_ros2_interfaces/lib'
[1.419s] Level 1:colcon.colcon_core.shell:create_environment_hook('example_ros2_interfaces', 'ld_library_path_lib')
[1.419s] INFO:colcon.colcon_core.shell:Creating environment hook '/home/lin/train2/src/install/example_ros2_interfaces/share/example_ros2_interfaces/hook/ld_library_path_lib.ps1'
[1.420s] INFO:colcon.colcon_core.shell:Creating environment descriptor '/home/lin/train2/src/install/example_ros2_interfaces/share/example_ros2_interfaces/hook/ld_library_path_lib.dsv'
[1.421s] INFO:colcon.colcon_core.shell:Creating environment hook '/home/lin/train2/src/install/example_ros2_interfaces/share/example_ros2_interfaces/hook/ld_library_path_lib.sh'
[1.422s] Level 1:colcon.colcon_core.environment:checking '/home/lin/train2/src/install/example_ros2_interfaces/bin'
[1.422s] Level 1:colcon.colcon_core.environment:checking '/home/lin/train2/src/install/example_ros2_interfaces/lib/pkgconfig/example_ros2_interfaces.pc'
[1.422s] Level 1:colcon.colcon_core.environment:checking '/home/lin/train2/src/install/example_ros2_interfaces/lib/python3.10/site-packages'
[1.422s] Level 1:colcon.colcon_core.environment:checking '/home/lin/train2/src/install/example_ros2_interfaces/bin'
[1.423s] INFO:colcon.colcon_core.shell:Creating package script '/home/lin/train2/src/install/example_ros2_interfaces/share/example_ros2_interfaces/package.ps1'
[1.424s] INFO:colcon.colcon_core.shell:Creating package descriptor '/home/lin/train2/src/install/example_ros2_interfaces/share/example_ros2_interfaces/package.dsv'
[1.424s] INFO:colcon.colcon_core.shell:Creating package script '/home/lin/train2/src/install/example_ros2_interfaces/share/example_ros2_interfaces/package.sh'
[1.425s] INFO:colcon.colcon_core.shell:Creating package script '/home/lin/train2/src/install/example_ros2_interfaces/share/example_ros2_interfaces/package.bash'
[1.426s] INFO:colcon.colcon_core.shell:Creating package script '/home/lin/train2/src/install/example_ros2_interfaces/share/example_ros2_interfaces/package.zsh'
[1.427s] Level 1:colcon.colcon_core.environment:create_file_with_runtime_dependencies(/home/lin/train2/src/install/example_ros2_interfaces/share/colcon-core/packages/example_ros2_interfaces)
[1.428s] Level 1:colcon.colcon_core.environment:create_environment_scripts_only(example_ros2_interfaces)
[1.428s] Level 1:colcon.colcon_core.environment:checking '/home/lin/train2/src/install/example_ros2_interfaces' for CMake module files
[1.429s] Level 1:colcon.colcon_core.environment:checking '/home/lin/train2/src/install/example_ros2_interfaces' for CMake config files
[1.432s] Level 1:colcon.colcon_core.shell:create_environment_hook('example_ros2_interfaces', 'cmake_prefix_path')
[1.432s] INFO:colcon.colcon_core.shell:Creating environment hook '/home/lin/train2/src/install/example_ros2_interfaces/share/example_ros2_interfaces/hook/cmake_prefix_path.ps1'
[1.433s] INFO:colcon.colcon_core.shell:Creating environment descriptor '/home/lin/train2/src/install/example_ros2_interfaces/share/example_ros2_interfaces/hook/cmake_prefix_path.dsv'
[1.433s] INFO:colcon.colcon_core.shell:Creating environment hook '/home/lin/train2/src/install/example_ros2_interfaces/share/example_ros2_interfaces/hook/cmake_prefix_path.sh'
[1.434s] Level 1:colcon.colcon_core.environment:checking '/home/lin/train2/src/install/example_ros2_interfaces/lib'
[1.435s] Level 1:colcon.colcon_core.shell:create_environment_hook('example_ros2_interfaces', 'ld_library_path_lib')
[1.435s] INFO:colcon.colcon_core.shell:Creating environment hook '/home/lin/train2/src/install/example_ros2_interfaces/share/example_ros2_interfaces/hook/ld_library_path_lib.ps1'
[1.436s] INFO:colcon.colcon_core.shell:Creating environment descriptor '/home/lin/train2/src/install/example_ros2_interfaces/share/example_ros2_interfaces/hook/ld_library_path_lib.dsv'
[1.436s] INFO:colcon.colcon_core.shell:Creating environment hook '/home/lin/train2/src/install/example_ros2_interfaces/share/example_ros2_interfaces/hook/ld_library_path_lib.sh'
[1.437s] Level 1:colcon.colcon_core.environment:checking '/home/lin/train2/src/install/example_ros2_interfaces/bin'
[1.437s] Level 1:colcon.colcon_core.environment:checking '/home/lin/train2/src/install/example_ros2_interfaces/lib/pkgconfig/example_ros2_interfaces.pc'
[1.437s] Level 1:colcon.colcon_core.environment:checking '/home/lin/train2/src/install/example_ros2_interfaces/lib/python3.10/site-packages'
[1.438s] Level 1:colcon.colcon_core.environment:checking '/home/lin/train2/src/install/example_ros2_interfaces/bin'
[1.438s] INFO:colcon.colcon_core.shell:Creating package script '/home/lin/train2/src/install/example_ros2_interfaces/share/example_ros2_interfaces/package.ps1'
[1.439s] INFO:colcon.colcon_core.shell:Creating package descriptor '/home/lin/train2/src/install/example_ros2_interfaces/share/example_ros2_interfaces/package.dsv'
[1.440s] INFO:colcon.colcon_core.shell:Creating package script '/home/lin/train2/src/install/example_ros2_interfaces/share/example_ros2_interfaces/package.sh'
[1.440s] INFO:colcon.colcon_core.shell:Creating package script '/home/lin/train2/src/install/example_ros2_interfaces/share/example_ros2_interfaces/package.bash'
[1.441s] INFO:colcon.colcon_core.shell:Creating package script '/home/lin/train2/src/install/example_ros2_interfaces/share/example_ros2_interfaces/package.zsh'
[1.442s] Level 1:colcon.colcon_core.environment:create_file_with_runtime_dependencies(/home/lin/train2/src/install/example_ros2_interfaces/share/colcon-core/packages/example_ros2_interfaces)
[1.443s] INFO:colcon.colcon_ros.task.ament_cmake.build:Building ROS package in '/home/lin/train2/src/example_cpp' with build type 'ament_cmake'
[1.443s] INFO:colcon.colcon_cmake.task.cmake.build:Building CMake package in '/home/lin/train2/src/example_cpp'
[1.443s] INFO:colcon.colcon_core.shell:Skip shell extension 'powershell' for command environment: Not usable outside of PowerShell
[1.443s] DEBUG:colcon.colcon_core.shell:Skip shell extension 'dsv' for command environment
[1.484s] DEBUG:colcon.colcon_core.event_handler.log_command:Invoking command in '/home/lin/train2/src/build/example_cpp': CMAKE_PREFIX_PATH=/home/lin/train2/src/install/example_ros2_interfaces:/home/lin/train2/src/install/robot_startup:/home/lin/train2/src/install/example_cpp:/home/lin/train2/install/example_cpp:/home/lin/train2/install/example_ros2_interfaces:/home/lin/train2/src/install/example_py:/home/lin/train2/install/example_py:/opt/ros/humble /usr/local/bin/cmake --build /home/lin/train2/src/build/example_cpp -- -j8 -l8
[1.699s] DEBUG:colcon.colcon_core.event_handler.log_command:Invoked command in '/home/lin/train2/src/build/example_cpp' returned '0': CMAKE_PREFIX_PATH=/home/lin/train2/src/install/example_ros2_interfaces:/home/lin/train2/src/install/robot_startup:/home/lin/train2/src/install/example_cpp:/home/lin/train2/install/example_cpp:/home/lin/train2/install/example_ros2_interfaces:/home/lin/train2/src/install/example_py:/home/lin/train2/install/example_py:/opt/ros/humble /usr/local/bin/cmake --build /home/lin/train2/src/build/example_cpp -- -j8 -l8
[1.702s] DEBUG:colcon.colcon_core.event_handler.log_command:Invoking command in '/home/lin/train2/src/build/example_cpp': CMAKE_PREFIX_PATH=/home/lin/train2/src/install/example_ros2_interfaces:/home/lin/train2/src/install/robot_startup:/home/lin/train2/src/install/example_cpp:/home/lin/train2/install/example_cpp:/home/lin/train2/install/example_ros2_interfaces:/home/lin/train2/src/install/example_py:/home/lin/train2/install/example_py:/opt/ros/humble /usr/local/bin/cmake --install /home/lin/train2/src/build/example_cpp
[1.730s] Level 1:colcon.colcon_core.environment:create_environment_scripts_only(example_cpp)
[1.730s] Level 1:colcon.colcon_core.environment:checking '/home/lin/train2/src/install/example_cpp' for CMake module files
[1.733s] DEBUG:colcon.colcon_core.event_handler.log_command:Invoked command in '/home/lin/train2/src/build/example_cpp' returned '0': CMAKE_PREFIX_PATH=/home/lin/train2/src/install/example_ros2_interfaces:/home/lin/train2/src/install/robot_startup:/home/lin/train2/src/install/example_cpp:/home/lin/train2/install/example_cpp:/home/lin/train2/install/example_ros2_interfaces:/home/lin/train2/src/install/example_py:/home/lin/train2/install/example_py:/opt/ros/humble /usr/local/bin/cmake --install /home/lin/train2/src/build/example_cpp
[1.734s] Level 1:colcon.colcon_core.environment:checking '/home/lin/train2/src/install/example_cpp' for CMake config files
[1.736s] Level 1:colcon.colcon_core.shell:create_environment_hook('example_cpp', 'cmake_prefix_path')
[1.736s] INFO:colcon.colcon_core.shell:Creating environment hook '/home/lin/train2/src/install/example_cpp/share/example_cpp/hook/cmake_prefix_path.ps1'
[1.737s] INFO:colcon.colcon_core.shell:Creating environment descriptor '/home/lin/train2/src/install/example_cpp/share/example_cpp/hook/cmake_prefix_path.dsv'
[1.738s] INFO:colcon.colcon_core.shell:Creating environment hook '/home/lin/train2/src/install/example_cpp/share/example_cpp/hook/cmake_prefix_path.sh'
[1.741s] Level 1:colcon.colcon_core.environment:checking '/home/lin/train2/src/install/example_cpp/lib'
[1.741s] Level 1:colcon.colcon_core.environment:checking '/home/lin/train2/src/install/example_cpp/bin'
[1.741s] Level 1:colcon.colcon_core.environment:checking '/home/lin/train2/src/install/example_cpp/lib/pkgconfig/example_cpp.pc'
[1.742s] Level 1:colcon.colcon_core.environment:checking '/home/lin/train2/src/install/example_cpp/lib/python3.10/site-packages'
[1.746s] Level 1:colcon.colcon_core.environment:checking '/home/lin/train2/src/install/example_cpp/bin'
[1.746s] INFO:colcon.colcon_core.shell:Creating package script '/home/lin/train2/src/install/example_cpp/share/example_cpp/package.ps1'
[1.747s] INFO:colcon.colcon_core.shell:Creating package descriptor '/home/lin/train2/src/install/example_cpp/share/example_cpp/package.dsv'
[1.748s] INFO:colcon.colcon_core.shell:Creating package script '/home/lin/train2/src/install/example_cpp/share/example_cpp/package.sh'
[1.749s] INFO:colcon.colcon_core.shell:Creating package script '/home/lin/train2/src/install/example_cpp/share/example_cpp/package.bash'
[1.749s] INFO:colcon.colcon_core.shell:Creating package script '/home/lin/train2/src/install/example_cpp/share/example_cpp/package.zsh'
[1.750s] Level 1:colcon.colcon_core.environment:create_file_with_runtime_dependencies(/home/lin/train2/src/install/example_cpp/share/colcon-core/packages/example_cpp)
[1.751s] Level 1:colcon.colcon_core.environment:create_environment_scripts_only(example_cpp)
[1.752s] Level 1:colcon.colcon_core.environment:checking '/home/lin/train2/src/install/example_cpp' for CMake module files
[1.753s] Level 1:colcon.colcon_core.environment:checking '/home/lin/train2/src/install/example_cpp' for CMake config files
[1.754s] Level 1:colcon.colcon_core.shell:create_environment_hook('example_cpp', 'cmake_prefix_path')
[1.754s] INFO:colcon.colcon_core.shell:Creating environment hook '/home/lin/train2/src/install/example_cpp/share/example_cpp/hook/cmake_prefix_path.ps1'
[1.755s] INFO:colcon.colcon_core.shell:Creating environment descriptor '/home/lin/train2/src/install/example_cpp/share/example_cpp/hook/cmake_prefix_path.dsv'
[1.755s] INFO:colcon.colcon_core.shell:Creating environment hook '/home/lin/train2/src/install/example_cpp/share/example_cpp/hook/cmake_prefix_path.sh'
[1.756s] Level 1:colcon.colcon_core.environment:checking '/home/lin/train2/src/install/example_cpp/lib'
[1.757s] Level 1:colcon.colcon_core.environment:checking '/home/lin/train2/src/install/example_cpp/bin'
[1.757s] Level 1:colcon.colcon_core.environment:checking '/home/lin/train2/src/install/example_cpp/lib/pkgconfig/example_cpp.pc'
[1.757s] Level 1:colcon.colcon_core.environment:checking '/home/lin/train2/src/install/example_cpp/lib/python3.10/site-packages'
[1.757s] Level 1:colcon.colcon_core.environment:checking '/home/lin/train2/src/install/example_cpp/bin'
[1.758s] INFO:colcon.colcon_core.shell:Creating package script '/home/lin/train2/src/install/example_cpp/share/example_cpp/package.ps1'
[1.759s] INFO:colcon.colcon_core.shell:Creating package descriptor '/home/lin/train2/src/install/example_cpp/share/example_cpp/package.dsv'
[1.760s] INFO:colcon.colcon_core.shell:Creating package script '/home/lin/train2/src/install/example_cpp/share/example_cpp/package.sh'
[1.760s] INFO:colcon.colcon_core.shell:Creating package script '/home/lin/train2/src/install/example_cpp/share/example_cpp/package.bash'
[1.761s] INFO:colcon.colcon_core.shell:Creating package script '/home/lin/train2/src/install/example_cpp/share/example_cpp/package.zsh'
[1.762s] Level 1:colcon.colcon_core.environment:create_file_with_runtime_dependencies(/home/lin/train2/src/install/example_cpp/share/colcon-core/packages/example_cpp)
[1.820s] DEBUG:colcon.colcon_core.event_handler.log_command:Invoking command in '/home/lin/train2/src/example_py': PYTHONPATH=/home/lin/train2/src/build/example_py/prefix_override:/usr/lib/python3/dist-packages/colcon_core/task/python/colcon_distutils_commands:/home/lin/train2/src/install/example_py/lib/python3.10/site-packages:${PYTHONPATH} /usr/bin/python3 -W ignore:setup.py install is deprecated -W ignore:easy_install command is deprecated setup.py egg_info --egg-base ../build/example_py build --build-base /home/lin/train2/src/build/example_py/build install --record /home/lin/train2/src/build/example_py/install.log --single-version-externally-managed install_data
[2.836s] Level 1:colcon.colcon_core.environment:checking '/home/lin/train2/src/install/example_py' for CMake module files
[2.836s] DEBUG:colcon.colcon_core.event_handler.log_command:Invoked command in '/home/lin/train2/src/example_py' returned '0': PYTHONPATH=/home/lin/train2/src/build/example_py/prefix_override:/usr/lib/python3/dist-packages/colcon_core/task/python/colcon_distutils_commands:/home/lin/train2/src/install/example_py/lib/python3.10/site-packages:${PYTHONPATH} /usr/bin/python3 -W ignore:setup.py install is deprecated -W ignore:easy_install command is deprecated setup.py egg_info --egg-base ../build/example_py build --build-base /home/lin/train2/src/build/example_py/build install --record /home/lin/train2/src/build/example_py/install.log --single-version-externally-managed install_data
[2.838s] Level 1:colcon.colcon_core.environment:checking '/home/lin/train2/src/install/example_py' for CMake config files
[2.839s] Level 1:colcon.colcon_core.environment:checking '/home/lin/train2/src/install/example_py/lib'
[2.839s] Level 1:colcon.colcon_core.environment:checking '/home/lin/train2/src/install/example_py/bin'
[2.839s] Level 1:colcon.colcon_core.environment:checking '/home/lin/train2/src/install/example_py/lib/pkgconfig/example_py.pc'
[2.840s] Level 1:colcon.colcon_core.environment:checking '/home/lin/train2/src/install/example_py/lib/python3.10/site-packages'
[2.840s] Level 1:colcon.colcon_core.shell:create_environment_hook('example_py', 'pythonpath')
[2.840s] INFO:colcon.colcon_core.shell:Creating environment hook '/home/lin/train2/src/install/example_py/share/example_py/hook/pythonpath.ps1'
[2.841s] INFO:colcon.colcon_core.shell:Creating environment descriptor '/home/lin/train2/src/install/example_py/share/example_py/hook/pythonpath.dsv'
[2.842s] INFO:colcon.colcon_core.shell:Creating environment hook '/home/lin/train2/src/install/example_py/share/example_py/hook/pythonpath.sh'
[2.843s] Level 1:colcon.colcon_core.environment:checking '/home/lin/train2/src/install/example_py/bin'
[2.844s] Level 1:colcon.colcon_core.environment:create_environment_scripts_only(example_py)
[2.844s] INFO:colcon.colcon_core.shell:Creating package script '/home/lin/train2/src/install/example_py/share/example_py/package.ps1'
[2.845s] INFO:colcon.colcon_core.shell:Creating package descriptor '/home/lin/train2/src/install/example_py/share/example_py/package.dsv'
[2.846s] INFO:colcon.colcon_core.shell:Creating package script '/home/lin/train2/src/install/example_py/share/example_py/package.sh'
[2.847s] INFO:colcon.colcon_core.shell:Creating package script '/home/lin/train2/src/install/example_py/share/example_py/package.bash'
[2.848s] INFO:colcon.colcon_core.shell:Creating package script '/home/lin/train2/src/install/example_py/share/example_py/package.zsh'
[2.849s] Level 1:colcon.colcon_core.environment:create_file_with_runtime_dependencies(/home/lin/train2/src/install/example_py/share/colcon-core/packages/example_py)
[2.851s] DEBUG:colcon.colcon_parallel_executor.executor.parallel:closing loop
[2.851s] DEBUG:colcon.colcon_parallel_executor.executor.parallel:loop closed
[2.851s] DEBUG:colcon.colcon_parallel_executor.executor.parallel:run_until_complete finished with '0'
[2.851s] DEBUG:colcon.colcon_core.event_reactor:joining thread
[2.863s] INFO:colcon.colcon_core.plugin_system:Skipping extension 'colcon_notification.desktop_notification.terminal_notifier': Not used on non-Darwin systems
[2.864s] INFO:colcon.colcon_core.plugin_system:Skipping extension 'colcon_notification.desktop_notification.win32': Not used on non-Windows systems
[2.864s] INFO:colcon.colcon_notification.desktop_notification:Sending desktop notification using 'notify2'
[2.898s] DEBUG:colcon.colcon_core.event_reactor:joined thread
[2.899s] INFO:colcon.colcon_core.shell:Creating prefix script '/home/lin/train2/src/install/local_setup.ps1'
[2.900s] INFO:colcon.colcon_core.shell:Creating prefix util module '/home/lin/train2/src/install/_local_setup_util_ps1.py'
[2.903s] INFO:colcon.colcon_core.shell:Creating prefix chain script '/home/lin/train2/src/install/setup.ps1'
[2.906s] INFO:colcon.colcon_core.shell:Creating prefix script '/home/lin/train2/src/install/local_setup.sh'
[2.908s] INFO:colcon.colcon_core.shell:Creating prefix util module '/home/lin/train2/src/install/_local_setup_util_sh.py'
[2.909s] INFO:colcon.colcon_core.shell:Creating prefix chain script '/home/lin/train2/src/install/setup.sh'
[2.912s] INFO:colcon.colcon_core.shell:Creating prefix script '/home/lin/train2/src/install/local_setup.bash'
[2.912s] INFO:colcon.colcon_core.shell:Creating prefix chain script '/home/lin/train2/src/install/setup.bash'
[2.915s] INFO:colcon.colcon_core.shell:Creating prefix script '/home/lin/train2/src/install/local_setup.zsh'
[2.916s] INFO:colcon.colcon_core.shell:Creating prefix chain script '/home/lin/train2/src/install/setup.zsh'
