[0.174s] DEBUG:colcon:Command line arguments: ['/usr/bin/colcon', 'build', '--symlink-install']
[0.174s] DEBUG:colcon:Parsed command line arguments: Namespace(log_base=None, log_level=None, verb_name='build', build_base='build', install_base='install', merge_install=False, symlink_install=True, test_result_base=None, continue_on_error=False, executor='parallel', parallel_workers=8, event_handlers=None, ignore_user_meta=False, metas=['./colcon.meta'], base_paths=['.'], packages_ignore=None, packages_ignore_regex=None, paths=None, packages_up_to=None, packages_up_to_regex=None, packages_above=None, packages_above_and_dependencies=None, packages_above_depth=None, packages_select_by_dep=None, packages_skip_by_dep=None, packages_skip_up_to=None, packages_select_build_failed=False, packages_skip_build_finished=False, packages_select_test_failures=False, packages_skip_test_passed=False, packages_select=None, packages_skip=None, packages_select_regex=None, packages_skip_regex=None, packages_start=None, packages_end=None, allow_overriding=[], cmake_args=None, cmake_target=None, cmake_target_skip_unavailable=False, cmake_clean_cache=False, cmake_clean_first=False, cmake_force_configure=False, ament_cmake_args=None, catkin_cmake_args=None, catkin_skip_building_tests=False, verb_parser=<colcon_defaults.argument_parser.defaults.DefaultArgumentsDecorator object at 0x7c6460ef6260>, verb_extension=<colcon_core.verb.build.BuildVerb object at 0x7c646103fd30>, main=<bound method BuildVerb.main of <colcon_core.verb.build.BuildVerb object at 0x7c646103fd30>>)
[0.224s] Level 1:colcon.colcon_core.package_discovery:discover_packages(colcon_meta) check parameters
[0.224s] Level 1:colcon.colcon_core.package_discovery:discover_packages(recursive) check parameters
[0.224s] Level 1:colcon.colcon_core.package_discovery:discover_packages(ignore) check parameters
[0.224s] Level 1:colcon.colcon_core.package_discovery:discover_packages(path) check parameters
[0.224s] Level 1:colcon.colcon_core.package_discovery:discover_packages(colcon_meta) discover
[0.225s] Level 1:colcon.colcon_core.package_discovery:discover_packages(recursive) discover
[0.225s] INFO:colcon.colcon_core.package_discovery:Crawling recursively for packages in '/home/lin/train2/src'
[0.225s] Level 1:colcon.colcon_core.package_identification:_identify(.) by extensions ['ignore', 'ignore_ament_install']
[0.225s] Level 1:colcon.colcon_core.package_identification:_identify(.) by extension 'ignore'
[0.225s] Level 1:colcon.colcon_core.package_identification:_identify(.) by extension 'ignore_ament_install'
[0.225s] Level 1:colcon.colcon_core.package_identification:_identify(.) by extensions ['colcon_pkg']
[0.225s] Level 1:colcon.colcon_core.package_identification:_identify(.) by extension 'colcon_pkg'
[0.225s] Level 1:colcon.colcon_core.package_identification:_identify(.) by extensions ['colcon_meta']
[0.225s] Level 1:colcon.colcon_core.package_identification:_identify(.) by extension 'colcon_meta'
[0.225s] Level 1:colcon.colcon_core.package_identification:_identify(.) by extensions ['ros']
[0.225s] Level 1:colcon.colcon_core.package_identification:_identify(.) by extension 'ros'
[0.243s] Level 1:colcon.colcon_core.package_identification:_identify(.) by extensions ['cmake', 'python']
[0.243s] Level 1:colcon.colcon_core.package_identification:_identify(.) by extension 'cmake'
[0.244s] Level 1:colcon.colcon_core.package_identification:_identify(.) by extension 'python'
[0.244s] Level 1:colcon.colcon_core.package_identification:_identify(.) by extensions ['python_setup_py']
[0.244s] Level 1:colcon.colcon_core.package_identification:_identify(.) by extension 'python_setup_py'
[0.244s] Level 1:colcon.colcon_core.package_identification:_identify(build) by extensions ['ignore', 'ignore_ament_install']
[0.244s] Level 1:colcon.colcon_core.package_identification:_identify(build) by extension 'ignore'
[0.244s] Level 1:colcon.colcon_core.package_identification:_identify(build) ignored
[0.244s] Level 1:colcon.colcon_core.package_identification:_identify(config) by extensions ['ignore', 'ignore_ament_install']
[0.244s] Level 1:colcon.colcon_core.package_identification:_identify(config) by extension 'ignore'
[0.244s] Level 1:colcon.colcon_core.package_identification:_identify(config) by extension 'ignore_ament_install'
[0.245s] Level 1:colcon.colcon_core.package_identification:_identify(config) by extensions ['colcon_pkg']
[0.245s] Level 1:colcon.colcon_core.package_identification:_identify(config) by extension 'colcon_pkg'
[0.245s] Level 1:colcon.colcon_core.package_identification:_identify(config) by extensions ['colcon_meta']
[0.245s] Level 1:colcon.colcon_core.package_identification:_identify(config) by extension 'colcon_meta'
[0.245s] Level 1:colcon.colcon_core.package_identification:_identify(config) by extensions ['ros']
[0.245s] Level 1:colcon.colcon_core.package_identification:_identify(config) by extension 'ros'
[0.245s] Level 1:colcon.colcon_core.package_identification:_identify(config) by extensions ['cmake', 'python']
[0.245s] Level 1:colcon.colcon_core.package_identification:_identify(config) by extension 'cmake'
[0.245s] Level 1:colcon.colcon_core.package_identification:_identify(config) by extension 'python'
[0.245s] Level 1:colcon.colcon_core.package_identification:_identify(config) by extensions ['python_setup_py']
[0.245s] Level 1:colcon.colcon_core.package_identification:_identify(config) by extension 'python_setup_py'
[0.245s] Level 1:colcon.colcon_core.package_identification:_identify(example_cpp) by extensions ['ignore', 'ignore_ament_install']
[0.245s] Level 1:colcon.colcon_core.package_identification:_identify(example_cpp) by extension 'ignore'
[0.246s] Level 1:colcon.colcon_core.package_identification:_identify(example_cpp) by extension 'ignore_ament_install'
[0.246s] Level 1:colcon.colcon_core.package_identification:_identify(example_cpp) by extensions ['colcon_pkg']
[0.246s] Level 1:colcon.colcon_core.package_identification:_identify(example_cpp) by extension 'colcon_pkg'
[0.246s] Level 1:colcon.colcon_core.package_identification:_identify(example_cpp) by extensions ['colcon_meta']
[0.246s] Level 1:colcon.colcon_core.package_identification:_identify(example_cpp) by extension 'colcon_meta'
[0.246s] Level 1:colcon.colcon_core.package_identification:_identify(example_cpp) by extensions ['ros']
[0.246s] Level 1:colcon.colcon_core.package_identification:_identify(example_cpp) by extension 'ros'
[0.249s] DEBUG:colcon.colcon_core.package_identification:Package 'example_cpp' with type 'ros.ament_cmake' and name 'example_cpp'
[0.249s] Level 1:colcon.colcon_core.package_identification:_identify(example_py) by extensions ['ignore', 'ignore_ament_install']
[0.249s] Level 1:colcon.colcon_core.package_identification:_identify(example_py) by extension 'ignore'
[0.249s] Level 1:colcon.colcon_core.package_identification:_identify(example_py) by extension 'ignore_ament_install'
[0.249s] Level 1:colcon.colcon_core.package_identification:_identify(example_py) by extensions ['colcon_pkg']
[0.249s] Level 1:colcon.colcon_core.package_identification:_identify(example_py) by extension 'colcon_pkg'
[0.249s] Level 1:colcon.colcon_core.package_identification:_identify(example_py) by extensions ['colcon_meta']
[0.249s] Level 1:colcon.colcon_core.package_identification:_identify(example_py) by extension 'colcon_meta'
[0.249s] Level 1:colcon.colcon_core.package_identification:_identify(example_py) by extensions ['ros']
[0.249s] Level 1:colcon.colcon_core.package_identification:_identify(example_py) by extension 'ros'
[0.250s] DEBUG:colcon.colcon_core.package_identification:Package 'example_py' with type 'ros.ament_python' and name 'example_py'
[0.250s] Level 1:colcon.colcon_core.package_identification:_identify(example_ros2_interfaces) by extensions ['ignore', 'ignore_ament_install']
[0.250s] Level 1:colcon.colcon_core.package_identification:_identify(example_ros2_interfaces) by extension 'ignore'
[0.250s] Level 1:colcon.colcon_core.package_identification:_identify(example_ros2_interfaces) by extension 'ignore_ament_install'
[0.250s] Level 1:colcon.colcon_core.package_identification:_identify(example_ros2_interfaces) by extensions ['colcon_pkg']
[0.250s] Level 1:colcon.colcon_core.package_identification:_identify(example_ros2_interfaces) by extension 'colcon_pkg'
[0.250s] Level 1:colcon.colcon_core.package_identification:_identify(example_ros2_interfaces) by extensions ['colcon_meta']
[0.251s] Level 1:colcon.colcon_core.package_identification:_identify(example_ros2_interfaces) by extension 'colcon_meta'
[0.251s] Level 1:colcon.colcon_core.package_identification:_identify(example_ros2_interfaces) by extensions ['ros']
[0.251s] Level 1:colcon.colcon_core.package_identification:_identify(example_ros2_interfaces) by extension 'ros'
[0.251s] DEBUG:colcon.colcon_core.package_identification:Package 'example_ros2_interfaces' with type 'ros.ament_cmake' and name 'example_ros2_interfaces'
[0.252s] Level 1:colcon.colcon_core.package_identification:_identify(fishbot_cartographer) by extensions ['ignore', 'ignore_ament_install']
[0.252s] Level 1:colcon.colcon_core.package_identification:_identify(fishbot_cartographer) by extension 'ignore'
[0.252s] Level 1:colcon.colcon_core.package_identification:_identify(fishbot_cartographer) by extension 'ignore_ament_install'
[0.252s] Level 1:colcon.colcon_core.package_identification:_identify(fishbot_cartographer) by extensions ['colcon_pkg']
[0.252s] Level 1:colcon.colcon_core.package_identification:_identify(fishbot_cartographer) by extension 'colcon_pkg'
[0.252s] Level 1:colcon.colcon_core.package_identification:_identify(fishbot_cartographer) by extensions ['colcon_meta']
[0.252s] Level 1:colcon.colcon_core.package_identification:_identify(fishbot_cartographer) by extension 'colcon_meta'
[0.252s] Level 1:colcon.colcon_core.package_identification:_identify(fishbot_cartographer) by extensions ['ros']
[0.252s] Level 1:colcon.colcon_core.package_identification:_identify(fishbot_cartographer) by extension 'ros'
[0.253s] DEBUG:colcon.colcon_core.package_identification:Package 'fishbot_cartographer' with type 'ros.ament_cmake' and name 'fishbot_cartographer'
[0.253s] Level 1:colcon.colcon_core.package_identification:_identify(fishbot_description) by extensions ['ignore', 'ignore_ament_install']
[0.253s] Level 1:colcon.colcon_core.package_identification:_identify(fishbot_description) by extension 'ignore'
[0.253s] Level 1:colcon.colcon_core.package_identification:_identify(fishbot_description) by extension 'ignore_ament_install'
[0.253s] Level 1:colcon.colcon_core.package_identification:_identify(fishbot_description) by extensions ['colcon_pkg']
[0.253s] Level 1:colcon.colcon_core.package_identification:_identify(fishbot_description) by extension 'colcon_pkg'
[0.253s] Level 1:colcon.colcon_core.package_identification:_identify(fishbot_description) by extensions ['colcon_meta']
[0.253s] Level 1:colcon.colcon_core.package_identification:_identify(fishbot_description) by extension 'colcon_meta'
[0.253s] Level 1:colcon.colcon_core.package_identification:_identify(fishbot_description) by extensions ['ros']
[0.253s] Level 1:colcon.colcon_core.package_identification:_identify(fishbot_description) by extension 'ros'
[0.254s] DEBUG:colcon.colcon_core.package_identification:Package 'fishbot_description' with type 'ros.ament_python' and name 'fishbot_description'
[0.254s] Level 1:colcon.colcon_core.package_identification:_identify(fishbot_navigation2) by extensions ['ignore', 'ignore_ament_install']
[0.254s] Level 1:colcon.colcon_core.package_identification:_identify(fishbot_navigation2) by extension 'ignore'
[0.256s] Level 1:colcon.colcon_core.package_identification:_identify(fishbot_navigation2) by extension 'ignore_ament_install'
[0.256s] Level 1:colcon.colcon_core.package_identification:_identify(fishbot_navigation2) by extensions ['colcon_pkg']
[0.256s] Level 1:colcon.colcon_core.package_identification:_identify(fishbot_navigation2) by extension 'colcon_pkg'
[0.256s] Level 1:colcon.colcon_core.package_identification:_identify(fishbot_navigation2) by extensions ['colcon_meta']
[0.256s] Level 1:colcon.colcon_core.package_identification:_identify(fishbot_navigation2) by extension 'colcon_meta'
[0.256s] Level 1:colcon.colcon_core.package_identification:_identify(fishbot_navigation2) by extensions ['ros']
[0.256s] Level 1:colcon.colcon_core.package_identification:_identify(fishbot_navigation2) by extension 'ros'
[0.257s] DEBUG:colcon.colcon_core.package_identification:Package 'fishbot_navigation2' with type 'ros.ament_cmake' and name 'fishbot_navigation2'
[0.257s] Level 1:colcon.colcon_core.package_identification:_identify(install) by extensions ['ignore', 'ignore_ament_install']
[0.257s] Level 1:colcon.colcon_core.package_identification:_identify(install) by extension 'ignore'
[0.257s] Level 1:colcon.colcon_core.package_identification:_identify(install) ignored
[0.257s] Level 1:colcon.colcon_core.package_identification:_identify(log) by extensions ['ignore', 'ignore_ament_install']
[0.258s] Level 1:colcon.colcon_core.package_identification:_identify(log) by extension 'ignore'
[0.258s] Level 1:colcon.colcon_core.package_identification:_identify(log) ignored
[0.258s] Level 1:colcon.colcon_core.package_identification:_identify(src) by extensions ['ignore', 'ignore_ament_install']
[0.258s] Level 1:colcon.colcon_core.package_identification:_identify(src) by extension 'ignore'
[0.258s] Level 1:colcon.colcon_core.package_identification:_identify(src) by extension 'ignore_ament_install'
[0.258s] Level 1:colcon.colcon_core.package_identification:_identify(src) by extensions ['colcon_pkg']
[0.258s] Level 1:colcon.colcon_core.package_identification:_identify(src) by extension 'colcon_pkg'
[0.258s] Level 1:colcon.colcon_core.package_identification:_identify(src) by extensions ['colcon_meta']
[0.258s] Level 1:colcon.colcon_core.package_identification:_identify(src) by extension 'colcon_meta'
[0.258s] Level 1:colcon.colcon_core.package_identification:_identify(src) by extensions ['ros']
[0.258s] Level 1:colcon.colcon_core.package_identification:_identify(src) by extension 'ros'
[0.258s] Level 1:colcon.colcon_core.package_identification:_identify(src) by extensions ['cmake', 'python']
[0.259s] Level 1:colcon.colcon_core.package_identification:_identify(src) by extension 'cmake'
[0.259s] Level 1:colcon.colcon_core.package_identification:_identify(src) by extension 'python'
[0.259s] Level 1:colcon.colcon_core.package_identification:_identify(src) by extensions ['python_setup_py']
[0.259s] Level 1:colcon.colcon_core.package_identification:_identify(src) by extension 'python_setup_py'
[0.259s] Level 1:colcon.colcon_core.package_identification:_identify(src/robot_startup) by extensions ['ignore', 'ignore_ament_install']
[0.259s] Level 1:colcon.colcon_core.package_identification:_identify(src/robot_startup) by extension 'ignore'
[0.259s] Level 1:colcon.colcon_core.package_identification:_identify(src/robot_startup) by extension 'ignore_ament_install'
[0.259s] Level 1:colcon.colcon_core.package_identification:_identify(src/robot_startup) by extensions ['colcon_pkg']
[0.259s] Level 1:colcon.colcon_core.package_identification:_identify(src/robot_startup) by extension 'colcon_pkg'
[0.259s] Level 1:colcon.colcon_core.package_identification:_identify(src/robot_startup) by extensions ['colcon_meta']
[0.259s] Level 1:colcon.colcon_core.package_identification:_identify(src/robot_startup) by extension 'colcon_meta'
[0.259s] Level 1:colcon.colcon_core.package_identification:_identify(src/robot_startup) by extensions ['ros']
[0.259s] Level 1:colcon.colcon_core.package_identification:_identify(src/robot_startup) by extension 'ros'
[0.260s] DEBUG:colcon.colcon_core.package_identification:Package 'src/robot_startup' with type 'ros.ament_cmake' and name 'robot_startup'
[0.260s] Level 1:colcon.colcon_core.package_identification:_identify(ydlidar_ros2) by extensions ['ignore', 'ignore_ament_install']
[0.260s] Level 1:colcon.colcon_core.package_identification:_identify(ydlidar_ros2) by extension 'ignore'
[0.260s] Level 1:colcon.colcon_core.package_identification:_identify(ydlidar_ros2) by extension 'ignore_ament_install'
[0.260s] Level 1:colcon.colcon_core.package_identification:_identify(ydlidar_ros2) by extensions ['colcon_pkg']
[0.260s] Level 1:colcon.colcon_core.package_identification:_identify(ydlidar_ros2) by extension 'colcon_pkg'
[0.260s] Level 1:colcon.colcon_core.package_identification:_identify(ydlidar_ros2) by extensions ['colcon_meta']
[0.260s] Level 1:colcon.colcon_core.package_identification:_identify(ydlidar_ros2) by extension 'colcon_meta'
[0.260s] Level 1:colcon.colcon_core.package_identification:_identify(ydlidar_ros2) by extensions ['ros']
[0.261s] Level 1:colcon.colcon_core.package_identification:_identify(ydlidar_ros2) by extension 'ros'
[0.261s] DEBUG:colcon.colcon_core.package_identification:Package 'ydlidar_ros2' with type 'ros.ament_cmake' and name 'ydlidar'
[0.261s] Level 1:colcon.colcon_core.package_discovery:discover_packages(recursive) using defaults
[0.261s] Level 1:colcon.colcon_core.package_discovery:discover_packages(ignore) discover
[0.261s] Level 1:colcon.colcon_core.package_discovery:discover_packages(ignore) using defaults
[0.261s] Level 1:colcon.colcon_core.package_discovery:discover_packages(path) discover
[0.262s] Level 1:colcon.colcon_core.package_discovery:discover_packages(path) using defaults
[0.288s] Level 1:colcon.colcon_core.package_discovery:discover_packages(prefix_path) check parameters
[0.288s] Level 1:colcon.colcon_core.package_discovery:discover_packages(prefix_path) discover
[0.293s] DEBUG:colcon.colcon_installed_package_information.package_discovery:Found 7 installed packages in /home/lin/train2/src/install
[0.294s] DEBUG:colcon.colcon_installed_package_information.package_discovery:Found 14 installed packages in /home/lin/ros_ws/install
[0.298s] DEBUG:colcon.colcon_installed_package_information.package_discovery:Found 350 installed packages in /opt/ros/humble
[0.300s] Level 1:colcon.colcon_core.package_discovery:discover_packages(prefix_path) using defaults
[0.359s] Level 5:colcon.colcon_core.verb:set package 'example_py' build argument 'cmake_args' from command line to 'None'
[0.359s] Level 5:colcon.colcon_core.verb:set package 'example_py' build argument 'cmake_target' from command line to 'None'
[0.359s] Level 5:colcon.colcon_core.verb:set package 'example_py' build argument 'cmake_target_skip_unavailable' from command line to 'False'
[0.359s] Level 5:colcon.colcon_core.verb:set package 'example_py' build argument 'cmake_clean_cache' from command line to 'False'
[0.359s] Level 5:colcon.colcon_core.verb:set package 'example_py' build argument 'cmake_clean_first' from command line to 'False'
[0.359s] Level 5:colcon.colcon_core.verb:set package 'example_py' build argument 'cmake_force_configure' from command line to 'False'
[0.359s] Level 5:colcon.colcon_core.verb:set package 'example_py' build argument 'ament_cmake_args' from command line to 'None'
[0.359s] Level 5:colcon.colcon_core.verb:set package 'example_py' build argument 'catkin_cmake_args' from command line to 'None'
[0.359s] Level 5:colcon.colcon_core.verb:set package 'example_py' build argument 'catkin_skip_building_tests' from command line to 'False'
[0.359s] DEBUG:colcon.colcon_core.verb:Building package 'example_py' with the following arguments: {'ament_cmake_args': None, 'build_base': '/home/lin/train2/src/build/example_py', 'catkin_cmake_args': None, 'catkin_skip_building_tests': False, 'cmake_args': None, 'cmake_clean_cache': False, 'cmake_clean_first': False, 'cmake_force_configure': False, 'cmake_target': None, 'cmake_target_skip_unavailable': False, 'install_base': '/home/lin/train2/src/install/example_py', 'merge_install': False, 'path': '/home/lin/train2/src/example_py', 'symlink_install': True, 'test_result_base': None}
[0.360s] Level 5:colcon.colcon_core.verb:set package 'example_ros2_interfaces' build argument 'cmake_args' from command line to 'None'
[0.360s] Level 5:colcon.colcon_core.verb:set package 'example_ros2_interfaces' build argument 'cmake_target' from command line to 'None'
[0.360s] Level 5:colcon.colcon_core.verb:set package 'example_ros2_interfaces' build argument 'cmake_target_skip_unavailable' from command line to 'False'
[0.360s] Level 5:colcon.colcon_core.verb:set package 'example_ros2_interfaces' build argument 'cmake_clean_cache' from command line to 'False'
[0.360s] Level 5:colcon.colcon_core.verb:set package 'example_ros2_interfaces' build argument 'cmake_clean_first' from command line to 'False'
[0.360s] Level 5:colcon.colcon_core.verb:set package 'example_ros2_interfaces' build argument 'cmake_force_configure' from command line to 'False'
[0.360s] Level 5:colcon.colcon_core.verb:set package 'example_ros2_interfaces' build argument 'ament_cmake_args' from command line to 'None'
[0.360s] Level 5:colcon.colcon_core.verb:set package 'example_ros2_interfaces' build argument 'catkin_cmake_args' from command line to 'None'
[0.360s] Level 5:colcon.colcon_core.verb:set package 'example_ros2_interfaces' build argument 'catkin_skip_building_tests' from command line to 'False'
[0.360s] DEBUG:colcon.colcon_core.verb:Building package 'example_ros2_interfaces' with the following arguments: {'ament_cmake_args': None, 'build_base': '/home/lin/train2/src/build/example_ros2_interfaces', 'catkin_cmake_args': None, 'catkin_skip_building_tests': False, 'cmake_args': None, 'cmake_clean_cache': False, 'cmake_clean_first': False, 'cmake_force_configure': False, 'cmake_target': None, 'cmake_target_skip_unavailable': False, 'install_base': '/home/lin/train2/src/install/example_ros2_interfaces', 'merge_install': False, 'path': '/home/lin/train2/src/example_ros2_interfaces', 'symlink_install': True, 'test_result_base': None}
[0.361s] Level 5:colcon.colcon_core.verb:set package 'fishbot_cartographer' build argument 'cmake_args' from command line to 'None'
[0.361s] Level 5:colcon.colcon_core.verb:set package 'fishbot_cartographer' build argument 'cmake_target' from command line to 'None'
[0.361s] Level 5:colcon.colcon_core.verb:set package 'fishbot_cartographer' build argument 'cmake_target_skip_unavailable' from command line to 'False'
[0.361s] Level 5:colcon.colcon_core.verb:set package 'fishbot_cartographer' build argument 'cmake_clean_cache' from command line to 'False'
[0.361s] Level 5:colcon.colcon_core.verb:set package 'fishbot_cartographer' build argument 'cmake_clean_first' from command line to 'False'
[0.361s] Level 5:colcon.colcon_core.verb:set package 'fishbot_cartographer' build argument 'cmake_force_configure' from command line to 'False'
[0.361s] Level 5:colcon.colcon_core.verb:set package 'fishbot_cartographer' build argument 'ament_cmake_args' from command line to 'None'
[0.361s] Level 5:colcon.colcon_core.verb:set package 'fishbot_cartographer' build argument 'catkin_cmake_args' from command line to 'None'
[0.361s] Level 5:colcon.colcon_core.verb:set package 'fishbot_cartographer' build argument 'catkin_skip_building_tests' from command line to 'False'
[0.361s] DEBUG:colcon.colcon_core.verb:Building package 'fishbot_cartographer' with the following arguments: {'ament_cmake_args': None, 'build_base': '/home/lin/train2/src/build/fishbot_cartographer', 'catkin_cmake_args': None, 'catkin_skip_building_tests': False, 'cmake_args': None, 'cmake_clean_cache': False, 'cmake_clean_first': False, 'cmake_force_configure': False, 'cmake_target': None, 'cmake_target_skip_unavailable': False, 'install_base': '/home/lin/train2/src/install/fishbot_cartographer', 'merge_install': False, 'path': '/home/lin/train2/src/fishbot_cartographer', 'symlink_install': True, 'test_result_base': None}
[0.361s] Level 5:colcon.colcon_core.verb:set package 'fishbot_description' build argument 'cmake_args' from command line to 'None'
[0.361s] Level 5:colcon.colcon_core.verb:set package 'fishbot_description' build argument 'cmake_target' from command line to 'None'
[0.361s] Level 5:colcon.colcon_core.verb:set package 'fishbot_description' build argument 'cmake_target_skip_unavailable' from command line to 'False'
[0.362s] Level 5:colcon.colcon_core.verb:set package 'fishbot_description' build argument 'cmake_clean_cache' from command line to 'False'
[0.362s] Level 5:colcon.colcon_core.verb:set package 'fishbot_description' build argument 'cmake_clean_first' from command line to 'False'
[0.362s] Level 5:colcon.colcon_core.verb:set package 'fishbot_description' build argument 'cmake_force_configure' from command line to 'False'
[0.362s] Level 5:colcon.colcon_core.verb:set package 'fishbot_description' build argument 'ament_cmake_args' from command line to 'None'
[0.362s] Level 5:colcon.colcon_core.verb:set package 'fishbot_description' build argument 'catkin_cmake_args' from command line to 'None'
[0.362s] Level 5:colcon.colcon_core.verb:set package 'fishbot_description' build argument 'catkin_skip_building_tests' from command line to 'False'
[0.362s] DEBUG:colcon.colcon_core.verb:Building package 'fishbot_description' with the following arguments: {'ament_cmake_args': None, 'build_base': '/home/lin/train2/src/build/fishbot_description', 'catkin_cmake_args': None, 'catkin_skip_building_tests': False, 'cmake_args': None, 'cmake_clean_cache': False, 'cmake_clean_first': False, 'cmake_force_configure': False, 'cmake_target': None, 'cmake_target_skip_unavailable': False, 'install_base': '/home/lin/train2/src/install/fishbot_description', 'merge_install': False, 'path': '/home/lin/train2/src/fishbot_description', 'symlink_install': True, 'test_result_base': None}
[0.362s] Level 5:colcon.colcon_core.verb:set package 'fishbot_navigation2' build argument 'cmake_args' from command line to 'None'
[0.362s] Level 5:colcon.colcon_core.verb:set package 'fishbot_navigation2' build argument 'cmake_target' from command line to 'None'
[0.362s] Level 5:colcon.colcon_core.verb:set package 'fishbot_navigation2' build argument 'cmake_target_skip_unavailable' from command line to 'False'
[0.362s] Level 5:colcon.colcon_core.verb:set package 'fishbot_navigation2' build argument 'cmake_clean_cache' from command line to 'False'
[0.362s] Level 5:colcon.colcon_core.verb:set package 'fishbot_navigation2' build argument 'cmake_clean_first' from command line to 'False'
[0.362s] Level 5:colcon.colcon_core.verb:set package 'fishbot_navigation2' build argument 'cmake_force_configure' from command line to 'False'
[0.362s] Level 5:colcon.colcon_core.verb:set package 'fishbot_navigation2' build argument 'ament_cmake_args' from command line to 'None'
[0.362s] Level 5:colcon.colcon_core.verb:set package 'fishbot_navigation2' build argument 'catkin_cmake_args' from command line to 'None'
[0.362s] Level 5:colcon.colcon_core.verb:set package 'fishbot_navigation2' build argument 'catkin_skip_building_tests' from command line to 'False'
[0.362s] DEBUG:colcon.colcon_core.verb:Building package 'fishbot_navigation2' with the following arguments: {'ament_cmake_args': None, 'build_base': '/home/lin/train2/src/build/fishbot_navigation2', 'catkin_cmake_args': None, 'catkin_skip_building_tests': False, 'cmake_args': None, 'cmake_clean_cache': False, 'cmake_clean_first': False, 'cmake_force_configure': False, 'cmake_target': None, 'cmake_target_skip_unavailable': False, 'install_base': '/home/lin/train2/src/install/fishbot_navigation2', 'merge_install': False, 'path': '/home/lin/train2/src/fishbot_navigation2', 'symlink_install': True, 'test_result_base': None}
[0.363s] Level 5:colcon.colcon_core.verb:set package 'robot_startup' build argument 'cmake_args' from command line to 'None'
[0.363s] Level 5:colcon.colcon_core.verb:set package 'robot_startup' build argument 'cmake_target' from command line to 'None'
[0.363s] Level 5:colcon.colcon_core.verb:set package 'robot_startup' build argument 'cmake_target_skip_unavailable' from command line to 'False'
[0.363s] Level 5:colcon.colcon_core.verb:set package 'robot_startup' build argument 'cmake_clean_cache' from command line to 'False'
[0.363s] Level 5:colcon.colcon_core.verb:set package 'robot_startup' build argument 'cmake_clean_first' from command line to 'False'
[0.363s] Level 5:colcon.colcon_core.verb:set package 'robot_startup' build argument 'cmake_force_configure' from command line to 'False'
[0.363s] Level 5:colcon.colcon_core.verb:set package 'robot_startup' build argument 'ament_cmake_args' from command line to 'None'
[0.363s] Level 5:colcon.colcon_core.verb:set package 'robot_startup' build argument 'catkin_cmake_args' from command line to 'None'
[0.363s] Level 5:colcon.colcon_core.verb:set package 'robot_startup' build argument 'catkin_skip_building_tests' from command line to 'False'
[0.363s] DEBUG:colcon.colcon_core.verb:Building package 'robot_startup' with the following arguments: {'ament_cmake_args': None, 'build_base': '/home/lin/train2/src/build/robot_startup', 'catkin_cmake_args': None, 'catkin_skip_building_tests': False, 'cmake_args': None, 'cmake_clean_cache': False, 'cmake_clean_first': False, 'cmake_force_configure': False, 'cmake_target': None, 'cmake_target_skip_unavailable': False, 'install_base': '/home/lin/train2/src/install/robot_startup', 'merge_install': False, 'path': '/home/lin/train2/src/src/robot_startup', 'symlink_install': True, 'test_result_base': None}
[0.363s] Level 5:colcon.colcon_core.verb:set package 'ydlidar' build argument 'cmake_args' from command line to 'None'
[0.363s] Level 5:colcon.colcon_core.verb:set package 'ydlidar' build argument 'cmake_target' from command line to 'None'
[0.363s] Level 5:colcon.colcon_core.verb:set package 'ydlidar' build argument 'cmake_target_skip_unavailable' from command line to 'False'
[0.364s] Level 5:colcon.colcon_core.verb:set package 'ydlidar' build argument 'cmake_clean_cache' from command line to 'False'
[0.364s] Level 5:colcon.colcon_core.verb:set package 'ydlidar' build argument 'cmake_clean_first' from command line to 'False'
[0.364s] Level 5:colcon.colcon_core.verb:set package 'ydlidar' build argument 'cmake_force_configure' from command line to 'False'
[0.364s] Level 5:colcon.colcon_core.verb:set package 'ydlidar' build argument 'ament_cmake_args' from command line to 'None'
[0.364s] Level 5:colcon.colcon_core.verb:set package 'ydlidar' build argument 'catkin_cmake_args' from command line to 'None'
[0.364s] Level 5:colcon.colcon_core.verb:set package 'ydlidar' build argument 'catkin_skip_building_tests' from command line to 'False'
[0.364s] DEBUG:colcon.colcon_core.verb:Building package 'ydlidar' with the following arguments: {'ament_cmake_args': None, 'build_base': '/home/lin/train2/src/build/ydlidar', 'catkin_cmake_args': None, 'catkin_skip_building_tests': False, 'cmake_args': None, 'cmake_clean_cache': False, 'cmake_clean_first': False, 'cmake_force_configure': False, 'cmake_target': None, 'cmake_target_skip_unavailable': False, 'install_base': '/home/lin/train2/src/install/ydlidar', 'merge_install': False, 'path': '/home/lin/train2/src/ydlidar_ros2', 'symlink_install': True, 'test_result_base': None}
[0.364s] Level 5:colcon.colcon_core.verb:set package 'example_cpp' build argument 'cmake_args' from command line to 'None'
[0.364s] Level 5:colcon.colcon_core.verb:set package 'example_cpp' build argument 'cmake_target' from command line to 'None'
[0.364s] Level 5:colcon.colcon_core.verb:set package 'example_cpp' build argument 'cmake_target_skip_unavailable' from command line to 'False'
[0.364s] Level 5:colcon.colcon_core.verb:set package 'example_cpp' build argument 'cmake_clean_cache' from command line to 'False'
[0.364s] Level 5:colcon.colcon_core.verb:set package 'example_cpp' build argument 'cmake_clean_first' from command line to 'False'
[0.364s] Level 5:colcon.colcon_core.verb:set package 'example_cpp' build argument 'cmake_force_configure' from command line to 'False'
[0.364s] Level 5:colcon.colcon_core.verb:set package 'example_cpp' build argument 'ament_cmake_args' from command line to 'None'
[0.364s] Level 5:colcon.colcon_core.verb:set package 'example_cpp' build argument 'catkin_cmake_args' from command line to 'None'
[0.364s] Level 5:colcon.colcon_core.verb:set package 'example_cpp' build argument 'catkin_skip_building_tests' from command line to 'False'
[0.364s] DEBUG:colcon.colcon_core.verb:Building package 'example_cpp' with the following arguments: {'ament_cmake_args': None, 'build_base': '/home/lin/train2/src/build/example_cpp', 'catkin_cmake_args': None, 'catkin_skip_building_tests': False, 'cmake_args': None, 'cmake_clean_cache': False, 'cmake_clean_first': False, 'cmake_force_configure': False, 'cmake_target': None, 'cmake_target_skip_unavailable': False, 'install_base': '/home/lin/train2/src/install/example_cpp', 'merge_install': False, 'path': '/home/lin/train2/src/example_cpp', 'symlink_install': True, 'test_result_base': None}
[0.365s] INFO:colcon.colcon_core.executor:Executing jobs using 'parallel' executor
[0.366s] DEBUG:colcon.colcon_parallel_executor.executor.parallel:run_until_complete
[0.368s] INFO:colcon.colcon_ros.task.ament_cmake.build:Building ROS package in '/home/lin/train2/src/example_ros2_interfaces' with build type 'ament_cmake'
[0.368s] INFO:colcon.colcon_cmake.task.cmake.build:Building CMake package in '/home/lin/train2/src/example_ros2_interfaces'
[0.372s] INFO:colcon.colcon_core.plugin_system:Skipping extension 'colcon_core.shell.bat': Not used on non-Windows systems
[0.372s] INFO:colcon.colcon_core.shell:Skip shell extension 'powershell' for command environment: Not usable outside of PowerShell
[0.372s] DEBUG:colcon.colcon_core.shell:Skip shell extension 'dsv' for command environment
[0.388s] INFO:colcon.colcon_ros.task.ament_python.build:Building ROS package in '/home/lin/train2/src/example_py' with build type 'ament_python'
[0.388s] Level 1:colcon.colcon_core.shell:create_environment_hook('example_py', 'ament_prefix_path')
[0.388s] INFO:colcon.colcon_core.shell:Creating environment hook '/home/lin/train2/src/install/example_py/share/example_py/hook/ament_prefix_path.ps1'
[0.389s] INFO:colcon.colcon_core.shell:Creating environment descriptor '/home/lin/train2/src/install/example_py/share/example_py/hook/ament_prefix_path.dsv'
[0.390s] INFO:colcon.colcon_core.shell:Creating environment hook '/home/lin/train2/src/install/example_py/share/example_py/hook/ament_prefix_path.sh'
[0.391s] INFO:colcon.colcon_core.shell:Skip shell extension 'powershell' for command environment: Not usable outside of PowerShell
[0.391s] DEBUG:colcon.colcon_core.shell:Skip shell extension 'dsv' for command environment
[0.405s] INFO:colcon.colcon_ros.task.ament_cmake.build:Building ROS package in '/home/lin/train2/src/fishbot_cartographer' with build type 'ament_cmake'
[0.406s] INFO:colcon.colcon_cmake.task.cmake.build:Building CMake package in '/home/lin/train2/src/fishbot_cartographer'
[0.406s] INFO:colcon.colcon_core.shell:Skip shell extension 'powershell' for command environment: Not usable outside of PowerShell
[0.407s] DEBUG:colcon.colcon_core.shell:Skip shell extension 'dsv' for command environment
[0.424s] INFO:colcon.colcon_ros.task.ament_python.build:Building ROS package in '/home/lin/train2/src/fishbot_description' with build type 'ament_python'
[0.425s] Level 1:colcon.colcon_core.shell:create_environment_hook('fishbot_description', 'ament_prefix_path')
[0.425s] INFO:colcon.colcon_core.shell:Creating environment hook '/home/lin/train2/src/install/fishbot_description/share/fishbot_description/hook/ament_prefix_path.ps1'
[0.426s] INFO:colcon.colcon_core.shell:Creating environment descriptor '/home/lin/train2/src/install/fishbot_description/share/fishbot_description/hook/ament_prefix_path.dsv'
[0.427s] INFO:colcon.colcon_core.shell:Creating environment hook '/home/lin/train2/src/install/fishbot_description/share/fishbot_description/hook/ament_prefix_path.sh'
[0.427s] INFO:colcon.colcon_core.shell:Skip shell extension 'powershell' for command environment: Not usable outside of PowerShell
[0.427s] DEBUG:colcon.colcon_core.shell:Skip shell extension 'dsv' for command environment
[0.441s] INFO:colcon.colcon_ros.task.ament_cmake.build:Building ROS package in '/home/lin/train2/src/fishbot_navigation2' with build type 'ament_cmake'
[0.441s] INFO:colcon.colcon_cmake.task.cmake.build:Building CMake package in '/home/lin/train2/src/fishbot_navigation2'
[0.441s] INFO:colcon.colcon_core.shell:Skip shell extension 'powershell' for command environment: Not usable outside of PowerShell
[0.441s] DEBUG:colcon.colcon_core.shell:Skip shell extension 'dsv' for command environment
[0.455s] INFO:colcon.colcon_ros.task.ament_cmake.build:Building ROS package in '/home/lin/train2/src/src/robot_startup' with build type 'ament_cmake'
[0.455s] INFO:colcon.colcon_cmake.task.cmake.build:Building CMake package in '/home/lin/train2/src/src/robot_startup'
[0.455s] INFO:colcon.colcon_core.shell:Skip shell extension 'powershell' for command environment: Not usable outside of PowerShell
[0.455s] DEBUG:colcon.colcon_core.shell:Skip shell extension 'dsv' for command environment
[0.475s] INFO:colcon.colcon_ros.task.ament_cmake.build:Building ROS package in '/home/lin/train2/src/ydlidar_ros2' with build type 'ament_cmake'
[0.475s] INFO:colcon.colcon_cmake.task.cmake.build:Building CMake package in '/home/lin/train2/src/ydlidar_ros2'
[0.476s] INFO:colcon.colcon_core.shell:Skip shell extension 'powershell' for command environment: Not usable outside of PowerShell
[0.476s] DEBUG:colcon.colcon_core.shell:Skip shell extension 'dsv' for command environment
[0.507s] DEBUG:colcon.colcon_core.event_handler.log_command:Invoking command in '/home/lin/train2/src/build/example_ros2_interfaces': CMAKE_PREFIX_PATH=${CMAKE_PREFIX_PATH}:/home/lin/ros_ws/install/sdformat_tools:/home/lin/train2/src/install/fishbot_description:/home/lin/train2/src/install/example_py:/opt/ros/humble /usr/local/bin/cmake /home/lin/train2/src/example_ros2_interfaces -DAMENT_CMAKE_SYMLINK_INSTALL=1 -DCMAKE_INSTALL_PREFIX=/home/lin/train2/src/install/example_ros2_interfaces
[0.799s] INFO:colcon.colcon_core.task.python.build:Building Python package in '/home/lin/train2/src/example_py'
[0.799s] INFO:colcon.colcon_core.shell:Skip shell extension 'powershell' for command environment: Not usable outside of PowerShell
[0.799s] DEBUG:colcon.colcon_core.shell:Skip shell extension 'dsv' for command environment
[0.821s] DEBUG:colcon.colcon_core.event_handler.log_command:Invoking command in '/home/lin/train2/src/build/fishbot_cartographer': CMAKE_PREFIX_PATH=${CMAKE_PREFIX_PATH}:/home/lin/ros_ws/install/sdformat_tools:/home/lin/train2/src/install/fishbot_description:/home/lin/train2/src/install/example_py:/opt/ros/humble /usr/local/bin/cmake /home/lin/train2/src/fishbot_cartographer -DAMENT_CMAKE_SYMLINK_INSTALL=1 -DCMAKE_INSTALL_PREFIX=/home/lin/train2/src/install/fishbot_cartographer
[1.126s] INFO:colcon.colcon_core.task.python.build:Building Python package in '/home/lin/train2/src/fishbot_description'
[1.126s] INFO:colcon.colcon_core.shell:Skip shell extension 'powershell' for command environment: Not usable outside of PowerShell
[1.127s] DEBUG:colcon.colcon_core.shell:Skip shell extension 'dsv' for command environment
[1.156s] DEBUG:colcon.colcon_core.event_handler.log_command:Invoking command in '/home/lin/train2/src/build/fishbot_navigation2': CMAKE_PREFIX_PATH=${CMAKE_PREFIX_PATH}:/home/lin/ros_ws/install/sdformat_tools:/home/lin/train2/src/install/fishbot_description:/home/lin/train2/src/install/example_py:/opt/ros/humble /usr/local/bin/cmake /home/lin/train2/src/fishbot_navigation2 -DAMENT_CMAKE_SYMLINK_INSTALL=1 -DCMAKE_INSTALL_PREFIX=/home/lin/train2/src/install/fishbot_navigation2
[1.158s] DEBUG:colcon.colcon_core.event_handler.log_command:Invoking command in '/home/lin/train2/src/build/robot_startup': CMAKE_PREFIX_PATH=${CMAKE_PREFIX_PATH}:/home/lin/ros_ws/install/sdformat_tools:/home/lin/train2/src/install/fishbot_description:/home/lin/train2/src/install/example_py:/opt/ros/humble /usr/local/bin/cmake /home/lin/train2/src/src/robot_startup -DAMENT_CMAKE_SYMLINK_INSTALL=1 -DCMAKE_INSTALL_PREFIX=/home/lin/train2/src/install/robot_startup
[1.183s] DEBUG:colcon.colcon_core.event_handler.log_command:Invoking command in '/home/lin/train2/src/build/ydlidar': CMAKE_PREFIX_PATH=${CMAKE_PREFIX_PATH}:/home/lin/ros_ws/install/sdformat_tools:/home/lin/train2/src/install/fishbot_description:/home/lin/train2/src/install/example_py:/opt/ros/humble /usr/local/bin/cmake /home/lin/train2/src/ydlidar_ros2 -DAMENT_CMAKE_SYMLINK_INSTALL=1 -DCMAKE_INSTALL_PREFIX=/home/lin/train2/src/install/ydlidar
[1.360s] DEBUG:colcon.colcon_core.event_handler.log_command:Invoked command in '/home/lin/train2/src/build/fishbot_cartographer' returned '0': CMAKE_PREFIX_PATH=${CMAKE_PREFIX_PATH}:/home/lin/ros_ws/install/sdformat_tools:/home/lin/train2/src/install/fishbot_description:/home/lin/train2/src/install/example_py:/opt/ros/humble /usr/local/bin/cmake /home/lin/train2/src/fishbot_cartographer -DAMENT_CMAKE_SYMLINK_INSTALL=1 -DCMAKE_INSTALL_PREFIX=/home/lin/train2/src/install/fishbot_cartographer
[1.361s] DEBUG:colcon.colcon_core.event_handler.log_command:Invoking command in '/home/lin/train2/src/build/fishbot_cartographer': CMAKE_PREFIX_PATH=${CMAKE_PREFIX_PATH}:/home/lin/ros_ws/install/sdformat_tools:/home/lin/train2/src/install/fishbot_description:/home/lin/train2/src/install/example_py:/opt/ros/humble /usr/local/bin/cmake --build /home/lin/train2/src/build/fishbot_cartographer -- -j8 -l8
[1.423s] DEBUG:colcon.colcon_core.event_handler.log_command:Invoked command in '/home/lin/train2/src/build/fishbot_cartographer' returned '0': CMAKE_PREFIX_PATH=${CMAKE_PREFIX_PATH}:/home/lin/ros_ws/install/sdformat_tools:/home/lin/train2/src/install/fishbot_description:/home/lin/train2/src/install/example_py:/opt/ros/humble /usr/local/bin/cmake --build /home/lin/train2/src/build/fishbot_cartographer -- -j8 -l8
[1.453s] DEBUG:colcon.colcon_core.event_handler.log_command:Invoking command in '/home/lin/train2/src/build/fishbot_cartographer': CMAKE_PREFIX_PATH=${CMAKE_PREFIX_PATH}:/home/lin/ros_ws/install/sdformat_tools:/home/lin/train2/src/install/fishbot_description:/home/lin/train2/src/install/example_py:/opt/ros/humble /usr/local/bin/cmake --install /home/lin/train2/src/build/fishbot_cartographer
[1.715s] Level 1:colcon.colcon_core.environment:create_environment_scripts_only(fishbot_cartographer)
[1.720s] DEBUG:colcon.colcon_core.event_handler.log_command:Invoked command in '/home/lin/train2/src/build/fishbot_cartographer' returned '0': CMAKE_PREFIX_PATH=${CMAKE_PREFIX_PATH}:/home/lin/ros_ws/install/sdformat_tools:/home/lin/train2/src/install/fishbot_description:/home/lin/train2/src/install/example_py:/opt/ros/humble /usr/local/bin/cmake --install /home/lin/train2/src/build/fishbot_cartographer
[1.726s] Level 1:colcon.colcon_core.environment:checking '/home/lin/train2/src/install/fishbot_cartographer' for CMake module files
[1.731s] Level 1:colcon.colcon_core.environment:checking '/home/lin/train2/src/install/fishbot_cartographer' for CMake config files
[1.732s] Level 1:colcon.colcon_core.shell:create_environment_hook('fishbot_cartographer', 'cmake_prefix_path')
[1.732s] INFO:colcon.colcon_core.shell:Creating environment hook '/home/lin/train2/src/install/fishbot_cartographer/share/fishbot_cartographer/hook/cmake_prefix_path.ps1'
[1.733s] INFO:colcon.colcon_core.shell:Creating environment descriptor '/home/lin/train2/src/install/fishbot_cartographer/share/fishbot_cartographer/hook/cmake_prefix_path.dsv'
[1.741s] INFO:colcon.colcon_core.shell:Creating environment hook '/home/lin/train2/src/install/fishbot_cartographer/share/fishbot_cartographer/hook/cmake_prefix_path.sh'
[1.743s] Level 1:colcon.colcon_core.environment:checking '/home/lin/train2/src/install/fishbot_cartographer/bin'
[1.743s] Level 1:colcon.colcon_core.environment:checking '/home/lin/train2/src/install/fishbot_cartographer/lib/pkgconfig/fishbot_cartographer.pc'
[1.743s] Level 1:colcon.colcon_core.environment:checking '/home/lin/train2/src/install/fishbot_cartographer/lib/python3.10/site-packages'
[1.743s] Level 1:colcon.colcon_core.environment:checking '/home/lin/train2/src/install/fishbot_cartographer/bin'
[1.746s] INFO:colcon.colcon_core.shell:Creating package script '/home/lin/train2/src/install/fishbot_cartographer/share/fishbot_cartographer/package.ps1'
[1.748s] INFO:colcon.colcon_core.shell:Creating package descriptor '/home/lin/train2/src/install/fishbot_cartographer/share/fishbot_cartographer/package.dsv'
[1.750s] INFO:colcon.colcon_core.shell:Creating package script '/home/lin/train2/src/install/fishbot_cartographer/share/fishbot_cartographer/package.sh'
[1.751s] INFO:colcon.colcon_core.shell:Creating package script '/home/lin/train2/src/install/fishbot_cartographer/share/fishbot_cartographer/package.bash'
[1.752s] INFO:colcon.colcon_core.shell:Creating package script '/home/lin/train2/src/install/fishbot_cartographer/share/fishbot_cartographer/package.zsh'
[1.753s] Level 1:colcon.colcon_core.environment:create_file_with_runtime_dependencies(/home/lin/train2/src/install/fishbot_cartographer/share/colcon-core/packages/fishbot_cartographer)
[1.761s] Level 1:colcon.colcon_core.environment:create_environment_scripts_only(fishbot_cartographer)
[1.761s] Level 1:colcon.colcon_core.environment:checking '/home/lin/train2/src/install/fishbot_cartographer' for CMake module files
[1.764s] Level 1:colcon.colcon_core.environment:checking '/home/lin/train2/src/install/fishbot_cartographer' for CMake config files
[1.764s] Level 1:colcon.colcon_core.shell:create_environment_hook('fishbot_cartographer', 'cmake_prefix_path')
[1.764s] INFO:colcon.colcon_core.shell:Creating environment hook '/home/lin/train2/src/install/fishbot_cartographer/share/fishbot_cartographer/hook/cmake_prefix_path.ps1'
[1.765s] INFO:colcon.colcon_core.shell:Creating environment descriptor '/home/lin/train2/src/install/fishbot_cartographer/share/fishbot_cartographer/hook/cmake_prefix_path.dsv'
[1.765s] INFO:colcon.colcon_core.shell:Creating environment hook '/home/lin/train2/src/install/fishbot_cartographer/share/fishbot_cartographer/hook/cmake_prefix_path.sh'
[1.767s] Level 1:colcon.colcon_core.environment:checking '/home/lin/train2/src/install/fishbot_cartographer/bin'
[1.767s] Level 1:colcon.colcon_core.environment:checking '/home/lin/train2/src/install/fishbot_cartographer/lib/pkgconfig/fishbot_cartographer.pc'
[1.768s] Level 1:colcon.colcon_core.environment:checking '/home/lin/train2/src/install/fishbot_cartographer/lib/python3.10/site-packages'
[1.768s] Level 1:colcon.colcon_core.environment:checking '/home/lin/train2/src/install/fishbot_cartographer/bin'
[1.768s] INFO:colcon.colcon_core.shell:Creating package script '/home/lin/train2/src/install/fishbot_cartographer/share/fishbot_cartographer/package.ps1'
[1.769s] INFO:colcon.colcon_core.shell:Creating package descriptor '/home/lin/train2/src/install/fishbot_cartographer/share/fishbot_cartographer/package.dsv'
[1.769s] INFO:colcon.colcon_core.shell:Creating package script '/home/lin/train2/src/install/fishbot_cartographer/share/fishbot_cartographer/package.sh'
[1.770s] INFO:colcon.colcon_core.shell:Creating package script '/home/lin/train2/src/install/fishbot_cartographer/share/fishbot_cartographer/package.bash'
[1.771s] INFO:colcon.colcon_core.shell:Creating package script '/home/lin/train2/src/install/fishbot_cartographer/share/fishbot_cartographer/package.zsh'
[1.771s] Level 1:colcon.colcon_core.environment:create_file_with_runtime_dependencies(/home/lin/train2/src/install/fishbot_cartographer/share/colcon-core/packages/fishbot_cartographer)
[1.777s] DEBUG:colcon.colcon_core.event_handler.log_command:Invoked command in '/home/lin/train2/src/build/robot_startup' returned '0': CMAKE_PREFIX_PATH=${CMAKE_PREFIX_PATH}:/home/lin/ros_ws/install/sdformat_tools:/home/lin/train2/src/install/fishbot_description:/home/lin/train2/src/install/example_py:/opt/ros/humble /usr/local/bin/cmake /home/lin/train2/src/src/robot_startup -DAMENT_CMAKE_SYMLINK_INSTALL=1 -DCMAKE_INSTALL_PREFIX=/home/lin/train2/src/install/robot_startup
[1.782s] DEBUG:colcon.colcon_core.event_handler.log_command:Invoking command in '/home/lin/train2/src/build/robot_startup': CMAKE_PREFIX_PATH=${CMAKE_PREFIX_PATH}:/home/lin/ros_ws/install/sdformat_tools:/home/lin/train2/src/install/fishbot_description:/home/lin/train2/src/install/example_py:/opt/ros/humble /usr/local/bin/cmake --build /home/lin/train2/src/build/robot_startup -- -j8 -l8
[1.879s] DEBUG:colcon.colcon_core.event_handler.log_command:Invoked command in '/home/lin/train2/src/build/robot_startup' returned '0': CMAKE_PREFIX_PATH=${CMAKE_PREFIX_PATH}:/home/lin/ros_ws/install/sdformat_tools:/home/lin/train2/src/install/fishbot_description:/home/lin/train2/src/install/example_py:/opt/ros/humble /usr/local/bin/cmake --build /home/lin/train2/src/build/robot_startup -- -j8 -l8
[1.880s] DEBUG:colcon.colcon_core.event_handler.log_command:Invoking command in '/home/lin/train2/src/build/robot_startup': CMAKE_PREFIX_PATH=${CMAKE_PREFIX_PATH}:/home/lin/ros_ws/install/sdformat_tools:/home/lin/train2/src/install/fishbot_description:/home/lin/train2/src/install/example_py:/opt/ros/humble /usr/local/bin/cmake --install /home/lin/train2/src/build/robot_startup
[2.008s] DEBUG:colcon.colcon_core.event_handler.log_command:Invoked command in '/home/lin/train2/src/build/fishbot_navigation2' returned '0': CMAKE_PREFIX_PATH=${CMAKE_PREFIX_PATH}:/home/lin/ros_ws/install/sdformat_tools:/home/lin/train2/src/install/fishbot_description:/home/lin/train2/src/install/example_py:/opt/ros/humble /usr/local/bin/cmake /home/lin/train2/src/fishbot_navigation2 -DAMENT_CMAKE_SYMLINK_INSTALL=1 -DCMAKE_INSTALL_PREFIX=/home/lin/train2/src/install/fishbot_navigation2
[2.013s] DEBUG:colcon.colcon_core.event_handler.log_command:Invoking command in '/home/lin/train2/src/build/fishbot_navigation2': CMAKE_PREFIX_PATH=${CMAKE_PREFIX_PATH}:/home/lin/ros_ws/install/sdformat_tools:/home/lin/train2/src/install/fishbot_description:/home/lin/train2/src/install/example_py:/opt/ros/humble /usr/local/bin/cmake --build /home/lin/train2/src/build/fishbot_navigation2 -- -j8 -l8
[2.099s] DEBUG:colcon.colcon_core.event_handler.log_command:Invoked command in '/home/lin/train2/src/build/fishbot_navigation2' returned '0': CMAKE_PREFIX_PATH=${CMAKE_PREFIX_PATH}:/home/lin/ros_ws/install/sdformat_tools:/home/lin/train2/src/install/fishbot_description:/home/lin/train2/src/install/example_py:/opt/ros/humble /usr/local/bin/cmake --build /home/lin/train2/src/build/fishbot_navigation2 -- -j8 -l8
[2.100s] DEBUG:colcon.colcon_core.event_handler.log_command:Invoking command in '/home/lin/train2/src/build/fishbot_navigation2': CMAKE_PREFIX_PATH=${CMAKE_PREFIX_PATH}:/home/lin/ros_ws/install/sdformat_tools:/home/lin/train2/src/install/fishbot_description:/home/lin/train2/src/install/example_py:/opt/ros/humble /usr/local/bin/cmake --install /home/lin/train2/src/build/fishbot_navigation2
[2.158s] Level 1:colcon.colcon_core.environment:create_environment_scripts_only(robot_startup)
[2.159s] Level 1:colcon.colcon_core.environment:checking '/home/lin/train2/src/install/robot_startup' for CMake module files
[2.160s] DEBUG:colcon.colcon_core.event_handler.log_command:Invoked command in '/home/lin/train2/src/build/robot_startup' returned '0': CMAKE_PREFIX_PATH=${CMAKE_PREFIX_PATH}:/home/lin/ros_ws/install/sdformat_tools:/home/lin/train2/src/install/fishbot_description:/home/lin/train2/src/install/example_py:/opt/ros/humble /usr/local/bin/cmake --install /home/lin/train2/src/build/robot_startup
[2.162s] Level 1:colcon.colcon_core.environment:checking '/home/lin/train2/src/install/robot_startup' for CMake config files
[2.163s] Level 1:colcon.colcon_core.shell:create_environment_hook('robot_startup', 'cmake_prefix_path')
[2.164s] INFO:colcon.colcon_core.shell:Creating environment hook '/home/lin/train2/src/install/robot_startup/share/robot_startup/hook/cmake_prefix_path.ps1'
[2.167s] INFO:colcon.colcon_core.shell:Creating environment descriptor '/home/lin/train2/src/install/robot_startup/share/robot_startup/hook/cmake_prefix_path.dsv'
[2.167s] INFO:colcon.colcon_core.shell:Creating environment hook '/home/lin/train2/src/install/robot_startup/share/robot_startup/hook/cmake_prefix_path.sh'
[2.168s] Level 1:colcon.colcon_core.environment:checking '/home/lin/train2/src/install/robot_startup/bin'
[2.168s] Level 1:colcon.colcon_core.environment:checking '/home/lin/train2/src/install/robot_startup/lib/pkgconfig/robot_startup.pc'
[2.169s] Level 1:colcon.colcon_core.environment:checking '/home/lin/train2/src/install/robot_startup/lib/python3.10/site-packages'
[2.169s] Level 1:colcon.colcon_core.environment:checking '/home/lin/train2/src/install/robot_startup/bin'
[2.169s] INFO:colcon.colcon_core.shell:Creating package script '/home/lin/train2/src/install/robot_startup/share/robot_startup/package.ps1'
[2.170s] INFO:colcon.colcon_core.shell:Creating package descriptor '/home/lin/train2/src/install/robot_startup/share/robot_startup/package.dsv'
[2.170s] INFO:colcon.colcon_core.shell:Creating package script '/home/lin/train2/src/install/robot_startup/share/robot_startup/package.sh'
[2.171s] INFO:colcon.colcon_core.shell:Creating package script '/home/lin/train2/src/install/robot_startup/share/robot_startup/package.bash'
[2.171s] INFO:colcon.colcon_core.shell:Creating package script '/home/lin/train2/src/install/robot_startup/share/robot_startup/package.zsh'
[2.172s] Level 1:colcon.colcon_core.environment:create_file_with_runtime_dependencies(/home/lin/train2/src/install/robot_startup/share/colcon-core/packages/robot_startup)
[2.173s] Level 1:colcon.colcon_core.environment:create_environment_scripts_only(robot_startup)
[2.173s] Level 1:colcon.colcon_core.environment:checking '/home/lin/train2/src/install/robot_startup' for CMake module files
[2.174s] Level 1:colcon.colcon_core.environment:checking '/home/lin/train2/src/install/robot_startup' for CMake config files
[2.174s] Level 1:colcon.colcon_core.shell:create_environment_hook('robot_startup', 'cmake_prefix_path')
[2.174s] INFO:colcon.colcon_core.shell:Creating environment hook '/home/lin/train2/src/install/robot_startup/share/robot_startup/hook/cmake_prefix_path.ps1'
[2.175s] INFO:colcon.colcon_core.shell:Creating environment descriptor '/home/lin/train2/src/install/robot_startup/share/robot_startup/hook/cmake_prefix_path.dsv'
[2.175s] INFO:colcon.colcon_core.shell:Creating environment hook '/home/lin/train2/src/install/robot_startup/share/robot_startup/hook/cmake_prefix_path.sh'
[2.176s] Level 1:colcon.colcon_core.environment:checking '/home/lin/train2/src/install/robot_startup/bin'
[2.176s] Level 1:colcon.colcon_core.environment:checking '/home/lin/train2/src/install/robot_startup/lib/pkgconfig/robot_startup.pc'
[2.176s] Level 1:colcon.colcon_core.environment:checking '/home/lin/train2/src/install/robot_startup/lib/python3.10/site-packages'
[2.177s] Level 1:colcon.colcon_core.environment:checking '/home/lin/train2/src/install/robot_startup/bin'
[2.177s] INFO:colcon.colcon_core.shell:Creating package script '/home/lin/train2/src/install/robot_startup/share/robot_startup/package.ps1'
[2.177s] INFO:colcon.colcon_core.shell:Creating package descriptor '/home/lin/train2/src/install/robot_startup/share/robot_startup/package.dsv'
[2.179s] INFO:colcon.colcon_core.shell:Creating package script '/home/lin/train2/src/install/robot_startup/share/robot_startup/package.sh'
[2.179s] INFO:colcon.colcon_core.shell:Creating package script '/home/lin/train2/src/install/robot_startup/share/robot_startup/package.bash'
[2.180s] INFO:colcon.colcon_core.shell:Creating package script '/home/lin/train2/src/install/robot_startup/share/robot_startup/package.zsh'
[2.181s] Level 1:colcon.colcon_core.environment:create_file_with_runtime_dependencies(/home/lin/train2/src/install/robot_startup/share/colcon-core/packages/robot_startup)
[2.335s] Level 1:colcon.colcon_core.environment:create_environment_scripts_only(fishbot_navigation2)
[2.335s] Level 1:colcon.colcon_core.environment:checking '/home/lin/train2/src/install/fishbot_navigation2' for CMake module files
[2.338s] Level 1:colcon.colcon_core.environment:checking '/home/lin/train2/src/install/fishbot_navigation2' for CMake config files
[2.339s] Level 1:colcon.colcon_core.shell:create_environment_hook('fishbot_navigation2', 'cmake_prefix_path')
[2.339s] INFO:colcon.colcon_core.shell:Creating environment hook '/home/lin/train2/src/install/fishbot_navigation2/share/fishbot_navigation2/hook/cmake_prefix_path.ps1'
[2.340s] INFO:colcon.colcon_core.shell:Creating environment descriptor '/home/lin/train2/src/install/fishbot_navigation2/share/fishbot_navigation2/hook/cmake_prefix_path.dsv'
[2.341s] INFO:colcon.colcon_core.shell:Creating environment hook '/home/lin/train2/src/install/fishbot_navigation2/share/fishbot_navigation2/hook/cmake_prefix_path.sh'
[2.342s] DEBUG:colcon.colcon_core.event_handler.log_command:Invoked command in '/home/lin/train2/src/build/fishbot_navigation2' returned '0': CMAKE_PREFIX_PATH=${CMAKE_PREFIX_PATH}:/home/lin/ros_ws/install/sdformat_tools:/home/lin/train2/src/install/fishbot_description:/home/lin/train2/src/install/example_py:/opt/ros/humble /usr/local/bin/cmake --install /home/lin/train2/src/build/fishbot_navigation2
[2.345s] Level 1:colcon.colcon_core.environment:checking '/home/lin/train2/src/install/fishbot_navigation2/bin'
[2.345s] Level 1:colcon.colcon_core.environment:checking '/home/lin/train2/src/install/fishbot_navigation2/lib/pkgconfig/fishbot_navigation2.pc'
[2.345s] Level 1:colcon.colcon_core.environment:checking '/home/lin/train2/src/install/fishbot_navigation2/lib/python3.10/site-packages'
[2.345s] Level 1:colcon.colcon_core.environment:checking '/home/lin/train2/src/install/fishbot_navigation2/bin'
[2.346s] INFO:colcon.colcon_core.shell:Creating package script '/home/lin/train2/src/install/fishbot_navigation2/share/fishbot_navigation2/package.ps1'
[2.346s] INFO:colcon.colcon_core.shell:Creating package descriptor '/home/lin/train2/src/install/fishbot_navigation2/share/fishbot_navigation2/package.dsv'
[2.352s] INFO:colcon.colcon_core.shell:Creating package script '/home/lin/train2/src/install/fishbot_navigation2/share/fishbot_navigation2/package.sh'
[2.353s] INFO:colcon.colcon_core.shell:Creating package script '/home/lin/train2/src/install/fishbot_navigation2/share/fishbot_navigation2/package.bash'
[2.358s] INFO:colcon.colcon_core.shell:Creating package script '/home/lin/train2/src/install/fishbot_navigation2/share/fishbot_navigation2/package.zsh'
[2.359s] Level 1:colcon.colcon_core.environment:create_file_with_runtime_dependencies(/home/lin/train2/src/install/fishbot_navigation2/share/colcon-core/packages/fishbot_navigation2)
[2.363s] Level 1:colcon.colcon_core.environment:create_environment_scripts_only(fishbot_navigation2)
[2.364s] Level 1:colcon.colcon_core.environment:checking '/home/lin/train2/src/install/fishbot_navigation2' for CMake module files
[2.370s] Level 1:colcon.colcon_core.environment:checking '/home/lin/train2/src/install/fishbot_navigation2' for CMake config files
[2.373s] Level 1:colcon.colcon_core.shell:create_environment_hook('fishbot_navigation2', 'cmake_prefix_path')
[2.373s] INFO:colcon.colcon_core.shell:Creating environment hook '/home/lin/train2/src/install/fishbot_navigation2/share/fishbot_navigation2/hook/cmake_prefix_path.ps1'
[2.378s] INFO:colcon.colcon_core.shell:Creating environment descriptor '/home/lin/train2/src/install/fishbot_navigation2/share/fishbot_navigation2/hook/cmake_prefix_path.dsv'
[2.379s] INFO:colcon.colcon_core.shell:Creating environment hook '/home/lin/train2/src/install/fishbot_navigation2/share/fishbot_navigation2/hook/cmake_prefix_path.sh'
[2.381s] Level 1:colcon.colcon_core.environment:checking '/home/lin/train2/src/install/fishbot_navigation2/bin'
[2.381s] Level 1:colcon.colcon_core.environment:checking '/home/lin/train2/src/install/fishbot_navigation2/lib/pkgconfig/fishbot_navigation2.pc'
[2.382s] Level 1:colcon.colcon_core.environment:checking '/home/lin/train2/src/install/fishbot_navigation2/lib/python3.10/site-packages'
[2.382s] Level 1:colcon.colcon_core.environment:checking '/home/lin/train2/src/install/fishbot_navigation2/bin'
[2.383s] INFO:colcon.colcon_core.shell:Creating package script '/home/lin/train2/src/install/fishbot_navigation2/share/fishbot_navigation2/package.ps1'
[2.385s] INFO:colcon.colcon_core.shell:Creating package descriptor '/home/lin/train2/src/install/fishbot_navigation2/share/fishbot_navigation2/package.dsv'
[2.386s] INFO:colcon.colcon_core.shell:Creating package script '/home/lin/train2/src/install/fishbot_navigation2/share/fishbot_navigation2/package.sh'
[2.388s] INFO:colcon.colcon_core.shell:Creating package script '/home/lin/train2/src/install/fishbot_navigation2/share/fishbot_navigation2/package.bash'
[2.388s] INFO:colcon.colcon_core.shell:Creating package script '/home/lin/train2/src/install/fishbot_navigation2/share/fishbot_navigation2/package.zsh'
[2.389s] Level 1:colcon.colcon_core.environment:create_file_with_runtime_dependencies(/home/lin/train2/src/install/fishbot_navigation2/share/colcon-core/packages/fishbot_navigation2)
[2.391s] DEBUG:colcon.colcon_core.task.python.build:While undoing a previous installation files outside the Python library path are being ignored: /home/lin/train2/src/install/example_py/share/ament_index/resource_index/packages/example_py
[2.391s] DEBUG:colcon.colcon_core.task.python.build:While undoing a previous installation files outside the Python library path are being ignored: /home/lin/train2/src/install/example_py/share/example_py/package.xml
[2.391s] DEBUG:colcon.colcon_core.task.python.build:While undoing a previous installation files outside the Python library path are being ignored: /home/lin/train2/src/install/example_py/lib/example_py/node_02
[2.401s] DEBUG:colcon.colcon_core.task.python.build:While undoing a previous installation files outside the Python library path are being ignored: /home/lin/train2/src/install/fishbot_description/share/ament_index/resource_index/packages/fishbot_description
[2.401s] DEBUG:colcon.colcon_core.task.python.build:While undoing a previous installation files outside the Python library path are being ignored: /home/lin/train2/src/install/fishbot_description/share/fishbot_description/package.xml
[2.401s] DEBUG:colcon.colcon_core.task.python.build:While undoing a previous installation files outside the Python library path are being ignored: /home/lin/train2/src/install/fishbot_description/share/fishbot_description/launch/rviz2.launch.py
[2.401s] DEBUG:colcon.colcon_core.task.python.build:While undoing a previous installation files outside the Python library path are being ignored: /home/lin/train2/src/install/fishbot_description/share/fishbot_description/launch/gazebo.launch.py
[2.401s] DEBUG:colcon.colcon_core.task.python.build:While undoing a previous installation files outside the Python library path are being ignored: /home/lin/train2/src/install/fishbot_description/share/fishbot_description/urdf/robot_base.urdf
[2.403s] DEBUG:colcon.colcon_core.event_handler.log_command:Invoking command in '/home/lin/train2/src/build/example_py': PYTHONPATH=/home/lin/train2/src/build/example_py/prefix_override:/usr/lib/python3/dist-packages/colcon_core/task/python/colcon_distutils_commands:/home/lin/train2/src/install/example_py/lib/python3.10/site-packages:${PYTHONPATH} /usr/bin/python3 -W ignore:setup.py install is deprecated -W ignore:easy_install command is deprecated setup.py develop --editable --build-directory /home/lin/train2/src/build/example_py/build --no-deps symlink_data --force
[2.403s] DEBUG:colcon.colcon_core.task.python.build:While undoing a previous installation files outside the Python library path are being ignored: /home/lin/train2/src/install/fishbot_description/lib/fishbot_description/rotate_wheel
[2.409s] DEBUG:colcon.colcon_core.event_handler.log_command:Invoking command in '/home/lin/train2/src/build/fishbot_description': PYTHONPATH=/home/lin/train2/src/build/fishbot_description/prefix_override:/usr/lib/python3/dist-packages/colcon_core/task/python/colcon_distutils_commands:/home/lin/train2/src/install/fishbot_description/lib/python3.10/site-packages:${PYTHONPATH} /usr/bin/python3 -W ignore:setup.py install is deprecated -W ignore:easy_install command is deprecated setup.py develop --editable --build-directory /home/lin/train2/src/build/fishbot_description/build --no-deps symlink_data --force
[3.432s] Level 1:colcon.colcon_core.shell:create_environment_hook('example_py', 'pythonpath_develop')
[3.432s] INFO:colcon.colcon_core.shell:Creating environment hook '/home/lin/train2/src/build/example_py/share/example_py/hook/pythonpath_develop.ps1'
[3.433s] DEBUG:colcon.colcon_core.event_handler.log_command:Invoked command in '/home/lin/train2/src/build/example_py' returned '0': PYTHONPATH=/home/lin/train2/src/build/example_py/prefix_override:/usr/lib/python3/dist-packages/colcon_core/task/python/colcon_distutils_commands:/home/lin/train2/src/install/example_py/lib/python3.10/site-packages:${PYTHONPATH} /usr/bin/python3 -W ignore:setup.py install is deprecated -W ignore:easy_install command is deprecated setup.py develop --editable --build-directory /home/lin/train2/src/build/example_py/build --no-deps symlink_data --force
[3.434s] INFO:colcon.colcon_core.shell:Creating environment descriptor '/home/lin/train2/src/build/example_py/share/example_py/hook/pythonpath_develop.dsv'
[3.434s] INFO:colcon.colcon_core.shell:Creating environment hook '/home/lin/train2/src/build/example_py/share/example_py/hook/pythonpath_develop.sh'
[3.435s] Level 1:colcon.colcon_core.environment:checking '/home/lin/train2/src/install/example_py' for CMake module files
[3.436s] Level 1:colcon.colcon_core.environment:checking '/home/lin/train2/src/install/example_py' for CMake config files
[3.438s] Level 1:colcon.colcon_core.environment:checking '/home/lin/train2/src/install/example_py/lib'
[3.438s] Level 1:colcon.colcon_core.environment:checking '/home/lin/train2/src/install/example_py/bin'
[3.438s] Level 1:colcon.colcon_core.environment:checking '/home/lin/train2/src/install/example_py/lib/pkgconfig/example_py.pc'
[3.438s] Level 1:colcon.colcon_core.environment:checking '/home/lin/train2/src/install/example_py/lib/python3.10/site-packages'
[3.438s] Level 1:colcon.colcon_core.shell:create_environment_hook('example_py', 'pythonpath')
[3.438s] INFO:colcon.colcon_core.shell:Creating environment hook '/home/lin/train2/src/install/example_py/share/example_py/hook/pythonpath.ps1'
[3.439s] INFO:colcon.colcon_core.shell:Creating environment descriptor '/home/lin/train2/src/install/example_py/share/example_py/hook/pythonpath.dsv'
[3.440s] INFO:colcon.colcon_core.shell:Creating environment hook '/home/lin/train2/src/install/example_py/share/example_py/hook/pythonpath.sh'
[3.440s] Level 1:colcon.colcon_core.environment:checking '/home/lin/train2/src/install/example_py/bin'
[3.440s] Level 1:colcon.colcon_core.environment:create_environment_scripts_only(example_py)
[3.441s] INFO:colcon.colcon_core.shell:Creating package script '/home/lin/train2/src/install/example_py/share/example_py/package.ps1'
[3.448s] INFO:colcon.colcon_core.shell:Creating package descriptor '/home/lin/train2/src/install/example_py/share/example_py/package.dsv'
[3.448s] INFO:colcon.colcon_core.shell:Creating package script '/home/lin/train2/src/install/example_py/share/example_py/package.sh'
[3.449s] INFO:colcon.colcon_core.shell:Creating package script '/home/lin/train2/src/install/example_py/share/example_py/package.bash'
[3.449s] INFO:colcon.colcon_core.shell:Creating package script '/home/lin/train2/src/install/example_py/share/example_py/package.zsh'
[3.453s] Level 1:colcon.colcon_core.environment:create_file_with_runtime_dependencies(/home/lin/train2/src/install/example_py/share/colcon-core/packages/example_py)
[3.481s] Level 1:colcon.colcon_core.shell:create_environment_hook('fishbot_description', 'pythonpath_develop')
[3.482s] DEBUG:colcon.colcon_core.event_handler.log_command:Invoked command in '/home/lin/train2/src/build/fishbot_description' returned '0': PYTHONPATH=/home/lin/train2/src/build/fishbot_description/prefix_override:/usr/lib/python3/dist-packages/colcon_core/task/python/colcon_distutils_commands:/home/lin/train2/src/install/fishbot_description/lib/python3.10/site-packages:${PYTHONPATH} /usr/bin/python3 -W ignore:setup.py install is deprecated -W ignore:easy_install command is deprecated setup.py develop --editable --build-directory /home/lin/train2/src/build/fishbot_description/build --no-deps symlink_data --force
[3.482s] INFO:colcon.colcon_core.shell:Creating environment hook '/home/lin/train2/src/build/fishbot_description/share/fishbot_description/hook/pythonpath_develop.ps1'
[3.483s] INFO:colcon.colcon_core.shell:Creating environment descriptor '/home/lin/train2/src/build/fishbot_description/share/fishbot_description/hook/pythonpath_develop.dsv'
[3.484s] INFO:colcon.colcon_core.shell:Creating environment hook '/home/lin/train2/src/build/fishbot_description/share/fishbot_description/hook/pythonpath_develop.sh'
[3.485s] Level 1:colcon.colcon_core.environment:checking '/home/lin/train2/src/install/fishbot_description' for CMake module files
[3.486s] Level 1:colcon.colcon_core.environment:checking '/home/lin/train2/src/install/fishbot_description' for CMake config files
[3.487s] Level 1:colcon.colcon_core.environment:checking '/home/lin/train2/src/install/fishbot_description/lib'
[3.487s] Level 1:colcon.colcon_core.environment:checking '/home/lin/train2/src/install/fishbot_description/bin'
[3.488s] Level 1:colcon.colcon_core.environment:checking '/home/lin/train2/src/install/fishbot_description/lib/pkgconfig/fishbot_description.pc'
[3.489s] Level 1:colcon.colcon_core.environment:checking '/home/lin/train2/src/install/fishbot_description/lib/python3.10/site-packages'
[3.489s] Level 1:colcon.colcon_core.shell:create_environment_hook('fishbot_description', 'pythonpath')
[3.489s] INFO:colcon.colcon_core.shell:Creating environment hook '/home/lin/train2/src/install/fishbot_description/share/fishbot_description/hook/pythonpath.ps1'
[3.490s] INFO:colcon.colcon_core.shell:Creating environment descriptor '/home/lin/train2/src/install/fishbot_description/share/fishbot_description/hook/pythonpath.dsv'
[3.490s] INFO:colcon.colcon_core.shell:Creating environment hook '/home/lin/train2/src/install/fishbot_description/share/fishbot_description/hook/pythonpath.sh'
[3.491s] Level 1:colcon.colcon_core.environment:checking '/home/lin/train2/src/install/fishbot_description/bin'
[3.491s] Level 1:colcon.colcon_core.environment:create_environment_scripts_only(fishbot_description)
[3.492s] INFO:colcon.colcon_core.shell:Creating package script '/home/lin/train2/src/install/fishbot_description/share/fishbot_description/package.ps1'
[3.492s] INFO:colcon.colcon_core.shell:Creating package descriptor '/home/lin/train2/src/install/fishbot_description/share/fishbot_description/package.dsv'
[3.493s] INFO:colcon.colcon_core.shell:Creating package script '/home/lin/train2/src/install/fishbot_description/share/fishbot_description/package.sh'
[3.494s] INFO:colcon.colcon_core.shell:Creating package script '/home/lin/train2/src/install/fishbot_description/share/fishbot_description/package.bash'
[3.494s] INFO:colcon.colcon_core.shell:Creating package script '/home/lin/train2/src/install/fishbot_description/share/fishbot_description/package.zsh'
[3.495s] Level 1:colcon.colcon_core.environment:create_file_with_runtime_dependencies(/home/lin/train2/src/install/fishbot_description/share/colcon-core/packages/fishbot_description)
[5.200s] DEBUG:colcon.colcon_core.event_handler.log_command:Invoked command in '/home/lin/train2/src/build/example_ros2_interfaces' returned '0': CMAKE_PREFIX_PATH=${CMAKE_PREFIX_PATH}:/home/lin/ros_ws/install/sdformat_tools:/home/lin/train2/src/install/fishbot_description:/home/lin/train2/src/install/example_py:/opt/ros/humble /usr/local/bin/cmake /home/lin/train2/src/example_ros2_interfaces -DAMENT_CMAKE_SYMLINK_INSTALL=1 -DCMAKE_INSTALL_PREFIX=/home/lin/train2/src/install/example_ros2_interfaces
[5.202s] DEBUG:colcon.colcon_core.event_handler.log_command:Invoking command in '/home/lin/train2/src/build/example_ros2_interfaces': CMAKE_PREFIX_PATH=${CMAKE_PREFIX_PATH}:/home/lin/ros_ws/install/sdformat_tools:/home/lin/train2/src/install/fishbot_description:/home/lin/train2/src/install/example_py:/opt/ros/humble /usr/local/bin/cmake --build /home/lin/train2/src/build/example_ros2_interfaces -- -j8 -l8
[5.361s] DEBUG:colcon.colcon_core.event_handler.log_command:Invoked command in '/home/lin/train2/src/build/ydlidar' returned '0': CMAKE_PREFIX_PATH=${CMAKE_PREFIX_PATH}:/home/lin/ros_ws/install/sdformat_tools:/home/lin/train2/src/install/fishbot_description:/home/lin/train2/src/install/example_py:/opt/ros/humble /usr/local/bin/cmake /home/lin/train2/src/ydlidar_ros2 -DAMENT_CMAKE_SYMLINK_INSTALL=1 -DCMAKE_INSTALL_PREFIX=/home/lin/train2/src/install/ydlidar
[5.362s] DEBUG:colcon.colcon_core.event_handler.log_command:Invoking command in '/home/lin/train2/src/build/ydlidar': CMAKE_PREFIX_PATH=${CMAKE_PREFIX_PATH}:/home/lin/ros_ws/install/sdformat_tools:/home/lin/train2/src/install/fishbot_description:/home/lin/train2/src/install/example_py:/opt/ros/humble /usr/local/bin/cmake --build /home/lin/train2/src/build/ydlidar -- -j8 -l8
[5.380s] DEBUG:colcon.colcon_core.event_handler.log_command:Invoked command in '/home/lin/train2/src/build/example_ros2_interfaces' returned '2': CMAKE_PREFIX_PATH=${CMAKE_PREFIX_PATH}:/home/lin/ros_ws/install/sdformat_tools:/home/lin/train2/src/install/fishbot_description:/home/lin/train2/src/install/example_py:/opt/ros/humble /usr/local/bin/cmake --build /home/lin/train2/src/build/example_ros2_interfaces -- -j8 -l8
[5.380s] Level 1:colcon.colcon_core.environment:create_environment_scripts_only(example_ros2_interfaces)
[5.381s] Level 1:colcon.colcon_core.environment:checking '/home/lin/train2/src/install/example_ros2_interfaces' for CMake module files
[5.382s] Level 1:colcon.colcon_core.environment:checking '/home/lin/train2/src/install/example_ros2_interfaces' for CMake config files
[5.383s] Level 1:colcon.colcon_core.shell:create_environment_hook('example_ros2_interfaces', 'cmake_prefix_path')
[5.384s] INFO:colcon.colcon_core.shell:Creating environment hook '/home/lin/train2/src/install/example_ros2_interfaces/share/example_ros2_interfaces/hook/cmake_prefix_path.ps1'
[5.384s] INFO:colcon.colcon_core.shell:Creating environment descriptor '/home/lin/train2/src/install/example_ros2_interfaces/share/example_ros2_interfaces/hook/cmake_prefix_path.dsv'
[5.385s] INFO:colcon.colcon_core.shell:Creating environment hook '/home/lin/train2/src/install/example_ros2_interfaces/share/example_ros2_interfaces/hook/cmake_prefix_path.sh'
[5.386s] Level 1:colcon.colcon_core.environment:checking '/home/lin/train2/src/install/example_ros2_interfaces/lib'
[5.386s] Level 1:colcon.colcon_core.shell:create_environment_hook('example_ros2_interfaces', 'ld_library_path_lib')
[5.386s] INFO:colcon.colcon_core.shell:Creating environment hook '/home/lin/train2/src/install/example_ros2_interfaces/share/example_ros2_interfaces/hook/ld_library_path_lib.ps1'
[5.387s] INFO:colcon.colcon_core.shell:Creating environment descriptor '/home/lin/train2/src/install/example_ros2_interfaces/share/example_ros2_interfaces/hook/ld_library_path_lib.dsv'
[5.387s] INFO:colcon.colcon_core.shell:Creating environment hook '/home/lin/train2/src/install/example_ros2_interfaces/share/example_ros2_interfaces/hook/ld_library_path_lib.sh'
[5.388s] Level 1:colcon.colcon_core.environment:checking '/home/lin/train2/src/install/example_ros2_interfaces/bin'
[5.389s] Level 1:colcon.colcon_core.environment:checking '/home/lin/train2/src/install/example_ros2_interfaces/lib/pkgconfig/example_ros2_interfaces.pc'
[5.389s] Level 1:colcon.colcon_core.environment:checking '/home/lin/train2/src/install/example_ros2_interfaces/lib/python3.10/site-packages'
[5.389s] Level 1:colcon.colcon_core.environment:checking '/home/lin/train2/src/install/example_ros2_interfaces/bin'
[5.389s] INFO:colcon.colcon_core.shell:Creating package script '/home/lin/train2/src/install/example_ros2_interfaces/share/example_ros2_interfaces/package.ps1'
[5.390s] INFO:colcon.colcon_core.shell:Creating package descriptor '/home/lin/train2/src/install/example_ros2_interfaces/share/example_ros2_interfaces/package.dsv'
[5.391s] INFO:colcon.colcon_core.shell:Creating package script '/home/lin/train2/src/install/example_ros2_interfaces/share/example_ros2_interfaces/package.sh'
[5.392s] INFO:colcon.colcon_core.shell:Creating package script '/home/lin/train2/src/install/example_ros2_interfaces/share/example_ros2_interfaces/package.bash'
[5.392s] INFO:colcon.colcon_core.shell:Creating package script '/home/lin/train2/src/install/example_ros2_interfaces/share/example_ros2_interfaces/package.zsh'
[5.393s] Level 1:colcon.colcon_core.environment:create_file_with_runtime_dependencies(/home/lin/train2/src/install/example_ros2_interfaces/share/colcon-core/packages/example_ros2_interfaces)
[16.079s] DEBUG:colcon.colcon_parallel_executor.executor.parallel:closing loop
[16.079s] DEBUG:colcon.colcon_parallel_executor.executor.parallel:loop closed
[16.079s] DEBUG:colcon.colcon_parallel_executor.executor.parallel:run_until_complete finished with '2'
[16.080s] DEBUG:colcon.colcon_core.event_reactor:joining thread
[16.108s] INFO:colcon.colcon_core.plugin_system:Skipping extension 'colcon_notification.desktop_notification.terminal_notifier': Not used on non-Darwin systems
[16.108s] INFO:colcon.colcon_core.plugin_system:Skipping extension 'colcon_notification.desktop_notification.win32': Not used on non-Windows systems
[16.108s] INFO:colcon.colcon_notification.desktop_notification:Sending desktop notification using 'notify2'
[16.140s] DEBUG:colcon.colcon_core.event_reactor:joined thread
[16.141s] INFO:colcon.colcon_core.shell:Creating prefix script '/home/lin/train2/src/install/local_setup.ps1'
[16.142s] INFO:colcon.colcon_core.shell:Creating prefix util module '/home/lin/train2/src/install/_local_setup_util_ps1.py'
[16.143s] INFO:colcon.colcon_core.shell:Creating prefix chain script '/home/lin/train2/src/install/setup.ps1'
[16.150s] INFO:colcon.colcon_core.shell:Creating prefix script '/home/lin/train2/src/install/local_setup.sh'
[16.151s] INFO:colcon.colcon_core.shell:Creating prefix util module '/home/lin/train2/src/install/_local_setup_util_sh.py'
[16.151s] INFO:colcon.colcon_core.shell:Creating prefix chain script '/home/lin/train2/src/install/setup.sh'
[16.157s] INFO:colcon.colcon_core.shell:Creating prefix script '/home/lin/train2/src/install/local_setup.bash'
[16.157s] INFO:colcon.colcon_core.shell:Creating prefix chain script '/home/lin/train2/src/install/setup.bash'
[16.162s] INFO:colcon.colcon_core.shell:Creating prefix script '/home/lin/train2/src/install/local_setup.zsh'
[16.163s] INFO:colcon.colcon_core.shell:Creating prefix chain script '/home/lin/train2/src/install/setup.zsh'
