[0.114s] Invoking command in '/home/lin/train2/src/build/ydlidar_ros': CMAKE_PREFIX_PATH=${CMAKE_PREFIX_PATH}:/home/lin/ros_ws/install/sdformat_tools:/home/lin/train2/src/install/fishbot_description:/home/lin/train2/src/install/example_py:/opt/ros/humble /usr/local/bin/cmake /home/lin/train2/src/ydlidar_ros2 -DAMENT_CMAKE_SYMLINK_INSTALL=1 -DCMAKE_INSTALL_PREFIX=/home/lin/train2/src/install/ydlidar_ros
[0.497s] -- The C compiler identification is GNU 11.4.0
[0.734s] -- The CXX compiler identification is GNU 11.4.0
[0.801s] -- Detecting C compiler ABI info
[1.052s] -- Detecting C compiler ABI info - done
[1.061s] -- Check for working C compiler: /usr/bin/cc - skipped
[1.063s] -- Detecting C compile features
[1.064s] -- Detecting C compile features - done
[1.114s] -- Detecting CXX compiler ABI info
[1.355s] -- Detecting CXX compiler ABI info - done
[1.364s] -- Check for working CXX compiler: /usr/bin/c++ - skipped
[1.364s] -- Detecting CXX compile features
[1.365s] -- Detecting CXX compile features - done
[1.392s] -- Found ament_cmake: 1.3.12 (/opt/ros/humble/share/ament_cmake/cmake)
[1.734s] -- Found Python3: /usr/bin/python3 (found version "3.10.12") found components: Interpreter 
[1.869s] -- Override CMake install command with custom implementation using symlinks instead of copying resources
[2.178s] -- Found rclcpp: 16.0.14 (/opt/ros/humble/share/rclcpp/cmake)
[2.419s] -- Found rosidl_generator_c: 3.1.7 (/opt/ros/humble/share/rosidl_generator_c/cmake)
[2.454s] -- Found rosidl_adapter: 3.1.7 (/opt/ros/humble/share/rosidl_adapter/cmake)
[2.500s] -- Found rosidl_generator_cpp: 3.1.7 (/opt/ros/humble/share/rosidl_generator_cpp/cmake)
[2.564s] -- Using all available rosidl_typesupport_c: rosidl_typesupport_fastrtps_c;rosidl_typesupport_introspection_c
[2.646s] -- Using all available rosidl_typesupport_cpp: rosidl_typesupport_fastrtps_cpp;rosidl_typesupport_introspection_cpp
[2.888s] -- Found rmw_implementation_cmake: 6.1.2 (/opt/ros/humble/share/rmw_implementation_cmake/cmake)
[2.914s] -- Found rmw_fastrtps_cpp: 6.2.8 (/opt/ros/humble/share/rmw_fastrtps_cpp/cmake)
[3.269s] -- Found OpenSSL: /usr/lib/x86_64-linux-gnu/libcrypto.so (found version "3.0.2")  
[3.329s] -- Found FastRTPS: /opt/ros/humble/include  
[3.417s] -- Using RMW implementation 'rmw_fastrtps_cpp' as default
[3.471s] -- Performing Test CMAKE_HAVE_LIBC_PTHREAD
[3.657s] -- Performing Test CMAKE_HAVE_LIBC_PTHREAD - Success
[3.660s] -- Found Threads: TRUE  
[3.848s] -- Found sensor_msgs: 4.9.0 (/opt/ros/humble/share/sensor_msgs/cmake)
[3.957s] -- Found visualization_msgs: 4.9.0 (/opt/ros/humble/share/visualization_msgs/cmake)
[4.045s] -- Found ament_lint_auto: 0.12.14 (/opt/ros/humble/share/ament_lint_auto/cmake)
[4.145s] [31mCMake Error at /opt/ros/humble/share/ament_cmake_core/cmake/core/ament_package_xml.cmake:53 (message):
[4.145s]   ament_package_xml() package name 'ydlidar_ros' in '/package.xml' does not
[4.146s]   match current PROJECT_NAME 'ydlidar'.  You must call project() with the
[4.146s]   same package name before.
[4.146s] Call Stack (most recent call first):
[4.146s]   /opt/ros/humble/share/ament_lint_auto/cmake/ament_lint_auto_find_test_dependencies.cmake:31 (ament_package_xml)
[4.146s]   CMakeLists.txt:60 (ament_lint_auto_find_test_dependencies)
[4.146s] 
[4.147s] [0m
[4.147s] -- Configuring incomplete, errors occurred!
[4.164s] Invoked command in '/home/lin/train2/src/build/ydlidar_ros' returned '1': CMAKE_PREFIX_PATH=${CMAKE_PREFIX_PATH}:/home/lin/ros_ws/install/sdformat_tools:/home/lin/train2/src/install/fishbot_description:/home/lin/train2/src/install/example_py:/opt/ros/humble /usr/local/bin/cmake /home/lin/train2/src/ydlidar_ros2 -DAMENT_CMAKE_SYMLINK_INSTALL=1 -DCMAKE_INSTALL_PREFIX=/home/lin/train2/src/install/ydlidar_ros
