[0.775s] Invoking command in '/home/lin/train2/src/build/odom_publisher': CMAKE_PREFIX_PATH=${CMAKE_PREFIX_PATH}:/home/lin/ros_ws/install/sdformat_tools:/home/lin/train2/src/install/fishbot_description:/home/lin/train2/src/install/example_py:/opt/ros/humble /usr/local/bin/cmake /home/lin/train2/src/odom_publisher -DAMENT_CMAKE_SYMLINK_INSTALL=1 -DCMAKE_INSTALL_PREFIX=/home/lin/train2/src/install/odom_publisher
[0.982s] -- The C compiler identification is GNU 11.4.0
[1.117s] -- The CXX compiler identification is GNU 11.4.0
[1.148s] -- Detecting C compiler ABI info
[1.559s] -- Detecting C compiler ABI info - done
[1.574s] -- Check for working C compiler: /usr/bin/cc - skipped
[1.575s] -- Detecting C compile features
[1.575s] -- Detecting C compile features - done
[1.614s] -- Detecting CXX compiler ABI info
[1.890s] -- Detecting CXX compiler ABI info - done
[1.901s] -- Check for working CXX compiler: /usr/bin/c++ - skipped
[1.903s] -- Detecting CXX compile features
[1.903s] -- Detecting CXX compile features - done
[1.921s] -- Found ament_cmake: 1.3.12 (/opt/ros/humble/share/ament_cmake/cmake)
[2.210s] -- Found Python3: /usr/bin/python3 (found version "3.10.12") found components: Interpreter 
[2.309s] -- Override CMake install command with custom implementation using symlinks instead of copying resources
[2.484s] -- Found rclcpp: 16.0.14 (/opt/ros/humble/share/rclcpp/cmake)
[2.687s] -- Found rosidl_generator_c: 3.1.7 (/opt/ros/humble/share/rosidl_generator_c/cmake)
[2.718s] -- Found rosidl_adapter: 3.1.7 (/opt/ros/humble/share/rosidl_adapter/cmake)
[2.755s] -- Found rosidl_generator_cpp: 3.1.7 (/opt/ros/humble/share/rosidl_generator_cpp/cmake)
[2.796s] -- Using all available rosidl_typesupport_c: rosidl_typesupport_fastrtps_c;rosidl_typesupport_introspection_c
[2.863s] -- Using all available rosidl_typesupport_cpp: rosidl_typesupport_fastrtps_cpp;rosidl_typesupport_introspection_cpp
[3.040s] -- Found rmw_implementation_cmake: 6.1.2 (/opt/ros/humble/share/rmw_implementation_cmake/cmake)
[3.054s] -- Found rmw_fastrtps_cpp: 6.2.8 (/opt/ros/humble/share/rmw_fastrtps_cpp/cmake)
[3.343s] -- Found OpenSSL: /usr/lib/x86_64-linux-gnu/libcrypto.so (found version "3.0.2")  
[3.398s] -- Found FastRTPS: /opt/ros/humble/include  
[3.486s] -- Using RMW implementation 'rmw_fastrtps_cpp' as default
[3.525s] -- Performing Test CMAKE_HAVE_LIBC_PTHREAD
[3.698s] -- Performing Test CMAKE_HAVE_LIBC_PTHREAD - Success
[3.702s] -- Found Threads: TRUE  
[3.826s] -- Found nav_msgs: 4.9.0 (/opt/ros/humble/share/nav_msgs/cmake)
[3.894s] -- Found tf2: 0.25.16 (/opt/ros/humble/share/tf2/cmake)
[3.926s] -- Found tf2_ros: 0.25.16 (/opt/ros/humble/share/tf2_ros/cmake)
[4.139s] [31mCMake Error at /opt/ros/humble/share/ament_cmake_core/cmake/symlink_install/ament_cmake_symlink_install_targets.cmake:67 (message):
[4.139s]   ament_cmake_symlink_install_targets() 'odom_subscriber' is not a target
[4.139s] Call Stack (most recent call first):
[4.139s]   /opt/ros/humble/share/ament_cmake_core/cmake/symlink_install/install.cmake:37 (ament_cmake_symlink_install_targets)
[4.139s]   CMakeLists.txt:29 (install)
[4.140s] 
[4.140s] [0m
[4.140s] -- Configuring incomplete, errors occurred!
[4.157s] Invoked command in '/home/lin/train2/src/build/odom_publisher' returned '1': CMAKE_PREFIX_PATH=${CMAKE_PREFIX_PATH}:/home/lin/ros_ws/install/sdformat_tools:/home/lin/train2/src/install/fishbot_description:/home/lin/train2/src/install/example_py:/opt/ros/humble /usr/local/bin/cmake /home/lin/train2/src/odom_publisher -DAMENT_CMAKE_SYMLINK_INSTALL=1 -DCMAKE_INSTALL_PREFIX=/home/lin/train2/src/install/odom_publisher
