[0.474s] Invoking command in '/home/lin/train2/src/build/robot_startup': CMAKE_PREFIX_PATH=${CMAKE_PREFIX_PATH}:/home/lin/train2/src/install/example_py:/home/lin/train2/install/example_py:/opt/ros/humble /usr/local/bin/cmake /home/lin/train2/src/src/robot_startup -DCMAKE_INSTALL_PREFIX=/home/lin/train2/src/install/robot_startup
[0.652s] -- The C compiler identification is GNU 11.4.0
[0.834s] -- The CXX compiler identification is GNU 11.4.0
[0.908s] -- Detecting C compiler ABI info
[1.191s] -- Detecting C compiler ABI info - done
[1.211s] -- Check for working C compiler: /usr/bin/cc - skipped
[1.211s] -- Detecting C compile features
[1.211s] -- Detecting C compile features - done
[1.247s] -- Detecting CXX compiler ABI info
[1.558s] -- Detecting CXX compiler ABI info - done
[1.577s] -- Check for working CXX compiler: /usr/bin/c++ - skipped
[1.577s] -- Detecting CXX compile features
[1.579s] -- Detecting CXX compile features - done
[1.590s] -- Found ament_cmake: 1.3.12 (/opt/ros/humble/share/ament_cmake/cmake)
[1.918s] -- Found Python3: /usr/bin/python3 (found version "3.10.12") found components: Interpreter 
[2.172s] -- Found ament_lint_auto: 0.12.14 (/opt/ros/humble/share/ament_lint_auto/cmake)
[2.342s] -- Added test 'flake8' to check Python code syntax and style conventions
[2.343s] -- Added test 'lint_cmake' to check CMake code style
[2.345s] -- Added test 'pep257' to check Python code against some of the docstring style conventions in PEP 257
[2.351s] -- Added test 'xmllint' to check XML markup files
[2.355s] -- Configuring done (1.9s)
[2.368s] -- Generating done (0.0s)
[2.370s] -- Build files have been written to: /home/lin/train2/src/build/robot_startup
[2.383s] Invoked command in '/home/lin/train2/src/build/robot_startup' returned '0': CMAKE_PREFIX_PATH=${CMAKE_PREFIX_PATH}:/home/lin/train2/src/install/example_py:/home/lin/train2/install/example_py:/opt/ros/humble /usr/local/bin/cmake /home/lin/train2/src/src/robot_startup -DCMAKE_INSTALL_PREFIX=/home/lin/train2/src/install/robot_startup
[2.391s] Invoking command in '/home/lin/train2/src/build/robot_startup': CMAKE_PREFIX_PATH=${CMAKE_PREFIX_PATH}:/home/lin/train2/src/install/example_py:/home/lin/train2/install/example_py:/opt/ros/humble /usr/local/bin/cmake --build /home/lin/train2/src/build/robot_startup -- -j8 -l8
[2.486s] Invoked command in '/home/lin/train2/src/build/robot_startup' returned '0': CMAKE_PREFIX_PATH=${CMAKE_PREFIX_PATH}:/home/lin/train2/src/install/example_py:/home/lin/train2/install/example_py:/opt/ros/humble /usr/local/bin/cmake --build /home/lin/train2/src/build/robot_startup -- -j8 -l8
[2.496s] Invoking command in '/home/lin/train2/src/build/robot_startup': CMAKE_PREFIX_PATH=${CMAKE_PREFIX_PATH}:/home/lin/train2/src/install/example_py:/home/lin/train2/install/example_py:/opt/ros/humble /usr/local/bin/cmake --install /home/lin/train2/src/build/robot_startup
[2.503s] -- Install configuration: ""
[2.504s] -- Installing: /home/lin/train2/src/install/robot_startup/share/robot_startup/launch
[2.505s] -- Installing: /home/lin/train2/src/install/robot_startup/share/robot_startup/launch/example_action.launch.py
[2.505s] -- Installing: /home/lin/train2/src/install/robot_startup/share/ament_index/resource_index/package_run_dependencies/robot_startup
[2.505s] -- Installing: /home/lin/train2/src/install/robot_startup/share/ament_index/resource_index/parent_prefix_path/robot_startup
[2.506s] -- Installing: /home/lin/train2/src/install/robot_startup/share/robot_startup/environment/ament_prefix_path.sh
[2.507s] -- Installing: /home/lin/train2/src/install/robot_startup/share/robot_startup/environment/ament_prefix_path.dsv
[2.507s] -- Installing: /home/lin/train2/src/install/robot_startup/share/robot_startup/environment/path.sh
[2.508s] -- Installing: /home/lin/train2/src/install/robot_startup/share/robot_startup/environment/path.dsv
[2.508s] -- Installing: /home/lin/train2/src/install/robot_startup/share/robot_startup/local_setup.bash
[2.508s] -- Installing: /home/lin/train2/src/install/robot_startup/share/robot_startup/local_setup.sh
[2.510s] -- Installing: /home/lin/train2/src/install/robot_startup/share/robot_startup/local_setup.zsh
[2.512s] -- Installing: /home/lin/train2/src/install/robot_startup/share/robot_startup/local_setup.dsv
[2.514s] -- Installing: /home/lin/train2/src/install/robot_startup/share/robot_startup/package.dsv
[2.525s] -- Installing: /home/lin/train2/src/install/robot_startup/share/ament_index/resource_index/packages/robot_startup
[2.525s] -- Installing: /home/lin/train2/src/install/robot_startup/share/robot_startup/cmake/robot_startupConfig.cmake
[2.525s] -- Installing: /home/lin/train2/src/install/robot_startup/share/robot_startup/cmake/robot_startupConfig-version.cmake
[2.526s] -- Installing: /home/lin/train2/src/install/robot_startup/share/robot_startup/package.xml
[2.526s] Invoked command in '/home/lin/train2/src/build/robot_startup' returned '0': CMAKE_PREFIX_PATH=${CMAKE_PREFIX_PATH}:/home/lin/train2/src/install/example_py:/home/lin/train2/install/example_py:/opt/ros/humble /usr/local/bin/cmake --install /home/lin/train2/src/build/robot_startup
