[1.984s] Invoking command in '/home/lin/train2/src/build/fishbot_description': PYTHONPATH=/home/lin/train2/src/build/fishbot_description/prefix_override:/usr/lib/python3/dist-packages/colcon_core/task/python/colcon_distutils_commands:/home/lin/train2/src/install/fishbot_description/lib/python3.10/site-packages:${PYTHONPATH} /usr/bin/python3 -W ignore:setup.py install is deprecated -W ignore:easy_install command is deprecated setup.py develop --editable --build-directory /home/lin/train2/src/build/fishbot_description/build --no-deps symlink_data --force
[2.568s] running develop
[2.913s] running egg_info
[2.944s] writing fishbot_description.egg-info/PKG-INFO
[2.945s] writing dependency_links to fishbot_description.egg-info/dependency_links.txt
[2.948s] writing entry points to fishbot_description.egg-info/entry_points.txt
[2.949s] writing requirements to fishbot_description.egg-info/requires.txt
[2.949s] writing top-level names to fishbot_description.egg-info/top_level.txt
[2.996s] reading manifest file 'fishbot_description.egg-info/SOURCES.txt'
[2.998s] writing manifest file 'fishbot_description.egg-info/SOURCES.txt'
[3.033s] running build_ext
[3.033s] Creating /home/lin/train2/src/install/fishbot_description/lib/python3.10/site-packages/fishbot-description.egg-link (link to .)
[3.033s] Installing rotate_wheel script to /home/lin/train2/src/install/fishbot_description/lib/fishbot_description
[3.033s] 
[3.034s] Installed /home/lin/train2/src/build/fishbot_description
[3.034s] running symlink_data
[3.034s] symbolically linking /home/lin/train2/src/build/fishbot_description/resource/fishbot_description -> /home/lin/train2/src/install/fishbot_description/share/ament_index/resource_index/packages
[3.034s] symbolically linking /home/lin/train2/src/build/fishbot_description/package.xml -> /home/lin/train2/src/install/fishbot_description/share/fishbot_description
[3.034s] symbolically linking /home/lin/train2/src/build/fishbot_description/launch/rviz2.launch.py -> /home/lin/train2/src/install/fishbot_description/share/fishbot_description/launch
[3.034s] symbolically linking /home/lin/train2/src/build/fishbot_description/launch/gazebo.launch.py -> /home/lin/train2/src/install/fishbot_description/share/fishbot_description/launch
[3.034s] symbolically linking /home/lin/train2/src/build/fishbot_description/urdf/robot_base.urdf -> /home/lin/train2/src/install/fishbot_description/share/fishbot_description/urdf
[3.057s] Invoked command in '/home/lin/train2/src/build/fishbot_description' returned '0': PYTHONPATH=/home/lin/train2/src/build/fishbot_description/prefix_override:/usr/lib/python3/dist-packages/colcon_core/task/python/colcon_distutils_commands:/home/lin/train2/src/install/fishbot_description/lib/python3.10/site-packages:${PYTHONPATH} /usr/bin/python3 -W ignore:setup.py install is deprecated -W ignore:easy_install command is deprecated setup.py develop --editable --build-directory /home/lin/train2/src/build/fishbot_description/build --no-deps symlink_data --force
