[0.665s] Invoking command in '/home/lin/train2/src/build/fishbot_bringup': CMAKE_PREFIX_PATH=${CMAKE_PREFIX_PATH}:/home/lin/ros_ws/install/sdformat_tools:/home/lin/train2/src/install/fishbot_description:/home/lin/train2/src/install/example_py:/opt/ros/humble /usr/local/bin/cmake --build /home/lin/train2/src/build/fishbot_bringup -- -j8 -l8
[1.859s] [100%] Built target fishbot_bringup
[2.074s] Invoked command in '/home/lin/train2/src/build/fishbot_bringup' returned '0': CMAKE_PREFIX_PATH=${CMAKE_PREFIX_PATH}:/home/lin/ros_ws/install/sdformat_tools:/home/lin/train2/src/install/fishbot_description:/home/lin/train2/src/install/example_py:/opt/ros/humble /usr/local/bin/cmake --build /home/lin/train2/src/build/fishbot_bringup -- -j8 -l8
[2.087s] Invoking command in '/home/lin/train2/src/build/fishbot_bringup': CMAKE_PREFIX_PATH=${CMAKE_PREFIX_PATH}:/home/lin/ros_ws/install/sdformat_tools:/home/lin/train2/src/install/fishbot_description:/home/lin/train2/src/install/example_py:/opt/ros/humble /usr/local/bin/cmake --install /home/lin/train2/src/build/fishbot_bringup
[2.142s] -- Install configuration: ""
[2.146s] -- Execute custom install script
[2.170s] -- Up-to-date symlink: /home/lin/train2/src/install/fishbot_bringup/lib/fishbot_bringup/fishbot_bringup
[2.207s] -- Up-to-date symlink: /home/lin/train2/src/install/fishbot_bringup/share/ament_index/resource_index/package_run_dependencies/fishbot_bringup
[2.314s] -- Up-to-date symlink: /home/lin/train2/src/install/fishbot_bringup/share/ament_index/resource_index/parent_prefix_path/fishbot_bringup
[2.315s] -- Up-to-date symlink: /home/lin/train2/src/install/fishbot_bringup/share/fishbot_bringup/environment/ament_prefix_path.sh
[2.320s] -- Up-to-date symlink: /home/lin/train2/src/install/fishbot_bringup/share/fishbot_bringup/environment/ament_prefix_path.dsv
[2.320s] -- Up-to-date symlink: /home/lin/train2/src/install/fishbot_bringup/share/fishbot_bringup/environment/path.sh
[2.324s] -- Up-to-date symlink: /home/lin/train2/src/install/fishbot_bringup/share/fishbot_bringup/environment/path.dsv
[2.324s] -- Up-to-date symlink: /home/lin/train2/src/install/fishbot_bringup/share/fishbot_bringup/local_setup.bash
[2.325s] -- Up-to-date symlink: /home/lin/train2/src/install/fishbot_bringup/share/fishbot_bringup/local_setup.sh
[2.325s] -- Up-to-date symlink: /home/lin/train2/src/install/fishbot_bringup/share/fishbot_bringup/local_setup.zsh
[2.325s] -- Up-to-date symlink: /home/lin/train2/src/install/fishbot_bringup/share/fishbot_bringup/local_setup.dsv
[2.355s] -- Symlinking: /home/lin/train2/src/install/fishbot_bringup/share/fishbot_bringup/package.dsv
[2.379s] -- Up-to-date symlink: /home/lin/train2/src/install/fishbot_bringup/share/ament_index/resource_index/packages/fishbot_bringup
[2.379s] -- Up-to-date symlink: /home/lin/train2/src/install/fishbot_bringup/share/fishbot_bringup/cmake/fishbot_bringupConfig.cmake
[2.379s] -- Up-to-date symlink: /home/lin/train2/src/install/fishbot_bringup/share/fishbot_bringup/cmake/fishbot_bringupConfig-version.cmake
[2.379s] -- Up-to-date symlink: /home/lin/train2/src/install/fishbot_bringup/share/fishbot_bringup/package.xml
[2.619s] Invoked command in '/home/lin/train2/src/build/fishbot_bringup' returned '0': CMAKE_PREFIX_PATH=${CMAKE_PREFIX_PATH}:/home/lin/ros_ws/install/sdformat_tools:/home/lin/train2/src/install/fishbot_description:/home/lin/train2/src/install/example_py:/opt/ros/humble /usr/local/bin/cmake --install /home/lin/train2/src/build/fishbot_bringup
