-- Found ament_cmake: 1.3.12 (/opt/ros/humble/share/ament_cmake/cmake)
-- Override CMake install command with custom implementation using symlinks instead of copying resources
-- Found rclcpp: 16.0.14 (/opt/ros/humble/share/rclcpp/cmake)
-- Found rosidl_generator_c: 3.1.7 (/opt/ros/humble/share/rosidl_generator_c/cmake)
-- Found rosidl_adapter: 3.1.7 (/opt/ros/humble/share/rosidl_adapter/cmake)
-- Found rosidl_generator_cpp: 3.1.7 (/opt/ros/humble/share/rosidl_generator_cpp/cmake)
-- Using all available rosidl_typesupport_c: rosidl_typesupport_fastrtps_c;rosidl_typesupport_introspection_c
-- Using all available rosidl_typesupport_cpp: rosidl_typesupport_fastrtps_cpp;rosidl_typesupport_introspection_cpp
-- Found rmw_implementation_cmake: 6.1.2 (/opt/ros/humble/share/rmw_implementation_cmake/cmake)
-- Found rmw_fastrtps_cpp: 6.2.8 (/opt/ros/humble/share/rmw_fastrtps_cpp/cmake)
-- Using RMW implementation 'rmw_fastrtps_cpp' as default
-- Found sensor_msgs: 4.9.0 (/opt/ros/humble/share/sensor_msgs/cmake)
-- Found visualization_msgs: 4.9.0 (/opt/ros/humble/share/visualization_msgs/cmake)
-- Found ament_lint_auto: 0.12.14 (/opt/ros/humble/share/ament_lint_auto/cmake)
-- Added test 'copyright' to check source files copyright and LICENSE
-- Added test 'cppcheck' to perform static code analysis on C / C++ code
-- Configured cppcheck include dirs: /home/lin/train2/src/ydlidar_ros2/src;/home/lin/train2/src/ydlidar_ros2/sdk/include;/home/lin/train2/src/ydlidar_ros2/sdk/src
-- Configured cppcheck exclude dirs and/or files: 
-- Added test 'cpplint' to check C / C++ code against the Google style
-- Configured cpplint exclude dirs and/or files: 
-- Added test 'flake8' to check Python code syntax and style conventions
-- Added test 'lint_cmake' to check CMake code style
-- Added test 'pep257' to check Python code against some of the docstring style conventions in PEP 257
-- Added test 'uncrustify' to check C / C++ code style
-- Configured uncrustify additional arguments: 
-- Added test 'xmllint' to check XML markup files
-- Configuring done (2.7s)
-- Generating done (0.0s)
-- Build files have been written to: /home/lin/train2/src/build/ydlidar_ros2
[  9%] [32mBuilding CXX object CMakeFiles/ydlidar_node.dir/src/ydlidar_node.cpp.o[0m
[ 18%] [32mBuilding CXX object CMakeFiles/ydlidar_node.dir/sdk/src/impl/unix/unix_serial.cpp.o[0m
[ 36%] [32mBuilding C object CMakeFiles/ydlidar_node.dir/sdk/src/lock.c.o[0m
[ 36%] [32mBuilding CXX object CMakeFiles/ydlidar_node.dir/sdk/src/impl/unix/unix_timer.cpp.o[0m
[ 45%] [32mBuilding CXX object CMakeFiles/ydlidar_node.dir/sdk/src/impl/unix/list_ports_linux.cpp.o[0m
[ 54%] [32mBuilding CXX object CMakeFiles/ydlidar_node.dir/sdk/src/serial.cpp.o[0m
[ 63%] [32mBuilding CXX object CMakeFiles/ydlidar_node.dir/sdk/src/CYdLidar.cpp.o[0m
[ 72%] [32mBuilding CXX object CMakeFiles/ydlidar_client.dir/src/ydlidar_client.cpp.o[0m
[ 81%] [32mBuilding CXX object CMakeFiles/ydlidar_node.dir/sdk/src/ydlidar_driver.cpp.o[0m
[ 90%] [32m[1mLinking CXX executable ydlidar_node[0m
[ 90%] Built target ydlidar_node
[100%] [32m[1mLinking CXX executable ydlidar_client[0m
[100%] Built target ydlidar_client
-- Install configuration: ""
-- Execute custom install script
-- Symlinking: /home/lin/train2/src/install/ydlidar_ros2/lib/ydlidar_ros2/ydlidar_node
-- Symlinking: /home/lin/train2/src/install/ydlidar_ros2/lib/ydlidar_ros2/ydlidar_client
-- Symlinking: /home/lin/train2/src/install/ydlidar_ros2/share/ydlidar_ros2/launch/ydlidar.py
-- Symlinking: /home/lin/train2/src/install/ydlidar_ros2/share/ydlidar_ros2/launch/ydlidar_launch.py
-- Symlinking: /home/lin/train2/src/install/ydlidar_ros2/share/ydlidar_ros2/params/ydlidar.yaml
-- Symlinking: /home/lin/train2/src/install/ydlidar_ros2/share/ydlidar_ros2/startup/initenv.sh
-- Symlinking: /home/lin/train2/src/install/ydlidar_ros2/share/ament_index/resource_index/package_run_dependencies/ydlidar_ros2
-- Symlinking: /home/lin/train2/src/install/ydlidar_ros2/share/ament_index/resource_index/parent_prefix_path/ydlidar_ros2
-- Symlinking: /home/lin/train2/src/install/ydlidar_ros2/share/ydlidar_ros2/environment/ament_prefix_path.sh
-- Symlinking: /home/lin/train2/src/install/ydlidar_ros2/share/ydlidar_ros2/environment/ament_prefix_path.dsv
-- Symlinking: /home/lin/train2/src/install/ydlidar_ros2/share/ydlidar_ros2/environment/path.sh
-- Symlinking: /home/lin/train2/src/install/ydlidar_ros2/share/ydlidar_ros2/environment/path.dsv
-- Symlinking: /home/lin/train2/src/install/ydlidar_ros2/share/ydlidar_ros2/local_setup.bash
-- Symlinking: /home/lin/train2/src/install/ydlidar_ros2/share/ydlidar_ros2/local_setup.sh
-- Symlinking: /home/lin/train2/src/install/ydlidar_ros2/share/ydlidar_ros2/local_setup.zsh
-- Symlinking: /home/lin/train2/src/install/ydlidar_ros2/share/ydlidar_ros2/local_setup.dsv
-- Symlinking: /home/lin/train2/src/install/ydlidar_ros2/share/ydlidar_ros2/package.dsv
-- Symlinking: /home/lin/train2/src/install/ydlidar_ros2/share/ament_index/resource_index/packages/ydlidar_ros2
-- Symlinking: /home/lin/train2/src/install/ydlidar_ros2/share/ydlidar_ros2/cmake/ydlidar_ros2Config.cmake
-- Symlinking: /home/lin/train2/src/install/ydlidar_ros2/share/ydlidar_ros2/cmake/ydlidar_ros2Config-version.cmake
-- Symlinking: /home/lin/train2/src/install/ydlidar_ros2/share/ydlidar_ros2/package.xml
