-- Found ament_cmake: 1.3.12 (/opt/ros/humble/share/ament_cmake/cmake)
-- Override CMake install command with custom implementation using symlinks instead of copying resources
-- Found ament_lint_auto: 0.12.14 (/opt/ros/humble/share/ament_lint_auto/cmake)
-- Added test 'flake8' to check Python code syntax and style conventions
-- Added test 'lint_cmake' to check CMake code style
-- Added test 'pep257' to check Python code against some of the docstring style conventions in PEP 257
-- Added test 'xmllint' to check XML markup files
-- Configuring done (2.7s)
-- Generating done (0.0s)
-- Build files have been written to: /home/lin/train2/src/build/fishbot_cartographer
-- Install configuration: ""
-- Execute custom install script
-- Up-to-date symlink: /home/lin/train2/src/install/fishbot_cartographer/share/fishbot_cartographer/config/ekf.yaml
-- Up-to-date symlink: /home/lin/train2/src/install/fishbot_cartographer/share/fishbot_cartographer/config/fishbot_2d.lua
-- Up-to-date symlink: /home/lin/train2/src/install/fishbot_cartographer/share/fishbot_cartographer/launch/cartographer.launch.py
-- Up-to-date symlink: /home/lin/train2/src/install/fishbot_cartographer/share/ament_index/resource_index/package_run_dependencies/fishbot_cartographer
-- Up-to-date symlink: /home/lin/train2/src/install/fishbot_cartographer/share/ament_index/resource_index/parent_prefix_path/fishbot_cartographer
-- Up-to-date symlink: /home/lin/train2/src/install/fishbot_cartographer/share/fishbot_cartographer/environment/ament_prefix_path.sh
-- Up-to-date symlink: /home/lin/train2/src/install/fishbot_cartographer/share/fishbot_cartographer/environment/ament_prefix_path.dsv
-- Up-to-date symlink: /home/lin/train2/src/install/fishbot_cartographer/share/fishbot_cartographer/environment/path.sh
-- Up-to-date symlink: /home/lin/train2/src/install/fishbot_cartographer/share/fishbot_cartographer/environment/path.dsv
-- Up-to-date symlink: /home/lin/train2/src/install/fishbot_cartographer/share/fishbot_cartographer/local_setup.bash
-- Up-to-date symlink: /home/lin/train2/src/install/fishbot_cartographer/share/fishbot_cartographer/local_setup.sh
-- Up-to-date symlink: /home/lin/train2/src/install/fishbot_cartographer/share/fishbot_cartographer/local_setup.zsh
-- Up-to-date symlink: /home/lin/train2/src/install/fishbot_cartographer/share/fishbot_cartographer/local_setup.dsv
-- Symlinking: /home/lin/train2/src/install/fishbot_cartographer/share/fishbot_cartographer/package.dsv
-- Up-to-date symlink: /home/lin/train2/src/install/fishbot_cartographer/share/ament_index/resource_index/packages/fishbot_cartographer
-- Up-to-date symlink: /home/lin/train2/src/install/fishbot_cartographer/share/fishbot_cartographer/cmake/fishbot_cartographerConfig.cmake
-- Up-to-date symlink: /home/lin/train2/src/install/fishbot_cartographer/share/fishbot_cartographer/cmake/fishbot_cartographerConfig-version.cmake
-- Up-to-date symlink: /home/lin/train2/src/install/fishbot_cartographer/share/fishbot_cartographer/package.xml
