[0.801s] Invoking command in '/home/lin/train2/src/build/fishbot_cartographer': CMAKE_PREFIX_PATH=${CMAKE_PREFIX_PATH}:/home/lin/ros_ws/install/sdformat_tools:/home/lin/train2/src/install/fishbot_description:/home/lin/train2/src/install/example_py:/opt/ros/humble /usr/local/bin/cmake --build /home/lin/train2/src/build/fishbot_cartographer -- -j8 -l8
[2.144s] -- Found ament_cmake: 1.3.12 (/opt/ros/humble/share/ament_cmake/cmake)
[2.552s] -- Override CMake install command with custom implementation using symlinks instead of copying resources
[2.756s] -- Found ament_lint_auto: 0.12.14 (/opt/ros/humble/share/ament_lint_auto/cmake)
[3.486s] -- Added test 'flake8' to check Python code syntax and style conventions
[3.487s] -- Added test 'lint_cmake' to check CMake code style
[3.499s] -- Added test 'pep257' to check Python code against some of the docstring style conventions in PEP 257
[3.542s] -- Added test 'xmllint' to check XML markup files
[3.594s] -- Configuring done (2.7s)
[3.641s] -- Generating done (0.0s)
[3.657s] -- Build files have been written to: /home/lin/train2/src/build/fishbot_cartographer
[4.076s] Invoked command in '/home/lin/train2/src/build/fishbot_cartographer' returned '0': CMAKE_PREFIX_PATH=${CMAKE_PREFIX_PATH}:/home/lin/ros_ws/install/sdformat_tools:/home/lin/train2/src/install/fishbot_description:/home/lin/train2/src/install/example_py:/opt/ros/humble /usr/local/bin/cmake --build /home/lin/train2/src/build/fishbot_cartographer -- -j8 -l8
[4.088s] Invoking command in '/home/lin/train2/src/build/fishbot_cartographer': CMAKE_PREFIX_PATH=${CMAKE_PREFIX_PATH}:/home/lin/ros_ws/install/sdformat_tools:/home/lin/train2/src/install/fishbot_description:/home/lin/train2/src/install/example_py:/opt/ros/humble /usr/local/bin/cmake --install /home/lin/train2/src/build/fishbot_cartographer
[4.111s] -- Install configuration: ""
[4.128s] -- Execute custom install script
[4.137s] -- Up-to-date symlink: /home/lin/train2/src/install/fishbot_cartographer/share/fishbot_cartographer/config/ekf.yaml
[4.147s] -- Up-to-date symlink: /home/lin/train2/src/install/fishbot_cartographer/share/fishbot_cartographer/config/fishbot_2d.lua
[4.147s] -- Up-to-date symlink: /home/lin/train2/src/install/fishbot_cartographer/share/fishbot_cartographer/launch/cartographer.launch.py
[4.147s] -- Up-to-date symlink: /home/lin/train2/src/install/fishbot_cartographer/share/ament_index/resource_index/package_run_dependencies/fishbot_cartographer
[4.148s] -- Up-to-date symlink: /home/lin/train2/src/install/fishbot_cartographer/share/ament_index/resource_index/parent_prefix_path/fishbot_cartographer
[4.148s] -- Up-to-date symlink: /home/lin/train2/src/install/fishbot_cartographer/share/fishbot_cartographer/environment/ament_prefix_path.sh
[4.148s] -- Up-to-date symlink: /home/lin/train2/src/install/fishbot_cartographer/share/fishbot_cartographer/environment/ament_prefix_path.dsv
[4.149s] -- Up-to-date symlink: /home/lin/train2/src/install/fishbot_cartographer/share/fishbot_cartographer/environment/path.sh
[4.149s] -- Up-to-date symlink: /home/lin/train2/src/install/fishbot_cartographer/share/fishbot_cartographer/environment/path.dsv
[4.149s] -- Up-to-date symlink: /home/lin/train2/src/install/fishbot_cartographer/share/fishbot_cartographer/local_setup.bash
[4.165s] -- Up-to-date symlink: /home/lin/train2/src/install/fishbot_cartographer/share/fishbot_cartographer/local_setup.sh
[4.166s] -- Up-to-date symlink: /home/lin/train2/src/install/fishbot_cartographer/share/fishbot_cartographer/local_setup.zsh
[4.166s] -- Up-to-date symlink: /home/lin/train2/src/install/fishbot_cartographer/share/fishbot_cartographer/local_setup.dsv
[4.166s] -- Symlinking: /home/lin/train2/src/install/fishbot_cartographer/share/fishbot_cartographer/package.dsv
[4.191s] -- Up-to-date symlink: /home/lin/train2/src/install/fishbot_cartographer/share/ament_index/resource_index/packages/fishbot_cartographer
[4.198s] -- Up-to-date symlink: /home/lin/train2/src/install/fishbot_cartographer/share/fishbot_cartographer/cmake/fishbot_cartographerConfig.cmake
[4.199s] -- Up-to-date symlink: /home/lin/train2/src/install/fishbot_cartographer/share/fishbot_cartographer/cmake/fishbot_cartographerConfig-version.cmake
[4.212s] -- Up-to-date symlink: /home/lin/train2/src/install/fishbot_cartographer/share/fishbot_cartographer/package.xml
[4.240s] Invoked command in '/home/lin/train2/src/build/fishbot_cartographer' returned '0': CMAKE_PREFIX_PATH=${CMAKE_PREFIX_PATH}:/home/lin/ros_ws/install/sdformat_tools:/home/lin/train2/src/install/fishbot_description:/home/lin/train2/src/install/example_py:/opt/ros/humble /usr/local/bin/cmake --install /home/lin/train2/src/build/fishbot_cartographer
