[0.037s] Invoking command in '/home/lin/train2/src/build/example_cpp': CMAKE_PREFIX_PATH=/home/lin/train2/src/install/example_ros2_interfaces:/home/lin/train2/src/install/robot_startup:/home/lin/train2/src/install/example_cpp:/home/lin/train2/install/example_cpp:/home/lin/train2/install/example_ros2_interfaces:/home/lin/train2/src/install/example_py:/home/lin/train2/install/example_py:/opt/ros/humble /usr/local/bin/cmake --build /home/lin/train2/src/build/example_cpp -- -j8 -l8
[0.189s] [ 16%] Built target node_01
[0.190s] [ 33%] Built target node_03
[0.199s] [ 50%] Built target topic_publisher_01
[0.208s] [ 66%] Built target topic_subscribe_01
[0.219s] [ 83%] Built target example_interfaces_robot_01
[0.227s] [100%] Built target example_interfaces_control_01
[0.252s] Invoked command in '/home/lin/train2/src/build/example_cpp' returned '0': CMAKE_PREFIX_PATH=/home/lin/train2/src/install/example_ros2_interfaces:/home/lin/train2/src/install/robot_startup:/home/lin/train2/src/install/example_cpp:/home/lin/train2/install/example_cpp:/home/lin/train2/install/example_ros2_interfaces:/home/lin/train2/src/install/example_py:/home/lin/train2/install/example_py:/opt/ros/humble /usr/local/bin/cmake --build /home/lin/train2/src/build/example_cpp -- -j8 -l8
[0.254s] Invoking command in '/home/lin/train2/src/build/example_cpp': CMAKE_PREFIX_PATH=/home/lin/train2/src/install/example_ros2_interfaces:/home/lin/train2/src/install/robot_startup:/home/lin/train2/src/install/example_cpp:/home/lin/train2/install/example_cpp:/home/lin/train2/install/example_ros2_interfaces:/home/lin/train2/src/install/example_py:/home/lin/train2/install/example_py:/opt/ros/humble /usr/local/bin/cmake --install /home/lin/train2/src/build/example_cpp
[0.257s] -- Install configuration: ""
[0.259s] -- Up-to-date: /home/lin/train2/src/install/example_cpp/lib/example_cpp/example_interfaces_robot_01
[0.263s] -- Up-to-date: /home/lin/train2/src/install/example_cpp/lib/example_cpp/example_interfaces_control_01
[0.264s] -- Up-to-date: /home/lin/train2/src/install/example_cpp/share/ament_index/resource_index/package_run_dependencies/example_cpp
[0.264s] -- Up-to-date: /home/lin/train2/src/install/example_cpp/share/ament_index/resource_index/parent_prefix_path/example_cpp
[0.265s] -- Up-to-date: /home/lin/train2/src/install/example_cpp/share/example_cpp/environment/ament_prefix_path.sh
[0.266s] -- Up-to-date: /home/lin/train2/src/install/example_cpp/share/example_cpp/environment/ament_prefix_path.dsv
[0.266s] -- Up-to-date: /home/lin/train2/src/install/example_cpp/share/example_cpp/environment/path.sh
[0.266s] -- Up-to-date: /home/lin/train2/src/install/example_cpp/share/example_cpp/environment/path.dsv
[0.266s] -- Up-to-date: /home/lin/train2/src/install/example_cpp/share/example_cpp/local_setup.bash
[0.266s] -- Up-to-date: /home/lin/train2/src/install/example_cpp/share/example_cpp/local_setup.sh
[0.267s] -- Up-to-date: /home/lin/train2/src/install/example_cpp/share/example_cpp/local_setup.zsh
[0.267s] -- Up-to-date: /home/lin/train2/src/install/example_cpp/share/example_cpp/local_setup.dsv
[0.268s] -- Installing: /home/lin/train2/src/install/example_cpp/share/example_cpp/package.dsv
[0.268s] -- Up-to-date: /home/lin/train2/src/install/example_cpp/share/ament_index/resource_index/packages/example_cpp
[0.269s] -- Up-to-date: /home/lin/train2/src/install/example_cpp/share/example_cpp/cmake/example_cppConfig.cmake
[0.269s] -- Up-to-date: /home/lin/train2/src/install/example_cpp/share/example_cpp/cmake/example_cppConfig-version.cmake
[0.269s] -- Up-to-date: /home/lin/train2/src/install/example_cpp/share/example_cpp/package.xml
[0.269s] -- Up-to-date: /home/lin/train2/src/install/example_cpp/lib/example_cpp/node_01
[0.271s] -- Up-to-date: /home/lin/train2/src/install/example_cpp/lib/example_cpp/node_03
[0.276s] -- Up-to-date: /home/lin/train2/src/install/example_cpp/lib/example_cpp/topic_publisher_01
[0.278s] -- Up-to-date: /home/lin/train2/src/install/example_cpp/lib/example_cpp/topic_subscribe_01
[0.286s] Invoked command in '/home/lin/train2/src/build/example_cpp' returned '0': CMAKE_PREFIX_PATH=/home/lin/train2/src/install/example_ros2_interfaces:/home/lin/train2/src/install/robot_startup:/home/lin/train2/src/install/example_cpp:/home/lin/train2/install/example_cpp:/home/lin/train2/install/example_ros2_interfaces:/home/lin/train2/src/install/example_py:/home/lin/train2/install/example_py:/opt/ros/humble /usr/local/bin/cmake --install /home/lin/train2/src/build/example_cpp
