-- Found ament_cmake: 1.3.12 (/opt/ros/humble/share/ament_cmake/cmake)
-- Override CMake install command with custom implementation using symlinks instead of copying resources
-- Found ament_lint_auto: 0.12.14 (/opt/ros/humble/share/ament_lint_auto/cmake)
-- Added test 'flake8' to check Python code syntax and style conventions
-- Added test 'lint_cmake' to check CMake code style
-- Added test 'pep257' to check Python code against some of the docstring style conventions in PEP 257
-- Added test 'xmllint' to check XML markup files
-- Configuring done (0.6s)
-- Generating done (0.0s)
-- Build files have been written to: /home/lin/train2/src/build/robot_startup
-- Install configuration: ""
-- Execute custom install script
-- Symlinking: /home/lin/train2/src/install/robot_startup/share/robot_startup/launch/example_action.launch.py
-- Symlinking: /home/lin/train2/src/install/robot_startup/share/ament_index/resource_index/package_run_dependencies/robot_startup
-- Symlinking: /home/lin/train2/src/install/robot_startup/share/ament_index/resource_index/parent_prefix_path/robot_startup
-- Symlinking: /home/lin/train2/src/install/robot_startup/share/robot_startup/environment/ament_prefix_path.sh
-- Symlinking: /home/lin/train2/src/install/robot_startup/share/robot_startup/environment/ament_prefix_path.dsv
-- Symlinking: /home/lin/train2/src/install/robot_startup/share/robot_startup/environment/path.sh
-- Symlinking: /home/lin/train2/src/install/robot_startup/share/robot_startup/environment/path.dsv
-- Symlinking: /home/lin/train2/src/install/robot_startup/share/robot_startup/local_setup.bash
-- Symlinking: /home/lin/train2/src/install/robot_startup/share/robot_startup/local_setup.sh
-- Symlinking: /home/lin/train2/src/install/robot_startup/share/robot_startup/local_setup.zsh
-- Symlinking: /home/lin/train2/src/install/robot_startup/share/robot_startup/local_setup.dsv
-- Symlinking: /home/lin/train2/src/install/robot_startup/share/robot_startup/package.dsv
-- Symlinking: /home/lin/train2/src/install/robot_startup/share/ament_index/resource_index/packages/robot_startup
-- Symlinking: /home/lin/train2/src/install/robot_startup/share/robot_startup/cmake/robot_startupConfig.cmake
-- Symlinking: /home/lin/train2/src/install/robot_startup/share/robot_startup/cmake/robot_startupConfig-version.cmake
-- Symlinking: /home/lin/train2/src/install/robot_startup/share/robot_startup/package.xml
