[0.039s] Invoking command in '/home/lin/train2/src/build/ros2_laser_scan_matcher': AMENT_PREFIX_PATH=/home/lin/train2/src/install/csm:${AMENT_PREFIX_PATH} CMAKE_PREFIX_PATH=/home/lin/train2/src/install/csm:/home/lin/ros_ws/install/rmu_gazebo_simulator:/home/lin/ros_ws/install/pb2025_robot_description:/home/lin/ros_ws/install/rmoss_core:/home/lin/ros_ws/install/rmoss_cam:/home/lin/ros_ws/install/rmoss_util:/home/lin/ros_ws/install/rmoss_projectile_motion:/home/lin/ros_ws/install/rmoss_gz_cam:/home/lin/ros_ws/install/rmoss_gz_bridge:/home/lin/ros_ws/install/rmoss_gz_base:/home/lin/ros_ws/install/rmoss_base:/home/lin/ros_ws/install/rmoss_interfaces:/home/lin/ros_ws/install/rmoss_gz_resources:/home/lin/ros_ws/install/rmoss_gz_plugins:/home/lin/train2/src/install/ydlidar_ros2:/home/lin/train2/src/install/ydlidar:/home/lin/train2/src/install/robot_startup:/home/lin/train2/src/install/odom_publisher:/home/lin/train2/src/install/fishbot_navigation2:/home/lin/train2/src/install/fishbot_cartographer:/home/lin/train2/src/install/fishbot_bringup:/home/lin/train2/src/install/example_cpp:/home/lin/train2/src/install/example_ros2_interfaces:/home/lin/ros_ws/install/sdformat_tools:/home/lin/train2/src/install/fishbot_description:/home/lin/train2/src/install/example_py:/opt/ros/humble LD_LIBRARY_PATH=/home/lin/train2/src/install/csm/lib:${LD_LIBRARY_PATH} /usr/local/bin/cmake /home/lin/train2/src/ros2_laser_scan_matcher -DCMAKE_INSTALL_PREFIX=/home/lin/train2/src/install/ros2_laser_scan_matcher
[0.150s] -- The C compiler identification is GNU 11.4.0
[0.267s] -- The CXX compiler identification is GNU 11.4.0
[0.305s] -- Detecting C compiler ABI info
[0.458s] -- Detecting C compiler ABI info - done
[0.468s] -- Check for working C compiler: /usr/bin/cc - skipped
[0.468s] -- Detecting C compile features
[0.469s] -- Detecting C compile features - done
[0.491s] -- Detecting CXX compiler ABI info
[0.672s] -- Detecting CXX compiler ABI info - done
[0.681s] -- Check for working CXX compiler: /usr/bin/c++ - skipped
[0.681s] -- Detecting CXX compile features
[0.682s] -- Detecting CXX compile features - done
[0.696s] -- Found ament_cmake: 1.3.12 (/opt/ros/humble/share/ament_cmake/cmake)
[0.933s] -- Found Python3: /usr/bin/python3 (found version "3.10.12") found components: Interpreter 
[1.193s] -- Found sensor_msgs: 4.9.0 (/opt/ros/humble/share/sensor_msgs/cmake)
[1.333s] -- Found rosidl_generator_c: 3.1.7 (/opt/ros/humble/share/rosidl_generator_c/cmake)
[1.361s] -- Found rosidl_adapter: 3.1.7 (/opt/ros/humble/share/rosidl_adapter/cmake)
[1.395s] -- Found rosidl_generator_cpp: 3.1.7 (/opt/ros/humble/share/rosidl_generator_cpp/cmake)
[1.439s] -- Using all available rosidl_typesupport_c: rosidl_typesupport_fastrtps_c;rosidl_typesupport_introspection_c
[1.500s] -- Using all available rosidl_typesupport_cpp: rosidl_typesupport_fastrtps_cpp;rosidl_typesupport_introspection_cpp
[1.644s] -- Found rclcpp: 16.0.14 (/opt/ros/humble/share/rclcpp/cmake)
[1.798s] -- Found rmw_implementation_cmake: 6.1.2 (/opt/ros/humble/share/rmw_implementation_cmake/cmake)
[1.812s] -- Found rmw_fastrtps_cpp: 6.2.8 (/opt/ros/humble/share/rmw_fastrtps_cpp/cmake)
[2.062s] -- Found OpenSSL: /usr/lib/x86_64-linux-gnu/libcrypto.so (found version "3.0.2")  
[2.116s] -- Found FastRTPS: /opt/ros/humble/include  
[2.208s] -- Using RMW implementation 'rmw_fastrtps_cpp' as default
[2.249s] -- Performing Test CMAKE_HAVE_LIBC_PTHREAD
[2.401s] -- Performing Test CMAKE_HAVE_LIBC_PTHREAD - Success
[2.403s] -- Found Threads: TRUE  
[2.506s] -- Found nav_msgs: 4.9.0 (/opt/ros/humble/share/nav_msgs/cmake)
[2.560s] -- Found tf2_ros: 0.25.16 (/opt/ros/humble/share/tf2_ros/cmake)
[2.926s] -- Found tf2_geometry_msgs: 0.25.16 (/opt/ros/humble/share/tf2_geometry_msgs/cmake)
[2.995s] -- Found eigen3_cmake_module: 0.1.1 (/opt/ros/humble/share/eigen3_cmake_module/cmake)
[3.000s] -- Found Eigen3: TRUE (found version "3.4.0") 
[3.000s] -- Ensuring Eigen3 include directory is part of orocos-kdl CMake target
[3.010s] -- Found PkgConfig: /usr/bin/pkg-config (found version "1.8.0") 
[3.013s] -- Found csm: 0.0.0 (/home/lin/train2/src/install/csm/share/csm/cmake)
[3.094s] -- Found Boost: /usr/lib/x86_64-linux-gnu/cmake/Boost-1.74.0/BoostConfig.cmake (found version "1.74.0") found components: thread 
[3.201s] -- Configuring done (3.2s)
[3.247s] -- Generating done (0.0s)
[3.254s] -- Build files have been written to: /home/lin/train2/src/build/ros2_laser_scan_matcher
[3.270s] Invoked command in '/home/lin/train2/src/build/ros2_laser_scan_matcher' returned '0': AMENT_PREFIX_PATH=/home/lin/train2/src/install/csm:${AMENT_PREFIX_PATH} CMAKE_PREFIX_PATH=/home/lin/train2/src/install/csm:/home/lin/ros_ws/install/rmu_gazebo_simulator:/home/lin/ros_ws/install/pb2025_robot_description:/home/lin/ros_ws/install/rmoss_core:/home/lin/ros_ws/install/rmoss_cam:/home/lin/ros_ws/install/rmoss_util:/home/lin/ros_ws/install/rmoss_projectile_motion:/home/lin/ros_ws/install/rmoss_gz_cam:/home/lin/ros_ws/install/rmoss_gz_bridge:/home/lin/ros_ws/install/rmoss_gz_base:/home/lin/ros_ws/install/rmoss_base:/home/lin/ros_ws/install/rmoss_interfaces:/home/lin/ros_ws/install/rmoss_gz_resources:/home/lin/ros_ws/install/rmoss_gz_plugins:/home/lin/train2/src/install/ydlidar_ros2:/home/lin/train2/src/install/ydlidar:/home/lin/train2/src/install/robot_startup:/home/lin/train2/src/install/odom_publisher:/home/lin/train2/src/install/fishbot_navigation2:/home/lin/train2/src/install/fishbot_cartographer:/home/lin/train2/src/install/fishbot_bringup:/home/lin/train2/src/install/example_cpp:/home/lin/train2/src/install/example_ros2_interfaces:/home/lin/ros_ws/install/sdformat_tools:/home/lin/train2/src/install/fishbot_description:/home/lin/train2/src/install/example_py:/opt/ros/humble LD_LIBRARY_PATH=/home/lin/train2/src/install/csm/lib:${LD_LIBRARY_PATH} /usr/local/bin/cmake /home/lin/train2/src/ros2_laser_scan_matcher -DCMAKE_INSTALL_PREFIX=/home/lin/train2/src/install/ros2_laser_scan_matcher
[3.273s] Invoking command in '/home/lin/train2/src/build/ros2_laser_scan_matcher': AMENT_PREFIX_PATH=/home/lin/train2/src/install/csm:${AMENT_PREFIX_PATH} CMAKE_PREFIX_PATH=/home/lin/train2/src/install/csm:/home/lin/ros_ws/install/rmu_gazebo_simulator:/home/lin/ros_ws/install/pb2025_robot_description:/home/lin/ros_ws/install/rmoss_core:/home/lin/ros_ws/install/rmoss_cam:/home/lin/ros_ws/install/rmoss_util:/home/lin/ros_ws/install/rmoss_projectile_motion:/home/lin/ros_ws/install/rmoss_gz_cam:/home/lin/ros_ws/install/rmoss_gz_bridge:/home/lin/ros_ws/install/rmoss_gz_base:/home/lin/ros_ws/install/rmoss_base:/home/lin/ros_ws/install/rmoss_interfaces:/home/lin/ros_ws/install/rmoss_gz_resources:/home/lin/ros_ws/install/rmoss_gz_plugins:/home/lin/train2/src/install/ydlidar_ros2:/home/lin/train2/src/install/ydlidar:/home/lin/train2/src/install/robot_startup:/home/lin/train2/src/install/odom_publisher:/home/lin/train2/src/install/fishbot_navigation2:/home/lin/train2/src/install/fishbot_cartographer:/home/lin/train2/src/install/fishbot_bringup:/home/lin/train2/src/install/example_cpp:/home/lin/train2/src/install/example_ros2_interfaces:/home/lin/ros_ws/install/sdformat_tools:/home/lin/train2/src/install/fishbot_description:/home/lin/train2/src/install/example_py:/opt/ros/humble LD_LIBRARY_PATH=/home/lin/train2/src/install/csm/lib:${LD_LIBRARY_PATH} /usr/local/bin/cmake --build /home/lin/train2/src/build/ros2_laser_scan_matcher -- -j8 -l8
[3.343s] [ 50%] [32mBuilding CXX object CMakeFiles/laser_scan_matcher.dir/src/laser_scan_matcher.cpp.o[0m
[4.402s] In file included from [01m[K/home/lin/train2/src/ros2_laser_scan_matcher/include/ros2_laser_scan_matcher/laser_scan_matcher.h:47[m[K,
[4.402s]                  from [01m[K/home/lin/train2/src/ros2_laser_scan_matcher/src/laser_scan_matcher.cpp:38[m[K:
[4.402s] [01m[K/opt/ros/humble/include/tf2_geometry_msgs/tf2_geometry_msgs/tf2_geometry_msgs.h:35:2:[m[K [01;35m[Kwarning: [m[K#warning This header is obsolete, please include tf2_geometry_msgs/tf2_geometry_msgs.hpp instead [[01;35m[K]8;;https://gcc.gnu.org/onlinedocs/gcc/Warning-Options.html#index-Wcpp-Wcpp]8;;[m[K]
[4.402s]    35 | #[01;35m[Kwarning[m[K This header is obsolete, please include tf2_geometry_msgs/tf2_geometry_msgs.hpp instead
[4.402s]       |  [01;35m[K^~~~~~~[m[K
[17.271s] [100%] [32m[1mLinking CXX executable laser_scan_matcher[0m
[18.212s] [100%] Built target laser_scan_matcher
[18.222s] Invoked command in '/home/lin/train2/src/build/ros2_laser_scan_matcher' returned '0': AMENT_PREFIX_PATH=/home/lin/train2/src/install/csm:${AMENT_PREFIX_PATH} CMAKE_PREFIX_PATH=/home/lin/train2/src/install/csm:/home/lin/ros_ws/install/rmu_gazebo_simulator:/home/lin/ros_ws/install/pb2025_robot_description:/home/lin/ros_ws/install/rmoss_core:/home/lin/ros_ws/install/rmoss_cam:/home/lin/ros_ws/install/rmoss_util:/home/lin/ros_ws/install/rmoss_projectile_motion:/home/lin/ros_ws/install/rmoss_gz_cam:/home/lin/ros_ws/install/rmoss_gz_bridge:/home/lin/ros_ws/install/rmoss_gz_base:/home/lin/ros_ws/install/rmoss_base:/home/lin/ros_ws/install/rmoss_interfaces:/home/lin/ros_ws/install/rmoss_gz_resources:/home/lin/ros_ws/install/rmoss_gz_plugins:/home/lin/train2/src/install/ydlidar_ros2:/home/lin/train2/src/install/ydlidar:/home/lin/train2/src/install/robot_startup:/home/lin/train2/src/install/odom_publisher:/home/lin/train2/src/install/fishbot_navigation2:/home/lin/train2/src/install/fishbot_cartographer:/home/lin/train2/src/install/fishbot_bringup:/home/lin/train2/src/install/example_cpp:/home/lin/train2/src/install/example_ros2_interfaces:/home/lin/ros_ws/install/sdformat_tools:/home/lin/train2/src/install/fishbot_description:/home/lin/train2/src/install/example_py:/opt/ros/humble LD_LIBRARY_PATH=/home/lin/train2/src/install/csm/lib:${LD_LIBRARY_PATH} /usr/local/bin/cmake --build /home/lin/train2/src/build/ros2_laser_scan_matcher -- -j8 -l8
[18.232s] Invoking command in '/home/lin/train2/src/build/ros2_laser_scan_matcher': AMENT_PREFIX_PATH=/home/lin/train2/src/install/csm:${AMENT_PREFIX_PATH} CMAKE_PREFIX_PATH=/home/lin/train2/src/install/csm:/home/lin/ros_ws/install/rmu_gazebo_simulator:/home/lin/ros_ws/install/pb2025_robot_description:/home/lin/ros_ws/install/rmoss_core:/home/lin/ros_ws/install/rmoss_cam:/home/lin/ros_ws/install/rmoss_util:/home/lin/ros_ws/install/rmoss_projectile_motion:/home/lin/ros_ws/install/rmoss_gz_cam:/home/lin/ros_ws/install/rmoss_gz_bridge:/home/lin/ros_ws/install/rmoss_gz_base:/home/lin/ros_ws/install/rmoss_base:/home/lin/ros_ws/install/rmoss_interfaces:/home/lin/ros_ws/install/rmoss_gz_resources:/home/lin/ros_ws/install/rmoss_gz_plugins:/home/lin/train2/src/install/ydlidar_ros2:/home/lin/train2/src/install/ydlidar:/home/lin/train2/src/install/robot_startup:/home/lin/train2/src/install/odom_publisher:/home/lin/train2/src/install/fishbot_navigation2:/home/lin/train2/src/install/fishbot_cartographer:/home/lin/train2/src/install/fishbot_bringup:/home/lin/train2/src/install/example_cpp:/home/lin/train2/src/install/example_ros2_interfaces:/home/lin/ros_ws/install/sdformat_tools:/home/lin/train2/src/install/fishbot_description:/home/lin/train2/src/install/example_py:/opt/ros/humble LD_LIBRARY_PATH=/home/lin/train2/src/install/csm/lib:${LD_LIBRARY_PATH} /usr/local/bin/cmake --install /home/lin/train2/src/build/ros2_laser_scan_matcher
[18.238s] -- Install configuration: ""
[18.238s] -- Installing: /home/lin/train2/src/install/ros2_laser_scan_matcher/lib/ros2_laser_scan_matcher/laser_scan_matcher
[18.252s] -- Set runtime path of "/home/lin/train2/src/install/ros2_laser_scan_matcher/lib/ros2_laser_scan_matcher/laser_scan_matcher" to ""
[18.252s] -- Installing: /home/lin/train2/src/install/ros2_laser_scan_matcher/share/ament_index/resource_index/package_run_dependencies/ros2_laser_scan_matcher
[18.252s] -- Installing: /home/lin/train2/src/install/ros2_laser_scan_matcher/share/ament_index/resource_index/parent_prefix_path/ros2_laser_scan_matcher
[18.253s] -- Installing: /home/lin/train2/src/install/ros2_laser_scan_matcher/share/ros2_laser_scan_matcher/environment/ament_prefix_path.sh
[18.253s] -- Installing: /home/lin/train2/src/install/ros2_laser_scan_matcher/share/ros2_laser_scan_matcher/environment/ament_prefix_path.dsv
[18.253s] -- Installing: /home/lin/train2/src/install/ros2_laser_scan_matcher/share/ros2_laser_scan_matcher/environment/path.sh
[18.254s] -- Installing: /home/lin/train2/src/install/ros2_laser_scan_matcher/share/ros2_laser_scan_matcher/environment/path.dsv
[18.254s] -- Installing: /home/lin/train2/src/install/ros2_laser_scan_matcher/share/ros2_laser_scan_matcher/local_setup.bash
[18.254s] -- Installing: /home/lin/train2/src/install/ros2_laser_scan_matcher/share/ros2_laser_scan_matcher/local_setup.sh
[18.255s] -- Installing: /home/lin/train2/src/install/ros2_laser_scan_matcher/share/ros2_laser_scan_matcher/local_setup.zsh
[18.255s] -- Installing: /home/lin/train2/src/install/ros2_laser_scan_matcher/share/ros2_laser_scan_matcher/local_setup.dsv
[18.255s] -- Installing: /home/lin/train2/src/install/ros2_laser_scan_matcher/share/ros2_laser_scan_matcher/package.dsv
[18.255s] -- Installing: /home/lin/train2/src/install/ros2_laser_scan_matcher/share/ament_index/resource_index/packages/ros2_laser_scan_matcher
[18.256s] -- Installing: /home/lin/train2/src/install/ros2_laser_scan_matcher/share/ros2_laser_scan_matcher/cmake/ros2_laser_scan_matcherConfig.cmake
[18.256s] -- Installing: /home/lin/train2/src/install/ros2_laser_scan_matcher/share/ros2_laser_scan_matcher/cmake/ros2_laser_scan_matcherConfig-version.cmake
[18.256s] -- Installing: /home/lin/train2/src/install/ros2_laser_scan_matcher/share/ros2_laser_scan_matcher/package.xml
[18.258s] Invoked command in '/home/lin/train2/src/build/ros2_laser_scan_matcher' returned '0': AMENT_PREFIX_PATH=/home/lin/train2/src/install/csm:${AMENT_PREFIX_PATH} CMAKE_PREFIX_PATH=/home/lin/train2/src/install/csm:/home/lin/ros_ws/install/rmu_gazebo_simulator:/home/lin/ros_ws/install/pb2025_robot_description:/home/lin/ros_ws/install/rmoss_core:/home/lin/ros_ws/install/rmoss_cam:/home/lin/ros_ws/install/rmoss_util:/home/lin/ros_ws/install/rmoss_projectile_motion:/home/lin/ros_ws/install/rmoss_gz_cam:/home/lin/ros_ws/install/rmoss_gz_bridge:/home/lin/ros_ws/install/rmoss_gz_base:/home/lin/ros_ws/install/rmoss_base:/home/lin/ros_ws/install/rmoss_interfaces:/home/lin/ros_ws/install/rmoss_gz_resources:/home/lin/ros_ws/install/rmoss_gz_plugins:/home/lin/train2/src/install/ydlidar_ros2:/home/lin/train2/src/install/ydlidar:/home/lin/train2/src/install/robot_startup:/home/lin/train2/src/install/odom_publisher:/home/lin/train2/src/install/fishbot_navigation2:/home/lin/train2/src/install/fishbot_cartographer:/home/lin/train2/src/install/fishbot_bringup:/home/lin/train2/src/install/example_cpp:/home/lin/train2/src/install/example_ros2_interfaces:/home/lin/ros_ws/install/sdformat_tools:/home/lin/train2/src/install/fishbot_description:/home/lin/train2/src/install/example_py:/opt/ros/humble LD_LIBRARY_PATH=/home/lin/train2/src/install/csm/lib:${LD_LIBRARY_PATH} /usr/local/bin/cmake --install /home/lin/train2/src/build/ros2_laser_scan_matcher
