[0.558s] Invoking command in '/home/lin/train2/src/build/fishbot_cartographer': CMAKE_PREFIX_PATH=${CMAKE_PREFIX_PATH}:/home/lin/ros_ws/install/sdformat_tools:/home/lin/train2/src/install/fishbot_description:/home/lin/train2/src/install/example_py:/opt/ros/humble /usr/local/bin/cmake --build /home/lin/train2/src/build/fishbot_cartographer -- -j8 -l8
[1.072s] Invoked command in '/home/lin/train2/src/build/fishbot_cartographer' returned '0': CMAKE_PREFIX_PATH=${CMAKE_PREFIX_PATH}:/home/lin/ros_ws/install/sdformat_tools:/home/lin/train2/src/install/fishbot_description:/home/lin/train2/src/install/example_py:/opt/ros/humble /usr/local/bin/cmake --build /home/lin/train2/src/build/fishbot_cartographer -- -j8 -l8
[1.077s] Invoking command in '/home/lin/train2/src/build/fishbot_cartographer': CMAKE_PREFIX_PATH=${CMAKE_PREFIX_PATH}:/home/lin/ros_ws/install/sdformat_tools:/home/lin/train2/src/install/fishbot_description:/home/lin/train2/src/install/example_py:/opt/ros/humble /usr/local/bin/cmake --install /home/lin/train2/src/build/fishbot_cartographer
[1.095s] -- Install configuration: ""
[1.097s] -- Execute custom install script
[1.097s] -- Up-to-date symlink: /home/lin/train2/src/install/fishbot_cartographer/share/fishbot_cartographer/config/fishbot_2d.lua
[1.097s] -- Up-to-date symlink: /home/lin/train2/src/install/fishbot_cartographer/share/fishbot_cartographer/launch/cartographer.launch.py
[1.098s] -- Up-to-date symlink: /home/lin/train2/src/install/fishbot_cartographer/share/ament_index/resource_index/package_run_dependencies/fishbot_cartographer
[1.098s] -- Up-to-date symlink: /home/lin/train2/src/install/fishbot_cartographer/share/ament_index/resource_index/parent_prefix_path/fishbot_cartographer
[1.099s] -- Up-to-date symlink: /home/lin/train2/src/install/fishbot_cartographer/share/fishbot_cartographer/environment/ament_prefix_path.sh
[1.099s] -- Up-to-date symlink: /home/lin/train2/src/install/fishbot_cartographer/share/fishbot_cartographer/environment/ament_prefix_path.dsv
[1.099s] -- Up-to-date symlink: /home/lin/train2/src/install/fishbot_cartographer/share/fishbot_cartographer/environment/path.sh
[1.099s] -- Up-to-date symlink: /home/lin/train2/src/install/fishbot_cartographer/share/fishbot_cartographer/environment/path.dsv
[1.099s] -- Up-to-date symlink: /home/lin/train2/src/install/fishbot_cartographer/share/fishbot_cartographer/local_setup.bash
[1.099s] -- Up-to-date symlink: /home/lin/train2/src/install/fishbot_cartographer/share/fishbot_cartographer/local_setup.sh
[1.101s] -- Up-to-date symlink: /home/lin/train2/src/install/fishbot_cartographer/share/fishbot_cartographer/local_setup.zsh
[1.101s] -- Up-to-date symlink: /home/lin/train2/src/install/fishbot_cartographer/share/fishbot_cartographer/local_setup.dsv
[1.101s] -- Symlinking: /home/lin/train2/src/install/fishbot_cartographer/share/fishbot_cartographer/package.dsv
[1.101s] -- Up-to-date symlink: /home/lin/train2/src/install/fishbot_cartographer/share/ament_index/resource_index/packages/fishbot_cartographer
[1.101s] -- Up-to-date symlink: /home/lin/train2/src/install/fishbot_cartographer/share/fishbot_cartographer/cmake/fishbot_cartographerConfig.cmake
[1.101s] -- Up-to-date symlink: /home/lin/train2/src/install/fishbot_cartographer/share/fishbot_cartographer/cmake/fishbot_cartographerConfig-version.cmake
[1.101s] -- Up-to-date symlink: /home/lin/train2/src/install/fishbot_cartographer/share/fishbot_cartographer/package.xml
[1.148s] Invoked command in '/home/lin/train2/src/build/fishbot_cartographer' returned '0': CMAKE_PREFIX_PATH=${CMAKE_PREFIX_PATH}:/home/lin/ros_ws/install/sdformat_tools:/home/lin/train2/src/install/fishbot_description:/home/lin/train2/src/install/example_py:/opt/ros/humble /usr/local/bin/cmake --install /home/lin/train2/src/build/fishbot_cartographer
