[0.138s] DEBUG:colcon:Command line arguments: ['/usr/bin/colcon', 'build', '--symlink-install']
[0.138s] DEBUG:colcon:Parsed command line arguments: Namespace(log_base=None, log_level=None, verb_name='build', build_base='build', install_base='install', merge_install=False, symlink_install=True, test_result_base=None, continue_on_error=False, executor='parallel', parallel_workers=8, event_handlers=None, ignore_user_meta=False, metas=['./colcon.meta'], base_paths=['.'], packages_ignore=None, packages_ignore_regex=None, paths=None, packages_up_to=None, packages_up_to_regex=None, packages_above=None, packages_above_and_dependencies=None, packages_above_depth=None, packages_select_by_dep=None, packages_skip_by_dep=None, packages_skip_up_to=None, packages_select_build_failed=False, packages_skip_build_finished=False, packages_select_test_failures=False, packages_skip_test_passed=False, packages_select=None, packages_skip=None, packages_select_regex=None, packages_skip_regex=None, packages_start=None, packages_end=None, allow_overriding=[], cmake_args=None, cmake_target=None, cmake_target_skip_unavailable=False, cmake_clean_cache=False, cmake_clean_first=False, cmake_force_configure=False, ament_cmake_args=None, catkin_cmake_args=None, catkin_skip_building_tests=False, verb_parser=<colcon_defaults.argument_parser.defaults.DefaultArgumentsDecorator object at 0x7b59513f2140>, verb_extension=<colcon_core.verb.build.BuildVerb object at 0x7b5951537c10>, main=<bound method BuildVerb.main of <colcon_core.verb.build.BuildVerb object at 0x7b5951537c10>>)
[0.184s] Level 1:colcon.colcon_core.package_discovery:discover_packages(colcon_meta) check parameters
[0.185s] Level 1:colcon.colcon_core.package_discovery:discover_packages(recursive) check parameters
[0.185s] Level 1:colcon.colcon_core.package_discovery:discover_packages(ignore) check parameters
[0.185s] Level 1:colcon.colcon_core.package_discovery:discover_packages(path) check parameters
[0.185s] Level 1:colcon.colcon_core.package_discovery:discover_packages(colcon_meta) discover
[0.185s] Level 1:colcon.colcon_core.package_discovery:discover_packages(recursive) discover
[0.185s] INFO:colcon.colcon_core.package_discovery:Crawling recursively for packages in '/home/lin/train2/src'
[0.185s] Level 1:colcon.colcon_core.package_identification:_identify(.) by extensions ['ignore', 'ignore_ament_install']
[0.185s] Level 1:colcon.colcon_core.package_identification:_identify(.) by extension 'ignore'
[0.186s] Level 1:colcon.colcon_core.package_identification:_identify(.) by extension 'ignore_ament_install'
[0.186s] Level 1:colcon.colcon_core.package_identification:_identify(.) by extensions ['colcon_pkg']
[0.186s] Level 1:colcon.colcon_core.package_identification:_identify(.) by extension 'colcon_pkg'
[0.186s] Level 1:colcon.colcon_core.package_identification:_identify(.) by extensions ['colcon_meta']
[0.186s] Level 1:colcon.colcon_core.package_identification:_identify(.) by extension 'colcon_meta'
[0.186s] Level 1:colcon.colcon_core.package_identification:_identify(.) by extensions ['ros']
[0.186s] Level 1:colcon.colcon_core.package_identification:_identify(.) by extension 'ros'
[0.204s] Level 1:colcon.colcon_core.package_identification:_identify(.) by extensions ['cmake', 'python']
[0.204s] Level 1:colcon.colcon_core.package_identification:_identify(.) by extension 'cmake'
[0.204s] Level 1:colcon.colcon_core.package_identification:_identify(.) by extension 'python'
[0.204s] Level 1:colcon.colcon_core.package_identification:_identify(.) by extensions ['python_setup_py']
[0.204s] Level 1:colcon.colcon_core.package_identification:_identify(.) by extension 'python_setup_py'
[0.204s] Level 1:colcon.colcon_core.package_identification:_identify(build) by extensions ['ignore', 'ignore_ament_install']
[0.204s] Level 1:colcon.colcon_core.package_identification:_identify(build) by extension 'ignore'
[0.204s] Level 1:colcon.colcon_core.package_identification:_identify(build) ignored
[0.204s] Level 1:colcon.colcon_core.package_identification:_identify(config) by extensions ['ignore', 'ignore_ament_install']
[0.204s] Level 1:colcon.colcon_core.package_identification:_identify(config) by extension 'ignore'
[0.205s] Level 1:colcon.colcon_core.package_identification:_identify(config) by extension 'ignore_ament_install'
[0.205s] Level 1:colcon.colcon_core.package_identification:_identify(config) by extensions ['colcon_pkg']
[0.205s] Level 1:colcon.colcon_core.package_identification:_identify(config) by extension 'colcon_pkg'
[0.205s] Level 1:colcon.colcon_core.package_identification:_identify(config) by extensions ['colcon_meta']
[0.205s] Level 1:colcon.colcon_core.package_identification:_identify(config) by extension 'colcon_meta'
[0.205s] Level 1:colcon.colcon_core.package_identification:_identify(config) by extensions ['ros']
[0.205s] Level 1:colcon.colcon_core.package_identification:_identify(config) by extension 'ros'
[0.205s] Level 1:colcon.colcon_core.package_identification:_identify(config) by extensions ['cmake', 'python']
[0.205s] Level 1:colcon.colcon_core.package_identification:_identify(config) by extension 'cmake'
[0.205s] Level 1:colcon.colcon_core.package_identification:_identify(config) by extension 'python'
[0.205s] Level 1:colcon.colcon_core.package_identification:_identify(config) by extensions ['python_setup_py']
[0.205s] Level 1:colcon.colcon_core.package_identification:_identify(config) by extension 'python_setup_py'
[0.206s] Level 1:colcon.colcon_core.package_identification:_identify(example_cpp) by extensions ['ignore', 'ignore_ament_install']
[0.206s] Level 1:colcon.colcon_core.package_identification:_identify(example_cpp) by extension 'ignore'
[0.206s] Level 1:colcon.colcon_core.package_identification:_identify(example_cpp) by extension 'ignore_ament_install'
[0.206s] Level 1:colcon.colcon_core.package_identification:_identify(example_cpp) by extensions ['colcon_pkg']
[0.206s] Level 1:colcon.colcon_core.package_identification:_identify(example_cpp) by extension 'colcon_pkg'
[0.206s] Level 1:colcon.colcon_core.package_identification:_identify(example_cpp) by extensions ['colcon_meta']
[0.206s] Level 1:colcon.colcon_core.package_identification:_identify(example_cpp) by extension 'colcon_meta'
[0.206s] Level 1:colcon.colcon_core.package_identification:_identify(example_cpp) by extensions ['ros']
[0.206s] Level 1:colcon.colcon_core.package_identification:_identify(example_cpp) by extension 'ros'
[0.208s] DEBUG:colcon.colcon_core.package_identification:Package 'example_cpp' with type 'ros.ament_cmake' and name 'example_cpp'
[0.209s] Level 1:colcon.colcon_core.package_identification:_identify(example_py) by extensions ['ignore', 'ignore_ament_install']
[0.209s] Level 1:colcon.colcon_core.package_identification:_identify(example_py) by extension 'ignore'
[0.209s] Level 1:colcon.colcon_core.package_identification:_identify(example_py) by extension 'ignore_ament_install'
[0.209s] Level 1:colcon.colcon_core.package_identification:_identify(example_py) by extensions ['colcon_pkg']
[0.209s] Level 1:colcon.colcon_core.package_identification:_identify(example_py) by extension 'colcon_pkg'
[0.209s] Level 1:colcon.colcon_core.package_identification:_identify(example_py) by extensions ['colcon_meta']
[0.209s] Level 1:colcon.colcon_core.package_identification:_identify(example_py) by extension 'colcon_meta'
[0.209s] Level 1:colcon.colcon_core.package_identification:_identify(example_py) by extensions ['ros']
[0.209s] Level 1:colcon.colcon_core.package_identification:_identify(example_py) by extension 'ros'
[0.210s] DEBUG:colcon.colcon_core.package_identification:Package 'example_py' with type 'ros.ament_python' and name 'example_py'
[0.210s] Level 1:colcon.colcon_core.package_identification:_identify(example_ros2_interfaces) by extensions ['ignore', 'ignore_ament_install']
[0.210s] Level 1:colcon.colcon_core.package_identification:_identify(example_ros2_interfaces) by extension 'ignore'
[0.210s] Level 1:colcon.colcon_core.package_identification:_identify(example_ros2_interfaces) by extension 'ignore_ament_install'
[0.210s] Level 1:colcon.colcon_core.package_identification:_identify(example_ros2_interfaces) by extensions ['colcon_pkg']
[0.210s] Level 1:colcon.colcon_core.package_identification:_identify(example_ros2_interfaces) by extension 'colcon_pkg'
[0.210s] Level 1:colcon.colcon_core.package_identification:_identify(example_ros2_interfaces) by extensions ['colcon_meta']
[0.210s] Level 1:colcon.colcon_core.package_identification:_identify(example_ros2_interfaces) by extension 'colcon_meta'
[0.211s] Level 1:colcon.colcon_core.package_identification:_identify(example_ros2_interfaces) by extensions ['ros']
[0.211s] Level 1:colcon.colcon_core.package_identification:_identify(example_ros2_interfaces) by extension 'ros'
[0.211s] DEBUG:colcon.colcon_core.package_identification:Package 'example_ros2_interfaces' with type 'ros.ament_cmake' and name 'example_ros2_interfaces'
[0.211s] Level 1:colcon.colcon_core.package_identification:_identify(fishbot_cartographer) by extensions ['ignore', 'ignore_ament_install']
[0.211s] Level 1:colcon.colcon_core.package_identification:_identify(fishbot_cartographer) by extension 'ignore'
[0.212s] Level 1:colcon.colcon_core.package_identification:_identify(fishbot_cartographer) by extension 'ignore_ament_install'
[0.212s] Level 1:colcon.colcon_core.package_identification:_identify(fishbot_cartographer) by extensions ['colcon_pkg']
[0.212s] Level 1:colcon.colcon_core.package_identification:_identify(fishbot_cartographer) by extension 'colcon_pkg'
[0.212s] Level 1:colcon.colcon_core.package_identification:_identify(fishbot_cartographer) by extensions ['colcon_meta']
[0.212s] Level 1:colcon.colcon_core.package_identification:_identify(fishbot_cartographer) by extension 'colcon_meta'
[0.212s] Level 1:colcon.colcon_core.package_identification:_identify(fishbot_cartographer) by extensions ['ros']
[0.212s] Level 1:colcon.colcon_core.package_identification:_identify(fishbot_cartographer) by extension 'ros'
[0.213s] DEBUG:colcon.colcon_core.package_identification:Package 'fishbot_cartographer' with type 'ros.ament_cmake' and name 'fishbot_cartographer'
[0.213s] Level 1:colcon.colcon_core.package_identification:_identify(fishbot_description) by extensions ['ignore', 'ignore_ament_install']
[0.213s] Level 1:colcon.colcon_core.package_identification:_identify(fishbot_description) by extension 'ignore'
[0.213s] Level 1:colcon.colcon_core.package_identification:_identify(fishbot_description) by extension 'ignore_ament_install'
[0.213s] Level 1:colcon.colcon_core.package_identification:_identify(fishbot_description) by extensions ['colcon_pkg']
[0.213s] Level 1:colcon.colcon_core.package_identification:_identify(fishbot_description) by extension 'colcon_pkg'
[0.213s] Level 1:colcon.colcon_core.package_identification:_identify(fishbot_description) by extensions ['colcon_meta']
[0.213s] Level 1:colcon.colcon_core.package_identification:_identify(fishbot_description) by extension 'colcon_meta'
[0.213s] Level 1:colcon.colcon_core.package_identification:_identify(fishbot_description) by extensions ['ros']
[0.213s] Level 1:colcon.colcon_core.package_identification:_identify(fishbot_description) by extension 'ros'
[0.214s] DEBUG:colcon.colcon_core.package_identification:Package 'fishbot_description' with type 'ros.ament_python' and name 'fishbot_description'
[0.214s] Level 1:colcon.colcon_core.package_identification:_identify(fishbot_navigation2) by extensions ['ignore', 'ignore_ament_install']
[0.214s] Level 1:colcon.colcon_core.package_identification:_identify(fishbot_navigation2) by extension 'ignore'
[0.214s] Level 1:colcon.colcon_core.package_identification:_identify(fishbot_navigation2) by extension 'ignore_ament_install'
[0.214s] Level 1:colcon.colcon_core.package_identification:_identify(fishbot_navigation2) by extensions ['colcon_pkg']
[0.214s] Level 1:colcon.colcon_core.package_identification:_identify(fishbot_navigation2) by extension 'colcon_pkg'
[0.214s] Level 1:colcon.colcon_core.package_identification:_identify(fishbot_navigation2) by extensions ['colcon_meta']
[0.214s] Level 1:colcon.colcon_core.package_identification:_identify(fishbot_navigation2) by extension 'colcon_meta'
[0.214s] Level 1:colcon.colcon_core.package_identification:_identify(fishbot_navigation2) by extensions ['ros']
[0.215s] Level 1:colcon.colcon_core.package_identification:_identify(fishbot_navigation2) by extension 'ros'
[0.215s] DEBUG:colcon.colcon_core.package_identification:Package 'fishbot_navigation2' with type 'ros.ament_cmake' and name 'fishbot_navigation2'
[0.215s] Level 1:colcon.colcon_core.package_identification:_identify(install) by extensions ['ignore', 'ignore_ament_install']
[0.215s] Level 1:colcon.colcon_core.package_identification:_identify(install) by extension 'ignore'
[0.215s] Level 1:colcon.colcon_core.package_identification:_identify(install) ignored
[0.216s] Level 1:colcon.colcon_core.package_identification:_identify(log) by extensions ['ignore', 'ignore_ament_install']
[0.216s] Level 1:colcon.colcon_core.package_identification:_identify(log) by extension 'ignore'
[0.216s] Level 1:colcon.colcon_core.package_identification:_identify(log) ignored
[0.216s] Level 1:colcon.colcon_core.package_identification:_identify(src) by extensions ['ignore', 'ignore_ament_install']
[0.216s] Level 1:colcon.colcon_core.package_identification:_identify(src) by extension 'ignore'
[0.216s] Level 1:colcon.colcon_core.package_identification:_identify(src) by extension 'ignore_ament_install'
[0.216s] Level 1:colcon.colcon_core.package_identification:_identify(src) by extensions ['colcon_pkg']
[0.216s] Level 1:colcon.colcon_core.package_identification:_identify(src) by extension 'colcon_pkg'
[0.216s] Level 1:colcon.colcon_core.package_identification:_identify(src) by extensions ['colcon_meta']
[0.216s] Level 1:colcon.colcon_core.package_identification:_identify(src) by extension 'colcon_meta'
[0.216s] Level 1:colcon.colcon_core.package_identification:_identify(src) by extensions ['ros']
[0.217s] Level 1:colcon.colcon_core.package_identification:_identify(src) by extension 'ros'
[0.217s] Level 1:colcon.colcon_core.package_identification:_identify(src) by extensions ['cmake', 'python']
[0.217s] Level 1:colcon.colcon_core.package_identification:_identify(src) by extension 'cmake'
[0.217s] Level 1:colcon.colcon_core.package_identification:_identify(src) by extension 'python'
[0.217s] Level 1:colcon.colcon_core.package_identification:_identify(src) by extensions ['python_setup_py']
[0.217s] Level 1:colcon.colcon_core.package_identification:_identify(src) by extension 'python_setup_py'
[0.217s] Level 1:colcon.colcon_core.package_identification:_identify(src/robot_startup) by extensions ['ignore', 'ignore_ament_install']
[0.217s] Level 1:colcon.colcon_core.package_identification:_identify(src/robot_startup) by extension 'ignore'
[0.217s] Level 1:colcon.colcon_core.package_identification:_identify(src/robot_startup) by extension 'ignore_ament_install'
[0.217s] Level 1:colcon.colcon_core.package_identification:_identify(src/robot_startup) by extensions ['colcon_pkg']
[0.217s] Level 1:colcon.colcon_core.package_identification:_identify(src/robot_startup) by extension 'colcon_pkg'
[0.217s] Level 1:colcon.colcon_core.package_identification:_identify(src/robot_startup) by extensions ['colcon_meta']
[0.217s] Level 1:colcon.colcon_core.package_identification:_identify(src/robot_startup) by extension 'colcon_meta'
[0.218s] Level 1:colcon.colcon_core.package_identification:_identify(src/robot_startup) by extensions ['ros']
[0.218s] Level 1:colcon.colcon_core.package_identification:_identify(src/robot_startup) by extension 'ros'
[0.218s] DEBUG:colcon.colcon_core.package_identification:Package 'src/robot_startup' with type 'ros.ament_cmake' and name 'robot_startup'
[0.218s] Level 1:colcon.colcon_core.package_identification:_identify(ydlidar_ros2) by extensions ['ignore', 'ignore_ament_install']
[0.218s] Level 1:colcon.colcon_core.package_identification:_identify(ydlidar_ros2) by extension 'ignore'
[0.219s] Level 1:colcon.colcon_core.package_identification:_identify(ydlidar_ros2) by extension 'ignore_ament_install'
[0.219s] Level 1:colcon.colcon_core.package_identification:_identify(ydlidar_ros2) by extensions ['colcon_pkg']
[0.219s] Level 1:colcon.colcon_core.package_identification:_identify(ydlidar_ros2) by extension 'colcon_pkg'
[0.219s] Level 1:colcon.colcon_core.package_identification:_identify(ydlidar_ros2) by extensions ['colcon_meta']
[0.219s] Level 1:colcon.colcon_core.package_identification:_identify(ydlidar_ros2) by extension 'colcon_meta'
[0.219s] Level 1:colcon.colcon_core.package_identification:_identify(ydlidar_ros2) by extensions ['ros']
[0.219s] Level 1:colcon.colcon_core.package_identification:_identify(ydlidar_ros2) by extension 'ros'
[0.220s] DEBUG:colcon.colcon_core.package_identification:Package 'ydlidar_ros2' with type 'ros.ament_cmake' and name 'ydlidar'
[0.220s] Level 1:colcon.colcon_core.package_discovery:discover_packages(recursive) using defaults
[0.220s] Level 1:colcon.colcon_core.package_discovery:discover_packages(ignore) discover
[0.220s] Level 1:colcon.colcon_core.package_discovery:discover_packages(ignore) using defaults
[0.220s] Level 1:colcon.colcon_core.package_discovery:discover_packages(path) discover
[0.220s] Level 1:colcon.colcon_core.package_discovery:discover_packages(path) using defaults
[0.243s] Level 1:colcon.colcon_core.package_discovery:discover_packages(prefix_path) check parameters
[0.243s] Level 1:colcon.colcon_core.package_discovery:discover_packages(prefix_path) discover
[0.248s] DEBUG:colcon.colcon_installed_package_information.package_discovery:Found 7 installed packages in /home/lin/train2/src/install
[0.249s] DEBUG:colcon.colcon_installed_package_information.package_discovery:Found 14 installed packages in /home/lin/ros_ws/install
[0.253s] DEBUG:colcon.colcon_installed_package_information.package_discovery:Found 350 installed packages in /opt/ros/humble
[0.255s] Level 1:colcon.colcon_core.package_discovery:discover_packages(prefix_path) using defaults
[0.316s] Level 5:colcon.colcon_core.verb:set package 'example_py' build argument 'cmake_args' from command line to 'None'
[0.316s] Level 5:colcon.colcon_core.verb:set package 'example_py' build argument 'cmake_target' from command line to 'None'
[0.316s] Level 5:colcon.colcon_core.verb:set package 'example_py' build argument 'cmake_target_skip_unavailable' from command line to 'False'
[0.316s] Level 5:colcon.colcon_core.verb:set package 'example_py' build argument 'cmake_clean_cache' from command line to 'False'
[0.316s] Level 5:colcon.colcon_core.verb:set package 'example_py' build argument 'cmake_clean_first' from command line to 'False'
[0.316s] Level 5:colcon.colcon_core.verb:set package 'example_py' build argument 'cmake_force_configure' from command line to 'False'
[0.316s] Level 5:colcon.colcon_core.verb:set package 'example_py' build argument 'ament_cmake_args' from command line to 'None'
[0.316s] Level 5:colcon.colcon_core.verb:set package 'example_py' build argument 'catkin_cmake_args' from command line to 'None'
[0.316s] Level 5:colcon.colcon_core.verb:set package 'example_py' build argument 'catkin_skip_building_tests' from command line to 'False'
[0.316s] DEBUG:colcon.colcon_core.verb:Building package 'example_py' with the following arguments: {'ament_cmake_args': None, 'build_base': '/home/lin/train2/src/build/example_py', 'catkin_cmake_args': None, 'catkin_skip_building_tests': False, 'cmake_args': None, 'cmake_clean_cache': False, 'cmake_clean_first': False, 'cmake_force_configure': False, 'cmake_target': None, 'cmake_target_skip_unavailable': False, 'install_base': '/home/lin/train2/src/install/example_py', 'merge_install': False, 'path': '/home/lin/train2/src/example_py', 'symlink_install': True, 'test_result_base': None}
[0.317s] Level 5:colcon.colcon_core.verb:set package 'example_ros2_interfaces' build argument 'cmake_args' from command line to 'None'
[0.317s] Level 5:colcon.colcon_core.verb:set package 'example_ros2_interfaces' build argument 'cmake_target' from command line to 'None'
[0.317s] Level 5:colcon.colcon_core.verb:set package 'example_ros2_interfaces' build argument 'cmake_target_skip_unavailable' from command line to 'False'
[0.317s] Level 5:colcon.colcon_core.verb:set package 'example_ros2_interfaces' build argument 'cmake_clean_cache' from command line to 'False'
[0.317s] Level 5:colcon.colcon_core.verb:set package 'example_ros2_interfaces' build argument 'cmake_clean_first' from command line to 'False'
[0.317s] Level 5:colcon.colcon_core.verb:set package 'example_ros2_interfaces' build argument 'cmake_force_configure' from command line to 'False'
[0.317s] Level 5:colcon.colcon_core.verb:set package 'example_ros2_interfaces' build argument 'ament_cmake_args' from command line to 'None'
[0.317s] Level 5:colcon.colcon_core.verb:set package 'example_ros2_interfaces' build argument 'catkin_cmake_args' from command line to 'None'
[0.317s] Level 5:colcon.colcon_core.verb:set package 'example_ros2_interfaces' build argument 'catkin_skip_building_tests' from command line to 'False'
[0.317s] DEBUG:colcon.colcon_core.verb:Building package 'example_ros2_interfaces' with the following arguments: {'ament_cmake_args': None, 'build_base': '/home/lin/train2/src/build/example_ros2_interfaces', 'catkin_cmake_args': None, 'catkin_skip_building_tests': False, 'cmake_args': None, 'cmake_clean_cache': False, 'cmake_clean_first': False, 'cmake_force_configure': False, 'cmake_target': None, 'cmake_target_skip_unavailable': False, 'install_base': '/home/lin/train2/src/install/example_ros2_interfaces', 'merge_install': False, 'path': '/home/lin/train2/src/example_ros2_interfaces', 'symlink_install': True, 'test_result_base': None}
[0.317s] Level 5:colcon.colcon_core.verb:set package 'fishbot_cartographer' build argument 'cmake_args' from command line to 'None'
[0.317s] Level 5:colcon.colcon_core.verb:set package 'fishbot_cartographer' build argument 'cmake_target' from command line to 'None'
[0.318s] Level 5:colcon.colcon_core.verb:set package 'fishbot_cartographer' build argument 'cmake_target_skip_unavailable' from command line to 'False'
[0.318s] Level 5:colcon.colcon_core.verb:set package 'fishbot_cartographer' build argument 'cmake_clean_cache' from command line to 'False'
[0.318s] Level 5:colcon.colcon_core.verb:set package 'fishbot_cartographer' build argument 'cmake_clean_first' from command line to 'False'
[0.318s] Level 5:colcon.colcon_core.verb:set package 'fishbot_cartographer' build argument 'cmake_force_configure' from command line to 'False'
[0.318s] Level 5:colcon.colcon_core.verb:set package 'fishbot_cartographer' build argument 'ament_cmake_args' from command line to 'None'
[0.318s] Level 5:colcon.colcon_core.verb:set package 'fishbot_cartographer' build argument 'catkin_cmake_args' from command line to 'None'
[0.318s] Level 5:colcon.colcon_core.verb:set package 'fishbot_cartographer' build argument 'catkin_skip_building_tests' from command line to 'False'
[0.318s] DEBUG:colcon.colcon_core.verb:Building package 'fishbot_cartographer' with the following arguments: {'ament_cmake_args': None, 'build_base': '/home/lin/train2/src/build/fishbot_cartographer', 'catkin_cmake_args': None, 'catkin_skip_building_tests': False, 'cmake_args': None, 'cmake_clean_cache': False, 'cmake_clean_first': False, 'cmake_force_configure': False, 'cmake_target': None, 'cmake_target_skip_unavailable': False, 'install_base': '/home/lin/train2/src/install/fishbot_cartographer', 'merge_install': False, 'path': '/home/lin/train2/src/fishbot_cartographer', 'symlink_install': True, 'test_result_base': None}
[0.318s] Level 5:colcon.colcon_core.verb:set package 'fishbot_description' build argument 'cmake_args' from command line to 'None'
[0.318s] Level 5:colcon.colcon_core.verb:set package 'fishbot_description' build argument 'cmake_target' from command line to 'None'
[0.318s] Level 5:colcon.colcon_core.verb:set package 'fishbot_description' build argument 'cmake_target_skip_unavailable' from command line to 'False'
[0.318s] Level 5:colcon.colcon_core.verb:set package 'fishbot_description' build argument 'cmake_clean_cache' from command line to 'False'
[0.318s] Level 5:colcon.colcon_core.verb:set package 'fishbot_description' build argument 'cmake_clean_first' from command line to 'False'
[0.318s] Level 5:colcon.colcon_core.verb:set package 'fishbot_description' build argument 'cmake_force_configure' from command line to 'False'
[0.318s] Level 5:colcon.colcon_core.verb:set package 'fishbot_description' build argument 'ament_cmake_args' from command line to 'None'
[0.318s] Level 5:colcon.colcon_core.verb:set package 'fishbot_description' build argument 'catkin_cmake_args' from command line to 'None'
[0.319s] Level 5:colcon.colcon_core.verb:set package 'fishbot_description' build argument 'catkin_skip_building_tests' from command line to 'False'
[0.319s] DEBUG:colcon.colcon_core.verb:Building package 'fishbot_description' with the following arguments: {'ament_cmake_args': None, 'build_base': '/home/lin/train2/src/build/fishbot_description', 'catkin_cmake_args': None, 'catkin_skip_building_tests': False, 'cmake_args': None, 'cmake_clean_cache': False, 'cmake_clean_first': False, 'cmake_force_configure': False, 'cmake_target': None, 'cmake_target_skip_unavailable': False, 'install_base': '/home/lin/train2/src/install/fishbot_description', 'merge_install': False, 'path': '/home/lin/train2/src/fishbot_description', 'symlink_install': True, 'test_result_base': None}
[0.319s] Level 5:colcon.colcon_core.verb:set package 'fishbot_navigation2' build argument 'cmake_args' from command line to 'None'
[0.319s] Level 5:colcon.colcon_core.verb:set package 'fishbot_navigation2' build argument 'cmake_target' from command line to 'None'
[0.319s] Level 5:colcon.colcon_core.verb:set package 'fishbot_navigation2' build argument 'cmake_target_skip_unavailable' from command line to 'False'
[0.319s] Level 5:colcon.colcon_core.verb:set package 'fishbot_navigation2' build argument 'cmake_clean_cache' from command line to 'False'
[0.319s] Level 5:colcon.colcon_core.verb:set package 'fishbot_navigation2' build argument 'cmake_clean_first' from command line to 'False'
[0.319s] Level 5:colcon.colcon_core.verb:set package 'fishbot_navigation2' build argument 'cmake_force_configure' from command line to 'False'
[0.319s] Level 5:colcon.colcon_core.verb:set package 'fishbot_navigation2' build argument 'ament_cmake_args' from command line to 'None'
[0.319s] Level 5:colcon.colcon_core.verb:set package 'fishbot_navigation2' build argument 'catkin_cmake_args' from command line to 'None'
[0.319s] Level 5:colcon.colcon_core.verb:set package 'fishbot_navigation2' build argument 'catkin_skip_building_tests' from command line to 'False'
[0.319s] DEBUG:colcon.colcon_core.verb:Building package 'fishbot_navigation2' with the following arguments: {'ament_cmake_args': None, 'build_base': '/home/lin/train2/src/build/fishbot_navigation2', 'catkin_cmake_args': None, 'catkin_skip_building_tests': False, 'cmake_args': None, 'cmake_clean_cache': False, 'cmake_clean_first': False, 'cmake_force_configure': False, 'cmake_target': None, 'cmake_target_skip_unavailable': False, 'install_base': '/home/lin/train2/src/install/fishbot_navigation2', 'merge_install': False, 'path': '/home/lin/train2/src/fishbot_navigation2', 'symlink_install': True, 'test_result_base': None}
[0.320s] Level 5:colcon.colcon_core.verb:set package 'robot_startup' build argument 'cmake_args' from command line to 'None'
[0.320s] Level 5:colcon.colcon_core.verb:set package 'robot_startup' build argument 'cmake_target' from command line to 'None'
[0.320s] Level 5:colcon.colcon_core.verb:set package 'robot_startup' build argument 'cmake_target_skip_unavailable' from command line to 'False'
[0.320s] Level 5:colcon.colcon_core.verb:set package 'robot_startup' build argument 'cmake_clean_cache' from command line to 'False'
[0.320s] Level 5:colcon.colcon_core.verb:set package 'robot_startup' build argument 'cmake_clean_first' from command line to 'False'
[0.320s] Level 5:colcon.colcon_core.verb:set package 'robot_startup' build argument 'cmake_force_configure' from command line to 'False'
[0.320s] Level 5:colcon.colcon_core.verb:set package 'robot_startup' build argument 'ament_cmake_args' from command line to 'None'
[0.320s] Level 5:colcon.colcon_core.verb:set package 'robot_startup' build argument 'catkin_cmake_args' from command line to 'None'
[0.320s] Level 5:colcon.colcon_core.verb:set package 'robot_startup' build argument 'catkin_skip_building_tests' from command line to 'False'
[0.320s] DEBUG:colcon.colcon_core.verb:Building package 'robot_startup' with the following arguments: {'ament_cmake_args': None, 'build_base': '/home/lin/train2/src/build/robot_startup', 'catkin_cmake_args': None, 'catkin_skip_building_tests': False, 'cmake_args': None, 'cmake_clean_cache': False, 'cmake_clean_first': False, 'cmake_force_configure': False, 'cmake_target': None, 'cmake_target_skip_unavailable': False, 'install_base': '/home/lin/train2/src/install/robot_startup', 'merge_install': False, 'path': '/home/lin/train2/src/src/robot_startup', 'symlink_install': True, 'test_result_base': None}
[0.320s] Level 5:colcon.colcon_core.verb:set package 'ydlidar' build argument 'cmake_args' from command line to 'None'
[0.320s] Level 5:colcon.colcon_core.verb:set package 'ydlidar' build argument 'cmake_target' from command line to 'None'
[0.320s] Level 5:colcon.colcon_core.verb:set package 'ydlidar' build argument 'cmake_target_skip_unavailable' from command line to 'False'
[0.320s] Level 5:colcon.colcon_core.verb:set package 'ydlidar' build argument 'cmake_clean_cache' from command line to 'False'
[0.320s] Level 5:colcon.colcon_core.verb:set package 'ydlidar' build argument 'cmake_clean_first' from command line to 'False'
[0.321s] Level 5:colcon.colcon_core.verb:set package 'ydlidar' build argument 'cmake_force_configure' from command line to 'False'
[0.321s] Level 5:colcon.colcon_core.verb:set package 'ydlidar' build argument 'ament_cmake_args' from command line to 'None'
[0.321s] Level 5:colcon.colcon_core.verb:set package 'ydlidar' build argument 'catkin_cmake_args' from command line to 'None'
[0.321s] Level 5:colcon.colcon_core.verb:set package 'ydlidar' build argument 'catkin_skip_building_tests' from command line to 'False'
[0.321s] DEBUG:colcon.colcon_core.verb:Building package 'ydlidar' with the following arguments: {'ament_cmake_args': None, 'build_base': '/home/lin/train2/src/build/ydlidar', 'catkin_cmake_args': None, 'catkin_skip_building_tests': False, 'cmake_args': None, 'cmake_clean_cache': False, 'cmake_clean_first': False, 'cmake_force_configure': False, 'cmake_target': None, 'cmake_target_skip_unavailable': False, 'install_base': '/home/lin/train2/src/install/ydlidar', 'merge_install': False, 'path': '/home/lin/train2/src/ydlidar_ros2', 'symlink_install': True, 'test_result_base': None}
[0.321s] Level 5:colcon.colcon_core.verb:set package 'example_cpp' build argument 'cmake_args' from command line to 'None'
[0.321s] Level 5:colcon.colcon_core.verb:set package 'example_cpp' build argument 'cmake_target' from command line to 'None'
[0.321s] Level 5:colcon.colcon_core.verb:set package 'example_cpp' build argument 'cmake_target_skip_unavailable' from command line to 'False'
[0.321s] Level 5:colcon.colcon_core.verb:set package 'example_cpp' build argument 'cmake_clean_cache' from command line to 'False'
[0.321s] Level 5:colcon.colcon_core.verb:set package 'example_cpp' build argument 'cmake_clean_first' from command line to 'False'
[0.321s] Level 5:colcon.colcon_core.verb:set package 'example_cpp' build argument 'cmake_force_configure' from command line to 'False'
[0.321s] Level 5:colcon.colcon_core.verb:set package 'example_cpp' build argument 'ament_cmake_args' from command line to 'None'
[0.321s] Level 5:colcon.colcon_core.verb:set package 'example_cpp' build argument 'catkin_cmake_args' from command line to 'None'
[0.321s] Level 5:colcon.colcon_core.verb:set package 'example_cpp' build argument 'catkin_skip_building_tests' from command line to 'False'
[0.321s] DEBUG:colcon.colcon_core.verb:Building package 'example_cpp' with the following arguments: {'ament_cmake_args': None, 'build_base': '/home/lin/train2/src/build/example_cpp', 'catkin_cmake_args': None, 'catkin_skip_building_tests': False, 'cmake_args': None, 'cmake_clean_cache': False, 'cmake_clean_first': False, 'cmake_force_configure': False, 'cmake_target': None, 'cmake_target_skip_unavailable': False, 'install_base': '/home/lin/train2/src/install/example_cpp', 'merge_install': False, 'path': '/home/lin/train2/src/example_cpp', 'symlink_install': True, 'test_result_base': None}
[0.322s] INFO:colcon.colcon_core.executor:Executing jobs using 'parallel' executor
[0.323s] DEBUG:colcon.colcon_parallel_executor.executor.parallel:run_until_complete
[0.324s] INFO:colcon.colcon_ros.task.ament_cmake.build:Building ROS package in '/home/lin/train2/src/example_ros2_interfaces' with build type 'ament_cmake'
[0.324s] INFO:colcon.colcon_cmake.task.cmake.build:Building CMake package in '/home/lin/train2/src/example_ros2_interfaces'
[0.328s] INFO:colcon.colcon_core.plugin_system:Skipping extension 'colcon_core.shell.bat': Not used on non-Windows systems
[0.328s] INFO:colcon.colcon_core.shell:Skip shell extension 'powershell' for command environment: Not usable outside of PowerShell
[0.328s] DEBUG:colcon.colcon_core.shell:Skip shell extension 'dsv' for command environment
[0.341s] INFO:colcon.colcon_ros.task.ament_python.build:Building ROS package in '/home/lin/train2/src/example_py' with build type 'ament_python'
[0.341s] Level 1:colcon.colcon_core.shell:create_environment_hook('example_py', 'ament_prefix_path')
[0.341s] INFO:colcon.colcon_core.shell:Creating environment hook '/home/lin/train2/src/install/example_py/share/example_py/hook/ament_prefix_path.ps1'
[0.343s] INFO:colcon.colcon_core.shell:Creating environment descriptor '/home/lin/train2/src/install/example_py/share/example_py/hook/ament_prefix_path.dsv'
[0.344s] INFO:colcon.colcon_core.shell:Creating environment hook '/home/lin/train2/src/install/example_py/share/example_py/hook/ament_prefix_path.sh'
[0.345s] INFO:colcon.colcon_core.shell:Skip shell extension 'powershell' for command environment: Not usable outside of PowerShell
[0.345s] DEBUG:colcon.colcon_core.shell:Skip shell extension 'dsv' for command environment
[0.360s] INFO:colcon.colcon_ros.task.ament_cmake.build:Building ROS package in '/home/lin/train2/src/fishbot_cartographer' with build type 'ament_cmake'
[0.360s] INFO:colcon.colcon_cmake.task.cmake.build:Building CMake package in '/home/lin/train2/src/fishbot_cartographer'
[0.361s] INFO:colcon.colcon_core.shell:Skip shell extension 'powershell' for command environment: Not usable outside of PowerShell
[0.361s] DEBUG:colcon.colcon_core.shell:Skip shell extension 'dsv' for command environment
[0.375s] INFO:colcon.colcon_ros.task.ament_python.build:Building ROS package in '/home/lin/train2/src/fishbot_description' with build type 'ament_python'
[0.375s] Level 1:colcon.colcon_core.shell:create_environment_hook('fishbot_description', 'ament_prefix_path')
[0.375s] INFO:colcon.colcon_core.shell:Creating environment hook '/home/lin/train2/src/install/fishbot_description/share/fishbot_description/hook/ament_prefix_path.ps1'
[0.377s] INFO:colcon.colcon_core.shell:Creating environment descriptor '/home/lin/train2/src/install/fishbot_description/share/fishbot_description/hook/ament_prefix_path.dsv'
[0.378s] INFO:colcon.colcon_core.shell:Creating environment hook '/home/lin/train2/src/install/fishbot_description/share/fishbot_description/hook/ament_prefix_path.sh'
[0.379s] INFO:colcon.colcon_core.shell:Skip shell extension 'powershell' for command environment: Not usable outside of PowerShell
[0.379s] DEBUG:colcon.colcon_core.shell:Skip shell extension 'dsv' for command environment
[0.392s] INFO:colcon.colcon_ros.task.ament_cmake.build:Building ROS package in '/home/lin/train2/src/fishbot_navigation2' with build type 'ament_cmake'
[0.392s] INFO:colcon.colcon_cmake.task.cmake.build:Building CMake package in '/home/lin/train2/src/fishbot_navigation2'
[0.392s] INFO:colcon.colcon_core.shell:Skip shell extension 'powershell' for command environment: Not usable outside of PowerShell
[0.392s] DEBUG:colcon.colcon_core.shell:Skip shell extension 'dsv' for command environment
[0.411s] INFO:colcon.colcon_ros.task.ament_cmake.build:Building ROS package in '/home/lin/train2/src/src/robot_startup' with build type 'ament_cmake'
[0.411s] INFO:colcon.colcon_cmake.task.cmake.build:Building CMake package in '/home/lin/train2/src/src/robot_startup'
[0.412s] INFO:colcon.colcon_core.shell:Skip shell extension 'powershell' for command environment: Not usable outside of PowerShell
[0.412s] DEBUG:colcon.colcon_core.shell:Skip shell extension 'dsv' for command environment
[0.430s] INFO:colcon.colcon_ros.task.ament_cmake.build:Building ROS package in '/home/lin/train2/src/ydlidar_ros2' with build type 'ament_cmake'
[0.430s] INFO:colcon.colcon_cmake.task.cmake.build:Building CMake package in '/home/lin/train2/src/ydlidar_ros2'
[0.431s] INFO:colcon.colcon_core.shell:Skip shell extension 'powershell' for command environment: Not usable outside of PowerShell
[0.431s] DEBUG:colcon.colcon_core.shell:Skip shell extension 'dsv' for command environment
[0.462s] DEBUG:colcon.colcon_core.event_handler.log_command:Invoking command in '/home/lin/train2/src/build/example_ros2_interfaces': CMAKE_PREFIX_PATH=${CMAKE_PREFIX_PATH}:/home/lin/ros_ws/install/sdformat_tools:/home/lin/train2/src/install/fishbot_description:/home/lin/train2/src/install/example_py:/opt/ros/humble /usr/local/bin/cmake --build /home/lin/train2/src/build/example_ros2_interfaces -- -j8 -l8
[0.791s] INFO:colcon.colcon_core.task.python.build:Building Python package in '/home/lin/train2/src/example_py'
[0.791s] INFO:colcon.colcon_core.shell:Skip shell extension 'powershell' for command environment: Not usable outside of PowerShell
[0.791s] DEBUG:colcon.colcon_core.shell:Skip shell extension 'dsv' for command environment
[0.812s] DEBUG:colcon.colcon_core.event_handler.log_command:Invoking command in '/home/lin/train2/src/build/fishbot_cartographer': CMAKE_PREFIX_PATH=${CMAKE_PREFIX_PATH}:/home/lin/ros_ws/install/sdformat_tools:/home/lin/train2/src/install/fishbot_description:/home/lin/train2/src/install/example_py:/opt/ros/humble /usr/local/bin/cmake --build /home/lin/train2/src/build/fishbot_cartographer -- -j8 -l8
[1.177s] INFO:colcon.colcon_core.task.python.build:Building Python package in '/home/lin/train2/src/fishbot_description'
[1.178s] INFO:colcon.colcon_core.shell:Skip shell extension 'powershell' for command environment: Not usable outside of PowerShell
[1.178s] DEBUG:colcon.colcon_core.shell:Skip shell extension 'dsv' for command environment
[1.199s] DEBUG:colcon.colcon_core.event_handler.log_command:Invoking command in '/home/lin/train2/src/build/fishbot_navigation2': CMAKE_PREFIX_PATH=${CMAKE_PREFIX_PATH}:/home/lin/ros_ws/install/sdformat_tools:/home/lin/train2/src/install/fishbot_description:/home/lin/train2/src/install/example_py:/opt/ros/humble /usr/local/bin/cmake --build /home/lin/train2/src/build/fishbot_navigation2 -- -j8 -l8
[1.225s] DEBUG:colcon.colcon_core.event_handler.log_command:Invoking command in '/home/lin/train2/src/build/robot_startup': CMAKE_PREFIX_PATH=${CMAKE_PREFIX_PATH}:/home/lin/ros_ws/install/sdformat_tools:/home/lin/train2/src/install/fishbot_description:/home/lin/train2/src/install/example_py:/opt/ros/humble /usr/local/bin/cmake --build /home/lin/train2/src/build/robot_startup -- -j8 -l8
[1.231s] DEBUG:colcon.colcon_core.event_handler.log_command:Invoking command in '/home/lin/train2/src/build/ydlidar': CMAKE_PREFIX_PATH=${CMAKE_PREFIX_PATH}:/home/lin/ros_ws/install/sdformat_tools:/home/lin/train2/src/install/fishbot_description:/home/lin/train2/src/install/example_py:/opt/ros/humble /usr/local/bin/cmake --build /home/lin/train2/src/build/ydlidar -- -j8 -l8
[1.234s] DEBUG:colcon.colcon_core.event_handler.log_command:Invoked command in '/home/lin/train2/src/build/example_ros2_interfaces' returned '0': CMAKE_PREFIX_PATH=${CMAKE_PREFIX_PATH}:/home/lin/ros_ws/install/sdformat_tools:/home/lin/train2/src/install/fishbot_description:/home/lin/train2/src/install/example_py:/opt/ros/humble /usr/local/bin/cmake --build /home/lin/train2/src/build/example_ros2_interfaces -- -j8 -l8
[1.245s] DEBUG:colcon.colcon_core.event_handler.log_command:Invoking command in '/home/lin/train2/src/build/example_ros2_interfaces': CMAKE_PREFIX_PATH=${CMAKE_PREFIX_PATH}:/home/lin/ros_ws/install/sdformat_tools:/home/lin/train2/src/install/fishbot_description:/home/lin/train2/src/install/example_py:/opt/ros/humble /usr/local/bin/cmake --install /home/lin/train2/src/build/example_ros2_interfaces
[1.251s] DEBUG:colcon.colcon_core.event_handler.log_command:Invoked command in '/home/lin/train2/src/build/fishbot_cartographer' returned '0': CMAKE_PREFIX_PATH=${CMAKE_PREFIX_PATH}:/home/lin/ros_ws/install/sdformat_tools:/home/lin/train2/src/install/fishbot_description:/home/lin/train2/src/install/example_py:/opt/ros/humble /usr/local/bin/cmake --build /home/lin/train2/src/build/fishbot_cartographer -- -j8 -l8
[1.252s] DEBUG:colcon.colcon_core.event_handler.log_command:Invoking command in '/home/lin/train2/src/build/fishbot_cartographer': CMAKE_PREFIX_PATH=${CMAKE_PREFIX_PATH}:/home/lin/ros_ws/install/sdformat_tools:/home/lin/train2/src/install/fishbot_description:/home/lin/train2/src/install/example_py:/opt/ros/humble /usr/local/bin/cmake --install /home/lin/train2/src/build/fishbot_cartographer
[1.325s] DEBUG:colcon.colcon_core.event_handler.log_command:Invoked command in '/home/lin/train2/src/build/fishbot_navigation2' returned '0': CMAKE_PREFIX_PATH=${CMAKE_PREFIX_PATH}:/home/lin/ros_ws/install/sdformat_tools:/home/lin/train2/src/install/fishbot_description:/home/lin/train2/src/install/example_py:/opt/ros/humble /usr/local/bin/cmake --build /home/lin/train2/src/build/fishbot_navigation2 -- -j8 -l8
[1.325s] DEBUG:colcon.colcon_core.event_handler.log_command:Invoking command in '/home/lin/train2/src/build/fishbot_navigation2': CMAKE_PREFIX_PATH=${CMAKE_PREFIX_PATH}:/home/lin/ros_ws/install/sdformat_tools:/home/lin/train2/src/install/fishbot_description:/home/lin/train2/src/install/example_py:/opt/ros/humble /usr/local/bin/cmake --install /home/lin/train2/src/build/fishbot_navigation2
[1.339s] Level 1:colcon.colcon_core.environment:create_environment_scripts_only(fishbot_cartographer)
[1.346s] DEBUG:colcon.colcon_core.event_handler.log_command:Invoked command in '/home/lin/train2/src/build/fishbot_cartographer' returned '0': CMAKE_PREFIX_PATH=${CMAKE_PREFIX_PATH}:/home/lin/ros_ws/install/sdformat_tools:/home/lin/train2/src/install/fishbot_description:/home/lin/train2/src/install/example_py:/opt/ros/humble /usr/local/bin/cmake --install /home/lin/train2/src/build/fishbot_cartographer
[1.351s] Level 1:colcon.colcon_core.environment:checking '/home/lin/train2/src/install/fishbot_cartographer' for CMake module files
[1.358s] Level 1:colcon.colcon_core.environment:checking '/home/lin/train2/src/install/fishbot_cartographer' for CMake config files
[1.359s] Level 1:colcon.colcon_core.shell:create_environment_hook('fishbot_cartographer', 'cmake_prefix_path')
[1.359s] INFO:colcon.colcon_core.shell:Creating environment hook '/home/lin/train2/src/install/fishbot_cartographer/share/fishbot_cartographer/hook/cmake_prefix_path.ps1'
[1.360s] INFO:colcon.colcon_core.shell:Creating environment descriptor '/home/lin/train2/src/install/fishbot_cartographer/share/fishbot_cartographer/hook/cmake_prefix_path.dsv'
[1.360s] INFO:colcon.colcon_core.shell:Creating environment hook '/home/lin/train2/src/install/fishbot_cartographer/share/fishbot_cartographer/hook/cmake_prefix_path.sh'
[1.364s] Level 1:colcon.colcon_core.environment:checking '/home/lin/train2/src/install/fishbot_cartographer/bin'
[1.364s] Level 1:colcon.colcon_core.environment:checking '/home/lin/train2/src/install/fishbot_cartographer/lib/pkgconfig/fishbot_cartographer.pc'
[1.365s] Level 1:colcon.colcon_core.environment:checking '/home/lin/train2/src/install/fishbot_cartographer/lib/python3.10/site-packages'
[1.365s] Level 1:colcon.colcon_core.environment:checking '/home/lin/train2/src/install/fishbot_cartographer/bin'
[1.368s] INFO:colcon.colcon_core.shell:Creating package script '/home/lin/train2/src/install/fishbot_cartographer/share/fishbot_cartographer/package.ps1'
[1.369s] INFO:colcon.colcon_core.shell:Creating package descriptor '/home/lin/train2/src/install/fishbot_cartographer/share/fishbot_cartographer/package.dsv'
[1.369s] INFO:colcon.colcon_core.shell:Creating package script '/home/lin/train2/src/install/fishbot_cartographer/share/fishbot_cartographer/package.sh'
[1.370s] INFO:colcon.colcon_core.shell:Creating package script '/home/lin/train2/src/install/fishbot_cartographer/share/fishbot_cartographer/package.bash'
[1.373s] INFO:colcon.colcon_core.shell:Creating package script '/home/lin/train2/src/install/fishbot_cartographer/share/fishbot_cartographer/package.zsh'
[1.374s] Level 1:colcon.colcon_core.environment:create_file_with_runtime_dependencies(/home/lin/train2/src/install/fishbot_cartographer/share/colcon-core/packages/fishbot_cartographer)
[1.375s] Level 1:colcon.colcon_core.environment:create_environment_scripts_only(fishbot_cartographer)
[1.376s] Level 1:colcon.colcon_core.environment:checking '/home/lin/train2/src/install/fishbot_cartographer' for CMake module files
[1.376s] Level 1:colcon.colcon_core.environment:checking '/home/lin/train2/src/install/fishbot_cartographer' for CMake config files
[1.377s] Level 1:colcon.colcon_core.shell:create_environment_hook('fishbot_cartographer', 'cmake_prefix_path')
[1.377s] INFO:colcon.colcon_core.shell:Creating environment hook '/home/lin/train2/src/install/fishbot_cartographer/share/fishbot_cartographer/hook/cmake_prefix_path.ps1'
[1.378s] INFO:colcon.colcon_core.shell:Creating environment descriptor '/home/lin/train2/src/install/fishbot_cartographer/share/fishbot_cartographer/hook/cmake_prefix_path.dsv'
[1.378s] INFO:colcon.colcon_core.shell:Creating environment hook '/home/lin/train2/src/install/fishbot_cartographer/share/fishbot_cartographer/hook/cmake_prefix_path.sh'
[1.379s] Level 1:colcon.colcon_core.environment:checking '/home/lin/train2/src/install/fishbot_cartographer/bin'
[1.379s] Level 1:colcon.colcon_core.environment:checking '/home/lin/train2/src/install/fishbot_cartographer/lib/pkgconfig/fishbot_cartographer.pc'
[1.379s] Level 1:colcon.colcon_core.environment:checking '/home/lin/train2/src/install/fishbot_cartographer/lib/python3.10/site-packages'
[1.379s] Level 1:colcon.colcon_core.environment:checking '/home/lin/train2/src/install/fishbot_cartographer/bin'
[1.380s] INFO:colcon.colcon_core.shell:Creating package script '/home/lin/train2/src/install/fishbot_cartographer/share/fishbot_cartographer/package.ps1'
[1.380s] INFO:colcon.colcon_core.shell:Creating package descriptor '/home/lin/train2/src/install/fishbot_cartographer/share/fishbot_cartographer/package.dsv'
[1.381s] INFO:colcon.colcon_core.shell:Creating package script '/home/lin/train2/src/install/fishbot_cartographer/share/fishbot_cartographer/package.sh'
[1.382s] INFO:colcon.colcon_core.shell:Creating package script '/home/lin/train2/src/install/fishbot_cartographer/share/fishbot_cartographer/package.bash'
[1.382s] INFO:colcon.colcon_core.shell:Creating package script '/home/lin/train2/src/install/fishbot_cartographer/share/fishbot_cartographer/package.zsh'
[1.392s] Level 1:colcon.colcon_core.environment:create_file_with_runtime_dependencies(/home/lin/train2/src/install/fishbot_cartographer/share/colcon-core/packages/fishbot_cartographer)
[1.399s] DEBUG:colcon.colcon_core.event_handler.log_command:Invoked command in '/home/lin/train2/src/build/robot_startup' returned '0': CMAKE_PREFIX_PATH=${CMAKE_PREFIX_PATH}:/home/lin/ros_ws/install/sdformat_tools:/home/lin/train2/src/install/fishbot_description:/home/lin/train2/src/install/example_py:/opt/ros/humble /usr/local/bin/cmake --build /home/lin/train2/src/build/robot_startup -- -j8 -l8
[1.399s] DEBUG:colcon.colcon_core.event_handler.log_command:Invoking command in '/home/lin/train2/src/build/robot_startup': CMAKE_PREFIX_PATH=${CMAKE_PREFIX_PATH}:/home/lin/ros_ws/install/sdformat_tools:/home/lin/train2/src/install/fishbot_description:/home/lin/train2/src/install/example_py:/opt/ros/humble /usr/local/bin/cmake --install /home/lin/train2/src/build/robot_startup
[1.406s] Level 1:colcon.colcon_core.environment:create_environment_scripts_only(fishbot_navigation2)
[1.406s] Level 1:colcon.colcon_core.environment:checking '/home/lin/train2/src/install/fishbot_navigation2' for CMake module files
[1.409s] DEBUG:colcon.colcon_core.event_handler.log_command:Invoked command in '/home/lin/train2/src/build/fishbot_navigation2' returned '0': CMAKE_PREFIX_PATH=${CMAKE_PREFIX_PATH}:/home/lin/ros_ws/install/sdformat_tools:/home/lin/train2/src/install/fishbot_description:/home/lin/train2/src/install/example_py:/opt/ros/humble /usr/local/bin/cmake --install /home/lin/train2/src/build/fishbot_navigation2
[1.410s] Level 1:colcon.colcon_core.environment:checking '/home/lin/train2/src/install/fishbot_navigation2' for CMake config files
[1.410s] Level 1:colcon.colcon_core.shell:create_environment_hook('fishbot_navigation2', 'cmake_prefix_path')
[1.410s] INFO:colcon.colcon_core.shell:Creating environment hook '/home/lin/train2/src/install/fishbot_navigation2/share/fishbot_navigation2/hook/cmake_prefix_path.ps1'
[1.412s] INFO:colcon.colcon_core.shell:Creating environment descriptor '/home/lin/train2/src/install/fishbot_navigation2/share/fishbot_navigation2/hook/cmake_prefix_path.dsv'
[1.413s] INFO:colcon.colcon_core.shell:Creating environment hook '/home/lin/train2/src/install/fishbot_navigation2/share/fishbot_navigation2/hook/cmake_prefix_path.sh'
[1.414s] Level 1:colcon.colcon_core.environment:checking '/home/lin/train2/src/install/fishbot_navigation2/bin'
[1.414s] Level 1:colcon.colcon_core.environment:checking '/home/lin/train2/src/install/fishbot_navigation2/lib/pkgconfig/fishbot_navigation2.pc'
[1.414s] Level 1:colcon.colcon_core.environment:checking '/home/lin/train2/src/install/fishbot_navigation2/lib/python3.10/site-packages'
[1.415s] Level 1:colcon.colcon_core.environment:checking '/home/lin/train2/src/install/fishbot_navigation2/bin'
[1.415s] INFO:colcon.colcon_core.shell:Creating package script '/home/lin/train2/src/install/fishbot_navigation2/share/fishbot_navigation2/package.ps1'
[1.415s] INFO:colcon.colcon_core.shell:Creating package descriptor '/home/lin/train2/src/install/fishbot_navigation2/share/fishbot_navigation2/package.dsv'
[1.416s] INFO:colcon.colcon_core.shell:Creating package script '/home/lin/train2/src/install/fishbot_navigation2/share/fishbot_navigation2/package.sh'
[1.416s] INFO:colcon.colcon_core.shell:Creating package script '/home/lin/train2/src/install/fishbot_navigation2/share/fishbot_navigation2/package.bash'
[1.417s] INFO:colcon.colcon_core.shell:Creating package script '/home/lin/train2/src/install/fishbot_navigation2/share/fishbot_navigation2/package.zsh'
[1.420s] Level 1:colcon.colcon_core.environment:create_file_with_runtime_dependencies(/home/lin/train2/src/install/fishbot_navigation2/share/colcon-core/packages/fishbot_navigation2)
[1.423s] Level 1:colcon.colcon_core.environment:create_environment_scripts_only(fishbot_navigation2)
[1.423s] Level 1:colcon.colcon_core.environment:checking '/home/lin/train2/src/install/fishbot_navigation2' for CMake module files
[1.425s] Level 1:colcon.colcon_core.environment:checking '/home/lin/train2/src/install/fishbot_navigation2' for CMake config files
[1.426s] Level 1:colcon.colcon_core.shell:create_environment_hook('fishbot_navigation2', 'cmake_prefix_path')
[1.426s] INFO:colcon.colcon_core.shell:Creating environment hook '/home/lin/train2/src/install/fishbot_navigation2/share/fishbot_navigation2/hook/cmake_prefix_path.ps1'
[1.427s] INFO:colcon.colcon_core.shell:Creating environment descriptor '/home/lin/train2/src/install/fishbot_navigation2/share/fishbot_navigation2/hook/cmake_prefix_path.dsv'
[1.428s] INFO:colcon.colcon_core.shell:Creating environment hook '/home/lin/train2/src/install/fishbot_navigation2/share/fishbot_navigation2/hook/cmake_prefix_path.sh'
[1.432s] Level 1:colcon.colcon_core.environment:checking '/home/lin/train2/src/install/fishbot_navigation2/bin'
[1.432s] Level 1:colcon.colcon_core.environment:checking '/home/lin/train2/src/install/fishbot_navigation2/lib/pkgconfig/fishbot_navigation2.pc'
[1.432s] Level 1:colcon.colcon_core.environment:checking '/home/lin/train2/src/install/fishbot_navigation2/lib/python3.10/site-packages'
[1.432s] Level 1:colcon.colcon_core.environment:checking '/home/lin/train2/src/install/fishbot_navigation2/bin'
[1.433s] INFO:colcon.colcon_core.shell:Creating package script '/home/lin/train2/src/install/fishbot_navigation2/share/fishbot_navigation2/package.ps1'
[1.435s] INFO:colcon.colcon_core.shell:Creating package descriptor '/home/lin/train2/src/install/fishbot_navigation2/share/fishbot_navigation2/package.dsv'
[1.437s] INFO:colcon.colcon_core.shell:Creating package script '/home/lin/train2/src/install/fishbot_navigation2/share/fishbot_navigation2/package.sh'
[1.437s] INFO:colcon.colcon_core.shell:Creating package script '/home/lin/train2/src/install/fishbot_navigation2/share/fishbot_navigation2/package.bash'
[1.438s] INFO:colcon.colcon_core.shell:Creating package script '/home/lin/train2/src/install/fishbot_navigation2/share/fishbot_navigation2/package.zsh'
[1.438s] Level 1:colcon.colcon_core.environment:create_file_with_runtime_dependencies(/home/lin/train2/src/install/fishbot_navigation2/share/colcon-core/packages/fishbot_navigation2)
[1.458s] Level 1:colcon.colcon_core.environment:create_environment_scripts_only(robot_startup)
[1.459s] Level 1:colcon.colcon_core.environment:checking '/home/lin/train2/src/install/robot_startup' for CMake module files
[1.460s] Level 1:colcon.colcon_core.environment:checking '/home/lin/train2/src/install/robot_startup' for CMake config files
[1.461s] Level 1:colcon.colcon_core.shell:create_environment_hook('robot_startup', 'cmake_prefix_path')
[1.461s] INFO:colcon.colcon_core.shell:Creating environment hook '/home/lin/train2/src/install/robot_startup/share/robot_startup/hook/cmake_prefix_path.ps1'
[1.462s] DEBUG:colcon.colcon_core.event_handler.log_command:Invoked command in '/home/lin/train2/src/build/ydlidar' returned '0': CMAKE_PREFIX_PATH=${CMAKE_PREFIX_PATH}:/home/lin/ros_ws/install/sdformat_tools:/home/lin/train2/src/install/fishbot_description:/home/lin/train2/src/install/example_py:/opt/ros/humble /usr/local/bin/cmake --build /home/lin/train2/src/build/ydlidar -- -j8 -l8
[1.463s] DEBUG:colcon.colcon_core.event_handler.log_command:Invoking command in '/home/lin/train2/src/build/ydlidar': CMAKE_PREFIX_PATH=${CMAKE_PREFIX_PATH}:/home/lin/ros_ws/install/sdformat_tools:/home/lin/train2/src/install/fishbot_description:/home/lin/train2/src/install/example_py:/opt/ros/humble /usr/local/bin/cmake --install /home/lin/train2/src/build/ydlidar
[1.463s] DEBUG:colcon.colcon_core.event_handler.log_command:Invoked command in '/home/lin/train2/src/build/robot_startup' returned '0': CMAKE_PREFIX_PATH=${CMAKE_PREFIX_PATH}:/home/lin/ros_ws/install/sdformat_tools:/home/lin/train2/src/install/fishbot_description:/home/lin/train2/src/install/example_py:/opt/ros/humble /usr/local/bin/cmake --install /home/lin/train2/src/build/robot_startup
[1.463s] INFO:colcon.colcon_core.shell:Creating environment descriptor '/home/lin/train2/src/install/robot_startup/share/robot_startup/hook/cmake_prefix_path.dsv'
[1.464s] INFO:colcon.colcon_core.shell:Creating environment hook '/home/lin/train2/src/install/robot_startup/share/robot_startup/hook/cmake_prefix_path.sh'
[1.465s] Level 1:colcon.colcon_core.environment:checking '/home/lin/train2/src/install/robot_startup/bin'
[1.465s] Level 1:colcon.colcon_core.environment:checking '/home/lin/train2/src/install/robot_startup/lib/pkgconfig/robot_startup.pc'
[1.465s] Level 1:colcon.colcon_core.environment:checking '/home/lin/train2/src/install/robot_startup/lib/python3.10/site-packages'
[1.466s] Level 1:colcon.colcon_core.environment:checking '/home/lin/train2/src/install/robot_startup/bin'
[1.466s] INFO:colcon.colcon_core.shell:Creating package script '/home/lin/train2/src/install/robot_startup/share/robot_startup/package.ps1'
[1.466s] INFO:colcon.colcon_core.shell:Creating package descriptor '/home/lin/train2/src/install/robot_startup/share/robot_startup/package.dsv'
[1.467s] INFO:colcon.colcon_core.shell:Creating package script '/home/lin/train2/src/install/robot_startup/share/robot_startup/package.sh'
[1.468s] INFO:colcon.colcon_core.shell:Creating package script '/home/lin/train2/src/install/robot_startup/share/robot_startup/package.bash'
[1.469s] INFO:colcon.colcon_core.shell:Creating package script '/home/lin/train2/src/install/robot_startup/share/robot_startup/package.zsh'
[1.470s] Level 1:colcon.colcon_core.environment:create_file_with_runtime_dependencies(/home/lin/train2/src/install/robot_startup/share/colcon-core/packages/robot_startup)
[1.471s] Level 1:colcon.colcon_core.environment:create_environment_scripts_only(robot_startup)
[1.474s] Level 1:colcon.colcon_core.environment:checking '/home/lin/train2/src/install/robot_startup' for CMake module files
[1.477s] Level 1:colcon.colcon_core.environment:checking '/home/lin/train2/src/install/robot_startup' for CMake config files
[1.477s] Level 1:colcon.colcon_core.shell:create_environment_hook('robot_startup', 'cmake_prefix_path')
[1.477s] INFO:colcon.colcon_core.shell:Creating environment hook '/home/lin/train2/src/install/robot_startup/share/robot_startup/hook/cmake_prefix_path.ps1'
[1.478s] INFO:colcon.colcon_core.shell:Creating environment descriptor '/home/lin/train2/src/install/robot_startup/share/robot_startup/hook/cmake_prefix_path.dsv'
[1.479s] INFO:colcon.colcon_core.shell:Creating environment hook '/home/lin/train2/src/install/robot_startup/share/robot_startup/hook/cmake_prefix_path.sh'
[1.479s] Level 1:colcon.colcon_core.environment:checking '/home/lin/train2/src/install/robot_startup/bin'
[1.479s] Level 1:colcon.colcon_core.environment:checking '/home/lin/train2/src/install/robot_startup/lib/pkgconfig/robot_startup.pc'
[1.480s] Level 1:colcon.colcon_core.environment:checking '/home/lin/train2/src/install/robot_startup/lib/python3.10/site-packages'
[1.480s] Level 1:colcon.colcon_core.environment:checking '/home/lin/train2/src/install/robot_startup/bin'
[1.480s] INFO:colcon.colcon_core.shell:Creating package script '/home/lin/train2/src/install/robot_startup/share/robot_startup/package.ps1'
[1.484s] INFO:colcon.colcon_core.shell:Creating package descriptor '/home/lin/train2/src/install/robot_startup/share/robot_startup/package.dsv'
[1.488s] INFO:colcon.colcon_core.shell:Creating package script '/home/lin/train2/src/install/robot_startup/share/robot_startup/package.sh'
[1.489s] INFO:colcon.colcon_core.shell:Creating package script '/home/lin/train2/src/install/robot_startup/share/robot_startup/package.bash'
[1.490s] INFO:colcon.colcon_core.shell:Creating package script '/home/lin/train2/src/install/robot_startup/share/robot_startup/package.zsh'
[1.494s] Level 1:colcon.colcon_core.environment:create_file_with_runtime_dependencies(/home/lin/train2/src/install/robot_startup/share/colcon-core/packages/robot_startup)
[1.725s] Level 1:colcon.colcon_core.environment:create_environment_scripts_only(ydlidar)
[1.726s] DEBUG:colcon.colcon_core.event_handler.log_command:Invoked command in '/home/lin/train2/src/build/ydlidar' returned '0': CMAKE_PREFIX_PATH=${CMAKE_PREFIX_PATH}:/home/lin/ros_ws/install/sdformat_tools:/home/lin/train2/src/install/fishbot_description:/home/lin/train2/src/install/example_py:/opt/ros/humble /usr/local/bin/cmake --install /home/lin/train2/src/build/ydlidar
[1.726s] Level 1:colcon.colcon_core.environment:checking '/home/lin/train2/src/install/ydlidar' for CMake module files
[1.731s] Level 1:colcon.colcon_core.environment:checking '/home/lin/train2/src/install/ydlidar' for CMake config files
[1.732s] Level 1:colcon.colcon_core.shell:create_environment_hook('ydlidar', 'cmake_prefix_path')
[1.732s] INFO:colcon.colcon_core.shell:Creating environment hook '/home/lin/train2/src/install/ydlidar/share/ydlidar/hook/cmake_prefix_path.ps1'
[1.732s] INFO:colcon.colcon_core.shell:Creating environment descriptor '/home/lin/train2/src/install/ydlidar/share/ydlidar/hook/cmake_prefix_path.dsv'
[1.733s] INFO:colcon.colcon_core.shell:Creating environment hook '/home/lin/train2/src/install/ydlidar/share/ydlidar/hook/cmake_prefix_path.sh'
[1.733s] Level 1:colcon.colcon_core.environment:checking '/home/lin/train2/src/install/ydlidar/lib'
[1.734s] Level 1:colcon.colcon_core.environment:checking '/home/lin/train2/src/install/ydlidar/bin'
[1.734s] Level 1:colcon.colcon_core.environment:checking '/home/lin/train2/src/install/ydlidar/lib/pkgconfig/ydlidar.pc'
[1.734s] Level 1:colcon.colcon_core.environment:checking '/home/lin/train2/src/install/ydlidar/lib/python3.10/site-packages'
[1.734s] Level 1:colcon.colcon_core.environment:checking '/home/lin/train2/src/install/ydlidar/bin'
[1.735s] INFO:colcon.colcon_core.shell:Creating package script '/home/lin/train2/src/install/ydlidar/share/ydlidar/package.ps1'
[1.735s] INFO:colcon.colcon_core.shell:Creating package descriptor '/home/lin/train2/src/install/ydlidar/share/ydlidar/package.dsv'
[1.735s] INFO:colcon.colcon_core.shell:Creating package script '/home/lin/train2/src/install/ydlidar/share/ydlidar/package.sh'
[1.736s] INFO:colcon.colcon_core.shell:Creating package script '/home/lin/train2/src/install/ydlidar/share/ydlidar/package.bash'
[1.740s] INFO:colcon.colcon_core.shell:Creating package script '/home/lin/train2/src/install/ydlidar/share/ydlidar/package.zsh'
[1.741s] Level 1:colcon.colcon_core.environment:create_file_with_runtime_dependencies(/home/lin/train2/src/install/ydlidar/share/colcon-core/packages/ydlidar)
[1.742s] Level 1:colcon.colcon_core.environment:create_environment_scripts_only(ydlidar)
[1.742s] Level 1:colcon.colcon_core.environment:checking '/home/lin/train2/src/install/ydlidar' for CMake module files
[1.743s] Level 1:colcon.colcon_core.environment:checking '/home/lin/train2/src/install/ydlidar' for CMake config files
[1.747s] Level 1:colcon.colcon_core.shell:create_environment_hook('ydlidar', 'cmake_prefix_path')
[1.748s] INFO:colcon.colcon_core.shell:Creating environment hook '/home/lin/train2/src/install/ydlidar/share/ydlidar/hook/cmake_prefix_path.ps1'
[1.749s] INFO:colcon.colcon_core.shell:Creating environment descriptor '/home/lin/train2/src/install/ydlidar/share/ydlidar/hook/cmake_prefix_path.dsv'
[1.749s] INFO:colcon.colcon_core.shell:Creating environment hook '/home/lin/train2/src/install/ydlidar/share/ydlidar/hook/cmake_prefix_path.sh'
[1.750s] Level 1:colcon.colcon_core.environment:checking '/home/lin/train2/src/install/ydlidar/lib'
[1.750s] Level 1:colcon.colcon_core.environment:checking '/home/lin/train2/src/install/ydlidar/bin'
[1.750s] Level 1:colcon.colcon_core.environment:checking '/home/lin/train2/src/install/ydlidar/lib/pkgconfig/ydlidar.pc'
[1.751s] Level 1:colcon.colcon_core.environment:checking '/home/lin/train2/src/install/ydlidar/lib/python3.10/site-packages'
[1.751s] Level 1:colcon.colcon_core.environment:checking '/home/lin/train2/src/install/ydlidar/bin'
[1.751s] INFO:colcon.colcon_core.shell:Creating package script '/home/lin/train2/src/install/ydlidar/share/ydlidar/package.ps1'
[1.755s] INFO:colcon.colcon_core.shell:Creating package descriptor '/home/lin/train2/src/install/ydlidar/share/ydlidar/package.dsv'
[1.756s] INFO:colcon.colcon_core.shell:Creating package script '/home/lin/train2/src/install/ydlidar/share/ydlidar/package.sh'
[1.756s] INFO:colcon.colcon_core.shell:Creating package script '/home/lin/train2/src/install/ydlidar/share/ydlidar/package.bash'
[1.762s] INFO:colcon.colcon_core.shell:Creating package script '/home/lin/train2/src/install/ydlidar/share/ydlidar/package.zsh'
[1.762s] Level 1:colcon.colcon_core.environment:create_file_with_runtime_dependencies(/home/lin/train2/src/install/ydlidar/share/colcon-core/packages/ydlidar)
[2.209s] DEBUG:colcon.colcon_core.event_handler.log_command:Invoking command in '/home/lin/train2/src/build/example_py': PYTHONPATH=/home/lin/train2/src/build/example_py/prefix_override:/usr/lib/python3/dist-packages/colcon_core/task/python/colcon_distutils_commands:/home/lin/train2/src/install/example_py/lib/python3.10/site-packages:${PYTHONPATH} /usr/bin/python3 -W ignore:setup.py install is deprecated -W ignore:easy_install command is deprecated setup.py develop --editable --build-directory /home/lin/train2/src/build/example_py/build --no-deps symlink_data
[2.303s] DEBUG:colcon.colcon_core.event_handler.log_command:Invoking command in '/home/lin/train2/src/build/fishbot_description': PYTHONPATH=/home/lin/train2/src/build/fishbot_description/prefix_override:/usr/lib/python3/dist-packages/colcon_core/task/python/colcon_distutils_commands:/home/lin/train2/src/install/fishbot_description/lib/python3.10/site-packages:${PYTHONPATH} /usr/bin/python3 -W ignore:setup.py install is deprecated -W ignore:easy_install command is deprecated setup.py develop --editable --build-directory /home/lin/train2/src/build/fishbot_description/build --no-deps symlink_data
[2.542s] Level 1:colcon.colcon_core.environment:create_environment_scripts_only(example_ros2_interfaces)
[2.543s] Level 1:colcon.colcon_core.environment:checking '/home/lin/train2/src/install/example_ros2_interfaces' for CMake module files
[2.544s] DEBUG:colcon.colcon_core.event_handler.log_command:Invoked command in '/home/lin/train2/src/build/example_ros2_interfaces' returned '0': CMAKE_PREFIX_PATH=${CMAKE_PREFIX_PATH}:/home/lin/ros_ws/install/sdformat_tools:/home/lin/train2/src/install/fishbot_description:/home/lin/train2/src/install/example_py:/opt/ros/humble /usr/local/bin/cmake --install /home/lin/train2/src/build/example_ros2_interfaces
[2.547s] Level 1:colcon.colcon_core.environment:checking '/home/lin/train2/src/install/example_ros2_interfaces' for CMake config files
[2.552s] Level 1:colcon.colcon_core.shell:create_environment_hook('example_ros2_interfaces', 'cmake_prefix_path')
[2.552s] INFO:colcon.colcon_core.shell:Creating environment hook '/home/lin/train2/src/install/example_ros2_interfaces/share/example_ros2_interfaces/hook/cmake_prefix_path.ps1'
[2.553s] INFO:colcon.colcon_core.shell:Creating environment descriptor '/home/lin/train2/src/install/example_ros2_interfaces/share/example_ros2_interfaces/hook/cmake_prefix_path.dsv'
[2.554s] INFO:colcon.colcon_core.shell:Creating environment hook '/home/lin/train2/src/install/example_ros2_interfaces/share/example_ros2_interfaces/hook/cmake_prefix_path.sh'
[2.554s] Level 1:colcon.colcon_core.environment:checking '/home/lin/train2/src/install/example_ros2_interfaces/lib'
[2.555s] Level 1:colcon.colcon_core.shell:create_environment_hook('example_ros2_interfaces', 'ld_library_path_lib')
[2.555s] INFO:colcon.colcon_core.shell:Creating environment hook '/home/lin/train2/src/install/example_ros2_interfaces/share/example_ros2_interfaces/hook/ld_library_path_lib.ps1'
[2.556s] INFO:colcon.colcon_core.shell:Creating environment descriptor '/home/lin/train2/src/install/example_ros2_interfaces/share/example_ros2_interfaces/hook/ld_library_path_lib.dsv'
[2.556s] INFO:colcon.colcon_core.shell:Creating environment hook '/home/lin/train2/src/install/example_ros2_interfaces/share/example_ros2_interfaces/hook/ld_library_path_lib.sh'
[2.557s] Level 1:colcon.colcon_core.environment:checking '/home/lin/train2/src/install/example_ros2_interfaces/bin'
[2.557s] Level 1:colcon.colcon_core.environment:checking '/home/lin/train2/src/install/example_ros2_interfaces/lib/pkgconfig/example_ros2_interfaces.pc'
[2.557s] Level 1:colcon.colcon_core.environment:checking '/home/lin/train2/src/install/example_ros2_interfaces/lib/python3.10/site-packages'
[2.557s] Level 1:colcon.colcon_core.environment:checking '/home/lin/train2/src/install/example_ros2_interfaces/bin'
[2.557s] INFO:colcon.colcon_core.shell:Creating package script '/home/lin/train2/src/install/example_ros2_interfaces/share/example_ros2_interfaces/package.ps1'
[2.558s] INFO:colcon.colcon_core.shell:Creating package descriptor '/home/lin/train2/src/install/example_ros2_interfaces/share/example_ros2_interfaces/package.dsv'
[2.559s] INFO:colcon.colcon_core.shell:Creating package script '/home/lin/train2/src/install/example_ros2_interfaces/share/example_ros2_interfaces/package.sh'
[2.559s] INFO:colcon.colcon_core.shell:Creating package script '/home/lin/train2/src/install/example_ros2_interfaces/share/example_ros2_interfaces/package.bash'
[2.560s] INFO:colcon.colcon_core.shell:Creating package script '/home/lin/train2/src/install/example_ros2_interfaces/share/example_ros2_interfaces/package.zsh'
[2.560s] Level 1:colcon.colcon_core.environment:create_file_with_runtime_dependencies(/home/lin/train2/src/install/example_ros2_interfaces/share/colcon-core/packages/example_ros2_interfaces)
[2.561s] Level 1:colcon.colcon_core.environment:create_environment_scripts_only(example_ros2_interfaces)
[2.561s] Level 1:colcon.colcon_core.environment:checking '/home/lin/train2/src/install/example_ros2_interfaces' for CMake module files
[2.563s] Level 1:colcon.colcon_core.environment:checking '/home/lin/train2/src/install/example_ros2_interfaces' for CMake config files
[2.565s] Level 1:colcon.colcon_core.shell:create_environment_hook('example_ros2_interfaces', 'cmake_prefix_path')
[2.566s] INFO:colcon.colcon_core.shell:Creating environment hook '/home/lin/train2/src/install/example_ros2_interfaces/share/example_ros2_interfaces/hook/cmake_prefix_path.ps1'
[2.566s] INFO:colcon.colcon_core.shell:Creating environment descriptor '/home/lin/train2/src/install/example_ros2_interfaces/share/example_ros2_interfaces/hook/cmake_prefix_path.dsv'
[2.567s] INFO:colcon.colcon_core.shell:Creating environment hook '/home/lin/train2/src/install/example_ros2_interfaces/share/example_ros2_interfaces/hook/cmake_prefix_path.sh'
[2.568s] Level 1:colcon.colcon_core.environment:checking '/home/lin/train2/src/install/example_ros2_interfaces/lib'
[2.568s] Level 1:colcon.colcon_core.shell:create_environment_hook('example_ros2_interfaces', 'ld_library_path_lib')
[2.568s] INFO:colcon.colcon_core.shell:Creating environment hook '/home/lin/train2/src/install/example_ros2_interfaces/share/example_ros2_interfaces/hook/ld_library_path_lib.ps1'
[2.568s] INFO:colcon.colcon_core.shell:Creating environment descriptor '/home/lin/train2/src/install/example_ros2_interfaces/share/example_ros2_interfaces/hook/ld_library_path_lib.dsv'
[2.569s] INFO:colcon.colcon_core.shell:Creating environment hook '/home/lin/train2/src/install/example_ros2_interfaces/share/example_ros2_interfaces/hook/ld_library_path_lib.sh'
[2.570s] Level 1:colcon.colcon_core.environment:checking '/home/lin/train2/src/install/example_ros2_interfaces/bin'
[2.570s] Level 1:colcon.colcon_core.environment:checking '/home/lin/train2/src/install/example_ros2_interfaces/lib/pkgconfig/example_ros2_interfaces.pc'
[2.570s] Level 1:colcon.colcon_core.environment:checking '/home/lin/train2/src/install/example_ros2_interfaces/lib/python3.10/site-packages'
[2.570s] Level 1:colcon.colcon_core.environment:checking '/home/lin/train2/src/install/example_ros2_interfaces/bin'
[2.570s] INFO:colcon.colcon_core.shell:Creating package script '/home/lin/train2/src/install/example_ros2_interfaces/share/example_ros2_interfaces/package.ps1'
[2.571s] INFO:colcon.colcon_core.shell:Creating package descriptor '/home/lin/train2/src/install/example_ros2_interfaces/share/example_ros2_interfaces/package.dsv'
[2.572s] INFO:colcon.colcon_core.shell:Creating package script '/home/lin/train2/src/install/example_ros2_interfaces/share/example_ros2_interfaces/package.sh'
[2.572s] INFO:colcon.colcon_core.shell:Creating package script '/home/lin/train2/src/install/example_ros2_interfaces/share/example_ros2_interfaces/package.bash'
[2.573s] INFO:colcon.colcon_core.shell:Creating package script '/home/lin/train2/src/install/example_ros2_interfaces/share/example_ros2_interfaces/package.zsh'
[2.573s] Level 1:colcon.colcon_core.environment:create_file_with_runtime_dependencies(/home/lin/train2/src/install/example_ros2_interfaces/share/colcon-core/packages/example_ros2_interfaces)
[2.574s] INFO:colcon.colcon_ros.task.ament_cmake.build:Building ROS package in '/home/lin/train2/src/example_cpp' with build type 'ament_cmake'
[2.574s] INFO:colcon.colcon_cmake.task.cmake.build:Building CMake package in '/home/lin/train2/src/example_cpp'
[2.574s] INFO:colcon.colcon_core.shell:Skip shell extension 'powershell' for command environment: Not usable outside of PowerShell
[2.574s] DEBUG:colcon.colcon_core.shell:Skip shell extension 'dsv' for command environment
[2.619s] DEBUG:colcon.colcon_core.event_handler.log_command:Invoking command in '/home/lin/train2/src/build/example_cpp': CMAKE_PREFIX_PATH=/home/lin/train2/src/install/example_ros2_interfaces:/home/lin/ros_ws/install/rmu_gazebo_simulator:/home/lin/ros_ws/install/pb2025_robot_description:/home/lin/ros_ws/install/rmoss_core:/home/lin/ros_ws/install/rmoss_cam:/home/lin/ros_ws/install/rmoss_util:/home/lin/ros_ws/install/rmoss_projectile_motion:/home/lin/ros_ws/install/rmoss_gz_cam:/home/lin/ros_ws/install/rmoss_gz_bridge:/home/lin/ros_ws/install/rmoss_gz_base:/home/lin/ros_ws/install/rmoss_base:/home/lin/ros_ws/install/rmoss_interfaces:/home/lin/ros_ws/install/rmoss_gz_resources:/home/lin/ros_ws/install/rmoss_gz_plugins:/home/lin/train2/src/install/robot_startup:/home/lin/train2/src/install/fishbot_navigation2:/home/lin/train2/src/install/fishbot_cartographer:/home/lin/train2/src/install/example_cpp:/home/lin/ros_ws/install/sdformat_tools:/home/lin/train2/src/install/fishbot_description:/home/lin/train2/src/install/example_py:/opt/ros/humble LD_LIBRARY_PATH=/home/lin/train2/src/install/example_ros2_interfaces/lib:/home/lin/ros_ws/install/rmoss_cam/lib:/home/lin/ros_ws/install/rmoss_util/lib:/home/lin/ros_ws/install/rmoss_projectile_motion/lib:/home/lin/ros_ws/install/rmoss_gz_cam/lib:/home/lin/ros_ws/install/rmoss_gz_base/lib:/home/lin/ros_ws/install/rmoss_base/lib:/home/lin/ros_ws/install/rmoss_interfaces/lib:/usr/lib/x86_64-linux-gnu/gazebo-11/plugins:/opt/ros/humble/opt/rviz_ogre_vendor/lib:/opt/ros/humble/lib/x86_64-linux-gnu:/opt/ros/humble/lib /usr/local/bin/cmake /home/lin/train2/src/example_cpp -DAMENT_CMAKE_SYMLINK_INSTALL=1 -DCMAKE_INSTALL_PREFIX=/home/lin/train2/src/install/example_cpp
[3.224s] Level 1:colcon.colcon_core.shell:create_environment_hook('example_py', 'pythonpath_develop')
[3.224s] INFO:colcon.colcon_core.shell:Creating environment hook '/home/lin/train2/src/build/example_py/share/example_py/hook/pythonpath_develop.ps1'
[3.225s] INFO:colcon.colcon_core.shell:Creating environment descriptor '/home/lin/train2/src/build/example_py/share/example_py/hook/pythonpath_develop.dsv'
[3.225s] INFO:colcon.colcon_core.shell:Creating environment hook '/home/lin/train2/src/build/example_py/share/example_py/hook/pythonpath_develop.sh'
[3.228s] Level 1:colcon.colcon_core.environment:checking '/home/lin/train2/src/install/example_py' for CMake module files
[3.229s] DEBUG:colcon.colcon_core.event_handler.log_command:Invoked command in '/home/lin/train2/src/build/example_py' returned '0': PYTHONPATH=/home/lin/train2/src/build/example_py/prefix_override:/usr/lib/python3/dist-packages/colcon_core/task/python/colcon_distutils_commands:/home/lin/train2/src/install/example_py/lib/python3.10/site-packages:${PYTHONPATH} /usr/bin/python3 -W ignore:setup.py install is deprecated -W ignore:easy_install command is deprecated setup.py develop --editable --build-directory /home/lin/train2/src/build/example_py/build --no-deps symlink_data
[3.230s] Level 1:colcon.colcon_core.environment:checking '/home/lin/train2/src/install/example_py' for CMake config files
[3.230s] Level 1:colcon.colcon_core.environment:checking '/home/lin/train2/src/install/example_py/lib'
[3.231s] Level 1:colcon.colcon_core.environment:checking '/home/lin/train2/src/install/example_py/bin'
[3.231s] Level 1:colcon.colcon_core.environment:checking '/home/lin/train2/src/install/example_py/lib/pkgconfig/example_py.pc'
[3.231s] Level 1:colcon.colcon_core.environment:checking '/home/lin/train2/src/install/example_py/lib/python3.10/site-packages'
[3.231s] Level 1:colcon.colcon_core.shell:create_environment_hook('example_py', 'pythonpath')
[3.231s] INFO:colcon.colcon_core.shell:Creating environment hook '/home/lin/train2/src/install/example_py/share/example_py/hook/pythonpath.ps1'
[3.232s] INFO:colcon.colcon_core.shell:Creating environment descriptor '/home/lin/train2/src/install/example_py/share/example_py/hook/pythonpath.dsv'
[3.236s] INFO:colcon.colcon_core.shell:Creating environment hook '/home/lin/train2/src/install/example_py/share/example_py/hook/pythonpath.sh'
[3.237s] Level 1:colcon.colcon_core.environment:checking '/home/lin/train2/src/install/example_py/bin'
[3.237s] Level 1:colcon.colcon_core.environment:create_environment_scripts_only(example_py)
[3.237s] INFO:colcon.colcon_core.shell:Creating package script '/home/lin/train2/src/install/example_py/share/example_py/package.ps1'
[3.238s] INFO:colcon.colcon_core.shell:Creating package descriptor '/home/lin/train2/src/install/example_py/share/example_py/package.dsv'
[3.239s] INFO:colcon.colcon_core.shell:Creating package script '/home/lin/train2/src/install/example_py/share/example_py/package.sh'
[3.240s] INFO:colcon.colcon_core.shell:Creating package script '/home/lin/train2/src/install/example_py/share/example_py/package.bash'
[3.240s] INFO:colcon.colcon_core.shell:Creating package script '/home/lin/train2/src/install/example_py/share/example_py/package.zsh'
[3.241s] Level 1:colcon.colcon_core.environment:create_file_with_runtime_dependencies(/home/lin/train2/src/install/example_py/share/colcon-core/packages/example_py)
[3.341s] Level 1:colcon.colcon_core.shell:create_environment_hook('fishbot_description', 'pythonpath_develop')
[3.342s] INFO:colcon.colcon_core.shell:Creating environment hook '/home/lin/train2/src/build/fishbot_description/share/fishbot_description/hook/pythonpath_develop.ps1'
[3.344s] DEBUG:colcon.colcon_core.event_handler.log_command:Invoked command in '/home/lin/train2/src/build/fishbot_description' returned '0': PYTHONPATH=/home/lin/train2/src/build/fishbot_description/prefix_override:/usr/lib/python3/dist-packages/colcon_core/task/python/colcon_distutils_commands:/home/lin/train2/src/install/fishbot_description/lib/python3.10/site-packages:${PYTHONPATH} /usr/bin/python3 -W ignore:setup.py install is deprecated -W ignore:easy_install command is deprecated setup.py develop --editable --build-directory /home/lin/train2/src/build/fishbot_description/build --no-deps symlink_data
[3.345s] INFO:colcon.colcon_core.shell:Creating environment descriptor '/home/lin/train2/src/build/fishbot_description/share/fishbot_description/hook/pythonpath_develop.dsv'
[3.346s] INFO:colcon.colcon_core.shell:Creating environment hook '/home/lin/train2/src/build/fishbot_description/share/fishbot_description/hook/pythonpath_develop.sh'
[3.347s] Level 1:colcon.colcon_core.environment:checking '/home/lin/train2/src/install/fishbot_description' for CMake module files
[3.347s] Level 1:colcon.colcon_core.environment:checking '/home/lin/train2/src/install/fishbot_description' for CMake config files
[3.351s] Level 1:colcon.colcon_core.environment:checking '/home/lin/train2/src/install/fishbot_description/lib'
[3.352s] Level 1:colcon.colcon_core.environment:checking '/home/lin/train2/src/install/fishbot_description/bin'
[3.352s] Level 1:colcon.colcon_core.environment:checking '/home/lin/train2/src/install/fishbot_description/lib/pkgconfig/fishbot_description.pc'
[3.352s] Level 1:colcon.colcon_core.environment:checking '/home/lin/train2/src/install/fishbot_description/lib/python3.10/site-packages'
[3.352s] Level 1:colcon.colcon_core.shell:create_environment_hook('fishbot_description', 'pythonpath')
[3.352s] INFO:colcon.colcon_core.shell:Creating environment hook '/home/lin/train2/src/install/fishbot_description/share/fishbot_description/hook/pythonpath.ps1'
[3.353s] INFO:colcon.colcon_core.shell:Creating environment descriptor '/home/lin/train2/src/install/fishbot_description/share/fishbot_description/hook/pythonpath.dsv'
[3.354s] INFO:colcon.colcon_core.shell:Creating environment hook '/home/lin/train2/src/install/fishbot_description/share/fishbot_description/hook/pythonpath.sh'
[3.354s] Level 1:colcon.colcon_core.environment:checking '/home/lin/train2/src/install/fishbot_description/bin'
[3.355s] Level 1:colcon.colcon_core.environment:create_environment_scripts_only(fishbot_description)
[3.355s] INFO:colcon.colcon_core.shell:Creating package script '/home/lin/train2/src/install/fishbot_description/share/fishbot_description/package.ps1'
[3.355s] INFO:colcon.colcon_core.shell:Creating package descriptor '/home/lin/train2/src/install/fishbot_description/share/fishbot_description/package.dsv'
[3.356s] INFO:colcon.colcon_core.shell:Creating package script '/home/lin/train2/src/install/fishbot_description/share/fishbot_description/package.sh'
[3.357s] INFO:colcon.colcon_core.shell:Creating package script '/home/lin/train2/src/install/fishbot_description/share/fishbot_description/package.bash'
[3.357s] INFO:colcon.colcon_core.shell:Creating package script '/home/lin/train2/src/install/fishbot_description/share/fishbot_description/package.zsh'
[3.358s] Level 1:colcon.colcon_core.environment:create_file_with_runtime_dependencies(/home/lin/train2/src/install/fishbot_description/share/colcon-core/packages/fishbot_description)
[3.813s] DEBUG:colcon.colcon_core.event_handler.log_command:Invoked command in '/home/lin/train2/src/build/example_cpp' returned '0': CMAKE_PREFIX_PATH=/home/lin/train2/src/install/example_ros2_interfaces:/home/lin/ros_ws/install/rmu_gazebo_simulator:/home/lin/ros_ws/install/pb2025_robot_description:/home/lin/ros_ws/install/rmoss_core:/home/lin/ros_ws/install/rmoss_cam:/home/lin/ros_ws/install/rmoss_util:/home/lin/ros_ws/install/rmoss_projectile_motion:/home/lin/ros_ws/install/rmoss_gz_cam:/home/lin/ros_ws/install/rmoss_gz_bridge:/home/lin/ros_ws/install/rmoss_gz_base:/home/lin/ros_ws/install/rmoss_base:/home/lin/ros_ws/install/rmoss_interfaces:/home/lin/ros_ws/install/rmoss_gz_resources:/home/lin/ros_ws/install/rmoss_gz_plugins:/home/lin/train2/src/install/robot_startup:/home/lin/train2/src/install/fishbot_navigation2:/home/lin/train2/src/install/fishbot_cartographer:/home/lin/train2/src/install/example_cpp:/home/lin/ros_ws/install/sdformat_tools:/home/lin/train2/src/install/fishbot_description:/home/lin/train2/src/install/example_py:/opt/ros/humble LD_LIBRARY_PATH=/home/lin/train2/src/install/example_ros2_interfaces/lib:/home/lin/ros_ws/install/rmoss_cam/lib:/home/lin/ros_ws/install/rmoss_util/lib:/home/lin/ros_ws/install/rmoss_projectile_motion/lib:/home/lin/ros_ws/install/rmoss_gz_cam/lib:/home/lin/ros_ws/install/rmoss_gz_base/lib:/home/lin/ros_ws/install/rmoss_base/lib:/home/lin/ros_ws/install/rmoss_interfaces/lib:/usr/lib/x86_64-linux-gnu/gazebo-11/plugins:/opt/ros/humble/opt/rviz_ogre_vendor/lib:/opt/ros/humble/lib/x86_64-linux-gnu:/opt/ros/humble/lib /usr/local/bin/cmake /home/lin/train2/src/example_cpp -DAMENT_CMAKE_SYMLINK_INSTALL=1 -DCMAKE_INSTALL_PREFIX=/home/lin/train2/src/install/example_cpp
[3.816s] DEBUG:colcon.colcon_core.event_handler.log_command:Invoking command in '/home/lin/train2/src/build/example_cpp': CMAKE_PREFIX_PATH=/home/lin/train2/src/install/example_ros2_interfaces:/home/lin/ros_ws/install/rmu_gazebo_simulator:/home/lin/ros_ws/install/pb2025_robot_description:/home/lin/ros_ws/install/rmoss_core:/home/lin/ros_ws/install/rmoss_cam:/home/lin/ros_ws/install/rmoss_util:/home/lin/ros_ws/install/rmoss_projectile_motion:/home/lin/ros_ws/install/rmoss_gz_cam:/home/lin/ros_ws/install/rmoss_gz_bridge:/home/lin/ros_ws/install/rmoss_gz_base:/home/lin/ros_ws/install/rmoss_base:/home/lin/ros_ws/install/rmoss_interfaces:/home/lin/ros_ws/install/rmoss_gz_resources:/home/lin/ros_ws/install/rmoss_gz_plugins:/home/lin/train2/src/install/robot_startup:/home/lin/train2/src/install/fishbot_navigation2:/home/lin/train2/src/install/fishbot_cartographer:/home/lin/train2/src/install/example_cpp:/home/lin/ros_ws/install/sdformat_tools:/home/lin/train2/src/install/fishbot_description:/home/lin/train2/src/install/example_py:/opt/ros/humble LD_LIBRARY_PATH=/home/lin/train2/src/install/example_ros2_interfaces/lib:/home/lin/ros_ws/install/rmoss_cam/lib:/home/lin/ros_ws/install/rmoss_util/lib:/home/lin/ros_ws/install/rmoss_projectile_motion/lib:/home/lin/ros_ws/install/rmoss_gz_cam/lib:/home/lin/ros_ws/install/rmoss_gz_base/lib:/home/lin/ros_ws/install/rmoss_base/lib:/home/lin/ros_ws/install/rmoss_interfaces/lib:/usr/lib/x86_64-linux-gnu/gazebo-11/plugins:/opt/ros/humble/opt/rviz_ogre_vendor/lib:/opt/ros/humble/lib/x86_64-linux-gnu:/opt/ros/humble/lib /usr/local/bin/cmake --build /home/lin/train2/src/build/example_cpp -- -j8 -l8
[4.765s] DEBUG:colcon.colcon_core.event_handler.log_command:Invoked command in '/home/lin/train2/src/build/example_cpp' returned '0': CMAKE_PREFIX_PATH=/home/lin/train2/src/install/example_ros2_interfaces:/home/lin/ros_ws/install/rmu_gazebo_simulator:/home/lin/ros_ws/install/pb2025_robot_description:/home/lin/ros_ws/install/rmoss_core:/home/lin/ros_ws/install/rmoss_cam:/home/lin/ros_ws/install/rmoss_util:/home/lin/ros_ws/install/rmoss_projectile_motion:/home/lin/ros_ws/install/rmoss_gz_cam:/home/lin/ros_ws/install/rmoss_gz_bridge:/home/lin/ros_ws/install/rmoss_gz_base:/home/lin/ros_ws/install/rmoss_base:/home/lin/ros_ws/install/rmoss_interfaces:/home/lin/ros_ws/install/rmoss_gz_resources:/home/lin/ros_ws/install/rmoss_gz_plugins:/home/lin/train2/src/install/robot_startup:/home/lin/train2/src/install/fishbot_navigation2:/home/lin/train2/src/install/fishbot_cartographer:/home/lin/train2/src/install/example_cpp:/home/lin/ros_ws/install/sdformat_tools:/home/lin/train2/src/install/fishbot_description:/home/lin/train2/src/install/example_py:/opt/ros/humble LD_LIBRARY_PATH=/home/lin/train2/src/install/example_ros2_interfaces/lib:/home/lin/ros_ws/install/rmoss_cam/lib:/home/lin/ros_ws/install/rmoss_util/lib:/home/lin/ros_ws/install/rmoss_projectile_motion/lib:/home/lin/ros_ws/install/rmoss_gz_cam/lib:/home/lin/ros_ws/install/rmoss_gz_base/lib:/home/lin/ros_ws/install/rmoss_base/lib:/home/lin/ros_ws/install/rmoss_interfaces/lib:/usr/lib/x86_64-linux-gnu/gazebo-11/plugins:/opt/ros/humble/opt/rviz_ogre_vendor/lib:/opt/ros/humble/lib/x86_64-linux-gnu:/opt/ros/humble/lib /usr/local/bin/cmake --build /home/lin/train2/src/build/example_cpp -- -j8 -l8
[4.768s] DEBUG:colcon.colcon_core.event_handler.log_command:Invoking command in '/home/lin/train2/src/build/example_cpp': CMAKE_PREFIX_PATH=/home/lin/train2/src/install/example_ros2_interfaces:/home/lin/ros_ws/install/rmu_gazebo_simulator:/home/lin/ros_ws/install/pb2025_robot_description:/home/lin/ros_ws/install/rmoss_core:/home/lin/ros_ws/install/rmoss_cam:/home/lin/ros_ws/install/rmoss_util:/home/lin/ros_ws/install/rmoss_projectile_motion:/home/lin/ros_ws/install/rmoss_gz_cam:/home/lin/ros_ws/install/rmoss_gz_bridge:/home/lin/ros_ws/install/rmoss_gz_base:/home/lin/ros_ws/install/rmoss_base:/home/lin/ros_ws/install/rmoss_interfaces:/home/lin/ros_ws/install/rmoss_gz_resources:/home/lin/ros_ws/install/rmoss_gz_plugins:/home/lin/train2/src/install/robot_startup:/home/lin/train2/src/install/fishbot_navigation2:/home/lin/train2/src/install/fishbot_cartographer:/home/lin/train2/src/install/example_cpp:/home/lin/ros_ws/install/sdformat_tools:/home/lin/train2/src/install/fishbot_description:/home/lin/train2/src/install/example_py:/opt/ros/humble LD_LIBRARY_PATH=/home/lin/train2/src/install/example_ros2_interfaces/lib:/home/lin/ros_ws/install/rmoss_cam/lib:/home/lin/ros_ws/install/rmoss_util/lib:/home/lin/ros_ws/install/rmoss_projectile_motion/lib:/home/lin/ros_ws/install/rmoss_gz_cam/lib:/home/lin/ros_ws/install/rmoss_gz_base/lib:/home/lin/ros_ws/install/rmoss_base/lib:/home/lin/ros_ws/install/rmoss_interfaces/lib:/usr/lib/x86_64-linux-gnu/gazebo-11/plugins:/opt/ros/humble/opt/rviz_ogre_vendor/lib:/opt/ros/humble/lib/x86_64-linux-gnu:/opt/ros/humble/lib /usr/local/bin/cmake --install /home/lin/train2/src/build/example_cpp
[4.933s] Level 1:colcon.colcon_core.environment:create_environment_scripts_only(example_cpp)
[4.934s] Level 1:colcon.colcon_core.environment:checking '/home/lin/train2/src/install/example_cpp' for CMake module files
[4.935s] Level 1:colcon.colcon_core.environment:checking '/home/lin/train2/src/install/example_cpp' for CMake config files
[4.935s] Level 1:colcon.colcon_core.shell:create_environment_hook('example_cpp', 'cmake_prefix_path')
[4.935s] INFO:colcon.colcon_core.shell:Creating environment hook '/home/lin/train2/src/install/example_cpp/share/example_cpp/hook/cmake_prefix_path.ps1'
[4.936s] INFO:colcon.colcon_core.shell:Creating environment descriptor '/home/lin/train2/src/install/example_cpp/share/example_cpp/hook/cmake_prefix_path.dsv'
[4.937s] DEBUG:colcon.colcon_core.event_handler.log_command:Invoked command in '/home/lin/train2/src/build/example_cpp' returned '0': CMAKE_PREFIX_PATH=/home/lin/train2/src/install/example_ros2_interfaces:/home/lin/ros_ws/install/rmu_gazebo_simulator:/home/lin/ros_ws/install/pb2025_robot_description:/home/lin/ros_ws/install/rmoss_core:/home/lin/ros_ws/install/rmoss_cam:/home/lin/ros_ws/install/rmoss_util:/home/lin/ros_ws/install/rmoss_projectile_motion:/home/lin/ros_ws/install/rmoss_gz_cam:/home/lin/ros_ws/install/rmoss_gz_bridge:/home/lin/ros_ws/install/rmoss_gz_base:/home/lin/ros_ws/install/rmoss_base:/home/lin/ros_ws/install/rmoss_interfaces:/home/lin/ros_ws/install/rmoss_gz_resources:/home/lin/ros_ws/install/rmoss_gz_plugins:/home/lin/train2/src/install/robot_startup:/home/lin/train2/src/install/fishbot_navigation2:/home/lin/train2/src/install/fishbot_cartographer:/home/lin/train2/src/install/example_cpp:/home/lin/ros_ws/install/sdformat_tools:/home/lin/train2/src/install/fishbot_description:/home/lin/train2/src/install/example_py:/opt/ros/humble LD_LIBRARY_PATH=/home/lin/train2/src/install/example_ros2_interfaces/lib:/home/lin/ros_ws/install/rmoss_cam/lib:/home/lin/ros_ws/install/rmoss_util/lib:/home/lin/ros_ws/install/rmoss_projectile_motion/lib:/home/lin/ros_ws/install/rmoss_gz_cam/lib:/home/lin/ros_ws/install/rmoss_gz_base/lib:/home/lin/ros_ws/install/rmoss_base/lib:/home/lin/ros_ws/install/rmoss_interfaces/lib:/usr/lib/x86_64-linux-gnu/gazebo-11/plugins:/opt/ros/humble/opt/rviz_ogre_vendor/lib:/opt/ros/humble/lib/x86_64-linux-gnu:/opt/ros/humble/lib /usr/local/bin/cmake --install /home/lin/train2/src/build/example_cpp
[4.937s] INFO:colcon.colcon_core.shell:Creating environment hook '/home/lin/train2/src/install/example_cpp/share/example_cpp/hook/cmake_prefix_path.sh'
[4.938s] Level 1:colcon.colcon_core.environment:checking '/home/lin/train2/src/install/example_cpp/lib'
[4.938s] Level 1:colcon.colcon_core.environment:checking '/home/lin/train2/src/install/example_cpp/bin'
[4.938s] Level 1:colcon.colcon_core.environment:checking '/home/lin/train2/src/install/example_cpp/lib/pkgconfig/example_cpp.pc'
[4.939s] Level 1:colcon.colcon_core.environment:checking '/home/lin/train2/src/install/example_cpp/lib/python3.10/site-packages'
[4.939s] Level 1:colcon.colcon_core.environment:checking '/home/lin/train2/src/install/example_cpp/bin'
[4.939s] INFO:colcon.colcon_core.shell:Creating package script '/home/lin/train2/src/install/example_cpp/share/example_cpp/package.ps1'
[4.940s] INFO:colcon.colcon_core.shell:Creating package descriptor '/home/lin/train2/src/install/example_cpp/share/example_cpp/package.dsv'
[4.940s] INFO:colcon.colcon_core.shell:Creating package script '/home/lin/train2/src/install/example_cpp/share/example_cpp/package.sh'
[4.941s] INFO:colcon.colcon_core.shell:Creating package script '/home/lin/train2/src/install/example_cpp/share/example_cpp/package.bash'
[4.941s] INFO:colcon.colcon_core.shell:Creating package script '/home/lin/train2/src/install/example_cpp/share/example_cpp/package.zsh'
[4.942s] Level 1:colcon.colcon_core.environment:create_file_with_runtime_dependencies(/home/lin/train2/src/install/example_cpp/share/colcon-core/packages/example_cpp)
[4.943s] Level 1:colcon.colcon_core.environment:create_environment_scripts_only(example_cpp)
[4.943s] Level 1:colcon.colcon_core.environment:checking '/home/lin/train2/src/install/example_cpp' for CMake module files
[4.944s] Level 1:colcon.colcon_core.environment:checking '/home/lin/train2/src/install/example_cpp' for CMake config files
[4.944s] Level 1:colcon.colcon_core.shell:create_environment_hook('example_cpp', 'cmake_prefix_path')
[4.945s] INFO:colcon.colcon_core.shell:Creating environment hook '/home/lin/train2/src/install/example_cpp/share/example_cpp/hook/cmake_prefix_path.ps1'
[4.945s] INFO:colcon.colcon_core.shell:Creating environment descriptor '/home/lin/train2/src/install/example_cpp/share/example_cpp/hook/cmake_prefix_path.dsv'
[4.946s] INFO:colcon.colcon_core.shell:Creating environment hook '/home/lin/train2/src/install/example_cpp/share/example_cpp/hook/cmake_prefix_path.sh'
[4.946s] Level 1:colcon.colcon_core.environment:checking '/home/lin/train2/src/install/example_cpp/lib'
[4.947s] Level 1:colcon.colcon_core.environment:checking '/home/lin/train2/src/install/example_cpp/bin'
[4.947s] Level 1:colcon.colcon_core.environment:checking '/home/lin/train2/src/install/example_cpp/lib/pkgconfig/example_cpp.pc'
[4.947s] Level 1:colcon.colcon_core.environment:checking '/home/lin/train2/src/install/example_cpp/lib/python3.10/site-packages'
[4.947s] Level 1:colcon.colcon_core.environment:checking '/home/lin/train2/src/install/example_cpp/bin'
[4.947s] INFO:colcon.colcon_core.shell:Creating package script '/home/lin/train2/src/install/example_cpp/share/example_cpp/package.ps1'
[4.948s] INFO:colcon.colcon_core.shell:Creating package descriptor '/home/lin/train2/src/install/example_cpp/share/example_cpp/package.dsv'
[4.948s] INFO:colcon.colcon_core.shell:Creating package script '/home/lin/train2/src/install/example_cpp/share/example_cpp/package.sh'
[4.949s] INFO:colcon.colcon_core.shell:Creating package script '/home/lin/train2/src/install/example_cpp/share/example_cpp/package.bash'
[4.949s] INFO:colcon.colcon_core.shell:Creating package script '/home/lin/train2/src/install/example_cpp/share/example_cpp/package.zsh'
[4.950s] Level 1:colcon.colcon_core.environment:create_file_with_runtime_dependencies(/home/lin/train2/src/install/example_cpp/share/colcon-core/packages/example_cpp)
[4.951s] DEBUG:colcon.colcon_parallel_executor.executor.parallel:closing loop
[4.951s] DEBUG:colcon.colcon_parallel_executor.executor.parallel:loop closed
[4.951s] DEBUG:colcon.colcon_parallel_executor.executor.parallel:run_until_complete finished with '0'
[4.951s] DEBUG:colcon.colcon_core.event_reactor:joining thread
[4.960s] INFO:colcon.colcon_core.plugin_system:Skipping extension 'colcon_notification.desktop_notification.terminal_notifier': Not used on non-Darwin systems
[4.961s] INFO:colcon.colcon_core.plugin_system:Skipping extension 'colcon_notification.desktop_notification.win32': Not used on non-Windows systems
[4.961s] INFO:colcon.colcon_notification.desktop_notification:Sending desktop notification using 'notify2'
[4.986s] DEBUG:colcon.colcon_core.event_reactor:joined thread
[4.986s] INFO:colcon.colcon_core.shell:Creating prefix script '/home/lin/train2/src/install/local_setup.ps1'
[4.987s] INFO:colcon.colcon_core.shell:Creating prefix util module '/home/lin/train2/src/install/_local_setup_util_ps1.py'
[4.989s] INFO:colcon.colcon_core.shell:Creating prefix chain script '/home/lin/train2/src/install/setup.ps1'
[4.993s] INFO:colcon.colcon_core.shell:Creating prefix script '/home/lin/train2/src/install/local_setup.sh'
[4.994s] INFO:colcon.colcon_core.shell:Creating prefix util module '/home/lin/train2/src/install/_local_setup_util_sh.py'
[4.994s] INFO:colcon.colcon_core.shell:Creating prefix chain script '/home/lin/train2/src/install/setup.sh'
[4.998s] INFO:colcon.colcon_core.shell:Creating prefix script '/home/lin/train2/src/install/local_setup.bash'
[4.999s] INFO:colcon.colcon_core.shell:Creating prefix chain script '/home/lin/train2/src/install/setup.bash'
[5.003s] INFO:colcon.colcon_core.shell:Creating prefix script '/home/lin/train2/src/install/local_setup.zsh'
[5.004s] INFO:colcon.colcon_core.shell:Creating prefix chain script '/home/lin/train2/src/install/setup.zsh'
