[ 50%] [32mBuilding CXX object CMakeFiles/odom_publisher.dir/src/odom_publisher.cpp.o[0m
[100%] [32m[1mLinking CXX executable odom_publisher[0m
[100%] Built target odom_publisher
-- Install configuration: ""
-- Execute custom install script
-- Up-to-date symlink: /home/lin/train2/src/install/odom_publisher/lib/odom_publisher/odom_publisher
-- Up-to-date symlink: /home/lin/train2/src/install/odom_publisher/share/ament_index/resource_index/package_run_dependencies/odom_publisher
-- Up-to-date symlink: /home/lin/train2/src/install/odom_publisher/share/ament_index/resource_index/parent_prefix_path/odom_publisher
-- Up-to-date symlink: /home/lin/train2/src/install/odom_publisher/share/odom_publisher/environment/ament_prefix_path.sh
-- Up-to-date symlink: /home/lin/train2/src/install/odom_publisher/share/odom_publisher/environment/ament_prefix_path.dsv
-- Up-to-date symlink: /home/lin/train2/src/install/odom_publisher/share/odom_publisher/environment/path.sh
-- Up-to-date symlink: /home/lin/train2/src/install/odom_publisher/share/odom_publisher/environment/path.dsv
-- Up-to-date symlink: /home/lin/train2/src/install/odom_publisher/share/odom_publisher/local_setup.bash
-- Up-to-date symlink: /home/lin/train2/src/install/odom_publisher/share/odom_publisher/local_setup.sh
-- Up-to-date symlink: /home/lin/train2/src/install/odom_publisher/share/odom_publisher/local_setup.zsh
-- Up-to-date symlink: /home/lin/train2/src/install/odom_publisher/share/odom_publisher/local_setup.dsv
-- Symlinking: /home/lin/train2/src/install/odom_publisher/share/odom_publisher/package.dsv
-- Up-to-date symlink: /home/lin/train2/src/install/odom_publisher/share/ament_index/resource_index/packages/odom_publisher
-- Up-to-date symlink: /home/lin/train2/src/install/odom_publisher/share/odom_publisher/cmake/odom_publisherConfig.cmake
-- Up-to-date symlink: /home/lin/train2/src/install/odom_publisher/share/odom_publisher/cmake/odom_publisherConfig-version.cmake
-- Up-to-date symlink: /home/lin/train2/src/install/odom_publisher/share/odom_publisher/package.xml
