[0.049s] Invoking command in '/home/lin/train2/src/build/example_ros2_interfaces': CMAKE_PREFIX_PATH=${CMAKE_PREFIX_PATH}:/home/lin/train2/src/install/example_py:/home/lin/train2/install/example_py:/opt/ros/humble /usr/local/bin/cmake /home/lin/train2/src/example_ros2_interfaces -DCMAKE_INSTALL_PREFIX=/home/lin/train2/src/install/example_ros2_interfaces
[0.497s] -- The C compiler identification is GNU 11.4.0
[0.498s] -- The CXX compiler identification is GNU 11.4.0
[0.498s] -- Detecting C compiler ABI info
[0.706s] -- Detecting C compiler ABI info - done
[0.723s] -- Check for working C compiler: /usr/bin/cc - skipped
[0.724s] -- Detecting C compile features
[0.725s] -- Detecting C compile features - done
[0.761s] -- Detecting CXX compiler ABI info
[1.116s] -- Detecting CXX compiler ABI info - done
[1.131s] -- Check for working CXX compiler: /usr/bin/c++ - skipped
[1.132s] -- Detecting CXX compile features
[1.134s] -- Detecting CXX compile features - done
[1.156s] -- Found ament_cmake: 1.3.12 (/opt/ros/humble/share/ament_cmake/cmake)
[1.471s] -- Found Python3: /usr/bin/python3 (found version "3.10.12") found components: Interpreter 
[1.732s] -- Found rosidl_default_generators: 1.2.0 (/opt/ros/humble/share/rosidl_default_generators/cmake)
[1.740s] -- Using all available rosidl_typesupport_c: rosidl_typesupport_fastrtps_c;rosidl_typesupport_introspection_c
[1.762s] -- Found rosidl_adapter: 3.1.7 (/opt/ros/humble/share/rosidl_adapter/cmake)
[1.878s] -- Using all available rosidl_typesupport_cpp: rosidl_typesupport_fastrtps_cpp;rosidl_typesupport_introspection_cpp
[1.996s] -- Found geometry_msgs: 4.9.0 (/opt/ros/humble/share/geometry_msgs/cmake)
[3.115s] -- Found ament_cmake_ros: 0.10.0 (/opt/ros/humble/share/ament_cmake_ros/cmake)
[4.196s] -- Using all available rosidl_typesupport_c: rosidl_typesupport_fastrtps_c;rosidl_typesupport_introspection_c
[5.622s] -- Using all available rosidl_typesupport_cpp: rosidl_typesupport_fastrtps_cpp;rosidl_typesupport_introspection_cpp
[5.678s] -- Found PythonInterp: /usr/bin/python3 (found suitable version "3.10.12", minimum required is "3.6") 
[5.683s] -- Found python_cmake_module: 0.10.0 (/opt/ros/humble/share/python_cmake_module/cmake)
[5.744s] -- Found PythonLibs: /usr/lib/x86_64-linux-gnu/libpython3.10.so (found suitable version "3.10.12", minimum required is "3.5") 
[5.744s] -- Using PYTHON_EXECUTABLE: /usr/bin/python3
[5.745s] -- Using PYTHON_INCLUDE_DIRS: /usr/include/python3.10
[5.745s] -- Using PYTHON_LIBRARIES: /usr/lib/x86_64-linux-gnu/libpython3.10.so
[5.790s] -- Found PythonExtra: .so  
[5.950s] -- Found ament_lint_auto: 0.12.14 (/opt/ros/humble/share/ament_lint_auto/cmake)
[6.011s] -- Added test 'lint_cmake' to check CMake code style
[6.017s] -- Added test 'xmllint' to check XML markup files
[6.026s] -- Configuring done (6.0s)
[6.130s] -- Generating done (0.1s)
[6.148s] -- Build files have been written to: /home/lin/train2/src/build/example_ros2_interfaces
[6.162s] Invoked command in '/home/lin/train2/src/build/example_ros2_interfaces' returned '0': CMAKE_PREFIX_PATH=${CMAKE_PREFIX_PATH}:/home/lin/train2/src/install/example_py:/home/lin/train2/install/example_py:/opt/ros/humble /usr/local/bin/cmake /home/lin/train2/src/example_ros2_interfaces -DCMAKE_INSTALL_PREFIX=/home/lin/train2/src/install/example_ros2_interfaces
[6.166s] Invoking command in '/home/lin/train2/src/build/example_ros2_interfaces': CMAKE_PREFIX_PATH=${CMAKE_PREFIX_PATH}:/home/lin/train2/src/install/example_py:/home/lin/train2/install/example_py:/opt/ros/humble /usr/local/bin/cmake --build /home/lin/train2/src/build/example_ros2_interfaces -- -j8 -l8
[6.239s] [  2%] [34m[1mGenerating C code for ROS interfaces[0m
[6.262s] [  4%] [34m[1mGenerating C++ code for ROS interfaces[0m
[6.274s] [  4%] Built target ament_cmake_python_copy_example_ros2_interfaces
[6.718s] running egg_info
[6.749s] creating example_ros2_interfaces.egg-info
[6.749s] writing example_ros2_interfaces.egg-info/PKG-INFO
[6.750s] writing dependency_links to example_ros2_interfaces.egg-info/dependency_links.txt
[6.750s] writing top-level names to example_ros2_interfaces.egg-info/top_level.txt
[6.754s] writing manifest file 'example_ros2_interfaces.egg-info/SOURCES.txt'
[6.802s] [  6%] [32mBuilding C object CMakeFiles/example_ros2_interfaces__rosidl_generator_c.dir/rosidl_generator_c/example_ros2_interfaces/msg/detail/robopose__functions.c.o[0m
[6.807s] [  8%] [32mBuilding C object CMakeFiles/example_ros2_interfaces__rosidl_generator_c.dir/rosidl_generator_c/example_ros2_interfaces/srv/detail/move_robot__functions.c.o[0m
[6.812s] [ 10%] [32mBuilding C object CMakeFiles/example_ros2_interfaces__rosidl_generator_c.dir/rosidl_generator_c/example_ros2_interfaces/msg/detail/robot_status__functions.c.o[0m
[6.817s] [ 10%] Built target example_ros2_interfaces__cpp
[6.851s] [ 12%] [34m[1mGenerating C++ type support for eProsima Fast-RTPS[0m
[6.863s] [ 14%] [34m[1mGenerating C++ introspection for ROS interfaces[0m
[6.873s] [ 17%] [34m[1mGenerating C++ type support dispatch for ROS interfaces[0m
[6.887s] reading manifest file 'example_ros2_interfaces.egg-info/SOURCES.txt'
[6.893s] writing manifest file 'example_ros2_interfaces.egg-info/SOURCES.txt'
[6.965s] [ 17%] Built target ament_cmake_python_build_example_ros2_interfaces_egg
[7.076s] [ 19%] [32m[1mLinking C shared library libexample_ros2_interfaces__rosidl_generator_c.so[0m
[7.223s] [ 19%] Built target example_ros2_interfaces__rosidl_generator_c
[7.262s] [ 21%] [34m[1mGenerating C introspection for ROS interfaces[0m
[7.270s] [ 23%] [34m[1mGenerating C type support for eProsima Fast-RTPS[0m
[7.280s] [ 25%] [34m[1mGenerating C type support dispatch for ROS interfaces[0m
[7.346s] [ 27%] [32mBuilding CXX object CMakeFiles/example_ros2_interfaces__rosidl_typesupport_cpp.dir/rosidl_typesupport_cpp/example_ros2_interfaces/msg/robopose__type_support.cpp.o[0m
[7.363s] [ 29%] [32mBuilding CXX object CMakeFiles/example_ros2_interfaces__rosidl_typesupport_cpp.dir/rosidl_typesupport_cpp/example_ros2_interfaces/msg/robot_status__type_support.cpp.o[0m
[7.395s] [ 31%] [32mBuilding CXX object CMakeFiles/example_ros2_interfaces__rosidl_typesupport_cpp.dir/rosidl_typesupport_cpp/example_ros2_interfaces/srv/move_robot__type_support.cpp.o[0m
[7.494s] [ 34%] [32mBuilding CXX object CMakeFiles/example_ros2_interfaces__rosidl_typesupport_fastrtps_cpp.dir/rosidl_typesupport_fastrtps_cpp/example_ros2_interfaces/msg/detail/dds_fastrtps/robopose__type_support.cpp.o[0m
[7.544s] [ 36%] [32mBuilding CXX object CMakeFiles/example_ros2_interfaces__rosidl_typesupport_introspection_cpp.dir/rosidl_typesupport_introspection_cpp/example_ros2_interfaces/msg/detail/robopose__type_support.cpp.o[0m
[7.871s] [ 38%] [32mBuilding CXX object CMakeFiles/example_ros2_interfaces__rosidl_typesupport_c.dir/rosidl_typesupport_c/example_ros2_interfaces/msg/robopose__type_support.cpp.o[0m
[7.996s] [ 40%] [32mBuilding C object CMakeFiles/example_ros2_interfaces__rosidl_typesupport_introspection_c.dir/rosidl_typesupport_introspection_c/example_ros2_interfaces/msg/detail/robopose__type_support.c.o[0m
[8.117s] [ 42%] [32mBuilding CXX object CMakeFiles/example_ros2_interfaces__rosidl_typesupport_c.dir/rosidl_typesupport_c/example_ros2_interfaces/msg/robot_status__type_support.cpp.o[0m
[8.206s] [ 44%] [32mBuilding CXX object CMakeFiles/example_ros2_interfaces__rosidl_typesupport_fastrtps_c.dir/rosidl_typesupport_fastrtps_c/example_ros2_interfaces/msg/detail/robopose__type_support_c.cpp.o[0m
[8.252s] [ 46%] [32mBuilding C object CMakeFiles/example_ros2_interfaces__rosidl_typesupport_introspection_c.dir/rosidl_typesupport_introspection_c/example_ros2_interfaces/msg/detail/robot_status__type_support.c.o[0m
[8.259s] [ 48%] [32mBuilding CXX object CMakeFiles/example_ros2_interfaces__rosidl_typesupport_c.dir/rosidl_typesupport_c/example_ros2_interfaces/srv/move_robot__type_support.cpp.o[0m
[8.301s] [ 51%] [32mBuilding CXX object CMakeFiles/example_ros2_interfaces__rosidl_typesupport_introspection_cpp.dir/rosidl_typesupport_introspection_cpp/example_ros2_interfaces/msg/detail/robot_status__type_support.cpp.o[0m
[8.316s] [ 53%] [32mBuilding C object CMakeFiles/example_ros2_interfaces__rosidl_typesupport_introspection_c.dir/rosidl_typesupport_introspection_c/example_ros2_interfaces/srv/detail/move_robot__type_support.c.o[0m
[8.378s] [ 55%] [32m[1mLinking CXX shared library libexample_ros2_interfaces__rosidl_typesupport_cpp.so[0m
[8.418s] [ 57%] [32mBuilding CXX object CMakeFiles/example_ros2_interfaces__rosidl_typesupport_introspection_cpp.dir/rosidl_typesupport_introspection_cpp/example_ros2_interfaces/srv/detail/move_robot__type_support.cpp.o[0m
[8.498s] [ 59%] [32m[1mLinking C shared library libexample_ros2_interfaces__rosidl_typesupport_introspection_c.so[0m
[8.550s] [ 61%] [32m[1mLinking CXX shared library libexample_ros2_interfaces__rosidl_typesupport_c.so[0m
[8.635s] [ 61%] Built target example_ros2_interfaces__rosidl_typesupport_cpp
[8.642s] [ 61%] Built target example_ros2_interfaces__rosidl_typesupport_introspection_c
[8.649s] [ 63%] [32mBuilding CXX object CMakeFiles/example_ros2_interfaces__rosidl_typesupport_fastrtps_c.dir/rosidl_typesupport_fastrtps_c/example_ros2_interfaces/msg/detail/robot_status__type_support_c.cpp.o[0m
[8.666s] [ 65%] [32mBuilding CXX object CMakeFiles/example_ros2_interfaces__rosidl_typesupport_fastrtps_cpp.dir/rosidl_typesupport_fastrtps_cpp/example_ros2_interfaces/msg/detail/dds_fastrtps/robot_status__type_support.cpp.o[0m
[8.777s] [ 65%] Built target example_ros2_interfaces__rosidl_typesupport_c
[8.807s] [ 68%] [32mBuilding CXX object CMakeFiles/example_ros2_interfaces__rosidl_typesupport_fastrtps_cpp.dir/rosidl_typesupport_fastrtps_cpp/example_ros2_interfaces/srv/detail/dds_fastrtps/move_robot__type_support.cpp.o[0m
[8.841s] [ 70%] [32mBuilding CXX object CMakeFiles/example_ros2_interfaces__rosidl_typesupport_fastrtps_c.dir/rosidl_typesupport_fastrtps_c/example_ros2_interfaces/srv/detail/move_robot__type_support_c.cpp.o[0m
[9.594s] [ 72%] [32m[1mLinking CXX shared library libexample_ros2_interfaces__rosidl_typesupport_introspection_cpp.so[0m
[9.777s] [ 72%] Built target example_ros2_interfaces__rosidl_typesupport_introspection_cpp
[9.947s] [ 74%] [32m[1mLinking CXX shared library libexample_ros2_interfaces__rosidl_typesupport_fastrtps_cpp.so[0m
[9.964s] [ 76%] [32m[1mLinking CXX shared library libexample_ros2_interfaces__rosidl_typesupport_fastrtps_c.so[0m
[10.145s] [ 76%] Built target example_ros2_interfaces__rosidl_typesupport_fastrtps_cpp
[10.173s] [ 76%] Built target example_ros2_interfaces__rosidl_typesupport_fastrtps_c
[10.211s] [ 76%] Built target example_ros2_interfaces
[10.266s] [ 78%] [34m[1mGenerating Python code for ROS interfaces[0m
[10.866s] [ 78%] Built target example_ros2_interfaces__py
[10.908s] [ 80%] [32mBuilding C object CMakeFiles/example_ros2_interfaces__rosidl_generator_py.dir/rosidl_generator_py/example_ros2_interfaces/msg/_robopose_s.c.o[0m
[10.910s] [ 82%] [32mBuilding C object CMakeFiles/example_ros2_interfaces__rosidl_generator_py.dir/rosidl_generator_py/example_ros2_interfaces/msg/_robot_status_s.c.o[0m
[10.915s] [ 85%] [32mBuilding C object CMakeFiles/example_ros2_interfaces__rosidl_generator_py.dir/rosidl_generator_py/example_ros2_interfaces/srv/_move_robot_s.c.o[0m
[11.187s] [ 87%] [32m[1mLinking C shared library rosidl_generator_py/example_ros2_interfaces/libexample_ros2_interfaces__rosidl_generator_py.so[0m
[11.309s] [ 87%] Built target example_ros2_interfaces__rosidl_generator_py
[11.347s] [ 89%] [32mBuilding C object CMakeFiles/example_ros2_interfaces__rosidl_typesupport_fastrtps_c__pyext.dir/rosidl_generator_py/example_ros2_interfaces/_example_ros2_interfaces_s.ep.rosidl_typesupport_fastrtps_c.c.o[0m
[11.351s] [ 91%] [32mBuilding C object CMakeFiles/example_ros2_interfaces__rosidl_typesupport_c__pyext.dir/rosidl_generator_py/example_ros2_interfaces/_example_ros2_interfaces_s.ep.rosidl_typesupport_c.c.o[0m
[11.355s] [ 93%] [32mBuilding C object CMakeFiles/example_ros2_interfaces__rosidl_typesupport_introspection_c__pyext.dir/rosidl_generator_py/example_ros2_interfaces/_example_ros2_interfaces_s.ep.rosidl_typesupport_introspection_c.c.o[0m
[11.681s] [ 95%] [32m[1mLinking C shared library rosidl_generator_py/example_ros2_interfaces/example_ros2_interfaces_s__rosidl_typesupport_fastrtps_c.cpython-310-x86_64-linux-gnu.so[0m
[11.694s] [ 97%] [32m[1mLinking C shared library rosidl_generator_py/example_ros2_interfaces/example_ros2_interfaces_s__rosidl_typesupport_c.cpython-310-x86_64-linux-gnu.so[0m
[11.712s] [100%] [32m[1mLinking C shared library rosidl_generator_py/example_ros2_interfaces/example_ros2_interfaces_s__rosidl_typesupport_introspection_c.cpython-310-x86_64-linux-gnu.so[0m
[11.806s] [100%] Built target example_ros2_interfaces__rosidl_typesupport_c__pyext
[11.808s] [100%] Built target example_ros2_interfaces__rosidl_typesupport_fastrtps_c__pyext
[11.833s] [100%] Built target example_ros2_interfaces__rosidl_typesupport_introspection_c__pyext
[11.852s] Invoked command in '/home/lin/train2/src/build/example_ros2_interfaces' returned '0': CMAKE_PREFIX_PATH=${CMAKE_PREFIX_PATH}:/home/lin/train2/src/install/example_py:/home/lin/train2/install/example_py:/opt/ros/humble /usr/local/bin/cmake --build /home/lin/train2/src/build/example_ros2_interfaces -- -j8 -l8
[11.854s] Invoking command in '/home/lin/train2/src/build/example_ros2_interfaces': CMAKE_PREFIX_PATH=${CMAKE_PREFIX_PATH}:/home/lin/train2/src/install/example_py:/home/lin/train2/install/example_py:/opt/ros/humble /usr/local/bin/cmake --install /home/lin/train2/src/build/example_ros2_interfaces
[11.861s] -- Install configuration: ""
[11.862s] -- Installing: /home/lin/train2/src/install/example_ros2_interfaces/share/ament_index/resource_index/rosidl_interfaces/example_ros2_interfaces
[11.863s] -- Up-to-date: /home/lin/train2/src/install/example_ros2_interfaces/include/example_ros2_interfaces/example_ros2_interfaces
[11.863s] -- Up-to-date: /home/lin/train2/src/install/example_ros2_interfaces/include/example_ros2_interfaces/example_ros2_interfaces/srv
[11.863s] -- Installing: /home/lin/train2/src/install/example_ros2_interfaces/include/example_ros2_interfaces/example_ros2_interfaces/srv/move_robot.h
[11.864s] -- Up-to-date: /home/lin/train2/src/install/example_ros2_interfaces/include/example_ros2_interfaces/example_ros2_interfaces/srv/detail
[11.865s] -- Installing: /home/lin/train2/src/install/example_ros2_interfaces/include/example_ros2_interfaces/example_ros2_interfaces/srv/detail/move_robot__functions.h
[11.865s] -- Installing: /home/lin/train2/src/install/example_ros2_interfaces/include/example_ros2_interfaces/example_ros2_interfaces/srv/detail/move_robot__functions.c
[11.866s] -- Installing: /home/lin/train2/src/install/example_ros2_interfaces/include/example_ros2_interfaces/example_ros2_interfaces/srv/detail/move_robot__type_support.h
[11.867s] -- Installing: /home/lin/train2/src/install/example_ros2_interfaces/include/example_ros2_interfaces/example_ros2_interfaces/srv/detail/move_robot__struct.h
[11.867s] -- Up-to-date: /home/lin/train2/src/install/example_ros2_interfaces/include/example_ros2_interfaces/example_ros2_interfaces/msg
[11.868s] -- Installing: /home/lin/train2/src/install/example_ros2_interfaces/include/example_ros2_interfaces/example_ros2_interfaces/msg/robopose.h
[11.869s] -- Installing: /home/lin/train2/src/install/example_ros2_interfaces/include/example_ros2_interfaces/example_ros2_interfaces/msg/rosidl_generator_c__visibility_control.h
[11.869s] -- Installing: /home/lin/train2/src/install/example_ros2_interfaces/include/example_ros2_interfaces/example_ros2_interfaces/msg/robot_status.h
[11.870s] -- Up-to-date: /home/lin/train2/src/install/example_ros2_interfaces/include/example_ros2_interfaces/example_ros2_interfaces/msg/detail
[11.870s] -- Installing: /home/lin/train2/src/install/example_ros2_interfaces/include/example_ros2_interfaces/example_ros2_interfaces/msg/detail/robopose__struct.h
[11.870s] -- Installing: /home/lin/train2/src/install/example_ros2_interfaces/include/example_ros2_interfaces/example_ros2_interfaces/msg/detail/robot_status__functions.h
[11.871s] -- Installing: /home/lin/train2/src/install/example_ros2_interfaces/include/example_ros2_interfaces/example_ros2_interfaces/msg/detail/robot_status__functions.c
[11.871s] -- Installing: /home/lin/train2/src/install/example_ros2_interfaces/include/example_ros2_interfaces/example_ros2_interfaces/msg/detail/robopose__functions.h
[11.872s] -- Installing: /home/lin/train2/src/install/example_ros2_interfaces/include/example_ros2_interfaces/example_ros2_interfaces/msg/detail/robot_status__struct.h
[11.872s] -- Installing: /home/lin/train2/src/install/example_ros2_interfaces/include/example_ros2_interfaces/example_ros2_interfaces/msg/detail/robot_status__type_support.h
[11.872s] -- Installing: /home/lin/train2/src/install/example_ros2_interfaces/include/example_ros2_interfaces/example_ros2_interfaces/msg/detail/robopose__functions.c
[11.875s] -- Installing: /home/lin/train2/src/install/example_ros2_interfaces/include/example_ros2_interfaces/example_ros2_interfaces/msg/detail/robopose__type_support.h
[11.875s] -- Up-to-date: /home/lin/train2/src/install/example_ros2_interfaces/share/example_ros2_interfaces/environment/library_path.sh
[11.876s] -- Installing: /home/lin/train2/src/install/example_ros2_interfaces/share/example_ros2_interfaces/environment/library_path.dsv
[11.876s] -- Installing: /home/lin/train2/src/install/example_ros2_interfaces/lib/libexample_ros2_interfaces__rosidl_generator_c.so
[11.878s] -- Set runtime path of "/home/lin/train2/src/install/example_ros2_interfaces/lib/libexample_ros2_interfaces__rosidl_generator_c.so" to ""
[11.879s] -- Up-to-date: /home/lin/train2/src/install/example_ros2_interfaces/include/example_ros2_interfaces/example_ros2_interfaces
[11.880s] -- Up-to-date: /home/lin/train2/src/install/example_ros2_interfaces/include/example_ros2_interfaces/example_ros2_interfaces/srv
[11.880s] -- Up-to-date: /home/lin/train2/src/install/example_ros2_interfaces/include/example_ros2_interfaces/example_ros2_interfaces/srv/detail
[11.882s] -- Installing: /home/lin/train2/src/install/example_ros2_interfaces/include/example_ros2_interfaces/example_ros2_interfaces/srv/detail/move_robot__rosidl_typesupport_fastrtps_c.h
[11.882s] -- Up-to-date: /home/lin/train2/src/install/example_ros2_interfaces/include/example_ros2_interfaces/example_ros2_interfaces/msg
[11.882s] -- Installing: /home/lin/train2/src/install/example_ros2_interfaces/include/example_ros2_interfaces/example_ros2_interfaces/msg/rosidl_typesupport_fastrtps_c__visibility_control.h
[11.882s] -- Up-to-date: /home/lin/train2/src/install/example_ros2_interfaces/include/example_ros2_interfaces/example_ros2_interfaces/msg/detail
[11.882s] -- Installing: /home/lin/train2/src/install/example_ros2_interfaces/include/example_ros2_interfaces/example_ros2_interfaces/msg/detail/robopose__rosidl_typesupport_fastrtps_c.h
[11.883s] -- Installing: /home/lin/train2/src/install/example_ros2_interfaces/include/example_ros2_interfaces/example_ros2_interfaces/msg/detail/robot_status__rosidl_typesupport_fastrtps_c.h
[11.884s] -- Installing: /home/lin/train2/src/install/example_ros2_interfaces/lib/libexample_ros2_interfaces__rosidl_typesupport_fastrtps_c.so
[11.888s] -- Set runtime path of "/home/lin/train2/src/install/example_ros2_interfaces/lib/libexample_ros2_interfaces__rosidl_typesupport_fastrtps_c.so" to ""
[11.889s] -- Up-to-date: /home/lin/train2/src/install/example_ros2_interfaces/include/example_ros2_interfaces/example_ros2_interfaces
[11.889s] -- Up-to-date: /home/lin/train2/src/install/example_ros2_interfaces/include/example_ros2_interfaces/example_ros2_interfaces/srv
[11.890s] -- Up-to-date: /home/lin/train2/src/install/example_ros2_interfaces/include/example_ros2_interfaces/example_ros2_interfaces/srv/detail
[11.890s] -- Installing: /home/lin/train2/src/install/example_ros2_interfaces/include/example_ros2_interfaces/example_ros2_interfaces/srv/detail/move_robot__rosidl_typesupport_introspection_c.h
[11.890s] -- Installing: /home/lin/train2/src/install/example_ros2_interfaces/include/example_ros2_interfaces/example_ros2_interfaces/srv/detail/move_robot__type_support.c
[11.891s] -- Up-to-date: /home/lin/train2/src/install/example_ros2_interfaces/include/example_ros2_interfaces/example_ros2_interfaces/msg
[11.891s] -- Installing: /home/lin/train2/src/install/example_ros2_interfaces/include/example_ros2_interfaces/example_ros2_interfaces/msg/rosidl_typesupport_introspection_c__visibility_control.h
[11.892s] -- Up-to-date: /home/lin/train2/src/install/example_ros2_interfaces/include/example_ros2_interfaces/example_ros2_interfaces/msg/detail
[11.892s] -- Installing: /home/lin/train2/src/install/example_ros2_interfaces/include/example_ros2_interfaces/example_ros2_interfaces/msg/detail/robopose__type_support.c
[11.893s] -- Installing: /home/lin/train2/src/install/example_ros2_interfaces/include/example_ros2_interfaces/example_ros2_interfaces/msg/detail/robot_status__type_support.c
[11.893s] -- Installing: /home/lin/train2/src/install/example_ros2_interfaces/include/example_ros2_interfaces/example_ros2_interfaces/msg/detail/robopose__rosidl_typesupport_introspection_c.h
[11.894s] -- Installing: /home/lin/train2/src/install/example_ros2_interfaces/include/example_ros2_interfaces/example_ros2_interfaces/msg/detail/robot_status__rosidl_typesupport_introspection_c.h
[11.895s] -- Installing: /home/lin/train2/src/install/example_ros2_interfaces/lib/libexample_ros2_interfaces__rosidl_typesupport_introspection_c.so
[11.899s] -- Set runtime path of "/home/lin/train2/src/install/example_ros2_interfaces/lib/libexample_ros2_interfaces__rosidl_typesupport_introspection_c.so" to ""
[11.900s] -- Installing: /home/lin/train2/src/install/example_ros2_interfaces/lib/libexample_ros2_interfaces__rosidl_typesupport_c.so
[11.903s] -- Set runtime path of "/home/lin/train2/src/install/example_ros2_interfaces/lib/libexample_ros2_interfaces__rosidl_typesupport_c.so" to ""
[11.904s] -- Up-to-date: /home/lin/train2/src/install/example_ros2_interfaces/include/example_ros2_interfaces/example_ros2_interfaces
[11.905s] -- Up-to-date: /home/lin/train2/src/install/example_ros2_interfaces/include/example_ros2_interfaces/example_ros2_interfaces/srv
[11.906s] -- Installing: /home/lin/train2/src/install/example_ros2_interfaces/include/example_ros2_interfaces/example_ros2_interfaces/srv/move_robot.hpp
[11.907s] -- Up-to-date: /home/lin/train2/src/install/example_ros2_interfaces/include/example_ros2_interfaces/example_ros2_interfaces/srv/detail
[11.908s] -- Installing: /home/lin/train2/src/install/example_ros2_interfaces/include/example_ros2_interfaces/example_ros2_interfaces/srv/detail/move_robot__type_support.hpp
[11.909s] -- Installing: /home/lin/train2/src/install/example_ros2_interfaces/include/example_ros2_interfaces/example_ros2_interfaces/srv/detail/move_robot__struct.hpp
[11.911s] -- Installing: /home/lin/train2/src/install/example_ros2_interfaces/include/example_ros2_interfaces/example_ros2_interfaces/srv/detail/move_robot__builder.hpp
[11.912s] -- Installing: /home/lin/train2/src/install/example_ros2_interfaces/include/example_ros2_interfaces/example_ros2_interfaces/srv/detail/move_robot__traits.hpp
[11.912s] -- Up-to-date: /home/lin/train2/src/install/example_ros2_interfaces/include/example_ros2_interfaces/example_ros2_interfaces/msg
[11.913s] -- Installing: /home/lin/train2/src/install/example_ros2_interfaces/include/example_ros2_interfaces/example_ros2_interfaces/msg/robot_status.hpp
[11.913s] -- Installing: /home/lin/train2/src/install/example_ros2_interfaces/include/example_ros2_interfaces/example_ros2_interfaces/msg/rosidl_generator_cpp__visibility_control.hpp
[11.913s] -- Installing: /home/lin/train2/src/install/example_ros2_interfaces/include/example_ros2_interfaces/example_ros2_interfaces/msg/robopose.hpp
[11.915s] -- Up-to-date: /home/lin/train2/src/install/example_ros2_interfaces/include/example_ros2_interfaces/example_ros2_interfaces/msg/detail
[11.916s] -- Installing: /home/lin/train2/src/install/example_ros2_interfaces/include/example_ros2_interfaces/example_ros2_interfaces/msg/detail/robopose__traits.hpp
[11.916s] -- Installing: /home/lin/train2/src/install/example_ros2_interfaces/include/example_ros2_interfaces/example_ros2_interfaces/msg/detail/robopose__type_support.hpp
[11.917s] -- Installing: /home/lin/train2/src/install/example_ros2_interfaces/include/example_ros2_interfaces/example_ros2_interfaces/msg/detail/robopose__builder.hpp
[11.917s] -- Installing: /home/lin/train2/src/install/example_ros2_interfaces/include/example_ros2_interfaces/example_ros2_interfaces/msg/detail/robot_status__traits.hpp
[11.917s] -- Installing: /home/lin/train2/src/install/example_ros2_interfaces/include/example_ros2_interfaces/example_ros2_interfaces/msg/detail/robot_status__type_support.hpp
[11.918s] -- Installing: /home/lin/train2/src/install/example_ros2_interfaces/include/example_ros2_interfaces/example_ros2_interfaces/msg/detail/robot_status__builder.hpp
[11.918s] -- Installing: /home/lin/train2/src/install/example_ros2_interfaces/include/example_ros2_interfaces/example_ros2_interfaces/msg/detail/robopose__struct.hpp
[11.918s] -- Installing: /home/lin/train2/src/install/example_ros2_interfaces/include/example_ros2_interfaces/example_ros2_interfaces/msg/detail/robot_status__struct.hpp
[11.918s] -- Up-to-date: /home/lin/train2/src/install/example_ros2_interfaces/include/example_ros2_interfaces/example_ros2_interfaces
[11.918s] -- Up-to-date: /home/lin/train2/src/install/example_ros2_interfaces/include/example_ros2_interfaces/example_ros2_interfaces/srv
[11.918s] -- Up-to-date: /home/lin/train2/src/install/example_ros2_interfaces/include/example_ros2_interfaces/example_ros2_interfaces/srv/detail
[11.919s] -- Installing: /home/lin/train2/src/install/example_ros2_interfaces/include/example_ros2_interfaces/example_ros2_interfaces/srv/detail/move_robot__rosidl_typesupport_fastrtps_cpp.hpp
[11.919s] -- Up-to-date: /home/lin/train2/src/install/example_ros2_interfaces/include/example_ros2_interfaces/example_ros2_interfaces/srv/detail/dds_fastrtps
[11.919s] -- Up-to-date: /home/lin/train2/src/install/example_ros2_interfaces/include/example_ros2_interfaces/example_ros2_interfaces/msg
[11.919s] -- Installing: /home/lin/train2/src/install/example_ros2_interfaces/include/example_ros2_interfaces/example_ros2_interfaces/msg/rosidl_typesupport_fastrtps_cpp__visibility_control.h
[11.919s] -- Up-to-date: /home/lin/train2/src/install/example_ros2_interfaces/include/example_ros2_interfaces/example_ros2_interfaces/msg/detail
[11.919s] -- Installing: /home/lin/train2/src/install/example_ros2_interfaces/include/example_ros2_interfaces/example_ros2_interfaces/msg/detail/robopose__rosidl_typesupport_fastrtps_cpp.hpp
[11.920s] -- Installing: /home/lin/train2/src/install/example_ros2_interfaces/include/example_ros2_interfaces/example_ros2_interfaces/msg/detail/robot_status__rosidl_typesupport_fastrtps_cpp.hpp
[11.920s] -- Up-to-date: /home/lin/train2/src/install/example_ros2_interfaces/include/example_ros2_interfaces/example_ros2_interfaces/msg/detail/dds_fastrtps
[11.920s] -- Installing: /home/lin/train2/src/install/example_ros2_interfaces/lib/libexample_ros2_interfaces__rosidl_typesupport_fastrtps_cpp.so
[11.921s] -- Set runtime path of "/home/lin/train2/src/install/example_ros2_interfaces/lib/libexample_ros2_interfaces__rosidl_typesupport_fastrtps_cpp.so" to ""
[11.922s] -- Up-to-date: /home/lin/train2/src/install/example_ros2_interfaces/include/example_ros2_interfaces/example_ros2_interfaces
[11.923s] -- Up-to-date: /home/lin/train2/src/install/example_ros2_interfaces/include/example_ros2_interfaces/example_ros2_interfaces/srv
[11.923s] -- Up-to-date: /home/lin/train2/src/install/example_ros2_interfaces/include/example_ros2_interfaces/example_ros2_interfaces/srv/detail
[11.924s] -- Installing: /home/lin/train2/src/install/example_ros2_interfaces/include/example_ros2_interfaces/example_ros2_interfaces/srv/detail/move_robot__rosidl_typesupport_introspection_cpp.hpp
[11.924s] -- Installing: /home/lin/train2/src/install/example_ros2_interfaces/include/example_ros2_interfaces/example_ros2_interfaces/srv/detail/move_robot__type_support.cpp
[11.924s] -- Up-to-date: /home/lin/train2/src/install/example_ros2_interfaces/include/example_ros2_interfaces/example_ros2_interfaces/msg
[11.924s] -- Up-to-date: /home/lin/train2/src/install/example_ros2_interfaces/include/example_ros2_interfaces/example_ros2_interfaces/msg/detail
[11.924s] -- Installing: /home/lin/train2/src/install/example_ros2_interfaces/include/example_ros2_interfaces/example_ros2_interfaces/msg/detail/robopose__rosidl_typesupport_introspection_cpp.hpp
[11.924s] -- Installing: /home/lin/train2/src/install/example_ros2_interfaces/include/example_ros2_interfaces/example_ros2_interfaces/msg/detail/robopose__type_support.cpp
[11.925s] -- Installing: /home/lin/train2/src/install/example_ros2_interfaces/include/example_ros2_interfaces/example_ros2_interfaces/msg/detail/robot_status__type_support.cpp
[11.925s] -- Installing: /home/lin/train2/src/install/example_ros2_interfaces/include/example_ros2_interfaces/example_ros2_interfaces/msg/detail/robot_status__rosidl_typesupport_introspection_cpp.hpp
[11.925s] -- Installing: /home/lin/train2/src/install/example_ros2_interfaces/lib/libexample_ros2_interfaces__rosidl_typesupport_introspection_cpp.so
[11.930s] -- Set runtime path of "/home/lin/train2/src/install/example_ros2_interfaces/lib/libexample_ros2_interfaces__rosidl_typesupport_introspection_cpp.so" to ""
[11.932s] -- Installing: /home/lin/train2/src/install/example_ros2_interfaces/lib/libexample_ros2_interfaces__rosidl_typesupport_cpp.so
[11.935s] -- Set runtime path of "/home/lin/train2/src/install/example_ros2_interfaces/lib/libexample_ros2_interfaces__rosidl_typesupport_cpp.so" to ""
[11.935s] -- Installing: /home/lin/train2/src/install/example_ros2_interfaces/share/example_ros2_interfaces/environment/pythonpath.sh
[11.936s] -- Installing: /home/lin/train2/src/install/example_ros2_interfaces/share/example_ros2_interfaces/environment/pythonpath.dsv
[11.936s] -- Up-to-date: /home/lin/train2/src/install/example_ros2_interfaces/local/lib/python3.10/dist-packages/example_ros2_interfaces-0.0.0-py3.10.egg-info
[11.936s] -- Installing: /home/lin/train2/src/install/example_ros2_interfaces/local/lib/python3.10/dist-packages/example_ros2_interfaces-0.0.0-py3.10.egg-info/PKG-INFO
[11.937s] -- Installing: /home/lin/train2/src/install/example_ros2_interfaces/local/lib/python3.10/dist-packages/example_ros2_interfaces-0.0.0-py3.10.egg-info/dependency_links.txt
[11.937s] -- Installing: /home/lin/train2/src/install/example_ros2_interfaces/local/lib/python3.10/dist-packages/example_ros2_interfaces-0.0.0-py3.10.egg-info/SOURCES.txt
[11.938s] -- Installing: /home/lin/train2/src/install/example_ros2_interfaces/local/lib/python3.10/dist-packages/example_ros2_interfaces-0.0.0-py3.10.egg-info/top_level.txt
[11.938s] -- Up-to-date: /home/lin/train2/src/install/example_ros2_interfaces/local/lib/python3.10/dist-packages/example_ros2_interfaces
[11.939s] -- Installing: /home/lin/train2/src/install/example_ros2_interfaces/local/lib/python3.10/dist-packages/example_ros2_interfaces/example_ros2_interfaces_s__rosidl_typesupport_fastrtps_c.cpython-310-x86_64-linux-gnu.so
[11.939s] -- Up-to-date: /home/lin/train2/src/install/example_ros2_interfaces/local/lib/python3.10/dist-packages/example_ros2_interfaces/srv
[11.939s] -- Installing: /home/lin/train2/src/install/example_ros2_interfaces/local/lib/python3.10/dist-packages/example_ros2_interfaces/srv/_move_robot_s.c
[11.939s] -- Installing: /home/lin/train2/src/install/example_ros2_interfaces/local/lib/python3.10/dist-packages/example_ros2_interfaces/srv/__init__.py
[11.940s] -- Installing: /home/lin/train2/src/install/example_ros2_interfaces/local/lib/python3.10/dist-packages/example_ros2_interfaces/srv/_move_robot.py
[11.941s] -- Installing: /home/lin/train2/src/install/example_ros2_interfaces/local/lib/python3.10/dist-packages/example_ros2_interfaces/libexample_ros2_interfaces__rosidl_generator_py.so
[11.941s] -- Installing: /home/lin/train2/src/install/example_ros2_interfaces/local/lib/python3.10/dist-packages/example_ros2_interfaces/_example_ros2_interfaces_s.ep.rosidl_typesupport_c.c
[11.942s] -- Installing: /home/lin/train2/src/install/example_ros2_interfaces/local/lib/python3.10/dist-packages/example_ros2_interfaces/_example_ros2_interfaces_s.ep.rosidl_typesupport_fastrtps_c.c
[11.942s] -- Installing: /home/lin/train2/src/install/example_ros2_interfaces/local/lib/python3.10/dist-packages/example_ros2_interfaces/__init__.py
[11.943s] -- Installing: /home/lin/train2/src/install/example_ros2_interfaces/local/lib/python3.10/dist-packages/example_ros2_interfaces/example_ros2_interfaces_s__rosidl_typesupport_introspection_c.cpython-310-x86_64-linux-gnu.so
[11.943s] -- Up-to-date: /home/lin/train2/src/install/example_ros2_interfaces/local/lib/python3.10/dist-packages/example_ros2_interfaces/msg
[11.944s] -- Installing: /home/lin/train2/src/install/example_ros2_interfaces/local/lib/python3.10/dist-packages/example_ros2_interfaces/msg/__init__.py
[11.944s] -- Installing: /home/lin/train2/src/install/example_ros2_interfaces/local/lib/python3.10/dist-packages/example_ros2_interfaces/msg/_robopose_s.c
[11.944s] -- Installing: /home/lin/train2/src/install/example_ros2_interfaces/local/lib/python3.10/dist-packages/example_ros2_interfaces/msg/_robot_status.py
[11.945s] -- Installing: /home/lin/train2/src/install/example_ros2_interfaces/local/lib/python3.10/dist-packages/example_ros2_interfaces/msg/_robot_status_s.c
[11.945s] -- Installing: /home/lin/train2/src/install/example_ros2_interfaces/local/lib/python3.10/dist-packages/example_ros2_interfaces/msg/_robopose.py
[11.946s] -- Installing: /home/lin/train2/src/install/example_ros2_interfaces/local/lib/python3.10/dist-packages/example_ros2_interfaces/example_ros2_interfaces_s__rosidl_typesupport_c.cpython-310-x86_64-linux-gnu.so
[11.947s] -- Installing: /home/lin/train2/src/install/example_ros2_interfaces/local/lib/python3.10/dist-packages/example_ros2_interfaces/_example_ros2_interfaces_s.ep.rosidl_typesupport_introspection_c.c
[12.029s] Listing '/home/lin/train2/src/install/example_ros2_interfaces/local/lib/python3.10/dist-packages/example_ros2_interfaces'...
[12.029s] Compiling '/home/lin/train2/src/install/example_ros2_interfaces/local/lib/python3.10/dist-packages/example_ros2_interfaces/__init__.py'...
[12.029s] Listing '/home/lin/train2/src/install/example_ros2_interfaces/local/lib/python3.10/dist-packages/example_ros2_interfaces/msg'...
[12.029s] Compiling '/home/lin/train2/src/install/example_ros2_interfaces/local/lib/python3.10/dist-packages/example_ros2_interfaces/msg/__init__.py'...
[12.030s] Compiling '/home/lin/train2/src/install/example_ros2_interfaces/local/lib/python3.10/dist-packages/example_ros2_interfaces/msg/_robopose.py'...
[12.030s] Compiling '/home/lin/train2/src/install/example_ros2_interfaces/local/lib/python3.10/dist-packages/example_ros2_interfaces/msg/_robot_status.py'...
[12.030s] Listing '/home/lin/train2/src/install/example_ros2_interfaces/local/lib/python3.10/dist-packages/example_ros2_interfaces/srv'...
[12.030s] Compiling '/home/lin/train2/src/install/example_ros2_interfaces/local/lib/python3.10/dist-packages/example_ros2_interfaces/srv/__init__.py'...
[12.030s] Compiling '/home/lin/train2/src/install/example_ros2_interfaces/local/lib/python3.10/dist-packages/example_ros2_interfaces/srv/_move_robot.py'...
[12.035s] -- Installing: /home/lin/train2/src/install/example_ros2_interfaces/local/lib/python3.10/dist-packages/example_ros2_interfaces/example_ros2_interfaces_s__rosidl_typesupport_fastrtps_c.cpython-310-x86_64-linux-gnu.so
[12.037s] -- Set runtime path of "/home/lin/train2/src/install/example_ros2_interfaces/local/lib/python3.10/dist-packages/example_ros2_interfaces/example_ros2_interfaces_s__rosidl_typesupport_fastrtps_c.cpython-310-x86_64-linux-gnu.so" to ""
[12.038s] -- Installing: /home/lin/train2/src/install/example_ros2_interfaces/local/lib/python3.10/dist-packages/example_ros2_interfaces/example_ros2_interfaces_s__rosidl_typesupport_introspection_c.cpython-310-x86_64-linux-gnu.so
[12.041s] -- Set runtime path of "/home/lin/train2/src/install/example_ros2_interfaces/local/lib/python3.10/dist-packages/example_ros2_interfaces/example_ros2_interfaces_s__rosidl_typesupport_introspection_c.cpython-310-x86_64-linux-gnu.so" to ""
[12.042s] -- Installing: /home/lin/train2/src/install/example_ros2_interfaces/local/lib/python3.10/dist-packages/example_ros2_interfaces/example_ros2_interfaces_s__rosidl_typesupport_c.cpython-310-x86_64-linux-gnu.so
[12.045s] -- Set runtime path of "/home/lin/train2/src/install/example_ros2_interfaces/local/lib/python3.10/dist-packages/example_ros2_interfaces/example_ros2_interfaces_s__rosidl_typesupport_c.cpython-310-x86_64-linux-gnu.so" to ""
[12.046s] -- Installing: /home/lin/train2/src/install/example_ros2_interfaces/lib/libexample_ros2_interfaces__rosidl_generator_py.so
[12.049s] -- Set runtime path of "/home/lin/train2/src/install/example_ros2_interfaces/lib/libexample_ros2_interfaces__rosidl_generator_py.so" to ""
[12.050s] -- Installing: /home/lin/train2/src/install/example_ros2_interfaces/share/example_ros2_interfaces/msg/Robopose.idl
[12.050s] -- Installing: /home/lin/train2/src/install/example_ros2_interfaces/share/example_ros2_interfaces/msg/RobotStatus.idl
[12.050s] -- Installing: /home/lin/train2/src/install/example_ros2_interfaces/share/example_ros2_interfaces/srv/MoveRobot.idl
[12.051s] -- Up-to-date: /home/lin/train2/src/install/example_ros2_interfaces/share/example_ros2_interfaces/msg/Robopose.msg
[12.051s] -- Up-to-date: /home/lin/train2/src/install/example_ros2_interfaces/share/example_ros2_interfaces/msg/RobotStatus.msg
[12.052s] -- Up-to-date: /home/lin/train2/src/install/example_ros2_interfaces/share/example_ros2_interfaces/srv/MoveRobot.srv
[12.052s] -- Installing: /home/lin/train2/src/install/example_ros2_interfaces/share/example_ros2_interfaces/srv/MoveRobot_Request.msg
[12.053s] -- Installing: /home/lin/train2/src/install/example_ros2_interfaces/share/example_ros2_interfaces/srv/MoveRobot_Response.msg
[12.053s] -- Installing: /home/lin/train2/src/install/example_ros2_interfaces/share/ament_index/resource_index/package_run_dependencies/example_ros2_interfaces
[12.054s] -- Installing: /home/lin/train2/src/install/example_ros2_interfaces/share/ament_index/resource_index/parent_prefix_path/example_ros2_interfaces
[12.054s] -- Up-to-date: /home/lin/train2/src/install/example_ros2_interfaces/share/example_ros2_interfaces/environment/ament_prefix_path.sh
[12.055s] -- Installing: /home/lin/train2/src/install/example_ros2_interfaces/share/example_ros2_interfaces/environment/ament_prefix_path.dsv
[12.055s] -- Up-to-date: /home/lin/train2/src/install/example_ros2_interfaces/share/example_ros2_interfaces/environment/path.sh
[12.055s] -- Installing: /home/lin/train2/src/install/example_ros2_interfaces/share/example_ros2_interfaces/environment/path.dsv
[12.056s] -- Installing: /home/lin/train2/src/install/example_ros2_interfaces/share/example_ros2_interfaces/local_setup.bash
[12.056s] -- Installing: /home/lin/train2/src/install/example_ros2_interfaces/share/example_ros2_interfaces/local_setup.sh
[12.057s] -- Installing: /home/lin/train2/src/install/example_ros2_interfaces/share/example_ros2_interfaces/local_setup.zsh
[12.057s] -- Installing: /home/lin/train2/src/install/example_ros2_interfaces/share/example_ros2_interfaces/local_setup.dsv
[12.058s] -- Installing: /home/lin/train2/src/install/example_ros2_interfaces/share/example_ros2_interfaces/package.dsv
[12.059s] -- Installing: /home/lin/train2/src/install/example_ros2_interfaces/share/ament_index/resource_index/packages/example_ros2_interfaces
[12.060s] -- Installing: /home/lin/train2/src/install/example_ros2_interfaces/share/example_ros2_interfaces/cmake/export_example_ros2_interfaces__rosidl_generator_cExport.cmake
[12.062s] -- Installing: /home/lin/train2/src/install/example_ros2_interfaces/share/example_ros2_interfaces/cmake/export_example_ros2_interfaces__rosidl_generator_cExport-noconfig.cmake
[12.063s] -- Installing: /home/lin/train2/src/install/example_ros2_interfaces/share/example_ros2_interfaces/cmake/export_example_ros2_interfaces__rosidl_typesupport_fastrtps_cExport.cmake
[12.063s] -- Installing: /home/lin/train2/src/install/example_ros2_interfaces/share/example_ros2_interfaces/cmake/export_example_ros2_interfaces__rosidl_typesupport_fastrtps_cExport-noconfig.cmake
[12.064s] -- Installing: /home/lin/train2/src/install/example_ros2_interfaces/share/example_ros2_interfaces/cmake/example_ros2_interfaces__rosidl_typesupport_introspection_cExport.cmake
[12.064s] -- Installing: /home/lin/train2/src/install/example_ros2_interfaces/share/example_ros2_interfaces/cmake/example_ros2_interfaces__rosidl_typesupport_introspection_cExport-noconfig.cmake
[12.066s] -- Installing: /home/lin/train2/src/install/example_ros2_interfaces/share/example_ros2_interfaces/cmake/example_ros2_interfaces__rosidl_typesupport_cExport.cmake
[12.066s] -- Installing: /home/lin/train2/src/install/example_ros2_interfaces/share/example_ros2_interfaces/cmake/example_ros2_interfaces__rosidl_typesupport_cExport-noconfig.cmake
[12.067s] -- Installing: /home/lin/train2/src/install/example_ros2_interfaces/share/example_ros2_interfaces/cmake/export_example_ros2_interfaces__rosidl_generator_cppExport.cmake
[12.067s] -- Installing: /home/lin/train2/src/install/example_ros2_interfaces/share/example_ros2_interfaces/cmake/export_example_ros2_interfaces__rosidl_typesupport_fastrtps_cppExport.cmake
[12.068s] -- Installing: /home/lin/train2/src/install/example_ros2_interfaces/share/example_ros2_interfaces/cmake/export_example_ros2_interfaces__rosidl_typesupport_fastrtps_cppExport-noconfig.cmake
[12.069s] -- Installing: /home/lin/train2/src/install/example_ros2_interfaces/share/example_ros2_interfaces/cmake/example_ros2_interfaces__rosidl_typesupport_introspection_cppExport.cmake
[12.072s] -- Installing: /home/lin/train2/src/install/example_ros2_interfaces/share/example_ros2_interfaces/cmake/example_ros2_interfaces__rosidl_typesupport_introspection_cppExport-noconfig.cmake
[12.072s] -- Installing: /home/lin/train2/src/install/example_ros2_interfaces/share/example_ros2_interfaces/cmake/example_ros2_interfaces__rosidl_typesupport_cppExport.cmake
[12.072s] -- Installing: /home/lin/train2/src/install/example_ros2_interfaces/share/example_ros2_interfaces/cmake/example_ros2_interfaces__rosidl_typesupport_cppExport-noconfig.cmake
[12.073s] -- Installing: /home/lin/train2/src/install/example_ros2_interfaces/share/example_ros2_interfaces/cmake/export_example_ros2_interfaces__rosidl_generator_pyExport.cmake
[12.074s] -- Installing: /home/lin/train2/src/install/example_ros2_interfaces/share/example_ros2_interfaces/cmake/export_example_ros2_interfaces__rosidl_generator_pyExport-noconfig.cmake
[12.075s] -- Installing: /home/lin/train2/src/install/example_ros2_interfaces/share/example_ros2_interfaces/cmake/rosidl_cmake-extras.cmake
[12.076s] -- Installing: /home/lin/train2/src/install/example_ros2_interfaces/share/example_ros2_interfaces/cmake/ament_cmake_export_dependencies-extras.cmake
[12.077s] -- Installing: /home/lin/train2/src/install/example_ros2_interfaces/share/example_ros2_interfaces/cmake/ament_cmake_export_include_directories-extras.cmake
[12.077s] -- Installing: /home/lin/train2/src/install/example_ros2_interfaces/share/example_ros2_interfaces/cmake/ament_cmake_export_libraries-extras.cmake
[12.078s] -- Installing: /home/lin/train2/src/install/example_ros2_interfaces/share/example_ros2_interfaces/cmake/ament_cmake_export_targets-extras.cmake
[12.078s] -- Installing: /home/lin/train2/src/install/example_ros2_interfaces/share/example_ros2_interfaces/cmake/rosidl_cmake_export_typesupport_targets-extras.cmake
[12.079s] -- Installing: /home/lin/train2/src/install/example_ros2_interfaces/share/example_ros2_interfaces/cmake/rosidl_cmake_export_typesupport_libraries-extras.cmake
[12.080s] -- Installing: /home/lin/train2/src/install/example_ros2_interfaces/share/example_ros2_interfaces/cmake/example_ros2_interfacesConfig.cmake
[12.080s] -- Installing: /home/lin/train2/src/install/example_ros2_interfaces/share/example_ros2_interfaces/cmake/example_ros2_interfacesConfig-version.cmake
[12.081s] -- Up-to-date: /home/lin/train2/src/install/example_ros2_interfaces/share/example_ros2_interfaces/package.xml
[12.085s] Invoked command in '/home/lin/train2/src/build/example_ros2_interfaces' returned '0': CMAKE_PREFIX_PATH=${CMAKE_PREFIX_PATH}:/home/lin/train2/src/install/example_py:/home/lin/train2/install/example_py:/opt/ros/humble /usr/local/bin/cmake --install /home/lin/train2/src/build/example_ros2_interfaces
