[1.531s] Invoking command in '/home/lin/train2/src/example_py': PYTHONPATH=/home/lin/train2/src/build/example_py/prefix_override:/usr/lib/python3/dist-packages/colcon_core/task/python/colcon_distutils_commands:/home/lin/train2/src/install/example_py/lib/python3.10/site-packages:${PYTHONPATH} /usr/bin/python3 -W ignore:setup.py install is deprecated -W ignore:easy_install command is deprecated setup.py egg_info --egg-base ../build/example_py build --build-base /home/lin/train2/src/build/example_py/build install --record /home/lin/train2/src/build/example_py/install.log --single-version-externally-managed install_data
[1.997s] running egg_info
[2.023s] writing ../build/example_py/example_py.egg-info/PKG-INFO
[2.024s] writing dependency_links to ../build/example_py/example_py.egg-info/dependency_links.txt
[2.024s] writing entry points to ../build/example_py/example_py.egg-info/entry_points.txt
[2.025s] writing requirements to ../build/example_py/example_py.egg-info/requires.txt
[2.025s] writing top-level names to ../build/example_py/example_py.egg-info/top_level.txt
[2.088s] reading manifest file '../build/example_py/example_py.egg-info/SOURCES.txt'
[2.091s] writing manifest file '../build/example_py/example_py.egg-info/SOURCES.txt'
[2.091s] running build
[2.092s] running build_py
[2.092s] copying example_py/__init__.py -> /home/lin/train2/src/build/example_py/build/lib/example_py
[2.092s] copying example_py/node_02.py -> /home/lin/train2/src/build/example_py/build/lib/example_py
[2.093s] running install
[2.098s] running install_lib
[2.123s] creating /home/lin/train2/src/install/example_py/lib/python3.10/site-packages/example_py
[2.123s] copying /home/lin/train2/src/build/example_py/build/lib/example_py/__init__.py -> /home/lin/train2/src/install/example_py/lib/python3.10/site-packages/example_py
[2.123s] copying /home/lin/train2/src/build/example_py/build/lib/example_py/node_02.py -> /home/lin/train2/src/install/example_py/lib/python3.10/site-packages/example_py
[2.124s] byte-compiling /home/lin/train2/src/install/example_py/lib/python3.10/site-packages/example_py/__init__.py to __init__.cpython-310.pyc
[2.125s] byte-compiling /home/lin/train2/src/install/example_py/lib/python3.10/site-packages/example_py/node_02.py to node_02.cpython-310.pyc
[2.125s] running install_data
[2.126s] creating /home/lin/train2/src/install/example_py/share/ament_index/resource_index/packages
[2.126s] copying resource/example_py -> /home/lin/train2/src/install/example_py/share/ament_index/resource_index/packages
[2.127s] copying package.xml -> /home/lin/train2/src/install/example_py/share/example_py
[2.127s] running install_egg_info
[2.162s] Copying ../build/example_py/example_py.egg-info to /home/lin/train2/src/install/example_py/lib/python3.10/site-packages/example_py-0.0.0-py3.10.egg-info
[2.165s] running install_scripts
[2.430s] Installing node_02 script to /home/lin/train2/src/install/example_py/lib/example_py
[2.431s] writing list of installed files to '/home/lin/train2/src/build/example_py/install.log'
[2.459s] Invoked command in '/home/lin/train2/src/example_py' returned '0': PYTHONPATH=/home/lin/train2/src/build/example_py/prefix_override:/usr/lib/python3/dist-packages/colcon_core/task/python/colcon_distutils_commands:/home/lin/train2/src/install/example_py/lib/python3.10/site-packages:${PYTHONPATH} /usr/bin/python3 -W ignore:setup.py install is deprecated -W ignore:easy_install command is deprecated setup.py egg_info --egg-base ../build/example_py build --build-base /home/lin/train2/src/build/example_py/build install --record /home/lin/train2/src/build/example_py/install.log --single-version-externally-managed install_data
