[1.806s] Invoking command in '/home/lin/train2/src/build/fishbot_description': PYTHONPATH=/home/lin/train2/src/build/fishbot_description/prefix_override:/usr/lib/python3/dist-packages/colcon_core/task/python/colcon_distutils_commands:/home/lin/train2/src/install/fishbot_description/lib/python3.10/site-packages:${PYTHONPATH} /usr/bin/python3 -W ignore:setup.py install is deprecated -W ignore:easy_install command is deprecated setup.py develop --editable --build-directory /home/lin/train2/src/build/fishbot_description/build --no-deps symlink_data
[2.308s] running develop
[2.698s] running egg_info
[2.722s] creating fishbot_description.egg-info
[2.724s] writing fishbot_description.egg-info/PKG-INFO
[2.724s] writing dependency_links to fishbot_description.egg-info/dependency_links.txt
[2.725s] writing entry points to fishbot_description.egg-info/entry_points.txt
[2.725s] writing requirements to fishbot_description.egg-info/requires.txt
[2.725s] writing top-level names to fishbot_description.egg-info/top_level.txt
[2.725s] writing manifest file 'fishbot_description.egg-info/SOURCES.txt'
[2.777s] reading manifest file 'fishbot_description.egg-info/SOURCES.txt'
[2.778s] writing manifest file 'fishbot_description.egg-info/SOURCES.txt'
[2.806s] running build_ext
[2.806s] Creating /home/lin/train2/src/install/fishbot_description/lib/python3.10/site-packages/fishbot-description.egg-link (link to .)
[2.807s] Installing rotate_wheel script to /home/lin/train2/src/install/fishbot_description/lib/fishbot_description
[2.807s] 
[2.807s] Installed /home/lin/train2/src/build/fishbot_description
[2.808s] running symlink_data
[2.808s] creating /home/lin/train2/src/install/fishbot_description/share/ament_index/resource_index/packages
[2.808s] symbolically linking /home/lin/train2/src/build/fishbot_description/resource/fishbot_description -> /home/lin/train2/src/install/fishbot_description/share/ament_index/resource_index/packages
[2.809s] symbolically linking /home/lin/train2/src/build/fishbot_description/package.xml -> /home/lin/train2/src/install/fishbot_description/share/fishbot_description
[2.809s] creating /home/lin/train2/src/install/fishbot_description/share/fishbot_description/launch
[2.809s] symbolically linking /home/lin/train2/src/build/fishbot_description/launch/rviz2.launch.py -> /home/lin/train2/src/install/fishbot_description/share/fishbot_description/launch
[2.809s] symbolically linking /home/lin/train2/src/build/fishbot_description/launch/gazebo.launch.py -> /home/lin/train2/src/install/fishbot_description/share/fishbot_description/launch
[2.809s] creating /home/lin/train2/src/install/fishbot_description/share/fishbot_description/urdf
[2.809s] symbolically linking /home/lin/train2/src/build/fishbot_description/urdf/robot_base.urdf -> /home/lin/train2/src/install/fishbot_description/share/fishbot_description/urdf
[2.810s] creating /home/lin/train2/src/install/fishbot_description/share/fishbot_description/world
[2.810s] symbolically linking /home/lin/train2/src/build/fishbot_description/world/fishbot.world -> /home/lin/train2/src/install/fishbot_description/share/fishbot_description/world
[2.836s] Invoked command in '/home/lin/train2/src/build/fishbot_description' returned '0': PYTHONPATH=/home/lin/train2/src/build/fishbot_description/prefix_override:/usr/lib/python3/dist-packages/colcon_core/task/python/colcon_distutils_commands:/home/lin/train2/src/install/fishbot_description/lib/python3.10/site-packages:${PYTHONPATH} /usr/bin/python3 -W ignore:setup.py install is deprecated -W ignore:easy_install command is deprecated setup.py develop --editable --build-directory /home/lin/train2/src/build/fishbot_description/build --no-deps symlink_data
