[0.681s] Invoking command in '/home/lin/train2/src/build/fishbot_cartographer': CMAKE_PREFIX_PATH=${CMAKE_PREFIX_PATH}:/home/lin/ros_ws/install/sdformat_tools:/home/lin/train2/src/install/fishbot_description:/home/lin/train2/src/install/example_py:/opt/ros/humble /usr/local/bin/cmake --build /home/lin/train2/src/build/fishbot_cartographer -- -j8 -l8
[1.920s] Invoked command in '/home/lin/train2/src/build/fishbot_cartographer' returned '0': CMAKE_PREFIX_PATH=${CMAKE_PREFIX_PATH}:/home/lin/ros_ws/install/sdformat_tools:/home/lin/train2/src/install/fishbot_description:/home/lin/train2/src/install/example_py:/opt/ros/humble /usr/local/bin/cmake --build /home/lin/train2/src/build/fishbot_cartographer -- -j8 -l8
[1.946s] Invoking command in '/home/lin/train2/src/build/fishbot_cartographer': CMAKE_PREFIX_PATH=${CMAKE_PREFIX_PATH}:/home/lin/ros_ws/install/sdformat_tools:/home/lin/train2/src/install/fishbot_description:/home/lin/train2/src/install/example_py:/opt/ros/humble /usr/local/bin/cmake --install /home/lin/train2/src/build/fishbot_cartographer
[2.073s] -- Install configuration: ""
[2.073s] -- Execute custom install script
[2.073s] -- Up-to-date symlink: /home/lin/train2/src/install/fishbot_cartographer/share/fishbot_cartographer/config/fishbot_2d.lua
[2.074s] -- Up-to-date symlink: /home/lin/train2/src/install/fishbot_cartographer/share/fishbot_cartographer/launch/cartographer.launch.py
[2.074s] -- Up-to-date symlink: /home/lin/train2/src/install/fishbot_cartographer/share/ament_index/resource_index/package_run_dependencies/fishbot_cartographer
[2.074s] -- Up-to-date symlink: /home/lin/train2/src/install/fishbot_cartographer/share/ament_index/resource_index/parent_prefix_path/fishbot_cartographer
[2.094s] -- Up-to-date symlink: /home/lin/train2/src/install/fishbot_cartographer/share/fishbot_cartographer/environment/ament_prefix_path.sh
[2.097s] -- Up-to-date symlink: /home/lin/train2/src/install/fishbot_cartographer/share/fishbot_cartographer/environment/ament_prefix_path.dsv
[2.105s] -- Up-to-date symlink: /home/lin/train2/src/install/fishbot_cartographer/share/fishbot_cartographer/environment/path.sh
[2.105s] -- Up-to-date symlink: /home/lin/train2/src/install/fishbot_cartographer/share/fishbot_cartographer/environment/path.dsv
[2.106s] -- Up-to-date symlink: /home/lin/train2/src/install/fishbot_cartographer/share/fishbot_cartographer/local_setup.bash
[2.106s] -- Up-to-date symlink: /home/lin/train2/src/install/fishbot_cartographer/share/fishbot_cartographer/local_setup.sh
[2.106s] -- Up-to-date symlink: /home/lin/train2/src/install/fishbot_cartographer/share/fishbot_cartographer/local_setup.zsh
[2.111s] -- Up-to-date symlink: /home/lin/train2/src/install/fishbot_cartographer/share/fishbot_cartographer/local_setup.dsv
[2.111s] -- Symlinking: /home/lin/train2/src/install/fishbot_cartographer/share/fishbot_cartographer/package.dsv
[2.112s] -- Up-to-date symlink: /home/lin/train2/src/install/fishbot_cartographer/share/ament_index/resource_index/packages/fishbot_cartographer
[2.112s] -- Up-to-date symlink: /home/lin/train2/src/install/fishbot_cartographer/share/fishbot_cartographer/cmake/fishbot_cartographerConfig.cmake
[2.112s] -- Up-to-date symlink: /home/lin/train2/src/install/fishbot_cartographer/share/fishbot_cartographer/cmake/fishbot_cartographerConfig-version.cmake
[2.112s] -- Up-to-date symlink: /home/lin/train2/src/install/fishbot_cartographer/share/fishbot_cartographer/package.xml
[2.308s] Invoked command in '/home/lin/train2/src/build/fishbot_cartographer' returned '0': CMAKE_PREFIX_PATH=${CMAKE_PREFIX_PATH}:/home/lin/ros_ws/install/sdformat_tools:/home/lin/train2/src/install/fishbot_description:/home/lin/train2/src/install/example_py:/opt/ros/humble /usr/local/bin/cmake --install /home/lin/train2/src/build/fishbot_cartographer
