[0.024s] Invoking command in '/home/lin/train2/src/build/example_cpp': CMAKE_PREFIX_PATH=/home/lin/train2/src/install/example_ros2_interfaces:/home/lin/ros_ws/install/rmu_gazebo_simulator:/home/lin/ros_ws/install/pb2025_robot_description:/home/lin/ros_ws/install/rmoss_core:/home/lin/ros_ws/install/rmoss_cam:/home/lin/ros_ws/install/rmoss_util:/home/lin/ros_ws/install/rmoss_projectile_motion:/home/lin/ros_ws/install/rmoss_gz_cam:/home/lin/ros_ws/install/rmoss_gz_bridge:/home/lin/ros_ws/install/rmoss_gz_base:/home/lin/ros_ws/install/rmoss_base:/home/lin/ros_ws/install/rmoss_interfaces:/home/lin/ros_ws/install/rmoss_gz_resources:/home/lin/ros_ws/install/rmoss_gz_plugins:/home/lin/train2/src/install/ydlidar:/home/lin/train2/src/install/robot_startup:/home/lin/train2/src/install/odom_publisher:/home/lin/train2/src/install/fishbot_navigation2:/home/lin/train2/src/install/fishbot_cartographer:/home/lin/train2/src/install/fishbot_bringup:/home/lin/train2/src/install/example_cpp:/home/lin/ros_ws/install/sdformat_tools:/home/lin/train2/src/install/fishbot_description:/home/lin/train2/src/install/example_py:/opt/ros/humble LD_LIBRARY_PATH=/home/lin/train2/src/install/example_ros2_interfaces/lib:/home/lin/ros_ws/install/rmoss_cam/lib:/home/lin/ros_ws/install/rmoss_util/lib:/home/lin/ros_ws/install/rmoss_projectile_motion/lib:/home/lin/ros_ws/install/rmoss_gz_cam/lib:/home/lin/ros_ws/install/rmoss_gz_base/lib:/home/lin/ros_ws/install/rmoss_base/lib:/home/lin/ros_ws/install/rmoss_interfaces/lib:/usr/lib/x86_64-linux-gnu/gazebo-11/plugins:/opt/ros/humble/opt/rviz_ogre_vendor/lib:/opt/ros/humble/lib/x86_64-linux-gnu:/opt/ros/humble/lib /usr/local/bin/cmake --build /home/lin/train2/src/build/example_cpp -- -j8 -l8
[0.173s] [ 16%] [32mBuilding CXX object CMakeFiles/topic_publisher_01.dir/src/publisher.cpp.o[0m
[0.174s] [ 16%] [32mBuilding CXX object CMakeFiles/topic_subscribe_01.dir/src/subscrib.cpp.o[0m
[0.174s] [ 33%] Built target node_03
[0.175s] [ 66%] Built target example_interfaces_robot_01
[0.175s] [ 66%] Built target example_interfaces_control_01
[0.175s] [ 83%] Built target node_01
[3.736s] [ 91%] [32m[1mLinking CXX executable topic_publisher_01[0m
[3.982s] [ 91%] Built target topic_publisher_01
[6.237s] [100%] [32m[1mLinking CXX executable topic_subscribe_01[0m
[6.500s] [100%] Built target topic_subscribe_01
[6.505s] Invoked command in '/home/lin/train2/src/build/example_cpp' returned '0': CMAKE_PREFIX_PATH=/home/lin/train2/src/install/example_ros2_interfaces:/home/lin/ros_ws/install/rmu_gazebo_simulator:/home/lin/ros_ws/install/pb2025_robot_description:/home/lin/ros_ws/install/rmoss_core:/home/lin/ros_ws/install/rmoss_cam:/home/lin/ros_ws/install/rmoss_util:/home/lin/ros_ws/install/rmoss_projectile_motion:/home/lin/ros_ws/install/rmoss_gz_cam:/home/lin/ros_ws/install/rmoss_gz_bridge:/home/lin/ros_ws/install/rmoss_gz_base:/home/lin/ros_ws/install/rmoss_base:/home/lin/ros_ws/install/rmoss_interfaces:/home/lin/ros_ws/install/rmoss_gz_resources:/home/lin/ros_ws/install/rmoss_gz_plugins:/home/lin/train2/src/install/ydlidar:/home/lin/train2/src/install/robot_startup:/home/lin/train2/src/install/odom_publisher:/home/lin/train2/src/install/fishbot_navigation2:/home/lin/train2/src/install/fishbot_cartographer:/home/lin/train2/src/install/fishbot_bringup:/home/lin/train2/src/install/example_cpp:/home/lin/ros_ws/install/sdformat_tools:/home/lin/train2/src/install/fishbot_description:/home/lin/train2/src/install/example_py:/opt/ros/humble LD_LIBRARY_PATH=/home/lin/train2/src/install/example_ros2_interfaces/lib:/home/lin/ros_ws/install/rmoss_cam/lib:/home/lin/ros_ws/install/rmoss_util/lib:/home/lin/ros_ws/install/rmoss_projectile_motion/lib:/home/lin/ros_ws/install/rmoss_gz_cam/lib:/home/lin/ros_ws/install/rmoss_gz_base/lib:/home/lin/ros_ws/install/rmoss_base/lib:/home/lin/ros_ws/install/rmoss_interfaces/lib:/usr/lib/x86_64-linux-gnu/gazebo-11/plugins:/opt/ros/humble/opt/rviz_ogre_vendor/lib:/opt/ros/humble/lib/x86_64-linux-gnu:/opt/ros/humble/lib /usr/local/bin/cmake --build /home/lin/train2/src/build/example_cpp -- -j8 -l8
[6.510s] Invoking command in '/home/lin/train2/src/build/example_cpp': CMAKE_PREFIX_PATH=/home/lin/train2/src/install/example_ros2_interfaces:/home/lin/ros_ws/install/rmu_gazebo_simulator:/home/lin/ros_ws/install/pb2025_robot_description:/home/lin/ros_ws/install/rmoss_core:/home/lin/ros_ws/install/rmoss_cam:/home/lin/ros_ws/install/rmoss_util:/home/lin/ros_ws/install/rmoss_projectile_motion:/home/lin/ros_ws/install/rmoss_gz_cam:/home/lin/ros_ws/install/rmoss_gz_bridge:/home/lin/ros_ws/install/rmoss_gz_base:/home/lin/ros_ws/install/rmoss_base:/home/lin/ros_ws/install/rmoss_interfaces:/home/lin/ros_ws/install/rmoss_gz_resources:/home/lin/ros_ws/install/rmoss_gz_plugins:/home/lin/train2/src/install/ydlidar:/home/lin/train2/src/install/robot_startup:/home/lin/train2/src/install/odom_publisher:/home/lin/train2/src/install/fishbot_navigation2:/home/lin/train2/src/install/fishbot_cartographer:/home/lin/train2/src/install/fishbot_bringup:/home/lin/train2/src/install/example_cpp:/home/lin/ros_ws/install/sdformat_tools:/home/lin/train2/src/install/fishbot_description:/home/lin/train2/src/install/example_py:/opt/ros/humble LD_LIBRARY_PATH=/home/lin/train2/src/install/example_ros2_interfaces/lib:/home/lin/ros_ws/install/rmoss_cam/lib:/home/lin/ros_ws/install/rmoss_util/lib:/home/lin/ros_ws/install/rmoss_projectile_motion/lib:/home/lin/ros_ws/install/rmoss_gz_cam/lib:/home/lin/ros_ws/install/rmoss_gz_base/lib:/home/lin/ros_ws/install/rmoss_base/lib:/home/lin/ros_ws/install/rmoss_interfaces/lib:/usr/lib/x86_64-linux-gnu/gazebo-11/plugins:/opt/ros/humble/opt/rviz_ogre_vendor/lib:/opt/ros/humble/lib/x86_64-linux-gnu:/opt/ros/humble/lib /usr/local/bin/cmake --install /home/lin/train2/src/build/example_cpp
[6.512s] -- Install configuration: ""
[6.514s] -- Execute custom install script
[6.515s] -- Up-to-date symlink: /home/lin/train2/src/install/example_cpp/lib/example_cpp/example_interfaces_robot_01
[6.516s] -- Up-to-date symlink: /home/lin/train2/src/install/example_cpp/lib/example_cpp/example_interfaces_control_01
[6.516s] -- Up-to-date symlink: /home/lin/train2/src/install/example_cpp/share/ament_index/resource_index/package_run_dependencies/example_cpp
[6.517s] -- Up-to-date symlink: /home/lin/train2/src/install/example_cpp/share/ament_index/resource_index/parent_prefix_path/example_cpp
[6.517s] -- Up-to-date symlink: /home/lin/train2/src/install/example_cpp/share/example_cpp/environment/ament_prefix_path.sh
[6.517s] -- Up-to-date symlink: /home/lin/train2/src/install/example_cpp/share/example_cpp/environment/ament_prefix_path.dsv
[6.517s] -- Up-to-date symlink: /home/lin/train2/src/install/example_cpp/share/example_cpp/environment/path.sh
[6.517s] -- Up-to-date symlink: /home/lin/train2/src/install/example_cpp/share/example_cpp/environment/path.dsv
[6.518s] -- Up-to-date symlink: /home/lin/train2/src/install/example_cpp/share/example_cpp/local_setup.bash
[6.518s] -- Up-to-date symlink: /home/lin/train2/src/install/example_cpp/share/example_cpp/local_setup.sh
[6.519s] -- Up-to-date symlink: /home/lin/train2/src/install/example_cpp/share/example_cpp/local_setup.zsh
[6.519s] -- Up-to-date symlink: /home/lin/train2/src/install/example_cpp/share/example_cpp/local_setup.dsv
[6.519s] -- Symlinking: /home/lin/train2/src/install/example_cpp/share/example_cpp/package.dsv
[6.522s] -- Up-to-date symlink: /home/lin/train2/src/install/example_cpp/share/ament_index/resource_index/packages/example_cpp
[6.522s] -- Up-to-date symlink: /home/lin/train2/src/install/example_cpp/share/example_cpp/cmake/example_cppConfig.cmake
[6.522s] -- Up-to-date symlink: /home/lin/train2/src/install/example_cpp/share/example_cpp/cmake/example_cppConfig-version.cmake
[6.522s] -- Up-to-date symlink: /home/lin/train2/src/install/example_cpp/share/example_cpp/package.xml
[6.523s] -- Up-to-date symlink: /home/lin/train2/src/install/example_cpp/lib/example_cpp/node_01
[6.523s] -- Up-to-date symlink: /home/lin/train2/src/install/example_cpp/lib/example_cpp/node_03
[6.523s] -- Up-to-date symlink: /home/lin/train2/src/install/example_cpp/lib/example_cpp/topic_publisher_01
[6.524s] -- Up-to-date symlink: /home/lin/train2/src/install/example_cpp/lib/example_cpp/topic_subscribe_01
[6.525s] Invoked command in '/home/lin/train2/src/build/example_cpp' returned '0': CMAKE_PREFIX_PATH=/home/lin/train2/src/install/example_ros2_interfaces:/home/lin/ros_ws/install/rmu_gazebo_simulator:/home/lin/ros_ws/install/pb2025_robot_description:/home/lin/ros_ws/install/rmoss_core:/home/lin/ros_ws/install/rmoss_cam:/home/lin/ros_ws/install/rmoss_util:/home/lin/ros_ws/install/rmoss_projectile_motion:/home/lin/ros_ws/install/rmoss_gz_cam:/home/lin/ros_ws/install/rmoss_gz_bridge:/home/lin/ros_ws/install/rmoss_gz_base:/home/lin/ros_ws/install/rmoss_base:/home/lin/ros_ws/install/rmoss_interfaces:/home/lin/ros_ws/install/rmoss_gz_resources:/home/lin/ros_ws/install/rmoss_gz_plugins:/home/lin/train2/src/install/ydlidar:/home/lin/train2/src/install/robot_startup:/home/lin/train2/src/install/odom_publisher:/home/lin/train2/src/install/fishbot_navigation2:/home/lin/train2/src/install/fishbot_cartographer:/home/lin/train2/src/install/fishbot_bringup:/home/lin/train2/src/install/example_cpp:/home/lin/ros_ws/install/sdformat_tools:/home/lin/train2/src/install/fishbot_description:/home/lin/train2/src/install/example_py:/opt/ros/humble LD_LIBRARY_PATH=/home/lin/train2/src/install/example_ros2_interfaces/lib:/home/lin/ros_ws/install/rmoss_cam/lib:/home/lin/ros_ws/install/rmoss_util/lib:/home/lin/ros_ws/install/rmoss_projectile_motion/lib:/home/lin/ros_ws/install/rmoss_gz_cam/lib:/home/lin/ros_ws/install/rmoss_gz_base/lib:/home/lin/ros_ws/install/rmoss_base/lib:/home/lin/ros_ws/install/rmoss_interfaces/lib:/usr/lib/x86_64-linux-gnu/gazebo-11/plugins:/opt/ros/humble/opt/rviz_ogre_vendor/lib:/opt/ros/humble/lib/x86_64-linux-gnu:/opt/ros/humble/lib /usr/local/bin/cmake --install /home/lin/train2/src/build/example_cpp
