[5.147s] Invoking command in '/home/lin/train2/src/fishbot_description': PYTHONPATH=/home/lin/train2/src/build/fishbot_description/prefix_override:/usr/lib/python3/dist-packages/colcon_core/task/python/colcon_distutils_commands:/home/lin/train2/src/install/fishbot_description/lib/python3.10/site-packages:${PYTHONPATH} /usr/bin/python3 -W ignore:setup.py install is deprecated -W ignore:easy_install command is deprecated setup.py egg_info --egg-base ../build/fishbot_description build --build-base /home/lin/train2/src/build/fishbot_description/build install --record /home/lin/train2/src/build/fishbot_description/install.log --single-version-externally-managed install_data
[7.363s] running egg_info
[7.497s] writing ../build/fishbot_description/fishbot_description.egg-info/PKG-INFO
[7.515s] writing dependency_links to ../build/fishbot_description/fishbot_description.egg-info/dependency_links.txt
[7.516s] writing entry points to ../build/fishbot_description/fishbot_description.egg-info/entry_points.txt
[7.531s] writing requirements to ../build/fishbot_description/fishbot_description.egg-info/requires.txt
[7.537s] writing top-level names to ../build/fishbot_description/fishbot_description.egg-info/top_level.txt
[7.742s] reading manifest file '../build/fishbot_description/fishbot_description.egg-info/SOURCES.txt'
[7.761s] writing manifest file '../build/fishbot_description/fishbot_description.egg-info/SOURCES.txt'
[7.764s] running build
[7.764s] running build_py
[7.767s] copying fishbot_description/wheel.py -> /home/lin/train2/src/build/fishbot_description/build/lib/fishbot_description
[7.775s] copying fishbot_description/__init__.py -> /home/lin/train2/src/build/fishbot_description/build/lib/fishbot_description
[7.781s] running install
[7.816s] running install_lib
[7.993s] running install_data
[7.995s] copying resource/fishbot_description -> /home/lin/train2/src/install/fishbot_description/share/ament_index/resource_index/packages
[7.997s] copying package.xml -> /home/lin/train2/src/install/fishbot_description/share/fishbot_description
[8.000s] copying launch/rviz2.launch.py -> /home/lin/train2/src/install/fishbot_description/share/fishbot_description/launch
[8.002s] copying launch/gazebo.launch.py -> /home/lin/train2/src/install/fishbot_description/share/fishbot_description/launch
[8.004s] copying urdf/robot_base.urdf -> /home/lin/train2/src/install/fishbot_description/share/fishbot_description/urdf
[8.006s] running install_egg_info
[8.258s] removing '/home/lin/train2/src/install/fishbot_description/lib/python3.10/site-packages/fishbot_description-0.0.0-py3.10.egg-info' (and everything under it)
[8.278s] Copying ../build/fishbot_description/fishbot_description.egg-info to /home/lin/train2/src/install/fishbot_description/lib/python3.10/site-packages/fishbot_description-0.0.0-py3.10.egg-info
[8.285s] running install_scripts
[9.447s] Installing rotate_wheel script to /home/lin/train2/src/install/fishbot_description/lib/fishbot_description
[9.458s] writing list of installed files to '/home/lin/train2/src/build/fishbot_description/install.log'
[9.527s] Invoked command in '/home/lin/train2/src/fishbot_description' returned '0': PYTHONPATH=/home/lin/train2/src/build/fishbot_description/prefix_override:/usr/lib/python3/dist-packages/colcon_core/task/python/colcon_distutils_commands:/home/lin/train2/src/install/fishbot_description/lib/python3.10/site-packages:${PYTHONPATH} /usr/bin/python3 -W ignore:setup.py install is deprecated -W ignore:easy_install command is deprecated setup.py egg_info --egg-base ../build/fishbot_description build --build-base /home/lin/train2/src/build/fishbot_description/build install --record /home/lin/train2/src/build/fishbot_description/install.log --single-version-externally-managed install_data
