-- Found ament_cmake: 1.3.12 (/opt/ros/humble/share/ament_cmake/cmake)
-- Override CMake install command with custom implementation using symlinks instead of copying resources
-- Found rclcpp: 16.0.14 (/opt/ros/humble/share/rclcpp/cmake)
-- Found rosidl_generator_c: 3.1.7 (/opt/ros/humble/share/rosidl_generator_c/cmake)
-- Found rosidl_adapter: 3.1.7 (/opt/ros/humble/share/rosidl_adapter/cmake)
-- Found rosidl_generator_cpp: 3.1.7 (/opt/ros/humble/share/rosidl_generator_cpp/cmake)
-- Using all available rosidl_typesupport_c: rosidl_typesupport_fastrtps_c;rosidl_typesupport_introspection_c
-- Using all available rosidl_typesupport_cpp: rosidl_typesupport_fastrtps_cpp;rosidl_typesupport_introspection_cpp
-- Found rmw_implementation_cmake: 6.1.2 (/opt/ros/humble/share/rmw_implementation_cmake/cmake)
-- Found rmw_fastrtps_cpp: 6.2.8 (/opt/ros/humble/share/rmw_fastrtps_cpp/cmake)
-- Using RMW implementation 'rmw_fastrtps_cpp' as default
-- Found nav_msgs: 4.9.0 (/opt/ros/humble/share/nav_msgs/cmake)
-- Found tf2: 0.25.16 (/opt/ros/humble/share/tf2/cmake)
-- Found tf2_ros: 0.25.16 (/opt/ros/humble/share/tf2_ros/cmake)
-- Found ament_lint_auto: 0.12.14 (/opt/ros/humble/share/ament_lint_auto/cmake)
-- Added test 'cppcheck' to perform static code analysis on C / C++ code
-- Configured cppcheck include dirs: 
-- Configured cppcheck exclude dirs and/or files: 
-- Added test 'lint_cmake' to check CMake code style
-- Added test 'uncrustify' to check C / C++ code style
-- Configured uncrustify additional arguments: 
-- Added test 'xmllint' to check XML markup files
-- Configuring done (1.5s)
-- Generating done (0.0s)
-- Build files have been written to: /home/lin/train2/src/build/odom_publisher
[ 50%] [32mBuilding CXX object CMakeFiles/odom_publisher.dir/src/odom_publisher.cpp.o[0m
[100%] [32m[1mLinking CXX executable odom_publisher[0m
[100%] Built target odom_publisher
-- Install configuration: ""
-- Execute custom install script
-- Symlinking: /home/lin/train2/src/install/odom_publisher/lib/odom_publisher/odom_publisher
-- Symlinking: /home/lin/train2/src/install/odom_publisher/share/ament_index/resource_index/package_run_dependencies/odom_publisher
-- Symlinking: /home/lin/train2/src/install/odom_publisher/share/ament_index/resource_index/parent_prefix_path/odom_publisher
-- Symlinking: /home/lin/train2/src/install/odom_publisher/share/odom_publisher/environment/ament_prefix_path.sh
-- Symlinking: /home/lin/train2/src/install/odom_publisher/share/odom_publisher/environment/ament_prefix_path.dsv
-- Symlinking: /home/lin/train2/src/install/odom_publisher/share/odom_publisher/environment/path.sh
-- Symlinking: /home/lin/train2/src/install/odom_publisher/share/odom_publisher/environment/path.dsv
-- Symlinking: /home/lin/train2/src/install/odom_publisher/share/odom_publisher/local_setup.bash
-- Symlinking: /home/lin/train2/src/install/odom_publisher/share/odom_publisher/local_setup.sh
-- Symlinking: /home/lin/train2/src/install/odom_publisher/share/odom_publisher/local_setup.zsh
-- Symlinking: /home/lin/train2/src/install/odom_publisher/share/odom_publisher/local_setup.dsv
-- Symlinking: /home/lin/train2/src/install/odom_publisher/share/odom_publisher/package.dsv
-- Symlinking: /home/lin/train2/src/install/odom_publisher/share/ament_index/resource_index/packages/odom_publisher
-- Symlinking: /home/lin/train2/src/install/odom_publisher/share/odom_publisher/cmake/odom_publisherConfig.cmake
-- Symlinking: /home/lin/train2/src/install/odom_publisher/share/odom_publisher/cmake/odom_publisherConfig-version.cmake
-- Symlinking: /home/lin/train2/src/install/odom_publisher/share/odom_publisher/package.xml
