[0.243s] Invoking command in '/home/lin/train2/src/build/ydlidar': CMAKE_PREFIX_PATH=${CMAKE_PREFIX_PATH}:/home/lin/ros_ws/install/sdformat_tools:/home/lin/train2/src/install/fishbot_description:/home/lin/train2/src/install/example_py:/opt/ros/humble /usr/local/bin/cmake --build /home/lin/train2/src/build/ydlidar -- -j8 -l8
[0.682s] [ 81%] Built target ydlidar_node
[0.735s] [100%] Built target ydlidar_client
[0.783s] Invoked command in '/home/lin/train2/src/build/ydlidar' returned '0': CMAKE_PREFIX_PATH=${CMAKE_PREFIX_PATH}:/home/lin/ros_ws/install/sdformat_tools:/home/lin/train2/src/install/fishbot_description:/home/lin/train2/src/install/example_py:/opt/ros/humble /usr/local/bin/cmake --build /home/lin/train2/src/build/ydlidar -- -j8 -l8
[0.784s] Invoking command in '/home/lin/train2/src/build/ydlidar': CMAKE_PREFIX_PATH=${CMAKE_PREFIX_PATH}:/home/lin/ros_ws/install/sdformat_tools:/home/lin/train2/src/install/fishbot_description:/home/lin/train2/src/install/example_py:/opt/ros/humble /usr/local/bin/cmake --install /home/lin/train2/src/build/ydlidar
[0.825s] -- Install configuration: ""
[0.829s] -- Execute custom install script
[0.831s] -- Up-to-date symlink: /home/lin/train2/src/install/ydlidar/lib/ydlidar/ydlidar_node
[0.834s] -- Up-to-date symlink: /home/lin/train2/src/install/ydlidar/lib/ydlidar/ydlidar_client
[0.840s] -- Up-to-date symlink: /home/lin/train2/src/install/ydlidar/share/ydlidar/launch/ydlidar.py
[0.845s] -- Up-to-date symlink: /home/lin/train2/src/install/ydlidar/share/ydlidar/launch/ydlidar_launch.py
[0.846s] -- Up-to-date symlink: /home/lin/train2/src/install/ydlidar/share/ydlidar/params/ydlidar.yaml
[0.846s] -- Up-to-date symlink: /home/lin/train2/src/install/ydlidar/share/ydlidar/startup/initenv.sh
[0.847s] -- Up-to-date symlink: /home/lin/train2/src/install/ydlidar/share/ament_index/resource_index/package_run_dependencies/ydlidar
[0.849s] -- Up-to-date symlink: /home/lin/train2/src/install/ydlidar/share/ament_index/resource_index/parent_prefix_path/ydlidar
[0.852s] -- Up-to-date symlink: /home/lin/train2/src/install/ydlidar/share/ydlidar/environment/ament_prefix_path.sh
[0.853s] -- Up-to-date symlink: /home/lin/train2/src/install/ydlidar/share/ydlidar/environment/ament_prefix_path.dsv
[0.854s] -- Up-to-date symlink: /home/lin/train2/src/install/ydlidar/share/ydlidar/environment/path.sh
[0.857s] -- Up-to-date symlink: /home/lin/train2/src/install/ydlidar/share/ydlidar/environment/path.dsv
[0.865s] -- Up-to-date symlink: /home/lin/train2/src/install/ydlidar/share/ydlidar/local_setup.bash
[0.869s] -- Up-to-date symlink: /home/lin/train2/src/install/ydlidar/share/ydlidar/local_setup.sh
[0.869s] -- Up-to-date symlink: /home/lin/train2/src/install/ydlidar/share/ydlidar/local_setup.zsh
[0.877s] -- Up-to-date symlink: /home/lin/train2/src/install/ydlidar/share/ydlidar/local_setup.dsv
[0.879s] -- Symlinking: /home/lin/train2/src/install/ydlidar/share/ydlidar/package.dsv
[0.939s] -- Up-to-date symlink: /home/lin/train2/src/install/ydlidar/share/ament_index/resource_index/packages/ydlidar
[0.963s] -- Up-to-date symlink: /home/lin/train2/src/install/ydlidar/share/ydlidar/cmake/ydlidarConfig.cmake
[0.973s] -- Up-to-date symlink: /home/lin/train2/src/install/ydlidar/share/ydlidar/cmake/ydlidarConfig-version.cmake
[0.983s] -- Up-to-date symlink: /home/lin/train2/src/install/ydlidar/share/ydlidar/package.xml
[1.119s] Invoked command in '/home/lin/train2/src/build/ydlidar' returned '0': CMAKE_PREFIX_PATH=${CMAKE_PREFIX_PATH}:/home/lin/ros_ws/install/sdformat_tools:/home/lin/train2/src/install/fishbot_description:/home/lin/train2/src/install/example_py:/opt/ros/humble /usr/local/bin/cmake --install /home/lin/train2/src/build/ydlidar
