[0.122s] Invoking command in '/home/lin/train2/src/build/example_cpp': CMAKE_PREFIX_PATH=/home/lin/train2/src/install/example_ros2_interfaces:/home/lin/mymap_edit/install/map_edit:/home/lin/ros_ws/install/rmu_gazebo_simulator:/home/lin/ros_ws/install/pb2025_robot_description:/home/lin/ros_ws/install/rmoss_core:/home/lin/ros_ws/install/rmoss_cam:/home/lin/ros_ws/install/rmoss_util:/home/lin/ros_ws/install/rmoss_projectile_motion:/home/lin/ros_ws/install/rmoss_gz_cam:/home/lin/ros_ws/install/rmoss_gz_bridge:/home/lin/ros_ws/install/rmoss_gz_base:/home/lin/ros_ws/install/rmoss_base:/home/lin/ros_ws/install/rmoss_interfaces:/home/lin/ros_ws/install/rmoss_gz_resources:/home/lin/ros_ws/install/rmoss_gz_plugins:/home/lin/train2/src/install/ydlidar_ros2:/home/lin/train2/src/install/ydlidar:/home/lin/train2/src/install/ros2_laser_scan_matcher:/home/lin/train2/src/install/robot_startup:/home/lin/train2/src/install/odom_publisher:/home/lin/train2/src/install/fishbot_navigation2:/home/lin/train2/src/install/fishbot_cartographer:/home/lin/train2/src/install/fishbot_bringup:/home/lin/train2/src/install/example_cpp:/home/lin/train2/src/install/csm:/home/lin/ros_ws/install/sdformat_tools:/home/lin/train2/src/install/fishbot_description:/home/lin/train2/src/install/example_py:/opt/ros/humble LD_LIBRARY_PATH=/home/lin/train2/src/install/example_ros2_interfaces/lib:/home/lin/mymap_edit/install/map_edit/lib:/home/lin/ros_ws/install/rmoss_cam/lib:/home/lin/ros_ws/install/rmoss_util/lib:/home/lin/ros_ws/install/rmoss_projectile_motion/lib:/home/lin/ros_ws/install/rmoss_gz_cam/lib:/home/lin/ros_ws/install/rmoss_gz_base/lib:/home/lin/ros_ws/install/rmoss_base/lib:/home/lin/ros_ws/install/rmoss_interfaces/lib:/home/lin/train2/src/install/csm/lib:/usr/lib/x86_64-linux-gnu/gazebo-11/plugins:/opt/ros/humble/opt/rviz_ogre_vendor/lib:/opt/ros/humble/lib/x86_64-linux-gnu:/opt/ros/humble/lib /usr/local/bin/cmake --build /home/lin/train2/src/build/example_cpp -- -j8 -l8
[0.296s] [ 16%] Built target topic_subscribe_01
[0.296s] [ 33%] Built target topic_publisher_01
[0.299s] [ 41%] [32mBuilding CXX object CMakeFiles/node_03.dir/src/node_03.cpp.o[0m
[0.311s] [ 50%] [32mBuilding CXX object CMakeFiles/example_interfaces_control_01.dir/src/example_interfaces_control_01.cpp.o[0m
[0.312s] [ 58%] [32mBuilding CXX object CMakeFiles/example_interfaces_robot_01.dir/src/example_interfaces_robot_01.cpp.o[0m
[0.319s] [ 66%] [32mBuilding CXX object CMakeFiles/node_01.dir/src/cpp.cpp.o[0m
[6.893s] [ 75%] [32m[1mLinking CXX executable node_03[0m
[6.941s] [ 83%] [32m[1mLinking CXX executable node_01[0m
[7.184s] [ 83%] Built target node_03
[7.202s] [ 83%] Built target node_01
[8.812s] [ 91%] [32m[1mLinking CXX executable example_interfaces_robot_01[0m
[9.235s] [ 91%] Built target example_interfaces_robot_01
[12.665s] [100%] [32m[1mLinking CXX executable example_interfaces_control_01[0m
[13.445s] [100%] Built target example_interfaces_control_01
[13.459s] Invoked command in '/home/lin/train2/src/build/example_cpp' returned '0': CMAKE_PREFIX_PATH=/home/lin/train2/src/install/example_ros2_interfaces:/home/lin/mymap_edit/install/map_edit:/home/lin/ros_ws/install/rmu_gazebo_simulator:/home/lin/ros_ws/install/pb2025_robot_description:/home/lin/ros_ws/install/rmoss_core:/home/lin/ros_ws/install/rmoss_cam:/home/lin/ros_ws/install/rmoss_util:/home/lin/ros_ws/install/rmoss_projectile_motion:/home/lin/ros_ws/install/rmoss_gz_cam:/home/lin/ros_ws/install/rmoss_gz_bridge:/home/lin/ros_ws/install/rmoss_gz_base:/home/lin/ros_ws/install/rmoss_base:/home/lin/ros_ws/install/rmoss_interfaces:/home/lin/ros_ws/install/rmoss_gz_resources:/home/lin/ros_ws/install/rmoss_gz_plugins:/home/lin/train2/src/install/ydlidar_ros2:/home/lin/train2/src/install/ydlidar:/home/lin/train2/src/install/ros2_laser_scan_matcher:/home/lin/train2/src/install/robot_startup:/home/lin/train2/src/install/odom_publisher:/home/lin/train2/src/install/fishbot_navigation2:/home/lin/train2/src/install/fishbot_cartographer:/home/lin/train2/src/install/fishbot_bringup:/home/lin/train2/src/install/example_cpp:/home/lin/train2/src/install/csm:/home/lin/ros_ws/install/sdformat_tools:/home/lin/train2/src/install/fishbot_description:/home/lin/train2/src/install/example_py:/opt/ros/humble LD_LIBRARY_PATH=/home/lin/train2/src/install/example_ros2_interfaces/lib:/home/lin/mymap_edit/install/map_edit/lib:/home/lin/ros_ws/install/rmoss_cam/lib:/home/lin/ros_ws/install/rmoss_util/lib:/home/lin/ros_ws/install/rmoss_projectile_motion/lib:/home/lin/ros_ws/install/rmoss_gz_cam/lib:/home/lin/ros_ws/install/rmoss_gz_base/lib:/home/lin/ros_ws/install/rmoss_base/lib:/home/lin/ros_ws/install/rmoss_interfaces/lib:/home/lin/train2/src/install/csm/lib:/usr/lib/x86_64-linux-gnu/gazebo-11/plugins:/opt/ros/humble/opt/rviz_ogre_vendor/lib:/opt/ros/humble/lib/x86_64-linux-gnu:/opt/ros/humble/lib /usr/local/bin/cmake --build /home/lin/train2/src/build/example_cpp -- -j8 -l8
[13.464s] Invoking command in '/home/lin/train2/src/build/example_cpp': CMAKE_PREFIX_PATH=/home/lin/train2/src/install/example_ros2_interfaces:/home/lin/mymap_edit/install/map_edit:/home/lin/ros_ws/install/rmu_gazebo_simulator:/home/lin/ros_ws/install/pb2025_robot_description:/home/lin/ros_ws/install/rmoss_core:/home/lin/ros_ws/install/rmoss_cam:/home/lin/ros_ws/install/rmoss_util:/home/lin/ros_ws/install/rmoss_projectile_motion:/home/lin/ros_ws/install/rmoss_gz_cam:/home/lin/ros_ws/install/rmoss_gz_bridge:/home/lin/ros_ws/install/rmoss_gz_base:/home/lin/ros_ws/install/rmoss_base:/home/lin/ros_ws/install/rmoss_interfaces:/home/lin/ros_ws/install/rmoss_gz_resources:/home/lin/ros_ws/install/rmoss_gz_plugins:/home/lin/train2/src/install/ydlidar_ros2:/home/lin/train2/src/install/ydlidar:/home/lin/train2/src/install/ros2_laser_scan_matcher:/home/lin/train2/src/install/robot_startup:/home/lin/train2/src/install/odom_publisher:/home/lin/train2/src/install/fishbot_navigation2:/home/lin/train2/src/install/fishbot_cartographer:/home/lin/train2/src/install/fishbot_bringup:/home/lin/train2/src/install/example_cpp:/home/lin/train2/src/install/csm:/home/lin/ros_ws/install/sdformat_tools:/home/lin/train2/src/install/fishbot_description:/home/lin/train2/src/install/example_py:/opt/ros/humble LD_LIBRARY_PATH=/home/lin/train2/src/install/example_ros2_interfaces/lib:/home/lin/mymap_edit/install/map_edit/lib:/home/lin/ros_ws/install/rmoss_cam/lib:/home/lin/ros_ws/install/rmoss_util/lib:/home/lin/ros_ws/install/rmoss_projectile_motion/lib:/home/lin/ros_ws/install/rmoss_gz_cam/lib:/home/lin/ros_ws/install/rmoss_gz_base/lib:/home/lin/ros_ws/install/rmoss_base/lib:/home/lin/ros_ws/install/rmoss_interfaces/lib:/home/lin/train2/src/install/csm/lib:/usr/lib/x86_64-linux-gnu/gazebo-11/plugins:/opt/ros/humble/opt/rviz_ogre_vendor/lib:/opt/ros/humble/lib/x86_64-linux-gnu:/opt/ros/humble/lib /usr/local/bin/cmake --install /home/lin/train2/src/build/example_cpp
[13.475s] -- Install configuration: ""
[13.478s] -- Execute custom install script
[13.483s] -- Up-to-date symlink: /home/lin/train2/src/install/example_cpp/lib/example_cpp/example_interfaces_robot_01
[13.485s] -- Up-to-date symlink: /home/lin/train2/src/install/example_cpp/lib/example_cpp/example_interfaces_control_01
[13.486s] -- Up-to-date symlink: /home/lin/train2/src/install/example_cpp/share/ament_index/resource_index/package_run_dependencies/example_cpp
[13.488s] -- Up-to-date symlink: /home/lin/train2/src/install/example_cpp/share/ament_index/resource_index/parent_prefix_path/example_cpp
[13.489s] -- Up-to-date symlink: /home/lin/train2/src/install/example_cpp/share/example_cpp/environment/ament_prefix_path.sh
[13.492s] -- Up-to-date symlink: /home/lin/train2/src/install/example_cpp/share/example_cpp/environment/ament_prefix_path.dsv
[13.493s] -- Up-to-date symlink: /home/lin/train2/src/install/example_cpp/share/example_cpp/environment/path.sh
[13.494s] -- Up-to-date symlink: /home/lin/train2/src/install/example_cpp/share/example_cpp/environment/path.dsv
[13.496s] -- Up-to-date symlink: /home/lin/train2/src/install/example_cpp/share/example_cpp/local_setup.bash
[13.496s] -- Up-to-date symlink: /home/lin/train2/src/install/example_cpp/share/example_cpp/local_setup.sh
[13.498s] -- Up-to-date symlink: /home/lin/train2/src/install/example_cpp/share/example_cpp/local_setup.zsh
[13.501s] -- Up-to-date symlink: /home/lin/train2/src/install/example_cpp/share/example_cpp/local_setup.dsv
[13.501s] -- Symlinking: /home/lin/train2/src/install/example_cpp/share/example_cpp/package.dsv
[13.509s] -- Up-to-date symlink: /home/lin/train2/src/install/example_cpp/share/ament_index/resource_index/packages/example_cpp
[13.510s] -- Up-to-date symlink: /home/lin/train2/src/install/example_cpp/share/example_cpp/cmake/example_cppConfig.cmake
[13.510s] -- Up-to-date symlink: /home/lin/train2/src/install/example_cpp/share/example_cpp/cmake/example_cppConfig-version.cmake
[13.510s] -- Up-to-date symlink: /home/lin/train2/src/install/example_cpp/share/example_cpp/package.xml
[13.511s] -- Up-to-date symlink: /home/lin/train2/src/install/example_cpp/lib/example_cpp/node_01
[13.511s] -- Up-to-date symlink: /home/lin/train2/src/install/example_cpp/lib/example_cpp/node_03
[13.511s] -- Up-to-date symlink: /home/lin/train2/src/install/example_cpp/lib/example_cpp/topic_publisher_01
[13.511s] -- Up-to-date symlink: /home/lin/train2/src/install/example_cpp/lib/example_cpp/topic_subscribe_01
[13.517s] Invoked command in '/home/lin/train2/src/build/example_cpp' returned '0': CMAKE_PREFIX_PATH=/home/lin/train2/src/install/example_ros2_interfaces:/home/lin/mymap_edit/install/map_edit:/home/lin/ros_ws/install/rmu_gazebo_simulator:/home/lin/ros_ws/install/pb2025_robot_description:/home/lin/ros_ws/install/rmoss_core:/home/lin/ros_ws/install/rmoss_cam:/home/lin/ros_ws/install/rmoss_util:/home/lin/ros_ws/install/rmoss_projectile_motion:/home/lin/ros_ws/install/rmoss_gz_cam:/home/lin/ros_ws/install/rmoss_gz_bridge:/home/lin/ros_ws/install/rmoss_gz_base:/home/lin/ros_ws/install/rmoss_base:/home/lin/ros_ws/install/rmoss_interfaces:/home/lin/ros_ws/install/rmoss_gz_resources:/home/lin/ros_ws/install/rmoss_gz_plugins:/home/lin/train2/src/install/ydlidar_ros2:/home/lin/train2/src/install/ydlidar:/home/lin/train2/src/install/ros2_laser_scan_matcher:/home/lin/train2/src/install/robot_startup:/home/lin/train2/src/install/odom_publisher:/home/lin/train2/src/install/fishbot_navigation2:/home/lin/train2/src/install/fishbot_cartographer:/home/lin/train2/src/install/fishbot_bringup:/home/lin/train2/src/install/example_cpp:/home/lin/train2/src/install/csm:/home/lin/ros_ws/install/sdformat_tools:/home/lin/train2/src/install/fishbot_description:/home/lin/train2/src/install/example_py:/opt/ros/humble LD_LIBRARY_PATH=/home/lin/train2/src/install/example_ros2_interfaces/lib:/home/lin/mymap_edit/install/map_edit/lib:/home/lin/ros_ws/install/rmoss_cam/lib:/home/lin/ros_ws/install/rmoss_util/lib:/home/lin/ros_ws/install/rmoss_projectile_motion/lib:/home/lin/ros_ws/install/rmoss_gz_cam/lib:/home/lin/ros_ws/install/rmoss_gz_base/lib:/home/lin/ros_ws/install/rmoss_base/lib:/home/lin/ros_ws/install/rmoss_interfaces/lib:/home/lin/train2/src/install/csm/lib:/usr/lib/x86_64-linux-gnu/gazebo-11/plugins:/opt/ros/humble/opt/rviz_ogre_vendor/lib:/opt/ros/humble/lib/x86_64-linux-gnu:/opt/ros/humble/lib /usr/local/bin/cmake --install /home/lin/train2/src/build/example_cpp
