[  2%] Built target example_ros2_interfaces__cpp
[ 12%] Built target example_ros2_interfaces__rosidl_generator_c
[ 12%] Built target ament_cmake_python_symlink_example_ros2_interfaces
[ 23%] Built target example_ros2_interfaces__rosidl_typesupport_cpp
[ 34%] Built target example_ros2_interfaces__rosidl_typesupport_fastrtps_cpp
[ 44%] Built target example_ros2_interfaces__rosidl_typesupport_introspection_cpp
[ 55%] Built target example_ros2_interfaces__rosidl_typesupport_fastrtps_c
[ 65%] Built target example_ros2_interfaces__rosidl_typesupport_introspection_c
[ 76%] Built target example_ros2_interfaces__rosidl_typesupport_c
[ 76%] Built target example_ros2_interfaces
[ 78%] Built target example_ros2_interfaces__py
[ 87%] Built target example_ros2_interfaces__rosidl_generator_py
[ 91%] Built target example_ros2_interfaces__rosidl_typesupport_introspection_c__pyext
[ 95%] Built target example_ros2_interfaces__rosidl_typesupport_fastrtps_c__pyext
[100%] Built target example_ros2_interfaces__rosidl_typesupport_c__pyext
running egg_info
writing example_ros2_interfaces.egg-info/PKG-INFO
writing dependency_links to example_ros2_interfaces.egg-info/dependency_links.txt
writing top-level names to example_ros2_interfaces.egg-info/top_level.txt
reading manifest file 'example_ros2_interfaces.egg-info/SOURCES.txt'
writing manifest file 'example_ros2_interfaces.egg-info/SOURCES.txt'
[100%] Built target ament_cmake_python_build_example_ros2_interfaces_egg
