[0.430s] Invoking command in '/home/lin/train2/src/build/fishbot_cartographer': CMAKE_PREFIX_PATH=${CMAKE_PREFIX_PATH}:/home/lin/ros_ws/install/sdformat_tools:/home/lin/train2/src/install/fishbot_description:/home/lin/train2/src/install/example_py:/opt/ros/humble /usr/local/bin/cmake --build /home/lin/train2/src/build/fishbot_cartographer -- -j8 -l8
[0.823s] Invoked command in '/home/lin/train2/src/build/fishbot_cartographer' returned '0': CMAKE_PREFIX_PATH=${CMAKE_PREFIX_PATH}:/home/lin/ros_ws/install/sdformat_tools:/home/lin/train2/src/install/fishbot_description:/home/lin/train2/src/install/example_py:/opt/ros/humble /usr/local/bin/cmake --build /home/lin/train2/src/build/fishbot_cartographer -- -j8 -l8
[0.824s] Invoking command in '/home/lin/train2/src/build/fishbot_cartographer': CMAKE_PREFIX_PATH=${CMAKE_PREFIX_PATH}:/home/lin/ros_ws/install/sdformat_tools:/home/lin/train2/src/install/fishbot_description:/home/lin/train2/src/install/example_py:/opt/ros/humble /usr/local/bin/cmake --install /home/lin/train2/src/build/fishbot_cartographer
[0.852s] -- Install configuration: ""
[0.862s] -- Execute custom install script
[0.867s] -- Up-to-date symlink: /home/lin/train2/src/install/fishbot_cartographer/share/fishbot_cartographer/config/fishbot_2d.lua
[0.868s] -- Up-to-date symlink: /home/lin/train2/src/install/fishbot_cartographer/share/fishbot_cartographer/launch/cartographer.launch.py
[0.869s] -- Up-to-date symlink: /home/lin/train2/src/install/fishbot_cartographer/share/ament_index/resource_index/package_run_dependencies/fishbot_cartographer
[0.869s] -- Up-to-date symlink: /home/lin/train2/src/install/fishbot_cartographer/share/ament_index/resource_index/parent_prefix_path/fishbot_cartographer
[0.870s] -- Up-to-date symlink: /home/lin/train2/src/install/fishbot_cartographer/share/fishbot_cartographer/environment/ament_prefix_path.sh
[0.871s] -- Up-to-date symlink: /home/lin/train2/src/install/fishbot_cartographer/share/fishbot_cartographer/environment/ament_prefix_path.dsv
[0.874s] -- Up-to-date symlink: /home/lin/train2/src/install/fishbot_cartographer/share/fishbot_cartographer/environment/path.sh
[0.875s] -- Up-to-date symlink: /home/lin/train2/src/install/fishbot_cartographer/share/fishbot_cartographer/environment/path.dsv
[0.876s] -- Up-to-date symlink: /home/lin/train2/src/install/fishbot_cartographer/share/fishbot_cartographer/local_setup.bash
[0.876s] -- Up-to-date symlink: /home/lin/train2/src/install/fishbot_cartographer/share/fishbot_cartographer/local_setup.sh
[0.876s] -- Up-to-date symlink: /home/lin/train2/src/install/fishbot_cartographer/share/fishbot_cartographer/local_setup.zsh
[0.880s] -- Up-to-date symlink: /home/lin/train2/src/install/fishbot_cartographer/share/fishbot_cartographer/local_setup.dsv
[0.885s] -- Symlinking: /home/lin/train2/src/install/fishbot_cartographer/share/fishbot_cartographer/package.dsv
[0.909s] -- Up-to-date symlink: /home/lin/train2/src/install/fishbot_cartographer/share/ament_index/resource_index/packages/fishbot_cartographer
[0.909s] -- Up-to-date symlink: /home/lin/train2/src/install/fishbot_cartographer/share/fishbot_cartographer/cmake/fishbot_cartographerConfig.cmake
[0.915s] -- Up-to-date symlink: /home/lin/train2/src/install/fishbot_cartographer/share/fishbot_cartographer/cmake/fishbot_cartographerConfig-version.cmake
[0.916s] -- Up-to-date symlink: /home/lin/train2/src/install/fishbot_cartographer/share/fishbot_cartographer/package.xml
[0.967s] Invoked command in '/home/lin/train2/src/build/fishbot_cartographer' returned '0': CMAKE_PREFIX_PATH=${CMAKE_PREFIX_PATH}:/home/lin/ros_ws/install/sdformat_tools:/home/lin/train2/src/install/fishbot_description:/home/lin/train2/src/install/example_py:/opt/ros/humble /usr/local/bin/cmake --install /home/lin/train2/src/build/fishbot_cartographer
