[  2%] Built target example_ros2_interfaces__cpp
[ 12%] Built target example_ros2_interfaces__rosidl_generator_c
[ 12%] Built target ament_cmake_python_symlink_example_ros2_interfaces
[ 23%] Built target example_ros2_interfaces__rosidl_typesupport_introspection_c
[ 34%] Built target example_ros2_interfaces__rosidl_typesupport_fastrtps_cpp
[ 44%] Built target example_ros2_interfaces__rosidl_typesupport_introspection_cpp
[ 55%] Built target example_ros2_interfaces__rosidl_typesupport_cpp
[ 65%] Built target example_ros2_interfaces__rosidl_typesupport_fastrtps_c
[ 76%] Built target example_ros2_interfaces__rosidl_typesupport_c
[ 76%] Built target example_ros2_interfaces
[ 78%] Built target example_ros2_interfaces__py
[ 87%] Built target example_ros2_interfaces__rosidl_generator_py
[ 89%] [32m[1mLinking C shared library rosidl_generator_py/example_ros2_interfaces/example_ros2_interfaces_s__rosidl_typesupport_introspection_c.cpython-310-x86_64-linux-gnu.so[0m
[ 91%] [32m[1mLinking C shared library rosidl_generator_py/example_ros2_interfaces/example_ros2_interfaces_s__rosidl_typesupport_fastrtps_c.cpython-310-x86_64-linux-gnu.so[0m
[ 93%] [32m[1mLinking C shared library rosidl_generator_py/example_ros2_interfaces/example_ros2_interfaces_s__rosidl_typesupport_c.cpython-310-x86_64-linux-gnu.so[0m
[ 95%] Built target example_ros2_interfaces__rosidl_typesupport_introspection_c__pyext
running egg_info
writing example_ros2_interfaces.egg-info/PKG-INFO
writing dependency_links to example_ros2_interfaces.egg-info/dependency_links.txt
writing top-level names to example_ros2_interfaces.egg-info/top_level.txt
[ 97%] Built target example_ros2_interfaces__rosidl_typesupport_fastrtps_c__pyext
[100%] Built target example_ros2_interfaces__rosidl_typesupport_c__pyext
reading manifest file 'example_ros2_interfaces.egg-info/SOURCES.txt'
writing manifest file 'example_ros2_interfaces.egg-info/SOURCES.txt'
[100%] Built target ament_cmake_python_build_example_ros2_interfaces_egg
-- Install configuration: ""
-- Execute custom install script
-- Symlinking: /home/lin/train2/src/install/example_ros2_interfaces/share/ament_index/resource_index/rosidl_interfaces/example_ros2_interfaces
-- Symlinking: /home/lin/train2/src/install/example_ros2_interfaces/include/example_ros2_interfaces/example_ros2_interfaces/msg/detail/robopose__functions.h
-- Symlinking: /home/lin/train2/src/install/example_ros2_interfaces/include/example_ros2_interfaces/example_ros2_interfaces/msg/detail/robopose__struct.h
-- Symlinking: /home/lin/train2/src/install/example_ros2_interfaces/include/example_ros2_interfaces/example_ros2_interfaces/msg/detail/robopose__type_support.h
-- Symlinking: /home/lin/train2/src/install/example_ros2_interfaces/include/example_ros2_interfaces/example_ros2_interfaces/msg/detail/robot_status__functions.h
-- Symlinking: /home/lin/train2/src/install/example_ros2_interfaces/include/example_ros2_interfaces/example_ros2_interfaces/msg/detail/robot_status__struct.h
-- Symlinking: /home/lin/train2/src/install/example_ros2_interfaces/include/example_ros2_interfaces/example_ros2_interfaces/msg/detail/robot_status__type_support.h
-- Symlinking: /home/lin/train2/src/install/example_ros2_interfaces/include/example_ros2_interfaces/example_ros2_interfaces/msg/robopose.h
-- Symlinking: /home/lin/train2/src/install/example_ros2_interfaces/include/example_ros2_interfaces/example_ros2_interfaces/msg/robot_status.h
-- Symlinking: /home/lin/train2/src/install/example_ros2_interfaces/include/example_ros2_interfaces/example_ros2_interfaces/msg/rosidl_generator_c__visibility_control.h
-- Symlinking: /home/lin/train2/src/install/example_ros2_interfaces/include/example_ros2_interfaces/example_ros2_interfaces/srv/detail/move_robot__functions.h
-- Symlinking: /home/lin/train2/src/install/example_ros2_interfaces/include/example_ros2_interfaces/example_ros2_interfaces/srv/detail/move_robot__struct.h
-- Symlinking: /home/lin/train2/src/install/example_ros2_interfaces/include/example_ros2_interfaces/example_ros2_interfaces/srv/detail/move_robot__type_support.h
-- Symlinking: /home/lin/train2/src/install/example_ros2_interfaces/include/example_ros2_interfaces/example_ros2_interfaces/srv/move_robot.h
-- Symlinking: /home/lin/train2/src/install/example_ros2_interfaces/share/example_ros2_interfaces/environment/library_path.sh
-- Symlinking: /home/lin/train2/src/install/example_ros2_interfaces/share/example_ros2_interfaces/environment/library_path.dsv
-- Symlinking: /home/lin/train2/src/install/example_ros2_interfaces/include/example_ros2_interfaces/example_ros2_interfaces/msg/detail/robopose__rosidl_typesupport_fastrtps_c.h
-- Symlinking: /home/lin/train2/src/install/example_ros2_interfaces/include/example_ros2_interfaces/example_ros2_interfaces/msg/detail/robot_status__rosidl_typesupport_fastrtps_c.h
-- Symlinking: /home/lin/train2/src/install/example_ros2_interfaces/include/example_ros2_interfaces/example_ros2_interfaces/msg/rosidl_typesupport_fastrtps_c__visibility_control.h
-- Symlinking: /home/lin/train2/src/install/example_ros2_interfaces/include/example_ros2_interfaces/example_ros2_interfaces/srv/detail/move_robot__rosidl_typesupport_fastrtps_c.h
-- Symlinking: /home/lin/train2/src/install/example_ros2_interfaces/include/example_ros2_interfaces/example_ros2_interfaces/msg/detail/robopose__rosidl_typesupport_introspection_c.h
-- Symlinking: /home/lin/train2/src/install/example_ros2_interfaces/include/example_ros2_interfaces/example_ros2_interfaces/msg/detail/robot_status__rosidl_typesupport_introspection_c.h
-- Symlinking: /home/lin/train2/src/install/example_ros2_interfaces/include/example_ros2_interfaces/example_ros2_interfaces/msg/rosidl_typesupport_introspection_c__visibility_control.h
-- Symlinking: /home/lin/train2/src/install/example_ros2_interfaces/include/example_ros2_interfaces/example_ros2_interfaces/srv/detail/move_robot__rosidl_typesupport_introspection_c.h
-- Symlinking: /home/lin/train2/src/install/example_ros2_interfaces/include/example_ros2_interfaces/example_ros2_interfaces/msg/detail/robopose__builder.hpp
-- Symlinking: /home/lin/train2/src/install/example_ros2_interfaces/include/example_ros2_interfaces/example_ros2_interfaces/msg/detail/robopose__struct.hpp
-- Symlinking: /home/lin/train2/src/install/example_ros2_interfaces/include/example_ros2_interfaces/example_ros2_interfaces/msg/detail/robopose__traits.hpp
-- Symlinking: /home/lin/train2/src/install/example_ros2_interfaces/include/example_ros2_interfaces/example_ros2_interfaces/msg/detail/robopose__type_support.hpp
-- Symlinking: /home/lin/train2/src/install/example_ros2_interfaces/include/example_ros2_interfaces/example_ros2_interfaces/msg/detail/robot_status__builder.hpp
-- Symlinking: /home/lin/train2/src/install/example_ros2_interfaces/include/example_ros2_interfaces/example_ros2_interfaces/msg/detail/robot_status__struct.hpp
-- Symlinking: /home/lin/train2/src/install/example_ros2_interfaces/include/example_ros2_interfaces/example_ros2_interfaces/msg/detail/robot_status__traits.hpp
-- Symlinking: /home/lin/train2/src/install/example_ros2_interfaces/include/example_ros2_interfaces/example_ros2_interfaces/msg/detail/robot_status__type_support.hpp
-- Symlinking: /home/lin/train2/src/install/example_ros2_interfaces/include/example_ros2_interfaces/example_ros2_interfaces/msg/robopose.hpp
-- Symlinking: /home/lin/train2/src/install/example_ros2_interfaces/include/example_ros2_interfaces/example_ros2_interfaces/msg/robot_status.hpp
-- Symlinking: /home/lin/train2/src/install/example_ros2_interfaces/include/example_ros2_interfaces/example_ros2_interfaces/msg/rosidl_generator_cpp__visibility_control.hpp
-- Symlinking: /home/lin/train2/src/install/example_ros2_interfaces/include/example_ros2_interfaces/example_ros2_interfaces/srv/detail/move_robot__builder.hpp
-- Symlinking: /home/lin/train2/src/install/example_ros2_interfaces/include/example_ros2_interfaces/example_ros2_interfaces/srv/detail/move_robot__struct.hpp
-- Symlinking: /home/lin/train2/src/install/example_ros2_interfaces/include/example_ros2_interfaces/example_ros2_interfaces/srv/detail/move_robot__traits.hpp
-- Symlinking: /home/lin/train2/src/install/example_ros2_interfaces/include/example_ros2_interfaces/example_ros2_interfaces/srv/detail/move_robot__type_support.hpp
-- Symlinking: /home/lin/train2/src/install/example_ros2_interfaces/include/example_ros2_interfaces/example_ros2_interfaces/srv/move_robot.hpp
-- Symlinking: /home/lin/train2/src/install/example_ros2_interfaces/include/example_ros2_interfaces/example_ros2_interfaces/msg/detail/robopose__rosidl_typesupport_fastrtps_cpp.hpp
-- Symlinking: /home/lin/train2/src/install/example_ros2_interfaces/include/example_ros2_interfaces/example_ros2_interfaces/msg/detail/robot_status__rosidl_typesupport_fastrtps_cpp.hpp
-- Symlinking: /home/lin/train2/src/install/example_ros2_interfaces/include/example_ros2_interfaces/example_ros2_interfaces/msg/rosidl_typesupport_fastrtps_cpp__visibility_control.h
-- Symlinking: /home/lin/train2/src/install/example_ros2_interfaces/include/example_ros2_interfaces/example_ros2_interfaces/srv/detail/move_robot__rosidl_typesupport_fastrtps_cpp.hpp
-- Symlinking: /home/lin/train2/src/install/example_ros2_interfaces/include/example_ros2_interfaces/example_ros2_interfaces/msg/detail/robopose__rosidl_typesupport_introspection_cpp.hpp
-- Symlinking: /home/lin/train2/src/install/example_ros2_interfaces/include/example_ros2_interfaces/example_ros2_interfaces/msg/detail/robot_status__rosidl_typesupport_introspection_cpp.hpp
-- Symlinking: /home/lin/train2/src/install/example_ros2_interfaces/include/example_ros2_interfaces/example_ros2_interfaces/srv/detail/move_robot__rosidl_typesupport_introspection_cpp.hpp
-- Symlinking: /home/lin/train2/src/install/example_ros2_interfaces/share/example_ros2_interfaces/environment/pythonpath.sh
-- Symlinking: /home/lin/train2/src/install/example_ros2_interfaces/share/example_ros2_interfaces/environment/pythonpath.dsv
-- Symlinking: /home/lin/train2/src/install/example_ros2_interfaces/local/lib/python3.10/dist-packages/example_ros2_interfaces-0.0.0-py3.10.egg-info/PKG-INFO
-- Symlinking: /home/lin/train2/src/install/example_ros2_interfaces/local/lib/python3.10/dist-packages/example_ros2_interfaces-0.0.0-py3.10.egg-info/SOURCES.txt
-- Symlinking: /home/lin/train2/src/install/example_ros2_interfaces/local/lib/python3.10/dist-packages/example_ros2_interfaces-0.0.0-py3.10.egg-info/dependency_links.txt
-- Symlinking: /home/lin/train2/src/install/example_ros2_interfaces/local/lib/python3.10/dist-packages/example_ros2_interfaces-0.0.0-py3.10.egg-info/top_level.txt
-- Symlinking: /home/lin/train2/src/install/example_ros2_interfaces/local/lib/python3.10/dist-packages/example_ros2_interfaces/__init__.py
-- Symlinking: /home/lin/train2/src/install/example_ros2_interfaces/local/lib/python3.10/dist-packages/example_ros2_interfaces/_example_ros2_interfaces_s.ep.rosidl_typesupport_c.c
-- Symlinking: /home/lin/train2/src/install/example_ros2_interfaces/local/lib/python3.10/dist-packages/example_ros2_interfaces/_example_ros2_interfaces_s.ep.rosidl_typesupport_fastrtps_c.c
-- Symlinking: /home/lin/train2/src/install/example_ros2_interfaces/local/lib/python3.10/dist-packages/example_ros2_interfaces/_example_ros2_interfaces_s.ep.rosidl_typesupport_introspection_c.c
-- Symlinking: /home/lin/train2/src/install/example_ros2_interfaces/local/lib/python3.10/dist-packages/example_ros2_interfaces/example_ros2_interfaces_s__rosidl_typesupport_c.cpython-310-x86_64-linux-gnu.so
-- Symlinking: /home/lin/train2/src/install/example_ros2_interfaces/local/lib/python3.10/dist-packages/example_ros2_interfaces/example_ros2_interfaces_s__rosidl_typesupport_fastrtps_c.cpython-310-x86_64-linux-gnu.so
-- Symlinking: /home/lin/train2/src/install/example_ros2_interfaces/local/lib/python3.10/dist-packages/example_ros2_interfaces/example_ros2_interfaces_s__rosidl_typesupport_introspection_c.cpython-310-x86_64-linux-gnu.so
-- Symlinking: /home/lin/train2/src/install/example_ros2_interfaces/local/lib/python3.10/dist-packages/example_ros2_interfaces/libexample_ros2_interfaces__rosidl_generator_py.so
-- Symlinking: /home/lin/train2/src/install/example_ros2_interfaces/local/lib/python3.10/dist-packages/example_ros2_interfaces/msg/__init__.py
-- Symlinking: /home/lin/train2/src/install/example_ros2_interfaces/local/lib/python3.10/dist-packages/example_ros2_interfaces/msg/_robopose.py
-- Symlinking: /home/lin/train2/src/install/example_ros2_interfaces/local/lib/python3.10/dist-packages/example_ros2_interfaces/msg/_robopose_s.c
-- Symlinking: /home/lin/train2/src/install/example_ros2_interfaces/local/lib/python3.10/dist-packages/example_ros2_interfaces/msg/_robot_status.py
-- Symlinking: /home/lin/train2/src/install/example_ros2_interfaces/local/lib/python3.10/dist-packages/example_ros2_interfaces/msg/_robot_status_s.c
-- Symlinking: /home/lin/train2/src/install/example_ros2_interfaces/local/lib/python3.10/dist-packages/example_ros2_interfaces/srv/__init__.py
-- Symlinking: /home/lin/train2/src/install/example_ros2_interfaces/local/lib/python3.10/dist-packages/example_ros2_interfaces/srv/_move_robot.py
-- Symlinking: /home/lin/train2/src/install/example_ros2_interfaces/local/lib/python3.10/dist-packages/example_ros2_interfaces/srv/_move_robot_s.c
-- Up-to-date symlink: /home/lin/train2/src/install/example_ros2_interfaces/local/lib/python3.10/dist-packages/example_ros2_interfaces/example_ros2_interfaces_s__rosidl_typesupport_fastrtps_c.cpython-310-x86_64-linux-gnu.so
-- Up-to-date symlink: /home/lin/train2/src/install/example_ros2_interfaces/local/lib/python3.10/dist-packages/example_ros2_interfaces/example_ros2_interfaces_s__rosidl_typesupport_introspection_c.cpython-310-x86_64-linux-gnu.so
-- Up-to-date symlink: /home/lin/train2/src/install/example_ros2_interfaces/local/lib/python3.10/dist-packages/example_ros2_interfaces/example_ros2_interfaces_s__rosidl_typesupport_c.cpython-310-x86_64-linux-gnu.so
-- Symlinking: /home/lin/train2/src/install/example_ros2_interfaces/share/example_ros2_interfaces/msg/Robopose.idl
-- Symlinking: /home/lin/train2/src/install/example_ros2_interfaces/share/example_ros2_interfaces/msg/RobotStatus.idl
-- Symlinking: /home/lin/train2/src/install/example_ros2_interfaces/share/example_ros2_interfaces/srv/MoveRobot.idl
-- Symlinking: /home/lin/train2/src/install/example_ros2_interfaces/share/example_ros2_interfaces/msg/Robopose.msg
-- Symlinking: /home/lin/train2/src/install/example_ros2_interfaces/share/example_ros2_interfaces/msg/RobotStatus.msg
-- Symlinking: /home/lin/train2/src/install/example_ros2_interfaces/share/example_ros2_interfaces/srv/MoveRobot.srv
-- Symlinking: /home/lin/train2/src/install/example_ros2_interfaces/share/example_ros2_interfaces/srv/MoveRobot_Request.msg
-- Symlinking: /home/lin/train2/src/install/example_ros2_interfaces/share/example_ros2_interfaces/srv/MoveRobot_Response.msg
-- Symlinking: /home/lin/train2/src/install/example_ros2_interfaces/share/ament_index/resource_index/package_run_dependencies/example_ros2_interfaces
-- Symlinking: /home/lin/train2/src/install/example_ros2_interfaces/share/ament_index/resource_index/parent_prefix_path/example_ros2_interfaces
-- Symlinking: /home/lin/train2/src/install/example_ros2_interfaces/share/example_ros2_interfaces/environment/ament_prefix_path.sh
-- Symlinking: /home/lin/train2/src/install/example_ros2_interfaces/share/example_ros2_interfaces/environment/ament_prefix_path.dsv
-- Symlinking: /home/lin/train2/src/install/example_ros2_interfaces/share/example_ros2_interfaces/environment/path.sh
-- Symlinking: /home/lin/train2/src/install/example_ros2_interfaces/share/example_ros2_interfaces/environment/path.dsv
-- Symlinking: /home/lin/train2/src/install/example_ros2_interfaces/share/example_ros2_interfaces/local_setup.bash
-- Symlinking: /home/lin/train2/src/install/example_ros2_interfaces/share/example_ros2_interfaces/local_setup.sh
-- Symlinking: /home/lin/train2/src/install/example_ros2_interfaces/share/example_ros2_interfaces/local_setup.zsh
-- Symlinking: /home/lin/train2/src/install/example_ros2_interfaces/share/example_ros2_interfaces/local_setup.dsv
-- Symlinking: /home/lin/train2/src/install/example_ros2_interfaces/share/example_ros2_interfaces/package.dsv
-- Symlinking: /home/lin/train2/src/install/example_ros2_interfaces/share/ament_index/resource_index/packages/example_ros2_interfaces
-- Symlinking: /home/lin/train2/src/install/example_ros2_interfaces/share/example_ros2_interfaces/cmake/rosidl_cmake-extras.cmake
-- Symlinking: /home/lin/train2/src/install/example_ros2_interfaces/share/example_ros2_interfaces/cmake/ament_cmake_export_dependencies-extras.cmake
-- Symlinking: /home/lin/train2/src/install/example_ros2_interfaces/share/example_ros2_interfaces/cmake/ament_cmake_export_include_directories-extras.cmake
-- Symlinking: /home/lin/train2/src/install/example_ros2_interfaces/share/example_ros2_interfaces/cmake/ament_cmake_export_libraries-extras.cmake
-- Symlinking: /home/lin/train2/src/install/example_ros2_interfaces/share/example_ros2_interfaces/cmake/ament_cmake_export_targets-extras.cmake
-- Symlinking: /home/lin/train2/src/install/example_ros2_interfaces/share/example_ros2_interfaces/cmake/rosidl_cmake_export_typesupport_targets-extras.cmake
-- Symlinking: /home/lin/train2/src/install/example_ros2_interfaces/share/example_ros2_interfaces/cmake/rosidl_cmake_export_typesupport_libraries-extras.cmake
-- Symlinking: /home/lin/train2/src/install/example_ros2_interfaces/share/example_ros2_interfaces/cmake/example_ros2_interfacesConfig.cmake
-- Symlinking: /home/lin/train2/src/install/example_ros2_interfaces/share/example_ros2_interfaces/cmake/example_ros2_interfacesConfig-version.cmake
-- Symlinking: /home/lin/train2/src/install/example_ros2_interfaces/share/example_ros2_interfaces/package.xml
-- Up-to-date: /home/lin/train2/src/install/example_ros2_interfaces/lib/libexample_ros2_interfaces__rosidl_generator_c.so
-- Up-to-date: /home/lin/train2/src/install/example_ros2_interfaces/lib/libexample_ros2_interfaces__rosidl_typesupport_fastrtps_c.so
-- Up-to-date: /home/lin/train2/src/install/example_ros2_interfaces/lib/libexample_ros2_interfaces__rosidl_typesupport_introspection_c.so
-- Up-to-date: /home/lin/train2/src/install/example_ros2_interfaces/lib/libexample_ros2_interfaces__rosidl_typesupport_c.so
-- Up-to-date: /home/lin/train2/src/install/example_ros2_interfaces/lib/libexample_ros2_interfaces__rosidl_typesupport_fastrtps_cpp.so
-- Up-to-date: /home/lin/train2/src/install/example_ros2_interfaces/lib/libexample_ros2_interfaces__rosidl_typesupport_introspection_cpp.so
-- Up-to-date: /home/lin/train2/src/install/example_ros2_interfaces/lib/libexample_ros2_interfaces__rosidl_typesupport_cpp.so
Listing '/home/lin/train2/src/install/example_ros2_interfaces/local/lib/python3.10/dist-packages/example_ros2_interfaces'...
Compiling '/home/lin/train2/src/install/example_ros2_interfaces/local/lib/python3.10/dist-packages/example_ros2_interfaces/__init__.py'...
Listing '/home/lin/train2/src/install/example_ros2_interfaces/local/lib/python3.10/dist-packages/example_ros2_interfaces/msg'...
Listing '/home/lin/train2/src/install/example_ros2_interfaces/local/lib/python3.10/dist-packages/example_ros2_interfaces/srv'...
-- Up-to-date: /home/lin/train2/src/install/example_ros2_interfaces/lib/libexample_ros2_interfaces__rosidl_generator_py.so
-- Up-to-date: /home/lin/train2/src/install/example_ros2_interfaces/share/example_ros2_interfaces/cmake/export_example_ros2_interfaces__rosidl_generator_cExport.cmake
-- Up-to-date: /home/lin/train2/src/install/example_ros2_interfaces/share/example_ros2_interfaces/cmake/export_example_ros2_interfaces__rosidl_generator_cExport-noconfig.cmake
-- Up-to-date: /home/lin/train2/src/install/example_ros2_interfaces/share/example_ros2_interfaces/cmake/export_example_ros2_interfaces__rosidl_typesupport_fastrtps_cExport.cmake
-- Up-to-date: /home/lin/train2/src/install/example_ros2_interfaces/share/example_ros2_interfaces/cmake/export_example_ros2_interfaces__rosidl_typesupport_fastrtps_cExport-noconfig.cmake
-- Up-to-date: /home/lin/train2/src/install/example_ros2_interfaces/share/example_ros2_interfaces/cmake/example_ros2_interfaces__rosidl_typesupport_introspection_cExport.cmake
-- Up-to-date: /home/lin/train2/src/install/example_ros2_interfaces/share/example_ros2_interfaces/cmake/example_ros2_interfaces__rosidl_typesupport_introspection_cExport-noconfig.cmake
-- Up-to-date: /home/lin/train2/src/install/example_ros2_interfaces/share/example_ros2_interfaces/cmake/example_ros2_interfaces__rosidl_typesupport_cExport.cmake
-- Up-to-date: /home/lin/train2/src/install/example_ros2_interfaces/share/example_ros2_interfaces/cmake/example_ros2_interfaces__rosidl_typesupport_cExport-noconfig.cmake
-- Up-to-date: /home/lin/train2/src/install/example_ros2_interfaces/share/example_ros2_interfaces/cmake/export_example_ros2_interfaces__rosidl_generator_cppExport.cmake
-- Up-to-date: /home/lin/train2/src/install/example_ros2_interfaces/share/example_ros2_interfaces/cmake/export_example_ros2_interfaces__rosidl_typesupport_fastrtps_cppExport.cmake
-- Up-to-date: /home/lin/train2/src/install/example_ros2_interfaces/share/example_ros2_interfaces/cmake/export_example_ros2_interfaces__rosidl_typesupport_fastrtps_cppExport-noconfig.cmake
-- Up-to-date: /home/lin/train2/src/install/example_ros2_interfaces/share/example_ros2_interfaces/cmake/example_ros2_interfaces__rosidl_typesupport_introspection_cppExport.cmake
-- Up-to-date: /home/lin/train2/src/install/example_ros2_interfaces/share/example_ros2_interfaces/cmake/example_ros2_interfaces__rosidl_typesupport_introspection_cppExport-noconfig.cmake
-- Up-to-date: /home/lin/train2/src/install/example_ros2_interfaces/share/example_ros2_interfaces/cmake/example_ros2_interfaces__rosidl_typesupport_cppExport.cmake
-- Up-to-date: /home/lin/train2/src/install/example_ros2_interfaces/share/example_ros2_interfaces/cmake/example_ros2_interfaces__rosidl_typesupport_cppExport-noconfig.cmake
-- Up-to-date: /home/lin/train2/src/install/example_ros2_interfaces/share/example_ros2_interfaces/cmake/export_example_ros2_interfaces__rosidl_generator_pyExport.cmake
-- Up-to-date: /home/lin/train2/src/install/example_ros2_interfaces/share/example_ros2_interfaces/cmake/export_example_ros2_interfaces__rosidl_generator_pyExport-noconfig.cmake
