[0.146s] DEBUG:colcon:Command line arguments: ['/usr/bin/colcon', 'build', '--packages-select', 'fishbot_cartographer']
[0.146s] DEBUG:colcon:Parsed command line arguments: Namespace(log_base=None, log_level=None, verb_name='build', build_base='build', install_base='install', merge_install=False, symlink_install=False, test_result_base=None, continue_on_error=False, executor='parallel', parallel_workers=8, event_handlers=None, ignore_user_meta=False, metas=['./colcon.meta'], base_paths=['.'], packages_ignore=None, packages_ignore_regex=None, paths=None, packages_up_to=None, packages_up_to_regex=None, packages_above=None, packages_above_and_dependencies=None, packages_above_depth=None, packages_select_by_dep=None, packages_skip_by_dep=None, packages_skip_up_to=None, packages_select_build_failed=False, packages_skip_build_finished=False, packages_select_test_failures=False, packages_skip_test_passed=False, packages_select=['fishbot_cartographer'], packages_skip=None, packages_select_regex=None, packages_skip_regex=None, packages_start=None, packages_end=None, allow_overriding=[], cmake_args=None, cmake_target=None, cmake_target_skip_unavailable=False, cmake_clean_cache=False, cmake_clean_first=False, cmake_force_configure=False, ament_cmake_args=None, catkin_cmake_args=None, catkin_skip_building_tests=False, verb_parser=<colcon_defaults.argument_parser.defaults.DefaultArgumentsDecorator object at 0x7edb1e24e080>, verb_extension=<colcon_core.verb.build.BuildVerb object at 0x7edb1e333b50>, main=<bound method BuildVerb.main of <colcon_core.verb.build.BuildVerb object at 0x7edb1e333b50>>)
[0.188s] Level 1:colcon.colcon_core.package_discovery:discover_packages(colcon_meta) check parameters
[0.188s] Level 1:colcon.colcon_core.package_discovery:discover_packages(recursive) check parameters
[0.188s] Level 1:colcon.colcon_core.package_discovery:discover_packages(ignore) check parameters
[0.188s] Level 1:colcon.colcon_core.package_discovery:discover_packages(path) check parameters
[0.188s] Level 1:colcon.colcon_core.package_discovery:discover_packages(colcon_meta) discover
[0.188s] Level 1:colcon.colcon_core.package_discovery:discover_packages(recursive) discover
[0.188s] INFO:colcon.colcon_core.package_discovery:Crawling recursively for packages in '/home/lin/train2/src'
[0.189s] Level 1:colcon.colcon_core.package_identification:_identify(.) by extensions ['ignore', 'ignore_ament_install']
[0.189s] Level 1:colcon.colcon_core.package_identification:_identify(.) by extension 'ignore'
[0.189s] Level 1:colcon.colcon_core.package_identification:_identify(.) by extension 'ignore_ament_install'
[0.189s] Level 1:colcon.colcon_core.package_identification:_identify(.) by extensions ['colcon_pkg']
[0.189s] Level 1:colcon.colcon_core.package_identification:_identify(.) by extension 'colcon_pkg'
[0.189s] Level 1:colcon.colcon_core.package_identification:_identify(.) by extensions ['colcon_meta']
[0.189s] Level 1:colcon.colcon_core.package_identification:_identify(.) by extension 'colcon_meta'
[0.189s] Level 1:colcon.colcon_core.package_identification:_identify(.) by extensions ['ros']
[0.189s] Level 1:colcon.colcon_core.package_identification:_identify(.) by extension 'ros'
[0.204s] Level 1:colcon.colcon_core.package_identification:_identify(.) by extensions ['cmake', 'python']
[0.204s] Level 1:colcon.colcon_core.package_identification:_identify(.) by extension 'cmake'
[0.204s] Level 1:colcon.colcon_core.package_identification:_identify(.) by extension 'python'
[0.204s] Level 1:colcon.colcon_core.package_identification:_identify(.) by extensions ['python_setup_py']
[0.204s] Level 1:colcon.colcon_core.package_identification:_identify(.) by extension 'python_setup_py'
[0.204s] Level 1:colcon.colcon_core.package_identification:_identify(build) by extensions ['ignore', 'ignore_ament_install']
[0.204s] Level 1:colcon.colcon_core.package_identification:_identify(build) by extension 'ignore'
[0.204s] Level 1:colcon.colcon_core.package_identification:_identify(build) ignored
[0.204s] Level 1:colcon.colcon_core.package_identification:_identify(example_cpp) by extensions ['ignore', 'ignore_ament_install']
[0.205s] Level 1:colcon.colcon_core.package_identification:_identify(example_cpp) by extension 'ignore'
[0.205s] Level 1:colcon.colcon_core.package_identification:_identify(example_cpp) by extension 'ignore_ament_install'
[0.205s] Level 1:colcon.colcon_core.package_identification:_identify(example_cpp) by extensions ['colcon_pkg']
[0.205s] Level 1:colcon.colcon_core.package_identification:_identify(example_cpp) by extension 'colcon_pkg'
[0.205s] Level 1:colcon.colcon_core.package_identification:_identify(example_cpp) by extensions ['colcon_meta']
[0.205s] Level 1:colcon.colcon_core.package_identification:_identify(example_cpp) by extension 'colcon_meta'
[0.205s] Level 1:colcon.colcon_core.package_identification:_identify(example_cpp) by extensions ['ros']
[0.205s] Level 1:colcon.colcon_core.package_identification:_identify(example_cpp) by extension 'ros'
[0.207s] DEBUG:colcon.colcon_core.package_identification:Package 'example_cpp' with type 'ros.ament_cmake' and name 'example_cpp'
[0.207s] Level 1:colcon.colcon_core.package_identification:_identify(example_py) by extensions ['ignore', 'ignore_ament_install']
[0.207s] Level 1:colcon.colcon_core.package_identification:_identify(example_py) by extension 'ignore'
[0.207s] Level 1:colcon.colcon_core.package_identification:_identify(example_py) by extension 'ignore_ament_install'
[0.208s] Level 1:colcon.colcon_core.package_identification:_identify(example_py) by extensions ['colcon_pkg']
[0.208s] Level 1:colcon.colcon_core.package_identification:_identify(example_py) by extension 'colcon_pkg'
[0.208s] Level 1:colcon.colcon_core.package_identification:_identify(example_py) by extensions ['colcon_meta']
[0.208s] Level 1:colcon.colcon_core.package_identification:_identify(example_py) by extension 'colcon_meta'
[0.208s] Level 1:colcon.colcon_core.package_identification:_identify(example_py) by extensions ['ros']
[0.208s] Level 1:colcon.colcon_core.package_identification:_identify(example_py) by extension 'ros'
[0.208s] DEBUG:colcon.colcon_core.package_identification:Package 'example_py' with type 'ros.ament_python' and name 'example_py'
[0.208s] Level 1:colcon.colcon_core.package_identification:_identify(example_ros2_interfaces) by extensions ['ignore', 'ignore_ament_install']
[0.209s] Level 1:colcon.colcon_core.package_identification:_identify(example_ros2_interfaces) by extension 'ignore'
[0.209s] Level 1:colcon.colcon_core.package_identification:_identify(example_ros2_interfaces) by extension 'ignore_ament_install'
[0.209s] Level 1:colcon.colcon_core.package_identification:_identify(example_ros2_interfaces) by extensions ['colcon_pkg']
[0.209s] Level 1:colcon.colcon_core.package_identification:_identify(example_ros2_interfaces) by extension 'colcon_pkg'
[0.209s] Level 1:colcon.colcon_core.package_identification:_identify(example_ros2_interfaces) by extensions ['colcon_meta']
[0.209s] Level 1:colcon.colcon_core.package_identification:_identify(example_ros2_interfaces) by extension 'colcon_meta'
[0.209s] Level 1:colcon.colcon_core.package_identification:_identify(example_ros2_interfaces) by extensions ['ros']
[0.209s] Level 1:colcon.colcon_core.package_identification:_identify(example_ros2_interfaces) by extension 'ros'
[0.210s] DEBUG:colcon.colcon_core.package_identification:Package 'example_ros2_interfaces' with type 'ros.ament_cmake' and name 'example_ros2_interfaces'
[0.210s] Level 1:colcon.colcon_core.package_identification:_identify(fishbot_cartographer) by extensions ['ignore', 'ignore_ament_install']
[0.210s] Level 1:colcon.colcon_core.package_identification:_identify(fishbot_cartographer) by extension 'ignore'
[0.210s] Level 1:colcon.colcon_core.package_identification:_identify(fishbot_cartographer) by extension 'ignore_ament_install'
[0.210s] Level 1:colcon.colcon_core.package_identification:_identify(fishbot_cartographer) by extensions ['colcon_pkg']
[0.210s] Level 1:colcon.colcon_core.package_identification:_identify(fishbot_cartographer) by extension 'colcon_pkg'
[0.210s] Level 1:colcon.colcon_core.package_identification:_identify(fishbot_cartographer) by extensions ['colcon_meta']
[0.210s] Level 1:colcon.colcon_core.package_identification:_identify(fishbot_cartographer) by extension 'colcon_meta'
[0.210s] Level 1:colcon.colcon_core.package_identification:_identify(fishbot_cartographer) by extensions ['ros']
[0.210s] Level 1:colcon.colcon_core.package_identification:_identify(fishbot_cartographer) by extension 'ros'
[0.211s] DEBUG:colcon.colcon_core.package_identification:Package 'fishbot_cartographer' with type 'ros.ament_cmake' and name 'fishbot_cartographer'
[0.211s] Level 1:colcon.colcon_core.package_identification:_identify(fishbot_description) by extensions ['ignore', 'ignore_ament_install']
[0.211s] Level 1:colcon.colcon_core.package_identification:_identify(fishbot_description) by extension 'ignore'
[0.211s] Level 1:colcon.colcon_core.package_identification:_identify(fishbot_description) by extension 'ignore_ament_install'
[0.211s] Level 1:colcon.colcon_core.package_identification:_identify(fishbot_description) by extensions ['colcon_pkg']
[0.211s] Level 1:colcon.colcon_core.package_identification:_identify(fishbot_description) by extension 'colcon_pkg'
[0.211s] Level 1:colcon.colcon_core.package_identification:_identify(fishbot_description) by extensions ['colcon_meta']
[0.211s] Level 1:colcon.colcon_core.package_identification:_identify(fishbot_description) by extension 'colcon_meta'
[0.211s] Level 1:colcon.colcon_core.package_identification:_identify(fishbot_description) by extensions ['ros']
[0.211s] Level 1:colcon.colcon_core.package_identification:_identify(fishbot_description) by extension 'ros'
[0.212s] DEBUG:colcon.colcon_core.package_identification:Package 'fishbot_description' with type 'ros.ament_python' and name 'fishbot_description'
[0.212s] Level 1:colcon.colcon_core.package_identification:_identify(install) by extensions ['ignore', 'ignore_ament_install']
[0.212s] Level 1:colcon.colcon_core.package_identification:_identify(install) by extension 'ignore'
[0.212s] Level 1:colcon.colcon_core.package_identification:_identify(install) ignored
[0.212s] Level 1:colcon.colcon_core.package_identification:_identify(log) by extensions ['ignore', 'ignore_ament_install']
[0.212s] Level 1:colcon.colcon_core.package_identification:_identify(log) by extension 'ignore'
[0.212s] Level 1:colcon.colcon_core.package_identification:_identify(log) ignored
[0.212s] Level 1:colcon.colcon_core.package_identification:_identify(src) by extensions ['ignore', 'ignore_ament_install']
[0.213s] Level 1:colcon.colcon_core.package_identification:_identify(src) by extension 'ignore'
[0.213s] Level 1:colcon.colcon_core.package_identification:_identify(src) by extension 'ignore_ament_install'
[0.213s] Level 1:colcon.colcon_core.package_identification:_identify(src) by extensions ['colcon_pkg']
[0.213s] Level 1:colcon.colcon_core.package_identification:_identify(src) by extension 'colcon_pkg'
[0.213s] Level 1:colcon.colcon_core.package_identification:_identify(src) by extensions ['colcon_meta']
[0.213s] Level 1:colcon.colcon_core.package_identification:_identify(src) by extension 'colcon_meta'
[0.213s] Level 1:colcon.colcon_core.package_identification:_identify(src) by extensions ['ros']
[0.213s] Level 1:colcon.colcon_core.package_identification:_identify(src) by extension 'ros'
[0.213s] Level 1:colcon.colcon_core.package_identification:_identify(src) by extensions ['cmake', 'python']
[0.213s] Level 1:colcon.colcon_core.package_identification:_identify(src) by extension 'cmake'
[0.213s] Level 1:colcon.colcon_core.package_identification:_identify(src) by extension 'python'
[0.213s] Level 1:colcon.colcon_core.package_identification:_identify(src) by extensions ['python_setup_py']
[0.213s] Level 1:colcon.colcon_core.package_identification:_identify(src) by extension 'python_setup_py'
[0.213s] Level 1:colcon.colcon_core.package_identification:_identify(src/robot_startup) by extensions ['ignore', 'ignore_ament_install']
[0.213s] Level 1:colcon.colcon_core.package_identification:_identify(src/robot_startup) by extension 'ignore'
[0.214s] Level 1:colcon.colcon_core.package_identification:_identify(src/robot_startup) by extension 'ignore_ament_install'
[0.214s] Level 1:colcon.colcon_core.package_identification:_identify(src/robot_startup) by extensions ['colcon_pkg']
[0.214s] Level 1:colcon.colcon_core.package_identification:_identify(src/robot_startup) by extension 'colcon_pkg'
[0.214s] Level 1:colcon.colcon_core.package_identification:_identify(src/robot_startup) by extensions ['colcon_meta']
[0.214s] Level 1:colcon.colcon_core.package_identification:_identify(src/robot_startup) by extension 'colcon_meta'
[0.214s] Level 1:colcon.colcon_core.package_identification:_identify(src/robot_startup) by extensions ['ros']
[0.214s] Level 1:colcon.colcon_core.package_identification:_identify(src/robot_startup) by extension 'ros'
[0.214s] DEBUG:colcon.colcon_core.package_identification:Package 'src/robot_startup' with type 'ros.ament_cmake' and name 'robot_startup'
[0.214s] Level 1:colcon.colcon_core.package_discovery:discover_packages(recursive) using defaults
[0.214s] Level 1:colcon.colcon_core.package_discovery:discover_packages(ignore) discover
[0.215s] Level 1:colcon.colcon_core.package_discovery:discover_packages(ignore) using defaults
[0.215s] Level 1:colcon.colcon_core.package_discovery:discover_packages(path) discover
[0.215s] Level 1:colcon.colcon_core.package_discovery:discover_packages(path) using defaults
[0.234s] INFO:colcon.colcon_core.package_selection:Skipping not selected package 'example_py' in 'example_py'
[0.234s] INFO:colcon.colcon_core.package_selection:Skipping not selected package 'example_ros2_interfaces' in 'example_ros2_interfaces'
[0.234s] INFO:colcon.colcon_core.package_selection:Skipping not selected package 'fishbot_description' in 'fishbot_description'
[0.235s] INFO:colcon.colcon_core.package_selection:Skipping not selected package 'robot_startup' in 'src/robot_startup'
[0.235s] INFO:colcon.colcon_core.package_selection:Skipping not selected package 'example_cpp' in 'example_cpp'
[0.235s] Level 1:colcon.colcon_core.package_discovery:discover_packages(prefix_path) check parameters
[0.235s] Level 1:colcon.colcon_core.package_discovery:discover_packages(prefix_path) discover
[0.240s] DEBUG:colcon.colcon_installed_package_information.package_discovery:Found 6 installed packages in /home/lin/train2/src/install
[0.241s] DEBUG:colcon.colcon_installed_package_information.package_discovery:Found 14 installed packages in /home/lin/ros_ws/install
[0.244s] DEBUG:colcon.colcon_installed_package_information.package_discovery:Found 311 installed packages in /opt/ros/humble
[0.245s] Level 1:colcon.colcon_core.package_discovery:discover_packages(prefix_path) using defaults
[0.295s] Level 5:colcon.colcon_core.verb:set package 'fishbot_cartographer' build argument 'cmake_args' from command line to 'None'
[0.295s] Level 5:colcon.colcon_core.verb:set package 'fishbot_cartographer' build argument 'cmake_target' from command line to 'None'
[0.295s] Level 5:colcon.colcon_core.verb:set package 'fishbot_cartographer' build argument 'cmake_target_skip_unavailable' from command line to 'False'
[0.295s] Level 5:colcon.colcon_core.verb:set package 'fishbot_cartographer' build argument 'cmake_clean_cache' from command line to 'False'
[0.295s] Level 5:colcon.colcon_core.verb:set package 'fishbot_cartographer' build argument 'cmake_clean_first' from command line to 'False'
[0.295s] Level 5:colcon.colcon_core.verb:set package 'fishbot_cartographer' build argument 'cmake_force_configure' from command line to 'False'
[0.295s] Level 5:colcon.colcon_core.verb:set package 'fishbot_cartographer' build argument 'ament_cmake_args' from command line to 'None'
[0.295s] Level 5:colcon.colcon_core.verb:set package 'fishbot_cartographer' build argument 'catkin_cmake_args' from command line to 'None'
[0.295s] Level 5:colcon.colcon_core.verb:set package 'fishbot_cartographer' build argument 'catkin_skip_building_tests' from command line to 'False'
[0.296s] DEBUG:colcon.colcon_core.verb:Building package 'fishbot_cartographer' with the following arguments: {'ament_cmake_args': None, 'build_base': '/home/lin/train2/src/build/fishbot_cartographer', 'catkin_cmake_args': None, 'catkin_skip_building_tests': False, 'cmake_args': None, 'cmake_clean_cache': False, 'cmake_clean_first': False, 'cmake_force_configure': False, 'cmake_target': None, 'cmake_target_skip_unavailable': False, 'install_base': '/home/lin/train2/src/install/fishbot_cartographer', 'merge_install': False, 'path': '/home/lin/train2/src/fishbot_cartographer', 'symlink_install': False, 'test_result_base': None}
[0.296s] INFO:colcon.colcon_core.executor:Executing jobs using 'parallel' executor
[0.297s] DEBUG:colcon.colcon_parallel_executor.executor.parallel:run_until_complete
[0.297s] INFO:colcon.colcon_ros.task.ament_cmake.build:Building ROS package in '/home/lin/train2/src/fishbot_cartographer' with build type 'ament_cmake'
[0.297s] INFO:colcon.colcon_cmake.task.cmake.build:Building CMake package in '/home/lin/train2/src/fishbot_cartographer'
[0.301s] INFO:colcon.colcon_core.plugin_system:Skipping extension 'colcon_core.shell.bat': Not used on non-Windows systems
[0.301s] INFO:colcon.colcon_core.shell:Skip shell extension 'powershell' for command environment: Not usable outside of PowerShell
[0.302s] DEBUG:colcon.colcon_core.shell:Skip shell extension 'dsv' for command environment
[0.323s] DEBUG:colcon.colcon_core.event_handler.log_command:Invoking command in '/home/lin/train2/src/build/fishbot_cartographer': CMAKE_PREFIX_PATH=${CMAKE_PREFIX_PATH}:/home/lin/ros_ws/install/sdformat_tools:/home/lin/train2/src/install/fishbot_description:/home/lin/train2/src/install/example_py:/opt/ros/humble /usr/local/bin/cmake --build /home/lin/train2/src/build/fishbot_cartographer -- -j8 -l8
[0.373s] DEBUG:colcon.colcon_core.event_handler.log_command:Invoked command in '/home/lin/train2/src/build/fishbot_cartographer' returned '0': CMAKE_PREFIX_PATH=${CMAKE_PREFIX_PATH}:/home/lin/ros_ws/install/sdformat_tools:/home/lin/train2/src/install/fishbot_description:/home/lin/train2/src/install/example_py:/opt/ros/humble /usr/local/bin/cmake --build /home/lin/train2/src/build/fishbot_cartographer -- -j8 -l8
[0.385s] DEBUG:colcon.colcon_core.event_handler.log_command:Invoking command in '/home/lin/train2/src/build/fishbot_cartographer': CMAKE_PREFIX_PATH=${CMAKE_PREFIX_PATH}:/home/lin/ros_ws/install/sdformat_tools:/home/lin/train2/src/install/fishbot_description:/home/lin/train2/src/install/example_py:/opt/ros/humble /usr/local/bin/cmake --install /home/lin/train2/src/build/fishbot_cartographer
[0.395s] Level 1:colcon.colcon_core.environment:create_environment_scripts_only(fishbot_cartographer)
[0.397s] DEBUG:colcon.colcon_core.event_handler.log_command:Invoked command in '/home/lin/train2/src/build/fishbot_cartographer' returned '0': CMAKE_PREFIX_PATH=${CMAKE_PREFIX_PATH}:/home/lin/ros_ws/install/sdformat_tools:/home/lin/train2/src/install/fishbot_description:/home/lin/train2/src/install/example_py:/opt/ros/humble /usr/local/bin/cmake --install /home/lin/train2/src/build/fishbot_cartographer
[0.400s] Level 1:colcon.colcon_core.environment:checking '/home/lin/train2/src/install/fishbot_cartographer' for CMake module files
[0.401s] Level 1:colcon.colcon_core.environment:checking '/home/lin/train2/src/install/fishbot_cartographer' for CMake config files
[0.402s] Level 1:colcon.colcon_core.shell:create_environment_hook('fishbot_cartographer', 'cmake_prefix_path')
[0.402s] INFO:colcon.colcon_core.shell:Creating environment hook '/home/lin/train2/src/install/fishbot_cartographer/share/fishbot_cartographer/hook/cmake_prefix_path.ps1'
[0.403s] INFO:colcon.colcon_core.shell:Creating environment descriptor '/home/lin/train2/src/install/fishbot_cartographer/share/fishbot_cartographer/hook/cmake_prefix_path.dsv'
[0.403s] INFO:colcon.colcon_core.shell:Creating environment hook '/home/lin/train2/src/install/fishbot_cartographer/share/fishbot_cartographer/hook/cmake_prefix_path.sh'
[0.405s] Level 1:colcon.colcon_core.environment:checking '/home/lin/train2/src/install/fishbot_cartographer/bin'
[0.405s] Level 1:colcon.colcon_core.environment:checking '/home/lin/train2/src/install/fishbot_cartographer/lib/pkgconfig/fishbot_cartographer.pc'
[0.405s] Level 1:colcon.colcon_core.environment:checking '/home/lin/train2/src/install/fishbot_cartographer/lib/python3.10/site-packages'
[0.405s] Level 1:colcon.colcon_core.environment:checking '/home/lin/train2/src/install/fishbot_cartographer/bin'
[0.405s] INFO:colcon.colcon_core.shell:Creating package script '/home/lin/train2/src/install/fishbot_cartographer/share/fishbot_cartographer/package.ps1'
[0.406s] INFO:colcon.colcon_core.shell:Creating package descriptor '/home/lin/train2/src/install/fishbot_cartographer/share/fishbot_cartographer/package.dsv'
[0.407s] INFO:colcon.colcon_core.shell:Creating package script '/home/lin/train2/src/install/fishbot_cartographer/share/fishbot_cartographer/package.sh'
[0.408s] INFO:colcon.colcon_core.shell:Creating package script '/home/lin/train2/src/install/fishbot_cartographer/share/fishbot_cartographer/package.bash'
[0.409s] INFO:colcon.colcon_core.shell:Creating package script '/home/lin/train2/src/install/fishbot_cartographer/share/fishbot_cartographer/package.zsh'
[0.410s] Level 1:colcon.colcon_core.environment:create_file_with_runtime_dependencies(/home/lin/train2/src/install/fishbot_cartographer/share/colcon-core/packages/fishbot_cartographer)
[0.411s] Level 1:colcon.colcon_core.environment:create_environment_scripts_only(fishbot_cartographer)
[0.411s] Level 1:colcon.colcon_core.environment:checking '/home/lin/train2/src/install/fishbot_cartographer' for CMake module files
[0.412s] Level 1:colcon.colcon_core.environment:checking '/home/lin/train2/src/install/fishbot_cartographer' for CMake config files
[0.412s] Level 1:colcon.colcon_core.shell:create_environment_hook('fishbot_cartographer', 'cmake_prefix_path')
[0.412s] INFO:colcon.colcon_core.shell:Creating environment hook '/home/lin/train2/src/install/fishbot_cartographer/share/fishbot_cartographer/hook/cmake_prefix_path.ps1'
[0.413s] INFO:colcon.colcon_core.shell:Creating environment descriptor '/home/lin/train2/src/install/fishbot_cartographer/share/fishbot_cartographer/hook/cmake_prefix_path.dsv'
[0.413s] INFO:colcon.colcon_core.shell:Creating environment hook '/home/lin/train2/src/install/fishbot_cartographer/share/fishbot_cartographer/hook/cmake_prefix_path.sh'
[0.414s] Level 1:colcon.colcon_core.environment:checking '/home/lin/train2/src/install/fishbot_cartographer/bin'
[0.414s] Level 1:colcon.colcon_core.environment:checking '/home/lin/train2/src/install/fishbot_cartographer/lib/pkgconfig/fishbot_cartographer.pc'
[0.415s] Level 1:colcon.colcon_core.environment:checking '/home/lin/train2/src/install/fishbot_cartographer/lib/python3.10/site-packages'
[0.415s] Level 1:colcon.colcon_core.environment:checking '/home/lin/train2/src/install/fishbot_cartographer/bin'
[0.415s] INFO:colcon.colcon_core.shell:Creating package script '/home/lin/train2/src/install/fishbot_cartographer/share/fishbot_cartographer/package.ps1'
[0.416s] INFO:colcon.colcon_core.shell:Creating package descriptor '/home/lin/train2/src/install/fishbot_cartographer/share/fishbot_cartographer/package.dsv'
[0.416s] INFO:colcon.colcon_core.shell:Creating package script '/home/lin/train2/src/install/fishbot_cartographer/share/fishbot_cartographer/package.sh'
[0.417s] INFO:colcon.colcon_core.shell:Creating package script '/home/lin/train2/src/install/fishbot_cartographer/share/fishbot_cartographer/package.bash'
[0.418s] INFO:colcon.colcon_core.shell:Creating package script '/home/lin/train2/src/install/fishbot_cartographer/share/fishbot_cartographer/package.zsh'
[0.418s] Level 1:colcon.colcon_core.environment:create_file_with_runtime_dependencies(/home/lin/train2/src/install/fishbot_cartographer/share/colcon-core/packages/fishbot_cartographer)
[0.419s] DEBUG:colcon.colcon_parallel_executor.executor.parallel:closing loop
[0.419s] DEBUG:colcon.colcon_parallel_executor.executor.parallel:loop closed
[0.420s] DEBUG:colcon.colcon_parallel_executor.executor.parallel:run_until_complete finished with '0'
[0.420s] DEBUG:colcon.colcon_core.event_reactor:joining thread
[0.429s] INFO:colcon.colcon_core.plugin_system:Skipping extension 'colcon_notification.desktop_notification.terminal_notifier': Not used on non-Darwin systems
[0.430s] INFO:colcon.colcon_core.plugin_system:Skipping extension 'colcon_notification.desktop_notification.win32': Not used on non-Windows systems
[0.430s] INFO:colcon.colcon_notification.desktop_notification:Sending desktop notification using 'notify2'
[0.455s] DEBUG:colcon.colcon_core.event_reactor:joined thread
[0.455s] INFO:colcon.colcon_core.shell:Creating prefix script '/home/lin/train2/src/install/local_setup.ps1'
[0.456s] INFO:colcon.colcon_core.shell:Creating prefix util module '/home/lin/train2/src/install/_local_setup_util_ps1.py'
[0.458s] INFO:colcon.colcon_core.shell:Creating prefix chain script '/home/lin/train2/src/install/setup.ps1'
[0.462s] INFO:colcon.colcon_core.shell:Creating prefix script '/home/lin/train2/src/install/local_setup.sh'
[0.463s] INFO:colcon.colcon_core.shell:Creating prefix util module '/home/lin/train2/src/install/_local_setup_util_sh.py'
[0.464s] INFO:colcon.colcon_core.shell:Creating prefix chain script '/home/lin/train2/src/install/setup.sh'
[0.468s] INFO:colcon.colcon_core.shell:Creating prefix script '/home/lin/train2/src/install/local_setup.bash'
[0.469s] INFO:colcon.colcon_core.shell:Creating prefix chain script '/home/lin/train2/src/install/setup.bash'
[0.473s] INFO:colcon.colcon_core.shell:Creating prefix script '/home/lin/train2/src/install/local_setup.zsh'
[0.474s] INFO:colcon.colcon_core.shell:Creating prefix chain script '/home/lin/train2/src/install/setup.zsh'
