[0.459s] Invoking command in '/home/lin/train2/src/build/fishbot_bringup': CMAKE_PREFIX_PATH=${CMAKE_PREFIX_PATH}:/home/lin/ros_ws/install/sdformat_tools:/home/lin/train2/src/install/fishbot_description:/home/lin/train2/src/install/example_py:/opt/ros/humble /usr/local/bin/cmake --build /home/lin/train2/src/build/fishbot_bringup -- -j8 -l8
[0.866s] [100%] Built target fishbot_bringup
[0.937s] Invoked command in '/home/lin/train2/src/build/fishbot_bringup' returned '0': CMAKE_PREFIX_PATH=${CMAKE_PREFIX_PATH}:/home/lin/ros_ws/install/sdformat_tools:/home/lin/train2/src/install/fishbot_description:/home/lin/train2/src/install/example_py:/opt/ros/humble /usr/local/bin/cmake --build /home/lin/train2/src/build/fishbot_bringup -- -j8 -l8
[0.943s] Invoking command in '/home/lin/train2/src/build/fishbot_bringup': CMAKE_PREFIX_PATH=${CMAKE_PREFIX_PATH}:/home/lin/ros_ws/install/sdformat_tools:/home/lin/train2/src/install/fishbot_description:/home/lin/train2/src/install/example_py:/opt/ros/humble /usr/local/bin/cmake --install /home/lin/train2/src/build/fishbot_bringup
[0.998s] -- Install configuration: ""
[0.998s] -- Execute custom install script
[0.999s] -- Up-to-date symlink: /home/lin/train2/src/install/fishbot_bringup/lib/fishbot_bringup/fishbot_bringup
[0.999s] -- Up-to-date symlink: /home/lin/train2/src/install/fishbot_bringup/share/ament_index/resource_index/package_run_dependencies/fishbot_bringup
[0.999s] -- Up-to-date symlink: /home/lin/train2/src/install/fishbot_bringup/share/ament_index/resource_index/parent_prefix_path/fishbot_bringup
[0.999s] -- Up-to-date symlink: /home/lin/train2/src/install/fishbot_bringup/share/fishbot_bringup/environment/ament_prefix_path.sh
[1.002s] -- Up-to-date symlink: /home/lin/train2/src/install/fishbot_bringup/share/fishbot_bringup/environment/ament_prefix_path.dsv
[1.002s] -- Up-to-date symlink: /home/lin/train2/src/install/fishbot_bringup/share/fishbot_bringup/environment/path.sh
[1.003s] -- Up-to-date symlink: /home/lin/train2/src/install/fishbot_bringup/share/fishbot_bringup/environment/path.dsv
[1.003s] -- Up-to-date symlink: /home/lin/train2/src/install/fishbot_bringup/share/fishbot_bringup/local_setup.bash
[1.003s] -- Up-to-date symlink: /home/lin/train2/src/install/fishbot_bringup/share/fishbot_bringup/local_setup.sh
[1.004s] -- Up-to-date symlink: /home/lin/train2/src/install/fishbot_bringup/share/fishbot_bringup/local_setup.zsh
[1.004s] -- Up-to-date symlink: /home/lin/train2/src/install/fishbot_bringup/share/fishbot_bringup/local_setup.dsv
[1.004s] -- Symlinking: /home/lin/train2/src/install/fishbot_bringup/share/fishbot_bringup/package.dsv
[1.005s] -- Up-to-date symlink: /home/lin/train2/src/install/fishbot_bringup/share/ament_index/resource_index/packages/fishbot_bringup
[1.005s] -- Up-to-date symlink: /home/lin/train2/src/install/fishbot_bringup/share/fishbot_bringup/cmake/fishbot_bringupConfig.cmake
[1.006s] -- Up-to-date symlink: /home/lin/train2/src/install/fishbot_bringup/share/fishbot_bringup/cmake/fishbot_bringupConfig-version.cmake
[1.010s] -- Up-to-date symlink: /home/lin/train2/src/install/fishbot_bringup/share/fishbot_bringup/package.xml
[1.107s] Invoked command in '/home/lin/train2/src/build/fishbot_bringup' returned '0': CMAKE_PREFIX_PATH=${CMAKE_PREFIX_PATH}:/home/lin/ros_ws/install/sdformat_tools:/home/lin/train2/src/install/fishbot_description:/home/lin/train2/src/install/example_py:/opt/ros/humble /usr/local/bin/cmake --install /home/lin/train2/src/build/fishbot_bringup
