[0.135s] Invoking command in '/home/lin/train2/src/build/example_ros2_interfaces': CMAKE_PREFIX_PATH=${CMAKE_PREFIX_PATH}:/home/lin/ros_ws/install/sdformat_tools:/home/lin/train2/src/install/fishbot_description:/home/lin/train2/src/install/example_py:/opt/ros/humble /usr/local/bin/cmake --build /home/lin/train2/src/build/example_ros2_interfaces -- -j8 -l8
[0.829s] [ 10%] Built target example_ros2_interfaces__rosidl_generator_c
[0.831s] [ 12%] Built target example_ros2_interfaces__cpp
[0.831s] [ 12%] Built target ament_cmake_python_symlink_example_ros2_interfaces
[0.832s] [ 23%] Built target example_ros2_interfaces__rosidl_typesupport_cpp
[0.832s] [ 34%] Built target example_ros2_interfaces__rosidl_typesupport_c
[0.832s] [ 44%] Built target example_ros2_interfaces__rosidl_typesupport_fastrtps_c
[0.832s] [ 55%] Built target example_ros2_interfaces__rosidl_typesupport_introspection_c
[0.832s] [ 65%] Built target example_ros2_interfaces__rosidl_typesupport_fastrtps_cpp
[0.833s] [ 76%] Built target example_ros2_interfaces__rosidl_typesupport_introspection_cpp
[0.833s] [ 76%] Built target example_ros2_interfaces
[0.834s] [ 78%] Built target example_ros2_interfaces__py
[0.834s] [ 87%] Built target example_ros2_interfaces__rosidl_generator_py
[0.834s] [ 91%] Built target example_ros2_interfaces__rosidl_typesupport_introspection_c__pyext
[0.834s] [ 95%] Built target example_ros2_interfaces__rosidl_typesupport_c__pyext
[0.834s] [100%] Built target example_ros2_interfaces__rosidl_typesupport_fastrtps_c__pyext
[0.834s] running egg_info
[0.835s] writing example_ros2_interfaces.egg-info/PKG-INFO
[0.835s] writing dependency_links to example_ros2_interfaces.egg-info/dependency_links.txt
[0.836s] writing top-level names to example_ros2_interfaces.egg-info/top_level.txt
[0.836s] reading manifest file 'example_ros2_interfaces.egg-info/SOURCES.txt'
[0.836s] writing manifest file 'example_ros2_interfaces.egg-info/SOURCES.txt'
[0.836s] [100%] Built target ament_cmake_python_build_example_ros2_interfaces_egg
[0.874s] Invoked command in '/home/lin/train2/src/build/example_ros2_interfaces' returned '0': CMAKE_PREFIX_PATH=${CMAKE_PREFIX_PATH}:/home/lin/ros_ws/install/sdformat_tools:/home/lin/train2/src/install/fishbot_description:/home/lin/train2/src/install/example_py:/opt/ros/humble /usr/local/bin/cmake --build /home/lin/train2/src/build/example_ros2_interfaces -- -j8 -l8
[0.875s] Invoking command in '/home/lin/train2/src/build/example_ros2_interfaces': CMAKE_PREFIX_PATH=${CMAKE_PREFIX_PATH}:/home/lin/ros_ws/install/sdformat_tools:/home/lin/train2/src/install/fishbot_description:/home/lin/train2/src/install/example_py:/opt/ros/humble /usr/local/bin/cmake --install /home/lin/train2/src/build/example_ros2_interfaces
[0.888s] -- Install configuration: ""
[0.888s] -- Execute custom install script
[0.889s] -- Up-to-date symlink: /home/lin/train2/src/install/example_ros2_interfaces/share/ament_index/resource_index/rosidl_interfaces/example_ros2_interfaces
[0.889s] -- Up-to-date symlink: /home/lin/train2/src/install/example_ros2_interfaces/include/example_ros2_interfaces/example_ros2_interfaces/msg/detail/robopose__functions.h
[0.889s] -- Up-to-date symlink: /home/lin/train2/src/install/example_ros2_interfaces/include/example_ros2_interfaces/example_ros2_interfaces/msg/detail/robopose__struct.h
[0.889s] -- Up-to-date symlink: /home/lin/train2/src/install/example_ros2_interfaces/include/example_ros2_interfaces/example_ros2_interfaces/msg/detail/robopose__type_support.h
[0.889s] -- Up-to-date symlink: /home/lin/train2/src/install/example_ros2_interfaces/include/example_ros2_interfaces/example_ros2_interfaces/msg/detail/robot_status__functions.h
[0.889s] -- Up-to-date symlink: /home/lin/train2/src/install/example_ros2_interfaces/include/example_ros2_interfaces/example_ros2_interfaces/msg/detail/robot_status__struct.h
[0.890s] -- Up-to-date symlink: /home/lin/train2/src/install/example_ros2_interfaces/include/example_ros2_interfaces/example_ros2_interfaces/msg/detail/robot_status__type_support.h
[0.890s] -- Up-to-date symlink: /home/lin/train2/src/install/example_ros2_interfaces/include/example_ros2_interfaces/example_ros2_interfaces/msg/robopose.h
[0.890s] -- Up-to-date symlink: /home/lin/train2/src/install/example_ros2_interfaces/include/example_ros2_interfaces/example_ros2_interfaces/msg/robot_status.h
[0.891s] -- Up-to-date symlink: /home/lin/train2/src/install/example_ros2_interfaces/include/example_ros2_interfaces/example_ros2_interfaces/msg/rosidl_generator_c__visibility_control.h
[0.891s] -- Up-to-date symlink: /home/lin/train2/src/install/example_ros2_interfaces/include/example_ros2_interfaces/example_ros2_interfaces/srv/detail/move_robot__functions.h
[0.905s] -- Up-to-date symlink: /home/lin/train2/src/install/example_ros2_interfaces/include/example_ros2_interfaces/example_ros2_interfaces/srv/detail/move_robot__struct.h
[0.906s] -- Up-to-date symlink: /home/lin/train2/src/install/example_ros2_interfaces/include/example_ros2_interfaces/example_ros2_interfaces/srv/detail/move_robot__type_support.h
[0.906s] -- Up-to-date symlink: /home/lin/train2/src/install/example_ros2_interfaces/include/example_ros2_interfaces/example_ros2_interfaces/srv/move_robot.h
[0.906s] -- Up-to-date symlink: /home/lin/train2/src/install/example_ros2_interfaces/share/example_ros2_interfaces/environment/library_path.sh
[0.906s] -- Up-to-date symlink: /home/lin/train2/src/install/example_ros2_interfaces/share/example_ros2_interfaces/environment/library_path.dsv
[0.906s] -- Up-to-date symlink: /home/lin/train2/src/install/example_ros2_interfaces/include/example_ros2_interfaces/example_ros2_interfaces/msg/detail/robopose__rosidl_typesupport_fastrtps_c.h
[0.906s] -- Up-to-date symlink: /home/lin/train2/src/install/example_ros2_interfaces/include/example_ros2_interfaces/example_ros2_interfaces/msg/detail/robot_status__rosidl_typesupport_fastrtps_c.h
[0.906s] -- Up-to-date symlink: /home/lin/train2/src/install/example_ros2_interfaces/include/example_ros2_interfaces/example_ros2_interfaces/msg/rosidl_typesupport_fastrtps_c__visibility_control.h
[0.906s] -- Up-to-date symlink: /home/lin/train2/src/install/example_ros2_interfaces/include/example_ros2_interfaces/example_ros2_interfaces/srv/detail/move_robot__rosidl_typesupport_fastrtps_c.h
[0.907s] -- Up-to-date symlink: /home/lin/train2/src/install/example_ros2_interfaces/include/example_ros2_interfaces/example_ros2_interfaces/msg/detail/robopose__rosidl_typesupport_introspection_c.h
[0.907s] -- Up-to-date symlink: /home/lin/train2/src/install/example_ros2_interfaces/include/example_ros2_interfaces/example_ros2_interfaces/msg/detail/robot_status__rosidl_typesupport_introspection_c.h
[0.908s] -- Up-to-date symlink: /home/lin/train2/src/install/example_ros2_interfaces/include/example_ros2_interfaces/example_ros2_interfaces/msg/rosidl_typesupport_introspection_c__visibility_control.h
[0.912s] -- Up-to-date symlink: /home/lin/train2/src/install/example_ros2_interfaces/include/example_ros2_interfaces/example_ros2_interfaces/srv/detail/move_robot__rosidl_typesupport_introspection_c.h
[0.918s] -- Up-to-date symlink: /home/lin/train2/src/install/example_ros2_interfaces/include/example_ros2_interfaces/example_ros2_interfaces/msg/detail/robopose__builder.hpp
[0.919s] -- Up-to-date symlink: /home/lin/train2/src/install/example_ros2_interfaces/include/example_ros2_interfaces/example_ros2_interfaces/msg/detail/robopose__struct.hpp
[0.919s] -- Up-to-date symlink: /home/lin/train2/src/install/example_ros2_interfaces/include/example_ros2_interfaces/example_ros2_interfaces/msg/detail/robopose__traits.hpp
[0.919s] -- Up-to-date symlink: /home/lin/train2/src/install/example_ros2_interfaces/include/example_ros2_interfaces/example_ros2_interfaces/msg/detail/robopose__type_support.hpp
[0.920s] -- Up-to-date symlink: /home/lin/train2/src/install/example_ros2_interfaces/include/example_ros2_interfaces/example_ros2_interfaces/msg/detail/robot_status__builder.hpp
[0.931s] -- Up-to-date symlink: /home/lin/train2/src/install/example_ros2_interfaces/include/example_ros2_interfaces/example_ros2_interfaces/msg/detail/robot_status__struct.hpp
[0.931s] -- Up-to-date symlink: /home/lin/train2/src/install/example_ros2_interfaces/include/example_ros2_interfaces/example_ros2_interfaces/msg/detail/robot_status__traits.hpp
[0.932s] -- Up-to-date symlink: /home/lin/train2/src/install/example_ros2_interfaces/include/example_ros2_interfaces/example_ros2_interfaces/msg/detail/robot_status__type_support.hpp
[0.932s] -- Up-to-date symlink: /home/lin/train2/src/install/example_ros2_interfaces/include/example_ros2_interfaces/example_ros2_interfaces/msg/robopose.hpp
[0.936s] -- Up-to-date symlink: /home/lin/train2/src/install/example_ros2_interfaces/include/example_ros2_interfaces/example_ros2_interfaces/msg/robot_status.hpp
[0.936s] -- Up-to-date symlink: /home/lin/train2/src/install/example_ros2_interfaces/include/example_ros2_interfaces/example_ros2_interfaces/msg/rosidl_generator_cpp__visibility_control.hpp
[0.937s] -- Up-to-date symlink: /home/lin/train2/src/install/example_ros2_interfaces/include/example_ros2_interfaces/example_ros2_interfaces/srv/detail/move_robot__builder.hpp
[0.937s] -- Up-to-date symlink: /home/lin/train2/src/install/example_ros2_interfaces/include/example_ros2_interfaces/example_ros2_interfaces/srv/detail/move_robot__struct.hpp
[0.938s] -- Up-to-date symlink: /home/lin/train2/src/install/example_ros2_interfaces/include/example_ros2_interfaces/example_ros2_interfaces/srv/detail/move_robot__traits.hpp
[0.938s] -- Up-to-date symlink: /home/lin/train2/src/install/example_ros2_interfaces/include/example_ros2_interfaces/example_ros2_interfaces/srv/detail/move_robot__type_support.hpp
[0.938s] -- Up-to-date symlink: /home/lin/train2/src/install/example_ros2_interfaces/include/example_ros2_interfaces/example_ros2_interfaces/srv/move_robot.hpp
[0.938s] -- Up-to-date symlink: /home/lin/train2/src/install/example_ros2_interfaces/include/example_ros2_interfaces/example_ros2_interfaces/msg/detail/robopose__rosidl_typesupport_fastrtps_cpp.hpp
[0.938s] -- Up-to-date symlink: /home/lin/train2/src/install/example_ros2_interfaces/include/example_ros2_interfaces/example_ros2_interfaces/msg/detail/robot_status__rosidl_typesupport_fastrtps_cpp.hpp
[0.939s] -- Up-to-date symlink: /home/lin/train2/src/install/example_ros2_interfaces/include/example_ros2_interfaces/example_ros2_interfaces/msg/rosidl_typesupport_fastrtps_cpp__visibility_control.h
[0.939s] -- Up-to-date symlink: /home/lin/train2/src/install/example_ros2_interfaces/include/example_ros2_interfaces/example_ros2_interfaces/srv/detail/move_robot__rosidl_typesupport_fastrtps_cpp.hpp
[0.940s] -- Up-to-date symlink: /home/lin/train2/src/install/example_ros2_interfaces/include/example_ros2_interfaces/example_ros2_interfaces/msg/detail/robopose__rosidl_typesupport_introspection_cpp.hpp
[0.941s] -- Up-to-date symlink: /home/lin/train2/src/install/example_ros2_interfaces/include/example_ros2_interfaces/example_ros2_interfaces/msg/detail/robot_status__rosidl_typesupport_introspection_cpp.hpp
[0.941s] -- Up-to-date symlink: /home/lin/train2/src/install/example_ros2_interfaces/include/example_ros2_interfaces/example_ros2_interfaces/srv/detail/move_robot__rosidl_typesupport_introspection_cpp.hpp
[0.942s] -- Up-to-date symlink: /home/lin/train2/src/install/example_ros2_interfaces/share/example_ros2_interfaces/environment/pythonpath.sh
[0.943s] -- Up-to-date symlink: /home/lin/train2/src/install/example_ros2_interfaces/share/example_ros2_interfaces/environment/pythonpath.dsv
[0.943s] -- Up-to-date symlink: /home/lin/train2/src/install/example_ros2_interfaces/local/lib/python3.10/dist-packages/example_ros2_interfaces-0.0.0-py3.10.egg-info/PKG-INFO
[0.943s] -- Up-to-date symlink: /home/lin/train2/src/install/example_ros2_interfaces/local/lib/python3.10/dist-packages/example_ros2_interfaces-0.0.0-py3.10.egg-info/SOURCES.txt
[0.943s] -- Up-to-date symlink: /home/lin/train2/src/install/example_ros2_interfaces/local/lib/python3.10/dist-packages/example_ros2_interfaces-0.0.0-py3.10.egg-info/dependency_links.txt
[0.943s] -- Up-to-date symlink: /home/lin/train2/src/install/example_ros2_interfaces/local/lib/python3.10/dist-packages/example_ros2_interfaces-0.0.0-py3.10.egg-info/top_level.txt
[0.945s] -- Up-to-date symlink: /home/lin/train2/src/install/example_ros2_interfaces/local/lib/python3.10/dist-packages/example_ros2_interfaces/__init__.py
[0.947s] -- Up-to-date symlink: /home/lin/train2/src/install/example_ros2_interfaces/local/lib/python3.10/dist-packages/example_ros2_interfaces/_example_ros2_interfaces_s.ep.rosidl_typesupport_c.c
[0.947s] -- Up-to-date symlink: /home/lin/train2/src/install/example_ros2_interfaces/local/lib/python3.10/dist-packages/example_ros2_interfaces/_example_ros2_interfaces_s.ep.rosidl_typesupport_fastrtps_c.c
[0.947s] -- Up-to-date symlink: /home/lin/train2/src/install/example_ros2_interfaces/local/lib/python3.10/dist-packages/example_ros2_interfaces/_example_ros2_interfaces_s.ep.rosidl_typesupport_introspection_c.c
[0.949s] -- Up-to-date symlink: /home/lin/train2/src/install/example_ros2_interfaces/local/lib/python3.10/dist-packages/example_ros2_interfaces/example_ros2_interfaces_s__rosidl_typesupport_c.cpython-310-x86_64-linux-gnu.so
[0.949s] -- Up-to-date symlink: /home/lin/train2/src/install/example_ros2_interfaces/local/lib/python3.10/dist-packages/example_ros2_interfaces/example_ros2_interfaces_s__rosidl_typesupport_fastrtps_c.cpython-310-x86_64-linux-gnu.so
[0.951s] -- Up-to-date symlink: /home/lin/train2/src/install/example_ros2_interfaces/local/lib/python3.10/dist-packages/example_ros2_interfaces/example_ros2_interfaces_s__rosidl_typesupport_introspection_c.cpython-310-x86_64-linux-gnu.so
[0.953s] -- Up-to-date symlink: /home/lin/train2/src/install/example_ros2_interfaces/local/lib/python3.10/dist-packages/example_ros2_interfaces/libexample_ros2_interfaces__rosidl_generator_py.so
[0.955s] -- Up-to-date symlink: /home/lin/train2/src/install/example_ros2_interfaces/local/lib/python3.10/dist-packages/example_ros2_interfaces/msg/__init__.py
[0.958s] -- Up-to-date symlink: /home/lin/train2/src/install/example_ros2_interfaces/local/lib/python3.10/dist-packages/example_ros2_interfaces/msg/_robopose.py
[0.960s] -- Up-to-date symlink: /home/lin/train2/src/install/example_ros2_interfaces/local/lib/python3.10/dist-packages/example_ros2_interfaces/msg/_robopose_s.c
[0.960s] -- Up-to-date symlink: /home/lin/train2/src/install/example_ros2_interfaces/local/lib/python3.10/dist-packages/example_ros2_interfaces/msg/_robot_status.py
[0.961s] -- Up-to-date symlink: /home/lin/train2/src/install/example_ros2_interfaces/local/lib/python3.10/dist-packages/example_ros2_interfaces/msg/_robot_status_s.c
[0.962s] -- Up-to-date symlink: /home/lin/train2/src/install/example_ros2_interfaces/local/lib/python3.10/dist-packages/example_ros2_interfaces/srv/__init__.py
[0.962s] -- Up-to-date symlink: /home/lin/train2/src/install/example_ros2_interfaces/local/lib/python3.10/dist-packages/example_ros2_interfaces/srv/_move_robot.py
[0.963s] -- Up-to-date symlink: /home/lin/train2/src/install/example_ros2_interfaces/local/lib/python3.10/dist-packages/example_ros2_interfaces/srv/_move_robot_s.c
[0.964s] -- Up-to-date symlink: /home/lin/train2/src/install/example_ros2_interfaces/local/lib/python3.10/dist-packages/example_ros2_interfaces/example_ros2_interfaces_s__rosidl_typesupport_fastrtps_c.cpython-310-x86_64-linux-gnu.so
[0.965s] -- Up-to-date symlink: /home/lin/train2/src/install/example_ros2_interfaces/local/lib/python3.10/dist-packages/example_ros2_interfaces/example_ros2_interfaces_s__rosidl_typesupport_introspection_c.cpython-310-x86_64-linux-gnu.so
[0.966s] -- Up-to-date symlink: /home/lin/train2/src/install/example_ros2_interfaces/local/lib/python3.10/dist-packages/example_ros2_interfaces/example_ros2_interfaces_s__rosidl_typesupport_c.cpython-310-x86_64-linux-gnu.so
[0.966s] -- Up-to-date symlink: /home/lin/train2/src/install/example_ros2_interfaces/share/example_ros2_interfaces/msg/Robopose.idl
[0.966s] -- Up-to-date symlink: /home/lin/train2/src/install/example_ros2_interfaces/share/example_ros2_interfaces/msg/RobotStatus.idl
[0.967s] -- Up-to-date symlink: /home/lin/train2/src/install/example_ros2_interfaces/share/example_ros2_interfaces/srv/MoveRobot.idl
[0.967s] -- Up-to-date symlink: /home/lin/train2/src/install/example_ros2_interfaces/share/example_ros2_interfaces/msg/Robopose.msg
[0.972s] -- Up-to-date symlink: /home/lin/train2/src/install/example_ros2_interfaces/share/example_ros2_interfaces/msg/RobotStatus.msg
[0.972s] -- Up-to-date symlink: /home/lin/train2/src/install/example_ros2_interfaces/share/example_ros2_interfaces/srv/MoveRobot.srv
[0.972s] -- Up-to-date symlink: /home/lin/train2/src/install/example_ros2_interfaces/share/example_ros2_interfaces/srv/MoveRobot_Request.msg
[0.972s] -- Up-to-date symlink: /home/lin/train2/src/install/example_ros2_interfaces/share/example_ros2_interfaces/srv/MoveRobot_Response.msg
[0.973s] -- Up-to-date symlink: /home/lin/train2/src/install/example_ros2_interfaces/share/ament_index/resource_index/package_run_dependencies/example_ros2_interfaces
[0.973s] -- Up-to-date symlink: /home/lin/train2/src/install/example_ros2_interfaces/share/ament_index/resource_index/parent_prefix_path/example_ros2_interfaces
[0.973s] -- Up-to-date symlink: /home/lin/train2/src/install/example_ros2_interfaces/share/example_ros2_interfaces/environment/ament_prefix_path.sh
[0.973s] -- Up-to-date symlink: /home/lin/train2/src/install/example_ros2_interfaces/share/example_ros2_interfaces/environment/ament_prefix_path.dsv
[0.976s] -- Up-to-date symlink: /home/lin/train2/src/install/example_ros2_interfaces/share/example_ros2_interfaces/environment/path.sh
[0.976s] -- Up-to-date symlink: /home/lin/train2/src/install/example_ros2_interfaces/share/example_ros2_interfaces/environment/path.dsv
[0.976s] -- Up-to-date symlink: /home/lin/train2/src/install/example_ros2_interfaces/share/example_ros2_interfaces/local_setup.bash
[0.976s] -- Up-to-date symlink: /home/lin/train2/src/install/example_ros2_interfaces/share/example_ros2_interfaces/local_setup.sh
[0.977s] -- Up-to-date symlink: /home/lin/train2/src/install/example_ros2_interfaces/share/example_ros2_interfaces/local_setup.zsh
[0.977s] -- Up-to-date symlink: /home/lin/train2/src/install/example_ros2_interfaces/share/example_ros2_interfaces/local_setup.dsv
[0.977s] -- Symlinking: /home/lin/train2/src/install/example_ros2_interfaces/share/example_ros2_interfaces/package.dsv
[0.979s] -- Up-to-date symlink: /home/lin/train2/src/install/example_ros2_interfaces/share/ament_index/resource_index/packages/example_ros2_interfaces
[0.979s] -- Up-to-date symlink: /home/lin/train2/src/install/example_ros2_interfaces/share/example_ros2_interfaces/cmake/rosidl_cmake-extras.cmake
[0.979s] -- Up-to-date symlink: /home/lin/train2/src/install/example_ros2_interfaces/share/example_ros2_interfaces/cmake/ament_cmake_export_dependencies-extras.cmake
[0.979s] -- Up-to-date symlink: /home/lin/train2/src/install/example_ros2_interfaces/share/example_ros2_interfaces/cmake/ament_cmake_export_include_directories-extras.cmake
[0.979s] -- Up-to-date symlink: /home/lin/train2/src/install/example_ros2_interfaces/share/example_ros2_interfaces/cmake/ament_cmake_export_libraries-extras.cmake
[0.980s] -- Up-to-date symlink: /home/lin/train2/src/install/example_ros2_interfaces/share/example_ros2_interfaces/cmake/ament_cmake_export_targets-extras.cmake
[0.981s] -- Up-to-date symlink: /home/lin/train2/src/install/example_ros2_interfaces/share/example_ros2_interfaces/cmake/rosidl_cmake_export_typesupport_targets-extras.cmake
[0.981s] -- Up-to-date symlink: /home/lin/train2/src/install/example_ros2_interfaces/share/example_ros2_interfaces/cmake/rosidl_cmake_export_typesupport_libraries-extras.cmake
[0.981s] -- Up-to-date symlink: /home/lin/train2/src/install/example_ros2_interfaces/share/example_ros2_interfaces/cmake/example_ros2_interfacesConfig.cmake
[0.981s] -- Up-to-date symlink: /home/lin/train2/src/install/example_ros2_interfaces/share/example_ros2_interfaces/cmake/example_ros2_interfacesConfig-version.cmake
[0.981s] -- Up-to-date symlink: /home/lin/train2/src/install/example_ros2_interfaces/share/example_ros2_interfaces/package.xml
[0.981s] -- Up-to-date: /home/lin/train2/src/install/example_ros2_interfaces/lib/libexample_ros2_interfaces__rosidl_generator_c.so
[0.983s] -- Up-to-date: /home/lin/train2/src/install/example_ros2_interfaces/lib/libexample_ros2_interfaces__rosidl_typesupport_fastrtps_c.so
[0.983s] -- Up-to-date: /home/lin/train2/src/install/example_ros2_interfaces/lib/libexample_ros2_interfaces__rosidl_typesupport_introspection_c.so
[0.983s] -- Up-to-date: /home/lin/train2/src/install/example_ros2_interfaces/lib/libexample_ros2_interfaces__rosidl_typesupport_c.so
[0.985s] -- Up-to-date: /home/lin/train2/src/install/example_ros2_interfaces/lib/libexample_ros2_interfaces__rosidl_typesupport_fastrtps_cpp.so
[0.985s] -- Up-to-date: /home/lin/train2/src/install/example_ros2_interfaces/lib/libexample_ros2_interfaces__rosidl_typesupport_introspection_cpp.so
[0.985s] -- Up-to-date: /home/lin/train2/src/install/example_ros2_interfaces/lib/libexample_ros2_interfaces__rosidl_typesupport_cpp.so
[1.014s] Listing '/home/lin/train2/src/install/example_ros2_interfaces/local/lib/python3.10/dist-packages/example_ros2_interfaces'...
[1.014s] Listing '/home/lin/train2/src/install/example_ros2_interfaces/local/lib/python3.10/dist-packages/example_ros2_interfaces/msg'...
[1.015s] Listing '/home/lin/train2/src/install/example_ros2_interfaces/local/lib/python3.10/dist-packages/example_ros2_interfaces/srv'...
[1.020s] -- Up-to-date: /home/lin/train2/src/install/example_ros2_interfaces/lib/libexample_ros2_interfaces__rosidl_generator_py.so
[1.020s] -- Up-to-date: /home/lin/train2/src/install/example_ros2_interfaces/share/example_ros2_interfaces/cmake/export_example_ros2_interfaces__rosidl_generator_cExport.cmake
[1.021s] -- Up-to-date: /home/lin/train2/src/install/example_ros2_interfaces/share/example_ros2_interfaces/cmake/export_example_ros2_interfaces__rosidl_generator_cExport-noconfig.cmake
[1.024s] -- Up-to-date: /home/lin/train2/src/install/example_ros2_interfaces/share/example_ros2_interfaces/cmake/export_example_ros2_interfaces__rosidl_typesupport_fastrtps_cExport.cmake
[1.025s] -- Up-to-date: /home/lin/train2/src/install/example_ros2_interfaces/share/example_ros2_interfaces/cmake/export_example_ros2_interfaces__rosidl_typesupport_fastrtps_cExport-noconfig.cmake
[1.025s] -- Up-to-date: /home/lin/train2/src/install/example_ros2_interfaces/share/example_ros2_interfaces/cmake/example_ros2_interfaces__rosidl_typesupport_introspection_cExport.cmake
[1.025s] -- Up-to-date: /home/lin/train2/src/install/example_ros2_interfaces/share/example_ros2_interfaces/cmake/example_ros2_interfaces__rosidl_typesupport_introspection_cExport-noconfig.cmake
[1.026s] -- Up-to-date: /home/lin/train2/src/install/example_ros2_interfaces/share/example_ros2_interfaces/cmake/example_ros2_interfaces__rosidl_typesupport_cExport.cmake
[1.028s] -- Up-to-date: /home/lin/train2/src/install/example_ros2_interfaces/share/example_ros2_interfaces/cmake/example_ros2_interfaces__rosidl_typesupport_cExport-noconfig.cmake
[1.028s] -- Up-to-date: /home/lin/train2/src/install/example_ros2_interfaces/share/example_ros2_interfaces/cmake/export_example_ros2_interfaces__rosidl_generator_cppExport.cmake
[1.029s] -- Up-to-date: /home/lin/train2/src/install/example_ros2_interfaces/share/example_ros2_interfaces/cmake/export_example_ros2_interfaces__rosidl_typesupport_fastrtps_cppExport.cmake
[1.029s] -- Up-to-date: /home/lin/train2/src/install/example_ros2_interfaces/share/example_ros2_interfaces/cmake/export_example_ros2_interfaces__rosidl_typesupport_fastrtps_cppExport-noconfig.cmake
[1.030s] -- Up-to-date: /home/lin/train2/src/install/example_ros2_interfaces/share/example_ros2_interfaces/cmake/example_ros2_interfaces__rosidl_typesupport_introspection_cppExport.cmake
[1.030s] -- Up-to-date: /home/lin/train2/src/install/example_ros2_interfaces/share/example_ros2_interfaces/cmake/example_ros2_interfaces__rosidl_typesupport_introspection_cppExport-noconfig.cmake
[1.030s] -- Up-to-date: /home/lin/train2/src/install/example_ros2_interfaces/share/example_ros2_interfaces/cmake/example_ros2_interfaces__rosidl_typesupport_cppExport.cmake
[1.032s] -- Up-to-date: /home/lin/train2/src/install/example_ros2_interfaces/share/example_ros2_interfaces/cmake/example_ros2_interfaces__rosidl_typesupport_cppExport-noconfig.cmake
[1.032s] -- Up-to-date: /home/lin/train2/src/install/example_ros2_interfaces/share/example_ros2_interfaces/cmake/export_example_ros2_interfaces__rosidl_generator_pyExport.cmake
[1.032s] -- Up-to-date: /home/lin/train2/src/install/example_ros2_interfaces/share/example_ros2_interfaces/cmake/export_example_ros2_interfaces__rosidl_generator_pyExport-noconfig.cmake
[1.109s] Invoked command in '/home/lin/train2/src/build/example_ros2_interfaces' returned '0': CMAKE_PREFIX_PATH=${CMAKE_PREFIX_PATH}:/home/lin/ros_ws/install/sdformat_tools:/home/lin/train2/src/install/fishbot_description:/home/lin/train2/src/install/example_py:/opt/ros/humble /usr/local/bin/cmake --install /home/lin/train2/src/build/example_ros2_interfaces
