[0.034s] Invoking command in '/home/lin/train2/src/build/ydlidar': CMAKE_PREFIX_PATH=${CMAKE_PREFIX_PATH}:/home/lin/ros_ws/install/sdformat_tools:/home/lin/train2/src/install/fishbot_description:/home/lin/train2/src/install/example_py:/opt/ros/humble /usr/local/bin/cmake --build /home/lin/train2/src/build/ydlidar -- -j8 -l8
[0.160s] [ 81%] Built target ydlidar_node
[0.191s] [100%] Built target ydlidar_client
[0.256s] Invoked command in '/home/lin/train2/src/build/ydlidar' returned '0': CMAKE_PREFIX_PATH=${CMAKE_PREFIX_PATH}:/home/lin/ros_ws/install/sdformat_tools:/home/lin/train2/src/install/fishbot_description:/home/lin/train2/src/install/example_py:/opt/ros/humble /usr/local/bin/cmake --build /home/lin/train2/src/build/ydlidar -- -j8 -l8
[0.257s] Invoking command in '/home/lin/train2/src/build/ydlidar': CMAKE_PREFIX_PATH=${CMAKE_PREFIX_PATH}:/home/lin/ros_ws/install/sdformat_tools:/home/lin/train2/src/install/fishbot_description:/home/lin/train2/src/install/example_py:/opt/ros/humble /usr/local/bin/cmake --install /home/lin/train2/src/build/ydlidar
[0.262s] -- Install configuration: ""
[0.267s] -- Execute custom install script
[0.267s] -- Up-to-date symlink: /home/lin/train2/src/install/ydlidar/lib/ydlidar/ydlidar_node
[0.267s] -- Up-to-date symlink: /home/lin/train2/src/install/ydlidar/lib/ydlidar/ydlidar_client
[0.267s] -- Up-to-date symlink: /home/lin/train2/src/install/ydlidar/share/ydlidar/launch/ydlidar.py
[0.268s] -- Up-to-date symlink: /home/lin/train2/src/install/ydlidar/share/ydlidar/launch/ydlidar_launch.py
[0.269s] -- Up-to-date symlink: /home/lin/train2/src/install/ydlidar/share/ydlidar/params/ydlidar.yaml
[0.269s] -- Up-to-date symlink: /home/lin/train2/src/install/ydlidar/share/ydlidar/startup/initenv.sh
[0.270s] -- Up-to-date symlink: /home/lin/train2/src/install/ydlidar/share/ament_index/resource_index/package_run_dependencies/ydlidar
[0.271s] -- Up-to-date symlink: /home/lin/train2/src/install/ydlidar/share/ament_index/resource_index/parent_prefix_path/ydlidar
[0.271s] -- Up-to-date symlink: /home/lin/train2/src/install/ydlidar/share/ydlidar/environment/ament_prefix_path.sh
[0.271s] -- Up-to-date symlink: /home/lin/train2/src/install/ydlidar/share/ydlidar/environment/ament_prefix_path.dsv
[0.273s] -- Up-to-date symlink: /home/lin/train2/src/install/ydlidar/share/ydlidar/environment/path.sh
[0.273s] -- Up-to-date symlink: /home/lin/train2/src/install/ydlidar/share/ydlidar/environment/path.dsv
[0.273s] -- Up-to-date symlink: /home/lin/train2/src/install/ydlidar/share/ydlidar/local_setup.bash
[0.273s] -- Up-to-date symlink: /home/lin/train2/src/install/ydlidar/share/ydlidar/local_setup.sh
[0.274s] -- Up-to-date symlink: /home/lin/train2/src/install/ydlidar/share/ydlidar/local_setup.zsh
[0.274s] -- Up-to-date symlink: /home/lin/train2/src/install/ydlidar/share/ydlidar/local_setup.dsv
[0.275s] -- Symlinking: /home/lin/train2/src/install/ydlidar/share/ydlidar/package.dsv
[0.289s] -- Up-to-date symlink: /home/lin/train2/src/install/ydlidar/share/ament_index/resource_index/packages/ydlidar
[0.289s] -- Up-to-date symlink: /home/lin/train2/src/install/ydlidar/share/ydlidar/cmake/ydlidarConfig.cmake
[0.289s] -- Up-to-date symlink: /home/lin/train2/src/install/ydlidar/share/ydlidar/cmake/ydlidarConfig-version.cmake
[0.290s] -- Up-to-date symlink: /home/lin/train2/src/install/ydlidar/share/ydlidar/package.xml
[0.299s] Invoked command in '/home/lin/train2/src/build/ydlidar' returned '0': CMAKE_PREFIX_PATH=${CMAKE_PREFIX_PATH}:/home/lin/ros_ws/install/sdformat_tools:/home/lin/train2/src/install/fishbot_description:/home/lin/train2/src/install/example_py:/opt/ros/humble /usr/local/bin/cmake --install /home/lin/train2/src/build/ydlidar
