[1.490s] Invoking command in '/home/lin/train2/src/example_py': PYTHONPATH=/home/lin/train2/src/build/example_py/prefix_override:/usr/lib/python3/dist-packages/colcon_core/task/python/colcon_distutils_commands:/home/lin/train2/src/install/example_py/lib/python3.10/site-packages:${PYTHONPATH} /usr/bin/python3 -W ignore:setup.py install is deprecated -W ignore:easy_install command is deprecated setup.py egg_info --egg-base ../build/example_py build --build-base /home/lin/train2/src/build/example_py/build install --record /home/lin/train2/src/build/example_py/install.log --single-version-externally-managed install_data
[1.986s] running egg_info
[2.017s] writing ../build/example_py/example_py.egg-info/PKG-INFO
[2.019s] writing dependency_links to ../build/example_py/example_py.egg-info/dependency_links.txt
[2.019s] writing entry points to ../build/example_py/example_py.egg-info/entry_points.txt
[2.021s] writing requirements to ../build/example_py/example_py.egg-info/requires.txt
[2.021s] writing top-level names to ../build/example_py/example_py.egg-info/top_level.txt
[2.095s] reading manifest file '../build/example_py/example_py.egg-info/SOURCES.txt'
[2.098s] writing manifest file '../build/example_py/example_py.egg-info/SOURCES.txt'
[2.099s] running build
[2.099s] running build_py
[2.099s] copying example_py/__init__.py -> /home/lin/train2/src/build/example_py/build/lib/example_py
[2.100s] copying example_py/node_02.py -> /home/lin/train2/src/build/example_py/build/lib/example_py
[2.102s] running install
[2.105s] running install_lib
[2.137s] running install_data
[2.138s] copying resource/example_py -> /home/lin/train2/src/install/example_py/share/ament_index/resource_index/packages
[2.139s] copying package.xml -> /home/lin/train2/src/install/example_py/share/example_py
[2.139s] running install_egg_info
[2.177s] removing '/home/lin/train2/src/install/example_py/lib/python3.10/site-packages/example_py-0.0.0-py3.10.egg-info' (and everything under it)
[2.177s] Copying ../build/example_py/example_py.egg-info to /home/lin/train2/src/install/example_py/lib/python3.10/site-packages/example_py-0.0.0-py3.10.egg-info
[2.179s] running install_scripts
[2.480s] Installing node_02 script to /home/lin/train2/src/install/example_py/lib/example_py
[2.480s] writing list of installed files to '/home/lin/train2/src/build/example_py/install.log'
[2.507s] Invoked command in '/home/lin/train2/src/example_py' returned '0': PYTHONPATH=/home/lin/train2/src/build/example_py/prefix_override:/usr/lib/python3/dist-packages/colcon_core/task/python/colcon_distutils_commands:/home/lin/train2/src/install/example_py/lib/python3.10/site-packages:${PYTHONPATH} /usr/bin/python3 -W ignore:setup.py install is deprecated -W ignore:easy_install command is deprecated setup.py egg_info --egg-base ../build/example_py build --build-base /home/lin/train2/src/build/example_py/build install --record /home/lin/train2/src/build/example_py/install.log --single-version-externally-managed install_data
