-- Found ament_cmake: 1.3.12 (/opt/ros/humble/share/ament_cmake/cmake)
-- Override CMake install command with custom implementation using symlinks instead of copying resources
-- Found rclcpp: 16.0.14 (/opt/ros/humble/share/rclcpp/cmake)
-- Found rosidl_generator_c: 3.1.7 (/opt/ros/humble/share/rosidl_generator_c/cmake)
-- Found rosidl_adapter: 3.1.7 (/opt/ros/humble/share/rosidl_adapter/cmake)
-- Found rosidl_generator_cpp: 3.1.7 (/opt/ros/humble/share/rosidl_generator_cpp/cmake)
-- Using all available rosidl_typesupport_c: rosidl_typesupport_fastrtps_c;rosidl_typesupport_introspection_c
-- Using all available rosidl_typesupport_cpp: rosidl_typesupport_fastrtps_cpp;rosidl_typesupport_introspection_cpp
-- Found rmw_implementation_cmake: 6.1.2 (/opt/ros/humble/share/rmw_implementation_cmake/cmake)
-- Found rmw_fastrtps_cpp: 6.2.8 (/opt/ros/humble/share/rmw_fastrtps_cpp/cmake)
-- Using RMW implementation 'rmw_fastrtps_cpp' as default
-- Found example_ros2_interfaces: 0.0.0 (/home/lin/train2/src/install/example_ros2_interfaces/share/example_ros2_interfaces/cmake)
-- Found ament_lint_auto: 0.12.14 (/opt/ros/humble/share/ament_lint_auto/cmake)
-- Added test 'cppcheck' to perform static code analysis on C / C++ code
-- Configured cppcheck include dirs: $<BUILD_INTERFACE:/home/lin/train2/src/example_cpp/include>
-- Configured cppcheck exclude dirs and/or files: 
-- Added test 'lint_cmake' to check CMake code style
-- Added test 'uncrustify' to check C / C++ code style
-- Configured uncrustify additional arguments: 
-- Added test 'xmllint' to check XML markup files
-- Configuring done (1.1s)
-- Generating done (0.0s)
-- Build files have been written to: /home/lin/train2/src/build/example_cpp
[  8%] [32m[1mLinking CXX executable example_interfaces_robot_01[0m
[ 16%] [32m[1mLinking CXX executable example_interfaces_control_01[0m
[ 25%] [32m[1mLinking CXX executable topic_publisher_01[0m
[ 33%] [32m[1mLinking CXX executable node_01[0m
[ 41%] [32m[1mLinking CXX executable node_03[0m
[ 50%] [32m[1mLinking CXX executable topic_subscribe_01[0m
[ 58%] Built target node_01
[ 66%] Built target node_03
[ 75%] Built target example_interfaces_robot_01
[ 83%] Built target topic_publisher_01
[ 91%] Built target topic_subscribe_01
[100%] Built target example_interfaces_control_01
-- Install configuration: ""
-- Execute custom install script
-- Symlinking: /home/lin/train2/src/install/example_cpp/lib/example_cpp/example_interfaces_robot_01
-- Symlinking: /home/lin/train2/src/install/example_cpp/lib/example_cpp/example_interfaces_control_01
-- Symlinking: /home/lin/train2/src/install/example_cpp/share/ament_index/resource_index/package_run_dependencies/example_cpp
-- Symlinking: /home/lin/train2/src/install/example_cpp/share/ament_index/resource_index/parent_prefix_path/example_cpp
-- Symlinking: /home/lin/train2/src/install/example_cpp/share/example_cpp/environment/ament_prefix_path.sh
-- Symlinking: /home/lin/train2/src/install/example_cpp/share/example_cpp/environment/ament_prefix_path.dsv
-- Symlinking: /home/lin/train2/src/install/example_cpp/share/example_cpp/environment/path.sh
-- Symlinking: /home/lin/train2/src/install/example_cpp/share/example_cpp/environment/path.dsv
-- Symlinking: /home/lin/train2/src/install/example_cpp/share/example_cpp/local_setup.bash
-- Symlinking: /home/lin/train2/src/install/example_cpp/share/example_cpp/local_setup.sh
-- Symlinking: /home/lin/train2/src/install/example_cpp/share/example_cpp/local_setup.zsh
-- Symlinking: /home/lin/train2/src/install/example_cpp/share/example_cpp/local_setup.dsv
-- Symlinking: /home/lin/train2/src/install/example_cpp/share/example_cpp/package.dsv
-- Symlinking: /home/lin/train2/src/install/example_cpp/share/ament_index/resource_index/packages/example_cpp
-- Symlinking: /home/lin/train2/src/install/example_cpp/share/example_cpp/cmake/example_cppConfig.cmake
-- Symlinking: /home/lin/train2/src/install/example_cpp/share/example_cpp/cmake/example_cppConfig-version.cmake
-- Symlinking: /home/lin/train2/src/install/example_cpp/share/example_cpp/package.xml
-- Symlinking: /home/lin/train2/src/install/example_cpp/lib/example_cpp/node_01
-- Symlinking: /home/lin/train2/src/install/example_cpp/lib/example_cpp/node_03
-- Symlinking: /home/lin/train2/src/install/example_cpp/lib/example_cpp/topic_publisher_01
-- Symlinking: /home/lin/train2/src/install/example_cpp/lib/example_cpp/topic_subscribe_01
