[0.030s] Invoking command in '/home/lin/train2/src/build/example_cpp': CMAKE_PREFIX_PATH=/home/lin/train2/src/install/example_ros2_interfaces:/home/lin/ros_ws/install/rmu_gazebo_simulator:/home/lin/ros_ws/install/pb2025_robot_description:/home/lin/ros_ws/install/rmoss_core:/home/lin/ros_ws/install/rmoss_cam:/home/lin/ros_ws/install/rmoss_util:/home/lin/ros_ws/install/rmoss_projectile_motion:/home/lin/ros_ws/install/rmoss_gz_cam:/home/lin/ros_ws/install/rmoss_gz_bridge:/home/lin/ros_ws/install/rmoss_gz_base:/home/lin/ros_ws/install/rmoss_base:/home/lin/ros_ws/install/rmoss_interfaces:/home/lin/ros_ws/install/rmoss_gz_resources:/home/lin/ros_ws/install/rmoss_gz_plugins:/home/lin/train2/src/install/robot_startup:/home/lin/train2/src/install/fishbot_navigation2:/home/lin/train2/src/install/fishbot_cartographer:/home/lin/train2/src/install/example_cpp:/home/lin/ros_ws/install/sdformat_tools:/home/lin/train2/src/install/fishbot_description:/home/lin/train2/src/install/example_py:/opt/ros/humble LD_LIBRARY_PATH=/home/lin/train2/src/install/example_ros2_interfaces/lib:/home/lin/ros_ws/install/rmoss_cam/lib:/home/lin/ros_ws/install/rmoss_util/lib:/home/lin/ros_ws/install/rmoss_projectile_motion/lib:/home/lin/ros_ws/install/rmoss_gz_cam/lib:/home/lin/ros_ws/install/rmoss_gz_base/lib:/home/lin/ros_ws/install/rmoss_base/lib:/home/lin/ros_ws/install/rmoss_interfaces/lib:/usr/lib/x86_64-linux-gnu/gazebo-11/plugins:/opt/ros/humble/opt/rviz_ogre_vendor/lib:/opt/ros/humble/lib/x86_64-linux-gnu:/opt/ros/humble/lib /usr/local/bin/cmake /home/lin/train2/src/example_cpp -DAMENT_CMAKE_SYMLINK_INSTALL=1 -DCMAKE_INSTALL_PREFIX=/home/lin/train2/src/install/example_cpp
[0.067s] -- Found ament_cmake: 1.3.12 (/opt/ros/humble/share/ament_cmake/cmake)
[0.467s] -- Override CMake install command with custom implementation using symlinks instead of copying resources
[0.488s] -- Found rclcpp: 16.0.14 (/opt/ros/humble/share/rclcpp/cmake)
[0.548s] -- Found rosidl_generator_c: 3.1.7 (/opt/ros/humble/share/rosidl_generator_c/cmake)
[0.550s] -- Found rosidl_adapter: 3.1.7 (/opt/ros/humble/share/rosidl_adapter/cmake)
[0.561s] -- Found rosidl_generator_cpp: 3.1.7 (/opt/ros/humble/share/rosidl_generator_cpp/cmake)
[0.583s] -- Using all available rosidl_typesupport_c: rosidl_typesupport_fastrtps_c;rosidl_typesupport_introspection_c
[0.609s] -- Using all available rosidl_typesupport_cpp: rosidl_typesupport_fastrtps_cpp;rosidl_typesupport_introspection_cpp
[0.667s] -- Found rmw_implementation_cmake: 6.1.2 (/opt/ros/humble/share/rmw_implementation_cmake/cmake)
[0.671s] -- Found rmw_fastrtps_cpp: 6.2.8 (/opt/ros/humble/share/rmw_fastrtps_cpp/cmake)
[0.886s] -- Using RMW implementation 'rmw_fastrtps_cpp' as default
[0.959s] -- Found example_ros2_interfaces: 0.0.0 (/home/lin/train2/src/install/example_ros2_interfaces/share/example_ros2_interfaces/cmake)
[1.011s] -- Found ament_lint_auto: 0.12.14 (/opt/ros/humble/share/ament_lint_auto/cmake)
[1.132s] -- Added test 'cppcheck' to perform static code analysis on C / C++ code
[1.132s] -- Configured cppcheck include dirs: $<BUILD_INTERFACE:/home/lin/train2/src/example_cpp/include>
[1.132s] -- Configured cppcheck exclude dirs and/or files: 
[1.134s] -- Added test 'lint_cmake' to check CMake code style
[1.137s] -- Added test 'uncrustify' to check C / C++ code style
[1.137s] -- Configured uncrustify additional arguments: 
[1.138s] -- Added test 'xmllint' to check XML markup files
[1.139s] -- Configuring done (1.1s)
[1.199s] -- Generating done (0.0s)
[1.212s] -- Build files have been written to: /home/lin/train2/src/build/example_cpp
[1.224s] Invoked command in '/home/lin/train2/src/build/example_cpp' returned '0': CMAKE_PREFIX_PATH=/home/lin/train2/src/install/example_ros2_interfaces:/home/lin/ros_ws/install/rmu_gazebo_simulator:/home/lin/ros_ws/install/pb2025_robot_description:/home/lin/ros_ws/install/rmoss_core:/home/lin/ros_ws/install/rmoss_cam:/home/lin/ros_ws/install/rmoss_util:/home/lin/ros_ws/install/rmoss_projectile_motion:/home/lin/ros_ws/install/rmoss_gz_cam:/home/lin/ros_ws/install/rmoss_gz_bridge:/home/lin/ros_ws/install/rmoss_gz_base:/home/lin/ros_ws/install/rmoss_base:/home/lin/ros_ws/install/rmoss_interfaces:/home/lin/ros_ws/install/rmoss_gz_resources:/home/lin/ros_ws/install/rmoss_gz_plugins:/home/lin/train2/src/install/robot_startup:/home/lin/train2/src/install/fishbot_navigation2:/home/lin/train2/src/install/fishbot_cartographer:/home/lin/train2/src/install/example_cpp:/home/lin/ros_ws/install/sdformat_tools:/home/lin/train2/src/install/fishbot_description:/home/lin/train2/src/install/example_py:/opt/ros/humble LD_LIBRARY_PATH=/home/lin/train2/src/install/example_ros2_interfaces/lib:/home/lin/ros_ws/install/rmoss_cam/lib:/home/lin/ros_ws/install/rmoss_util/lib:/home/lin/ros_ws/install/rmoss_projectile_motion/lib:/home/lin/ros_ws/install/rmoss_gz_cam/lib:/home/lin/ros_ws/install/rmoss_gz_base/lib:/home/lin/ros_ws/install/rmoss_base/lib:/home/lin/ros_ws/install/rmoss_interfaces/lib:/usr/lib/x86_64-linux-gnu/gazebo-11/plugins:/opt/ros/humble/opt/rviz_ogre_vendor/lib:/opt/ros/humble/lib/x86_64-linux-gnu:/opt/ros/humble/lib /usr/local/bin/cmake /home/lin/train2/src/example_cpp -DAMENT_CMAKE_SYMLINK_INSTALL=1 -DCMAKE_INSTALL_PREFIX=/home/lin/train2/src/install/example_cpp
[1.228s] Invoking command in '/home/lin/train2/src/build/example_cpp': CMAKE_PREFIX_PATH=/home/lin/train2/src/install/example_ros2_interfaces:/home/lin/ros_ws/install/rmu_gazebo_simulator:/home/lin/ros_ws/install/pb2025_robot_description:/home/lin/ros_ws/install/rmoss_core:/home/lin/ros_ws/install/rmoss_cam:/home/lin/ros_ws/install/rmoss_util:/home/lin/ros_ws/install/rmoss_projectile_motion:/home/lin/ros_ws/install/rmoss_gz_cam:/home/lin/ros_ws/install/rmoss_gz_bridge:/home/lin/ros_ws/install/rmoss_gz_base:/home/lin/ros_ws/install/rmoss_base:/home/lin/ros_ws/install/rmoss_interfaces:/home/lin/ros_ws/install/rmoss_gz_resources:/home/lin/ros_ws/install/rmoss_gz_plugins:/home/lin/train2/src/install/robot_startup:/home/lin/train2/src/install/fishbot_navigation2:/home/lin/train2/src/install/fishbot_cartographer:/home/lin/train2/src/install/example_cpp:/home/lin/ros_ws/install/sdformat_tools:/home/lin/train2/src/install/fishbot_description:/home/lin/train2/src/install/example_py:/opt/ros/humble LD_LIBRARY_PATH=/home/lin/train2/src/install/example_ros2_interfaces/lib:/home/lin/ros_ws/install/rmoss_cam/lib:/home/lin/ros_ws/install/rmoss_util/lib:/home/lin/ros_ws/install/rmoss_projectile_motion/lib:/home/lin/ros_ws/install/rmoss_gz_cam/lib:/home/lin/ros_ws/install/rmoss_gz_base/lib:/home/lin/ros_ws/install/rmoss_base/lib:/home/lin/ros_ws/install/rmoss_interfaces/lib:/usr/lib/x86_64-linux-gnu/gazebo-11/plugins:/opt/ros/humble/opt/rviz_ogre_vendor/lib:/opt/ros/humble/lib/x86_64-linux-gnu:/opt/ros/humble/lib /usr/local/bin/cmake --build /home/lin/train2/src/build/example_cpp -- -j8 -l8
[1.346s] [  8%] [32m[1mLinking CXX executable example_interfaces_robot_01[0m
[1.353s] [ 16%] [32m[1mLinking CXX executable example_interfaces_control_01[0m
[1.353s] [ 25%] [32m[1mLinking CXX executable topic_publisher_01[0m
[1.356s] [ 33%] [32m[1mLinking CXX executable node_01[0m
[1.357s] [ 41%] [32m[1mLinking CXX executable node_03[0m
[1.366s] [ 50%] [32m[1mLinking CXX executable topic_subscribe_01[0m
[1.680s] [ 58%] Built target node_01
[1.803s] [ 66%] Built target node_03
[1.880s] [ 75%] Built target example_interfaces_robot_01
[1.892s] [ 83%] Built target topic_publisher_01
[2.122s] [ 91%] Built target topic_subscribe_01
[2.166s] [100%] Built target example_interfaces_control_01
[2.176s] Invoked command in '/home/lin/train2/src/build/example_cpp' returned '0': CMAKE_PREFIX_PATH=/home/lin/train2/src/install/example_ros2_interfaces:/home/lin/ros_ws/install/rmu_gazebo_simulator:/home/lin/ros_ws/install/pb2025_robot_description:/home/lin/ros_ws/install/rmoss_core:/home/lin/ros_ws/install/rmoss_cam:/home/lin/ros_ws/install/rmoss_util:/home/lin/ros_ws/install/rmoss_projectile_motion:/home/lin/ros_ws/install/rmoss_gz_cam:/home/lin/ros_ws/install/rmoss_gz_bridge:/home/lin/ros_ws/install/rmoss_gz_base:/home/lin/ros_ws/install/rmoss_base:/home/lin/ros_ws/install/rmoss_interfaces:/home/lin/ros_ws/install/rmoss_gz_resources:/home/lin/ros_ws/install/rmoss_gz_plugins:/home/lin/train2/src/install/robot_startup:/home/lin/train2/src/install/fishbot_navigation2:/home/lin/train2/src/install/fishbot_cartographer:/home/lin/train2/src/install/example_cpp:/home/lin/ros_ws/install/sdformat_tools:/home/lin/train2/src/install/fishbot_description:/home/lin/train2/src/install/example_py:/opt/ros/humble LD_LIBRARY_PATH=/home/lin/train2/src/install/example_ros2_interfaces/lib:/home/lin/ros_ws/install/rmoss_cam/lib:/home/lin/ros_ws/install/rmoss_util/lib:/home/lin/ros_ws/install/rmoss_projectile_motion/lib:/home/lin/ros_ws/install/rmoss_gz_cam/lib:/home/lin/ros_ws/install/rmoss_gz_base/lib:/home/lin/ros_ws/install/rmoss_base/lib:/home/lin/ros_ws/install/rmoss_interfaces/lib:/usr/lib/x86_64-linux-gnu/gazebo-11/plugins:/opt/ros/humble/opt/rviz_ogre_vendor/lib:/opt/ros/humble/lib/x86_64-linux-gnu:/opt/ros/humble/lib /usr/local/bin/cmake --build /home/lin/train2/src/build/example_cpp -- -j8 -l8
[2.179s] Invoking command in '/home/lin/train2/src/build/example_cpp': CMAKE_PREFIX_PATH=/home/lin/train2/src/install/example_ros2_interfaces:/home/lin/ros_ws/install/rmu_gazebo_simulator:/home/lin/ros_ws/install/pb2025_robot_description:/home/lin/ros_ws/install/rmoss_core:/home/lin/ros_ws/install/rmoss_cam:/home/lin/ros_ws/install/rmoss_util:/home/lin/ros_ws/install/rmoss_projectile_motion:/home/lin/ros_ws/install/rmoss_gz_cam:/home/lin/ros_ws/install/rmoss_gz_bridge:/home/lin/ros_ws/install/rmoss_gz_base:/home/lin/ros_ws/install/rmoss_base:/home/lin/ros_ws/install/rmoss_interfaces:/home/lin/ros_ws/install/rmoss_gz_resources:/home/lin/ros_ws/install/rmoss_gz_plugins:/home/lin/train2/src/install/robot_startup:/home/lin/train2/src/install/fishbot_navigation2:/home/lin/train2/src/install/fishbot_cartographer:/home/lin/train2/src/install/example_cpp:/home/lin/ros_ws/install/sdformat_tools:/home/lin/train2/src/install/fishbot_description:/home/lin/train2/src/install/example_py:/opt/ros/humble LD_LIBRARY_PATH=/home/lin/train2/src/install/example_ros2_interfaces/lib:/home/lin/ros_ws/install/rmoss_cam/lib:/home/lin/ros_ws/install/rmoss_util/lib:/home/lin/ros_ws/install/rmoss_projectile_motion/lib:/home/lin/ros_ws/install/rmoss_gz_cam/lib:/home/lin/ros_ws/install/rmoss_gz_base/lib:/home/lin/ros_ws/install/rmoss_base/lib:/home/lin/ros_ws/install/rmoss_interfaces/lib:/usr/lib/x86_64-linux-gnu/gazebo-11/plugins:/opt/ros/humble/opt/rviz_ogre_vendor/lib:/opt/ros/humble/lib/x86_64-linux-gnu:/opt/ros/humble/lib /usr/local/bin/cmake --install /home/lin/train2/src/build/example_cpp
[2.184s] -- Install configuration: ""
[2.185s] -- Execute custom install script
[2.186s] -- Symlinking: /home/lin/train2/src/install/example_cpp/lib/example_cpp/example_interfaces_robot_01
[2.193s] -- Symlinking: /home/lin/train2/src/install/example_cpp/lib/example_cpp/example_interfaces_control_01
[2.202s] -- Symlinking: /home/lin/train2/src/install/example_cpp/share/ament_index/resource_index/package_run_dependencies/example_cpp
[2.208s] -- Symlinking: /home/lin/train2/src/install/example_cpp/share/ament_index/resource_index/parent_prefix_path/example_cpp
[2.215s] -- Symlinking: /home/lin/train2/src/install/example_cpp/share/example_cpp/environment/ament_prefix_path.sh
[2.224s] -- Symlinking: /home/lin/train2/src/install/example_cpp/share/example_cpp/environment/ament_prefix_path.dsv
[2.230s] -- Symlinking: /home/lin/train2/src/install/example_cpp/share/example_cpp/environment/path.sh
[2.238s] -- Symlinking: /home/lin/train2/src/install/example_cpp/share/example_cpp/environment/path.dsv
[2.247s] -- Symlinking: /home/lin/train2/src/install/example_cpp/share/example_cpp/local_setup.bash
[2.255s] -- Symlinking: /home/lin/train2/src/install/example_cpp/share/example_cpp/local_setup.sh
[2.261s] -- Symlinking: /home/lin/train2/src/install/example_cpp/share/example_cpp/local_setup.zsh
[2.268s] -- Symlinking: /home/lin/train2/src/install/example_cpp/share/example_cpp/local_setup.dsv
[2.275s] -- Symlinking: /home/lin/train2/src/install/example_cpp/share/example_cpp/package.dsv
[2.282s] -- Symlinking: /home/lin/train2/src/install/example_cpp/share/ament_index/resource_index/packages/example_cpp
[2.289s] -- Symlinking: /home/lin/train2/src/install/example_cpp/share/example_cpp/cmake/example_cppConfig.cmake
[2.296s] -- Symlinking: /home/lin/train2/src/install/example_cpp/share/example_cpp/cmake/example_cppConfig-version.cmake
[2.306s] -- Symlinking: /home/lin/train2/src/install/example_cpp/share/example_cpp/package.xml
[2.313s] -- Symlinking: /home/lin/train2/src/install/example_cpp/lib/example_cpp/node_01
[2.320s] -- Symlinking: /home/lin/train2/src/install/example_cpp/lib/example_cpp/node_03
[2.328s] -- Symlinking: /home/lin/train2/src/install/example_cpp/lib/example_cpp/topic_publisher_01
[2.334s] -- Symlinking: /home/lin/train2/src/install/example_cpp/lib/example_cpp/topic_subscribe_01
[2.349s] Invoked command in '/home/lin/train2/src/build/example_cpp' returned '0': CMAKE_PREFIX_PATH=/home/lin/train2/src/install/example_ros2_interfaces:/home/lin/ros_ws/install/rmu_gazebo_simulator:/home/lin/ros_ws/install/pb2025_robot_description:/home/lin/ros_ws/install/rmoss_core:/home/lin/ros_ws/install/rmoss_cam:/home/lin/ros_ws/install/rmoss_util:/home/lin/ros_ws/install/rmoss_projectile_motion:/home/lin/ros_ws/install/rmoss_gz_cam:/home/lin/ros_ws/install/rmoss_gz_bridge:/home/lin/ros_ws/install/rmoss_gz_base:/home/lin/ros_ws/install/rmoss_base:/home/lin/ros_ws/install/rmoss_interfaces:/home/lin/ros_ws/install/rmoss_gz_resources:/home/lin/ros_ws/install/rmoss_gz_plugins:/home/lin/train2/src/install/robot_startup:/home/lin/train2/src/install/fishbot_navigation2:/home/lin/train2/src/install/fishbot_cartographer:/home/lin/train2/src/install/example_cpp:/home/lin/ros_ws/install/sdformat_tools:/home/lin/train2/src/install/fishbot_description:/home/lin/train2/src/install/example_py:/opt/ros/humble LD_LIBRARY_PATH=/home/lin/train2/src/install/example_ros2_interfaces/lib:/home/lin/ros_ws/install/rmoss_cam/lib:/home/lin/ros_ws/install/rmoss_util/lib:/home/lin/ros_ws/install/rmoss_projectile_motion/lib:/home/lin/ros_ws/install/rmoss_gz_cam/lib:/home/lin/ros_ws/install/rmoss_gz_base/lib:/home/lin/ros_ws/install/rmoss_base/lib:/home/lin/ros_ws/install/rmoss_interfaces/lib:/usr/lib/x86_64-linux-gnu/gazebo-11/plugins:/opt/ros/humble/opt/rviz_ogre_vendor/lib:/opt/ros/humble/lib/x86_64-linux-gnu:/opt/ros/humble/lib /usr/local/bin/cmake --install /home/lin/train2/src/build/example_cpp
