[0.160s] DEBUG:colcon:Command line arguments: ['/usr/bin/colcon', 'build', '--packages-select', 'fishbot_cartographer']
[0.160s] DEBUG:colcon:Parsed command line arguments: Namespace(log_base=None, log_level=None, verb_name='build', build_base='build', install_base='install', merge_install=False, symlink_install=False, test_result_base=None, continue_on_error=False, executor='parallel', parallel_workers=8, event_handlers=None, ignore_user_meta=False, metas=['./colcon.meta'], base_paths=['.'], packages_ignore=None, packages_ignore_regex=None, paths=None, packages_up_to=None, packages_up_to_regex=None, packages_above=None, packages_above_and_dependencies=None, packages_above_depth=None, packages_select_by_dep=None, packages_skip_by_dep=None, packages_skip_up_to=None, packages_select_build_failed=False, packages_skip_build_finished=False, packages_select_test_failures=False, packages_skip_test_passed=False, packages_select=['fishbot_cartographer'], packages_skip=None, packages_select_regex=None, packages_skip_regex=None, packages_start=None, packages_end=None, allow_overriding=[], cmake_args=None, cmake_target=None, cmake_target_skip_unavailable=False, cmake_clean_cache=False, cmake_clean_first=False, cmake_force_configure=False, ament_cmake_args=None, catkin_cmake_args=None, catkin_skip_building_tests=False, verb_parser=<colcon_defaults.argument_parser.defaults.DefaultArgumentsDecorator object at 0x7d0fcb262080>, verb_extension=<colcon_core.verb.build.BuildVerb object at 0x7d0fcb347b20>, main=<bound method BuildVerb.main of <colcon_core.verb.build.BuildVerb object at 0x7d0fcb347b20>>)
[0.209s] Level 1:colcon.colcon_core.package_discovery:discover_packages(colcon_meta) check parameters
[0.210s] Level 1:colcon.colcon_core.package_discovery:discover_packages(recursive) check parameters
[0.210s] Level 1:colcon.colcon_core.package_discovery:discover_packages(ignore) check parameters
[0.210s] Level 1:colcon.colcon_core.package_discovery:discover_packages(path) check parameters
[0.210s] Level 1:colcon.colcon_core.package_discovery:discover_packages(colcon_meta) discover
[0.210s] Level 1:colcon.colcon_core.package_discovery:discover_packages(recursive) discover
[0.210s] INFO:colcon.colcon_core.package_discovery:Crawling recursively for packages in '/home/lin/train2/src'
[0.210s] Level 1:colcon.colcon_core.package_identification:_identify(.) by extensions ['ignore', 'ignore_ament_install']
[0.211s] Level 1:colcon.colcon_core.package_identification:_identify(.) by extension 'ignore'
[0.211s] Level 1:colcon.colcon_core.package_identification:_identify(.) by extension 'ignore_ament_install'
[0.211s] Level 1:colcon.colcon_core.package_identification:_identify(.) by extensions ['colcon_pkg']
[0.211s] Level 1:colcon.colcon_core.package_identification:_identify(.) by extension 'colcon_pkg'
[0.211s] Level 1:colcon.colcon_core.package_identification:_identify(.) by extensions ['colcon_meta']
[0.211s] Level 1:colcon.colcon_core.package_identification:_identify(.) by extension 'colcon_meta'
[0.211s] Level 1:colcon.colcon_core.package_identification:_identify(.) by extensions ['ros']
[0.211s] Level 1:colcon.colcon_core.package_identification:_identify(.) by extension 'ros'
[0.226s] Level 1:colcon.colcon_core.package_identification:_identify(.) by extensions ['cmake', 'python']
[0.226s] Level 1:colcon.colcon_core.package_identification:_identify(.) by extension 'cmake'
[0.226s] Level 1:colcon.colcon_core.package_identification:_identify(.) by extension 'python'
[0.226s] Level 1:colcon.colcon_core.package_identification:_identify(.) by extensions ['python_setup_py']
[0.226s] Level 1:colcon.colcon_core.package_identification:_identify(.) by extension 'python_setup_py'
[0.227s] Level 1:colcon.colcon_core.package_identification:_identify(build) by extensions ['ignore', 'ignore_ament_install']
[0.227s] Level 1:colcon.colcon_core.package_identification:_identify(build) by extension 'ignore'
[0.227s] Level 1:colcon.colcon_core.package_identification:_identify(build) ignored
[0.227s] Level 1:colcon.colcon_core.package_identification:_identify(example_cpp) by extensions ['ignore', 'ignore_ament_install']
[0.227s] Level 1:colcon.colcon_core.package_identification:_identify(example_cpp) by extension 'ignore'
[0.227s] Level 1:colcon.colcon_core.package_identification:_identify(example_cpp) by extension 'ignore_ament_install'
[0.227s] Level 1:colcon.colcon_core.package_identification:_identify(example_cpp) by extensions ['colcon_pkg']
[0.227s] Level 1:colcon.colcon_core.package_identification:_identify(example_cpp) by extension 'colcon_pkg'
[0.227s] Level 1:colcon.colcon_core.package_identification:_identify(example_cpp) by extensions ['colcon_meta']
[0.227s] Level 1:colcon.colcon_core.package_identification:_identify(example_cpp) by extension 'colcon_meta'
[0.227s] Level 1:colcon.colcon_core.package_identification:_identify(example_cpp) by extensions ['ros']
[0.228s] Level 1:colcon.colcon_core.package_identification:_identify(example_cpp) by extension 'ros'
[0.230s] DEBUG:colcon.colcon_core.package_identification:Package 'example_cpp' with type 'ros.ament_cmake' and name 'example_cpp'
[0.231s] Level 1:colcon.colcon_core.package_identification:_identify(example_py) by extensions ['ignore', 'ignore_ament_install']
[0.231s] Level 1:colcon.colcon_core.package_identification:_identify(example_py) by extension 'ignore'
[0.231s] Level 1:colcon.colcon_core.package_identification:_identify(example_py) by extension 'ignore_ament_install'
[0.231s] Level 1:colcon.colcon_core.package_identification:_identify(example_py) by extensions ['colcon_pkg']
[0.231s] Level 1:colcon.colcon_core.package_identification:_identify(example_py) by extension 'colcon_pkg'
[0.231s] Level 1:colcon.colcon_core.package_identification:_identify(example_py) by extensions ['colcon_meta']
[0.231s] Level 1:colcon.colcon_core.package_identification:_identify(example_py) by extension 'colcon_meta'
[0.231s] Level 1:colcon.colcon_core.package_identification:_identify(example_py) by extensions ['ros']
[0.231s] Level 1:colcon.colcon_core.package_identification:_identify(example_py) by extension 'ros'
[0.232s] DEBUG:colcon.colcon_core.package_identification:Package 'example_py' with type 'ros.ament_python' and name 'example_py'
[0.232s] Level 1:colcon.colcon_core.package_identification:_identify(example_ros2_interfaces) by extensions ['ignore', 'ignore_ament_install']
[0.232s] Level 1:colcon.colcon_core.package_identification:_identify(example_ros2_interfaces) by extension 'ignore'
[0.232s] Level 1:colcon.colcon_core.package_identification:_identify(example_ros2_interfaces) by extension 'ignore_ament_install'
[0.232s] Level 1:colcon.colcon_core.package_identification:_identify(example_ros2_interfaces) by extensions ['colcon_pkg']
[0.232s] Level 1:colcon.colcon_core.package_identification:_identify(example_ros2_interfaces) by extension 'colcon_pkg'
[0.232s] Level 1:colcon.colcon_core.package_identification:_identify(example_ros2_interfaces) by extensions ['colcon_meta']
[0.232s] Level 1:colcon.colcon_core.package_identification:_identify(example_ros2_interfaces) by extension 'colcon_meta'
[0.232s] Level 1:colcon.colcon_core.package_identification:_identify(example_ros2_interfaces) by extensions ['ros']
[0.232s] Level 1:colcon.colcon_core.package_identification:_identify(example_ros2_interfaces) by extension 'ros'
[0.233s] DEBUG:colcon.colcon_core.package_identification:Package 'example_ros2_interfaces' with type 'ros.ament_cmake' and name 'example_ros2_interfaces'
[0.233s] Level 1:colcon.colcon_core.package_identification:_identify(fishbot_cartographer) by extensions ['ignore', 'ignore_ament_install']
[0.233s] Level 1:colcon.colcon_core.package_identification:_identify(fishbot_cartographer) by extension 'ignore'
[0.233s] Level 1:colcon.colcon_core.package_identification:_identify(fishbot_cartographer) by extension 'ignore_ament_install'
[0.233s] Level 1:colcon.colcon_core.package_identification:_identify(fishbot_cartographer) by extensions ['colcon_pkg']
[0.233s] Level 1:colcon.colcon_core.package_identification:_identify(fishbot_cartographer) by extension 'colcon_pkg'
[0.233s] Level 1:colcon.colcon_core.package_identification:_identify(fishbot_cartographer) by extensions ['colcon_meta']
[0.233s] Level 1:colcon.colcon_core.package_identification:_identify(fishbot_cartographer) by extension 'colcon_meta'
[0.234s] Level 1:colcon.colcon_core.package_identification:_identify(fishbot_cartographer) by extensions ['ros']
[0.234s] Level 1:colcon.colcon_core.package_identification:_identify(fishbot_cartographer) by extension 'ros'
[0.234s] DEBUG:colcon.colcon_core.package_identification:Package 'fishbot_cartographer' with type 'ros.ament_cmake' and name 'fishbot_cartographer'
[0.234s] Level 1:colcon.colcon_core.package_identification:_identify(fishbot_description) by extensions ['ignore', 'ignore_ament_install']
[0.234s] Level 1:colcon.colcon_core.package_identification:_identify(fishbot_description) by extension 'ignore'
[0.234s] Level 1:colcon.colcon_core.package_identification:_identify(fishbot_description) by extension 'ignore_ament_install'
[0.234s] Level 1:colcon.colcon_core.package_identification:_identify(fishbot_description) by extensions ['colcon_pkg']
[0.235s] Level 1:colcon.colcon_core.package_identification:_identify(fishbot_description) by extension 'colcon_pkg'
[0.235s] Level 1:colcon.colcon_core.package_identification:_identify(fishbot_description) by extensions ['colcon_meta']
[0.235s] Level 1:colcon.colcon_core.package_identification:_identify(fishbot_description) by extension 'colcon_meta'
[0.235s] Level 1:colcon.colcon_core.package_identification:_identify(fishbot_description) by extensions ['ros']
[0.235s] Level 1:colcon.colcon_core.package_identification:_identify(fishbot_description) by extension 'ros'
[0.235s] DEBUG:colcon.colcon_core.package_identification:Package 'fishbot_description' with type 'ros.ament_python' and name 'fishbot_description'
[0.235s] Level 1:colcon.colcon_core.package_identification:_identify(install) by extensions ['ignore', 'ignore_ament_install']
[0.235s] Level 1:colcon.colcon_core.package_identification:_identify(install) by extension 'ignore'
[0.235s] Level 1:colcon.colcon_core.package_identification:_identify(install) ignored
[0.236s] Level 1:colcon.colcon_core.package_identification:_identify(log) by extensions ['ignore', 'ignore_ament_install']
[0.236s] Level 1:colcon.colcon_core.package_identification:_identify(log) by extension 'ignore'
[0.236s] Level 1:colcon.colcon_core.package_identification:_identify(log) ignored
[0.236s] Level 1:colcon.colcon_core.package_identification:_identify(src) by extensions ['ignore', 'ignore_ament_install']
[0.236s] Level 1:colcon.colcon_core.package_identification:_identify(src) by extension 'ignore'
[0.236s] Level 1:colcon.colcon_core.package_identification:_identify(src) by extension 'ignore_ament_install'
[0.236s] Level 1:colcon.colcon_core.package_identification:_identify(src) by extensions ['colcon_pkg']
[0.236s] Level 1:colcon.colcon_core.package_identification:_identify(src) by extension 'colcon_pkg'
[0.236s] Level 1:colcon.colcon_core.package_identification:_identify(src) by extensions ['colcon_meta']
[0.236s] Level 1:colcon.colcon_core.package_identification:_identify(src) by extension 'colcon_meta'
[0.236s] Level 1:colcon.colcon_core.package_identification:_identify(src) by extensions ['ros']
[0.236s] Level 1:colcon.colcon_core.package_identification:_identify(src) by extension 'ros'
[0.237s] Level 1:colcon.colcon_core.package_identification:_identify(src) by extensions ['cmake', 'python']
[0.237s] Level 1:colcon.colcon_core.package_identification:_identify(src) by extension 'cmake'
[0.237s] Level 1:colcon.colcon_core.package_identification:_identify(src) by extension 'python'
[0.237s] Level 1:colcon.colcon_core.package_identification:_identify(src) by extensions ['python_setup_py']
[0.237s] Level 1:colcon.colcon_core.package_identification:_identify(src) by extension 'python_setup_py'
[0.237s] Level 1:colcon.colcon_core.package_identification:_identify(src/robot_startup) by extensions ['ignore', 'ignore_ament_install']
[0.237s] Level 1:colcon.colcon_core.package_identification:_identify(src/robot_startup) by extension 'ignore'
[0.237s] Level 1:colcon.colcon_core.package_identification:_identify(src/robot_startup) by extension 'ignore_ament_install'
[0.237s] Level 1:colcon.colcon_core.package_identification:_identify(src/robot_startup) by extensions ['colcon_pkg']
[0.237s] Level 1:colcon.colcon_core.package_identification:_identify(src/robot_startup) by extension 'colcon_pkg'
[0.237s] Level 1:colcon.colcon_core.package_identification:_identify(src/robot_startup) by extensions ['colcon_meta']
[0.237s] Level 1:colcon.colcon_core.package_identification:_identify(src/robot_startup) by extension 'colcon_meta'
[0.238s] Level 1:colcon.colcon_core.package_identification:_identify(src/robot_startup) by extensions ['ros']
[0.238s] Level 1:colcon.colcon_core.package_identification:_identify(src/robot_startup) by extension 'ros'
[0.238s] DEBUG:colcon.colcon_core.package_identification:Package 'src/robot_startup' with type 'ros.ament_cmake' and name 'robot_startup'
[0.238s] Level 1:colcon.colcon_core.package_discovery:discover_packages(recursive) using defaults
[0.238s] Level 1:colcon.colcon_core.package_discovery:discover_packages(ignore) discover
[0.238s] Level 1:colcon.colcon_core.package_discovery:discover_packages(ignore) using defaults
[0.238s] Level 1:colcon.colcon_core.package_discovery:discover_packages(path) discover
[0.238s] Level 1:colcon.colcon_core.package_discovery:discover_packages(path) using defaults
[0.266s] INFO:colcon.colcon_core.package_selection:Skipping not selected package 'example_py' in 'example_py'
[0.266s] INFO:colcon.colcon_core.package_selection:Skipping not selected package 'example_ros2_interfaces' in 'example_ros2_interfaces'
[0.266s] INFO:colcon.colcon_core.package_selection:Skipping not selected package 'fishbot_description' in 'fishbot_description'
[0.266s] INFO:colcon.colcon_core.package_selection:Skipping not selected package 'robot_startup' in 'src/robot_startup'
[0.266s] INFO:colcon.colcon_core.package_selection:Skipping not selected package 'example_cpp' in 'example_cpp'
[0.267s] Level 1:colcon.colcon_core.package_discovery:discover_packages(prefix_path) check parameters
[0.267s] Level 1:colcon.colcon_core.package_discovery:discover_packages(prefix_path) discover
[0.277s] DEBUG:colcon.colcon_installed_package_information.package_discovery:Found 5 installed packages in /home/lin/train2/src/install
[0.280s] DEBUG:colcon.colcon_installed_package_information.package_discovery:Found 14 installed packages in /home/lin/ros_ws/install
[0.290s] DEBUG:colcon.colcon_installed_package_information.package_discovery:Found 305 installed packages in /opt/ros/humble
[0.292s] Level 1:colcon.colcon_core.package_discovery:discover_packages(prefix_path) using defaults
[0.366s] Level 5:colcon.colcon_core.verb:set package 'fishbot_cartographer' build argument 'cmake_args' from command line to 'None'
[0.367s] Level 5:colcon.colcon_core.verb:set package 'fishbot_cartographer' build argument 'cmake_target' from command line to 'None'
[0.367s] Level 5:colcon.colcon_core.verb:set package 'fishbot_cartographer' build argument 'cmake_target_skip_unavailable' from command line to 'False'
[0.367s] Level 5:colcon.colcon_core.verb:set package 'fishbot_cartographer' build argument 'cmake_clean_cache' from command line to 'False'
[0.367s] Level 5:colcon.colcon_core.verb:set package 'fishbot_cartographer' build argument 'cmake_clean_first' from command line to 'False'
[0.367s] Level 5:colcon.colcon_core.verb:set package 'fishbot_cartographer' build argument 'cmake_force_configure' from command line to 'False'
[0.367s] Level 5:colcon.colcon_core.verb:set package 'fishbot_cartographer' build argument 'ament_cmake_args' from command line to 'None'
[0.367s] Level 5:colcon.colcon_core.verb:set package 'fishbot_cartographer' build argument 'catkin_cmake_args' from command line to 'None'
[0.367s] Level 5:colcon.colcon_core.verb:set package 'fishbot_cartographer' build argument 'catkin_skip_building_tests' from command line to 'False'
[0.367s] DEBUG:colcon.colcon_core.verb:Building package 'fishbot_cartographer' with the following arguments: {'ament_cmake_args': None, 'build_base': '/home/lin/train2/src/build/fishbot_cartographer', 'catkin_cmake_args': None, 'catkin_skip_building_tests': False, 'cmake_args': None, 'cmake_clean_cache': False, 'cmake_clean_first': False, 'cmake_force_configure': False, 'cmake_target': None, 'cmake_target_skip_unavailable': False, 'install_base': '/home/lin/train2/src/install/fishbot_cartographer', 'merge_install': False, 'path': '/home/lin/train2/src/fishbot_cartographer', 'symlink_install': False, 'test_result_base': None}
[0.367s] INFO:colcon.colcon_core.executor:Executing jobs using 'parallel' executor
[0.369s] DEBUG:colcon.colcon_parallel_executor.executor.parallel:run_until_complete
[0.369s] INFO:colcon.colcon_ros.task.ament_cmake.build:Building ROS package in '/home/lin/train2/src/fishbot_cartographer' with build type 'ament_cmake'
[0.369s] INFO:colcon.colcon_cmake.task.cmake.build:Building CMake package in '/home/lin/train2/src/fishbot_cartographer'
[0.374s] INFO:colcon.colcon_core.plugin_system:Skipping extension 'colcon_core.shell.bat': Not used on non-Windows systems
[0.374s] INFO:colcon.colcon_core.shell:Skip shell extension 'powershell' for command environment: Not usable outside of PowerShell
[0.374s] DEBUG:colcon.colcon_core.shell:Skip shell extension 'dsv' for command environment
[0.397s] DEBUG:colcon.colcon_core.event_handler.log_command:Invoking command in '/home/lin/train2/src/build/fishbot_cartographer': CMAKE_PREFIX_PATH=${CMAKE_PREFIX_PATH}:/home/lin/ros_ws/install/sdformat_tools:/home/lin/train2/src/install/fishbot_description:/home/lin/train2/src/install/example_py:/opt/ros/humble /usr/local/bin/cmake /home/lin/train2/src/fishbot_cartographer -DCMAKE_INSTALL_PREFIX=/home/lin/train2/src/install/fishbot_cartographer
[4.388s] DEBUG:colcon.colcon_core.event_handler.log_command:Invoked command in '/home/lin/train2/src/build/fishbot_cartographer' returned '0': CMAKE_PREFIX_PATH=${CMAKE_PREFIX_PATH}:/home/lin/ros_ws/install/sdformat_tools:/home/lin/train2/src/install/fishbot_description:/home/lin/train2/src/install/example_py:/opt/ros/humble /usr/local/bin/cmake /home/lin/train2/src/fishbot_cartographer -DCMAKE_INSTALL_PREFIX=/home/lin/train2/src/install/fishbot_cartographer
[4.399s] DEBUG:colcon.colcon_core.event_handler.log_command:Invoking command in '/home/lin/train2/src/build/fishbot_cartographer': CMAKE_PREFIX_PATH=${CMAKE_PREFIX_PATH}:/home/lin/ros_ws/install/sdformat_tools:/home/lin/train2/src/install/fishbot_description:/home/lin/train2/src/install/example_py:/opt/ros/humble /usr/local/bin/cmake --build /home/lin/train2/src/build/fishbot_cartographer -- -j8 -l8
[4.512s] DEBUG:colcon.colcon_core.event_handler.log_command:Invoked command in '/home/lin/train2/src/build/fishbot_cartographer' returned '0': CMAKE_PREFIX_PATH=${CMAKE_PREFIX_PATH}:/home/lin/ros_ws/install/sdformat_tools:/home/lin/train2/src/install/fishbot_description:/home/lin/train2/src/install/example_py:/opt/ros/humble /usr/local/bin/cmake --build /home/lin/train2/src/build/fishbot_cartographer -- -j8 -l8
[4.567s] DEBUG:colcon.colcon_core.event_handler.log_command:Invoking command in '/home/lin/train2/src/build/fishbot_cartographer': CMAKE_PREFIX_PATH=${CMAKE_PREFIX_PATH}:/home/lin/ros_ws/install/sdformat_tools:/home/lin/train2/src/install/fishbot_description:/home/lin/train2/src/install/example_py:/opt/ros/humble /usr/local/bin/cmake --install /home/lin/train2/src/build/fishbot_cartographer
[4.620s] Level 1:colcon.colcon_core.environment:create_environment_scripts_only(fishbot_cartographer)
[4.627s] DEBUG:colcon.colcon_core.event_handler.log_command:Invoked command in '/home/lin/train2/src/build/fishbot_cartographer' returned '0': CMAKE_PREFIX_PATH=${CMAKE_PREFIX_PATH}:/home/lin/ros_ws/install/sdformat_tools:/home/lin/train2/src/install/fishbot_description:/home/lin/train2/src/install/example_py:/opt/ros/humble /usr/local/bin/cmake --install /home/lin/train2/src/build/fishbot_cartographer
[4.636s] Level 1:colcon.colcon_core.environment:checking '/home/lin/train2/src/install/fishbot_cartographer' for CMake module files
[4.638s] Level 1:colcon.colcon_core.environment:checking '/home/lin/train2/src/install/fishbot_cartographer' for CMake config files
[4.639s] Level 1:colcon.colcon_core.shell:create_environment_hook('fishbot_cartographer', 'cmake_prefix_path')
[4.639s] INFO:colcon.colcon_core.shell:Creating environment hook '/home/lin/train2/src/install/fishbot_cartographer/share/fishbot_cartographer/hook/cmake_prefix_path.ps1'
[4.640s] INFO:colcon.colcon_core.shell:Creating environment descriptor '/home/lin/train2/src/install/fishbot_cartographer/share/fishbot_cartographer/hook/cmake_prefix_path.dsv'
[4.641s] INFO:colcon.colcon_core.shell:Creating environment hook '/home/lin/train2/src/install/fishbot_cartographer/share/fishbot_cartographer/hook/cmake_prefix_path.sh'
[4.643s] Level 1:colcon.colcon_core.environment:checking '/home/lin/train2/src/install/fishbot_cartographer/bin'
[4.643s] Level 1:colcon.colcon_core.environment:checking '/home/lin/train2/src/install/fishbot_cartographer/lib/pkgconfig/fishbot_cartographer.pc'
[4.643s] Level 1:colcon.colcon_core.environment:checking '/home/lin/train2/src/install/fishbot_cartographer/lib/python3.10/site-packages'
[4.644s] Level 1:colcon.colcon_core.environment:checking '/home/lin/train2/src/install/fishbot_cartographer/bin'
[4.644s] INFO:colcon.colcon_core.shell:Creating package script '/home/lin/train2/src/install/fishbot_cartographer/share/fishbot_cartographer/package.ps1'
[4.646s] INFO:colcon.colcon_core.shell:Creating package descriptor '/home/lin/train2/src/install/fishbot_cartographer/share/fishbot_cartographer/package.dsv'
[4.647s] INFO:colcon.colcon_core.shell:Creating package script '/home/lin/train2/src/install/fishbot_cartographer/share/fishbot_cartographer/package.sh'
[4.649s] INFO:colcon.colcon_core.shell:Creating package script '/home/lin/train2/src/install/fishbot_cartographer/share/fishbot_cartographer/package.bash'
[4.650s] INFO:colcon.colcon_core.shell:Creating package script '/home/lin/train2/src/install/fishbot_cartographer/share/fishbot_cartographer/package.zsh'
[4.651s] Level 1:colcon.colcon_core.environment:create_file_with_runtime_dependencies(/home/lin/train2/src/install/fishbot_cartographer/share/colcon-core/packages/fishbot_cartographer)
[4.653s] Level 1:colcon.colcon_core.environment:create_environment_scripts_only(fishbot_cartographer)
[4.653s] Level 1:colcon.colcon_core.environment:checking '/home/lin/train2/src/install/fishbot_cartographer' for CMake module files
[4.655s] Level 1:colcon.colcon_core.environment:checking '/home/lin/train2/src/install/fishbot_cartographer' for CMake config files
[4.655s] Level 1:colcon.colcon_core.shell:create_environment_hook('fishbot_cartographer', 'cmake_prefix_path')
[4.656s] INFO:colcon.colcon_core.shell:Creating environment hook '/home/lin/train2/src/install/fishbot_cartographer/share/fishbot_cartographer/hook/cmake_prefix_path.ps1'
[4.657s] INFO:colcon.colcon_core.shell:Creating environment descriptor '/home/lin/train2/src/install/fishbot_cartographer/share/fishbot_cartographer/hook/cmake_prefix_path.dsv'
[4.658s] INFO:colcon.colcon_core.shell:Creating environment hook '/home/lin/train2/src/install/fishbot_cartographer/share/fishbot_cartographer/hook/cmake_prefix_path.sh'
[4.659s] Level 1:colcon.colcon_core.environment:checking '/home/lin/train2/src/install/fishbot_cartographer/bin'
[4.660s] Level 1:colcon.colcon_core.environment:checking '/home/lin/train2/src/install/fishbot_cartographer/lib/pkgconfig/fishbot_cartographer.pc'
[4.660s] Level 1:colcon.colcon_core.environment:checking '/home/lin/train2/src/install/fishbot_cartographer/lib/python3.10/site-packages'
[4.660s] Level 1:colcon.colcon_core.environment:checking '/home/lin/train2/src/install/fishbot_cartographer/bin'
[4.661s] INFO:colcon.colcon_core.shell:Creating package script '/home/lin/train2/src/install/fishbot_cartographer/share/fishbot_cartographer/package.ps1'
[4.662s] INFO:colcon.colcon_core.shell:Creating package descriptor '/home/lin/train2/src/install/fishbot_cartographer/share/fishbot_cartographer/package.dsv'
[4.663s] INFO:colcon.colcon_core.shell:Creating package script '/home/lin/train2/src/install/fishbot_cartographer/share/fishbot_cartographer/package.sh'
[4.664s] INFO:colcon.colcon_core.shell:Creating package script '/home/lin/train2/src/install/fishbot_cartographer/share/fishbot_cartographer/package.bash'
[4.666s] INFO:colcon.colcon_core.shell:Creating package script '/home/lin/train2/src/install/fishbot_cartographer/share/fishbot_cartographer/package.zsh'
[4.667s] Level 1:colcon.colcon_core.environment:create_file_with_runtime_dependencies(/home/lin/train2/src/install/fishbot_cartographer/share/colcon-core/packages/fishbot_cartographer)
[4.668s] DEBUG:colcon.colcon_parallel_executor.executor.parallel:closing loop
[4.669s] DEBUG:colcon.colcon_parallel_executor.executor.parallel:loop closed
[4.671s] DEBUG:colcon.colcon_parallel_executor.executor.parallel:run_until_complete finished with '0'
[4.671s] DEBUG:colcon.colcon_core.event_reactor:joining thread
[4.706s] INFO:colcon.colcon_core.plugin_system:Skipping extension 'colcon_notification.desktop_notification.terminal_notifier': Not used on non-Darwin systems
[4.707s] INFO:colcon.colcon_core.plugin_system:Skipping extension 'colcon_notification.desktop_notification.win32': Not used on non-Windows systems
[4.707s] INFO:colcon.colcon_notification.desktop_notification:Sending desktop notification using 'notify2'
[4.857s] DEBUG:colcon.colcon_core.event_reactor:joined thread
[4.858s] INFO:colcon.colcon_core.shell:Creating prefix script '/home/lin/train2/src/install/local_setup.ps1'
[4.861s] INFO:colcon.colcon_core.shell:Creating prefix util module '/home/lin/train2/src/install/_local_setup_util_ps1.py'
[4.864s] INFO:colcon.colcon_core.shell:Creating prefix chain script '/home/lin/train2/src/install/setup.ps1'
[4.886s] INFO:colcon.colcon_core.shell:Creating prefix script '/home/lin/train2/src/install/local_setup.sh'
[4.890s] INFO:colcon.colcon_core.shell:Creating prefix util module '/home/lin/train2/src/install/_local_setup_util_sh.py'
[4.894s] INFO:colcon.colcon_core.shell:Creating prefix chain script '/home/lin/train2/src/install/setup.sh'
[4.921s] INFO:colcon.colcon_core.shell:Creating prefix script '/home/lin/train2/src/install/local_setup.bash'
[4.925s] INFO:colcon.colcon_core.shell:Creating prefix chain script '/home/lin/train2/src/install/setup.bash'
[4.950s] INFO:colcon.colcon_core.shell:Creating prefix script '/home/lin/train2/src/install/local_setup.zsh'
[4.954s] INFO:colcon.colcon_core.shell:Creating prefix chain script '/home/lin/train2/src/install/setup.zsh'
