[0.453s] Invoking command in '/home/lin/train2/src/build/odom_publisher': CMAKE_PREFIX_PATH=${CMAKE_PREFIX_PATH}:/home/lin/ros_ws/install/sdformat_tools:/home/lin/train2/src/install/fishbot_description:/home/lin/train2/src/install/example_py:/opt/ros/humble /usr/local/bin/cmake --build /home/lin/train2/src/build/odom_publisher -- -j8 -l8
[0.498s] [100%] Built target odom_publisher
[0.598s] Invoked command in '/home/lin/train2/src/build/odom_publisher' returned '0': CMAKE_PREFIX_PATH=${CMAKE_PREFIX_PATH}:/home/lin/ros_ws/install/sdformat_tools:/home/lin/train2/src/install/fishbot_description:/home/lin/train2/src/install/example_py:/opt/ros/humble /usr/local/bin/cmake --build /home/lin/train2/src/build/odom_publisher -- -j8 -l8
[0.601s] Invoking command in '/home/lin/train2/src/build/odom_publisher': CMAKE_PREFIX_PATH=${CMAKE_PREFIX_PATH}:/home/lin/ros_ws/install/sdformat_tools:/home/lin/train2/src/install/fishbot_description:/home/lin/train2/src/install/example_py:/opt/ros/humble /usr/local/bin/cmake --install /home/lin/train2/src/build/odom_publisher
[0.605s] -- Install configuration: ""
[0.606s] -- Execute custom install script
[0.608s] -- Up-to-date symlink: /home/lin/train2/src/install/odom_publisher/lib/odom_publisher/odom_publisher
[0.609s] -- Up-to-date symlink: /home/lin/train2/src/install/odom_publisher/share/ament_index/resource_index/package_run_dependencies/odom_publisher
[0.609s] -- Up-to-date symlink: /home/lin/train2/src/install/odom_publisher/share/ament_index/resource_index/parent_prefix_path/odom_publisher
[0.609s] -- Up-to-date symlink: /home/lin/train2/src/install/odom_publisher/share/odom_publisher/environment/ament_prefix_path.sh
[0.609s] -- Up-to-date symlink: /home/lin/train2/src/install/odom_publisher/share/odom_publisher/environment/ament_prefix_path.dsv
[0.609s] -- Up-to-date symlink: /home/lin/train2/src/install/odom_publisher/share/odom_publisher/environment/path.sh
[0.609s] -- Up-to-date symlink: /home/lin/train2/src/install/odom_publisher/share/odom_publisher/environment/path.dsv
[0.610s] -- Up-to-date symlink: /home/lin/train2/src/install/odom_publisher/share/odom_publisher/local_setup.bash
[0.610s] -- Up-to-date symlink: /home/lin/train2/src/install/odom_publisher/share/odom_publisher/local_setup.sh
[0.611s] -- Up-to-date symlink: /home/lin/train2/src/install/odom_publisher/share/odom_publisher/local_setup.zsh
[0.611s] -- Up-to-date symlink: /home/lin/train2/src/install/odom_publisher/share/odom_publisher/local_setup.dsv
[0.611s] -- Symlinking: /home/lin/train2/src/install/odom_publisher/share/odom_publisher/package.dsv
[0.627s] -- Up-to-date symlink: /home/lin/train2/src/install/odom_publisher/share/ament_index/resource_index/packages/odom_publisher
[0.627s] -- Up-to-date symlink: /home/lin/train2/src/install/odom_publisher/share/odom_publisher/cmake/odom_publisherConfig.cmake
[0.627s] -- Up-to-date symlink: /home/lin/train2/src/install/odom_publisher/share/odom_publisher/cmake/odom_publisherConfig-version.cmake
[0.627s] -- Up-to-date symlink: /home/lin/train2/src/install/odom_publisher/share/odom_publisher/package.xml
[0.669s] Invoked command in '/home/lin/train2/src/build/odom_publisher' returned '0': CMAKE_PREFIX_PATH=${CMAKE_PREFIX_PATH}:/home/lin/ros_ws/install/sdformat_tools:/home/lin/train2/src/install/fishbot_description:/home/lin/train2/src/install/example_py:/opt/ros/humble /usr/local/bin/cmake --install /home/lin/train2/src/build/odom_publisher
