[1.720s] Invoking command in '/home/lin/train2/src/build/fishbot_navigation2': CMAKE_PREFIX_PATH=${CMAKE_PREFIX_PATH}:/home/lin/ros_ws/install/sdformat_tools:/home/lin/train2/src/install/fishbot_description:/home/lin/train2/src/install/example_py:/opt/ros/humble /usr/local/bin/cmake --build /home/lin/train2/src/build/fishbot_navigation2 -- -j8 -l8
[2.116s] Invoked command in '/home/lin/train2/src/build/fishbot_navigation2' returned '0': CMAKE_PREFIX_PATH=${CMAKE_PREFIX_PATH}:/home/lin/ros_ws/install/sdformat_tools:/home/lin/train2/src/install/fishbot_description:/home/lin/train2/src/install/example_py:/opt/ros/humble /usr/local/bin/cmake --build /home/lin/train2/src/build/fishbot_navigation2 -- -j8 -l8
[2.254s] Invoking command in '/home/lin/train2/src/build/fishbot_navigation2': CMAKE_PREFIX_PATH=${CMAKE_PREFIX_PATH}:/home/lin/ros_ws/install/sdformat_tools:/home/lin/train2/src/install/fishbot_description:/home/lin/train2/src/install/example_py:/opt/ros/humble /usr/local/bin/cmake --install /home/lin/train2/src/build/fishbot_navigation2
[2.306s] -- Install configuration: ""
[2.306s] -- Execute custom install script
[2.306s] -- Up-to-date symlink: /home/lin/train2/src/install/fishbot_navigation2/share/fishbot_navigation2/launch/launch.py
[2.306s] -- Up-to-date symlink: /home/lin/train2/src/install/fishbot_navigation2/share/fishbot_navigation2/param/fishbot_nav2.yaml
[2.307s] -- Up-to-date symlink: /home/lin/train2/src/install/fishbot_navigation2/share/fishbot_navigation2/maps/fishbot_map.pgm
[2.310s] -- Up-to-date symlink: /home/lin/train2/src/install/fishbot_navigation2/share/fishbot_navigation2/maps/fishbot_map.yaml
[2.312s] -- Up-to-date symlink: /home/lin/train2/src/install/fishbot_navigation2/share/ament_index/resource_index/package_run_dependencies/fishbot_navigation2
[2.316s] -- Up-to-date symlink: /home/lin/train2/src/install/fishbot_navigation2/share/ament_index/resource_index/parent_prefix_path/fishbot_navigation2
[2.316s] -- Up-to-date symlink: /home/lin/train2/src/install/fishbot_navigation2/share/fishbot_navigation2/environment/ament_prefix_path.sh
[2.319s] -- Up-to-date symlink: /home/lin/train2/src/install/fishbot_navigation2/share/fishbot_navigation2/environment/ament_prefix_path.dsv
[2.321s] -- Up-to-date symlink: /home/lin/train2/src/install/fishbot_navigation2/share/fishbot_navigation2/environment/path.sh
[2.325s] -- Up-to-date symlink: /home/lin/train2/src/install/fishbot_navigation2/share/fishbot_navigation2/environment/path.dsv
[2.325s] -- Up-to-date symlink: /home/lin/train2/src/install/fishbot_navigation2/share/fishbot_navigation2/local_setup.bash
[2.326s] -- Up-to-date symlink: /home/lin/train2/src/install/fishbot_navigation2/share/fishbot_navigation2/local_setup.sh
[2.326s] -- Up-to-date symlink: /home/lin/train2/src/install/fishbot_navigation2/share/fishbot_navigation2/local_setup.zsh
[2.326s] -- Up-to-date symlink: /home/lin/train2/src/install/fishbot_navigation2/share/fishbot_navigation2/local_setup.dsv
[2.327s] -- Symlinking: /home/lin/train2/src/install/fishbot_navigation2/share/fishbot_navigation2/package.dsv
[2.348s] -- Up-to-date symlink: /home/lin/train2/src/install/fishbot_navigation2/share/ament_index/resource_index/packages/fishbot_navigation2
[2.349s] -- Up-to-date symlink: /home/lin/train2/src/install/fishbot_navigation2/share/fishbot_navigation2/cmake/fishbot_navigation2Config.cmake
[2.350s] -- Up-to-date symlink: /home/lin/train2/src/install/fishbot_navigation2/share/fishbot_navigation2/cmake/fishbot_navigation2Config-version.cmake
[2.350s] -- Up-to-date symlink: /home/lin/train2/src/install/fishbot_navigation2/share/fishbot_navigation2/package.xml
[2.687s] Invoked command in '/home/lin/train2/src/build/fishbot_navigation2' returned '0': CMAKE_PREFIX_PATH=${CMAKE_PREFIX_PATH}:/home/lin/ros_ws/install/sdformat_tools:/home/lin/train2/src/install/fishbot_description:/home/lin/train2/src/install/example_py:/opt/ros/humble /usr/local/bin/cmake --install /home/lin/train2/src/build/fishbot_navigation2
