[1.381s] Invoking command in '/home/lin/train2/src/fishbot_description': PYTHONPATH=/home/lin/train2/src/build/fishbot_description/prefix_override:/usr/lib/python3/dist-packages/colcon_core/task/python/colcon_distutils_commands:/home/lin/train2/src/install/fishbot_description/lib/python3.10/site-packages:${PYTHONPATH} /usr/bin/python3 -W ignore:setup.py install is deprecated -W ignore:easy_install command is deprecated setup.py egg_info --egg-base ../build/fishbot_description build --build-base /home/lin/train2/src/build/fishbot_description/build install --record /home/lin/train2/src/build/fishbot_description/install.log --single-version-externally-managed install_data
[1.743s] running egg_info
[1.769s] writing ../build/fishbot_description/fishbot_description.egg-info/PKG-INFO
[1.770s] writing dependency_links to ../build/fishbot_description/fishbot_description.egg-info/dependency_links.txt
[1.770s] writing entry points to ../build/fishbot_description/fishbot_description.egg-info/entry_points.txt
[1.771s] writing requirements to ../build/fishbot_description/fishbot_description.egg-info/requires.txt
[1.771s] writing top-level names to ../build/fishbot_description/fishbot_description.egg-info/top_level.txt
[1.820s] reading manifest file '../build/fishbot_description/fishbot_description.egg-info/SOURCES.txt'
[1.823s] writing manifest file '../build/fishbot_description/fishbot_description.egg-info/SOURCES.txt'
[1.823s] running build
[1.823s] running build_py
[1.824s] copying fishbot_description/wheel.py -> /home/lin/train2/src/build/fishbot_description/build/lib/fishbot_description
[1.824s] copying fishbot_description/__init__.py -> /home/lin/train2/src/build/fishbot_description/build/lib/fishbot_description
[1.824s] running install
[1.827s] running install_lib
[1.852s] running install_data
[1.852s] copying resource/fishbot_description -> /home/lin/train2/src/install/fishbot_description/share/ament_index/resource_index/packages
[1.853s] copying package.xml -> /home/lin/train2/src/install/fishbot_description/share/fishbot_description
[1.853s] copying launch/rviz2.launch.py -> /home/lin/train2/src/install/fishbot_description/share/fishbot_description/launch
[1.854s] copying launch/gazebo.launch.py -> /home/lin/train2/src/install/fishbot_description/share/fishbot_description/launch
[1.854s] copying urdf/robot_base.urdf -> /home/lin/train2/src/install/fishbot_description/share/fishbot_description/urdf
[1.854s] running install_egg_info
[1.880s] removing '/home/lin/train2/src/install/fishbot_description/lib/python3.10/site-packages/fishbot_description-0.0.0-py3.10.egg-info' (and everything under it)
[1.880s] Copying ../build/fishbot_description/fishbot_description.egg-info to /home/lin/train2/src/install/fishbot_description/lib/python3.10/site-packages/fishbot_description-0.0.0-py3.10.egg-info
[1.882s] running install_scripts
[2.108s] Installing rotate_wheel script to /home/lin/train2/src/install/fishbot_description/lib/fishbot_description
[2.109s] writing list of installed files to '/home/lin/train2/src/build/fishbot_description/install.log'
[2.130s] Invoked command in '/home/lin/train2/src/fishbot_description' returned '0': PYTHONPATH=/home/lin/train2/src/build/fishbot_description/prefix_override:/usr/lib/python3/dist-packages/colcon_core/task/python/colcon_distutils_commands:/home/lin/train2/src/install/fishbot_description/lib/python3.10/site-packages:${PYTHONPATH} /usr/bin/python3 -W ignore:setup.py install is deprecated -W ignore:easy_install command is deprecated setup.py egg_info --egg-base ../build/fishbot_description build --build-base /home/lin/train2/src/build/fishbot_description/build install --record /home/lin/train2/src/build/fishbot_description/install.log --single-version-externally-managed install_data
