[0.776s] Invoking command in '/home/lin/train2/src/build/odom_publisher': CMAKE_PREFIX_PATH=${CMAKE_PREFIX_PATH}:/home/lin/ros_ws/install/sdformat_tools:/home/lin/train2/src/install/fishbot_description:/home/lin/train2/src/install/example_py:/opt/ros/humble /usr/local/bin/cmake --build /home/lin/train2/src/build/odom_publisher -- -j8 -l8
[0.933s] [100%] Built target odom_publisher
[1.026s] Invoked command in '/home/lin/train2/src/build/odom_publisher' returned '0': CMAKE_PREFIX_PATH=${CMAKE_PREFIX_PATH}:/home/lin/ros_ws/install/sdformat_tools:/home/lin/train2/src/install/fishbot_description:/home/lin/train2/src/install/example_py:/opt/ros/humble /usr/local/bin/cmake --build /home/lin/train2/src/build/odom_publisher -- -j8 -l8
[1.027s] Invoking command in '/home/lin/train2/src/build/odom_publisher': CMAKE_PREFIX_PATH=${CMAKE_PREFIX_PATH}:/home/lin/ros_ws/install/sdformat_tools:/home/lin/train2/src/install/fishbot_description:/home/lin/train2/src/install/example_py:/opt/ros/humble /usr/local/bin/cmake --install /home/lin/train2/src/build/odom_publisher
[1.062s] -- Install configuration: ""
[1.066s] -- Execute custom install script
[1.067s] -- Up-to-date symlink: /home/lin/train2/src/install/odom_publisher/lib/odom_publisher/odom_publisher
[1.068s] -- Up-to-date symlink: /home/lin/train2/src/install/odom_publisher/share/ament_index/resource_index/package_run_dependencies/odom_publisher
[1.068s] -- Up-to-date symlink: /home/lin/train2/src/install/odom_publisher/share/ament_index/resource_index/parent_prefix_path/odom_publisher
[1.068s] -- Up-to-date symlink: /home/lin/train2/src/install/odom_publisher/share/odom_publisher/environment/ament_prefix_path.sh
[1.069s] -- Up-to-date symlink: /home/lin/train2/src/install/odom_publisher/share/odom_publisher/environment/ament_prefix_path.dsv
[1.069s] -- Up-to-date symlink: /home/lin/train2/src/install/odom_publisher/share/odom_publisher/environment/path.sh
[1.072s] -- Up-to-date symlink: /home/lin/train2/src/install/odom_publisher/share/odom_publisher/environment/path.dsv
[1.072s] -- Up-to-date symlink: /home/lin/train2/src/install/odom_publisher/share/odom_publisher/local_setup.bash
[1.072s] -- Up-to-date symlink: /home/lin/train2/src/install/odom_publisher/share/odom_publisher/local_setup.sh
[1.072s] -- Up-to-date symlink: /home/lin/train2/src/install/odom_publisher/share/odom_publisher/local_setup.zsh
[1.073s] -- Up-to-date symlink: /home/lin/train2/src/install/odom_publisher/share/odom_publisher/local_setup.dsv
[1.073s] -- Symlinking: /home/lin/train2/src/install/odom_publisher/share/odom_publisher/package.dsv
[1.075s] -- Up-to-date symlink: /home/lin/train2/src/install/odom_publisher/share/ament_index/resource_index/packages/odom_publisher
[1.075s] -- Up-to-date symlink: /home/lin/train2/src/install/odom_publisher/share/odom_publisher/cmake/odom_publisherConfig.cmake
[1.075s] -- Up-to-date symlink: /home/lin/train2/src/install/odom_publisher/share/odom_publisher/cmake/odom_publisherConfig-version.cmake
[1.076s] -- Up-to-date symlink: /home/lin/train2/src/install/odom_publisher/share/odom_publisher/package.xml
[1.197s] Invoked command in '/home/lin/train2/src/build/odom_publisher' returned '0': CMAKE_PREFIX_PATH=${CMAKE_PREFIX_PATH}:/home/lin/ros_ws/install/sdformat_tools:/home/lin/train2/src/install/fishbot_description:/home/lin/train2/src/install/example_py:/opt/ros/humble /usr/local/bin/cmake --install /home/lin/train2/src/build/odom_publisher
