[0.221s] Invoking command in '/home/lin/train2/src/build/ydlidar': CMAKE_PREFIX_PATH=${CMAKE_PREFIX_PATH}:/home/lin/ros_ws/install/sdformat_tools:/home/lin/train2/src/install/fishbot_description:/home/lin/train2/src/install/example_py:/opt/ros/humble /usr/local/bin/cmake --build /home/lin/train2/src/build/ydlidar -- -j8 -l8
[0.439s] [ 18%] Built target ydlidar_client
[0.444s] [100%] Built target ydlidar_node
[0.479s] Invoked command in '/home/lin/train2/src/build/ydlidar' returned '0': CMAKE_PREFIX_PATH=${CMAKE_PREFIX_PATH}:/home/lin/ros_ws/install/sdformat_tools:/home/lin/train2/src/install/fishbot_description:/home/lin/train2/src/install/example_py:/opt/ros/humble /usr/local/bin/cmake --build /home/lin/train2/src/build/ydlidar -- -j8 -l8
[0.481s] Invoking command in '/home/lin/train2/src/build/ydlidar': CMAKE_PREFIX_PATH=${CMAKE_PREFIX_PATH}:/home/lin/ros_ws/install/sdformat_tools:/home/lin/train2/src/install/fishbot_description:/home/lin/train2/src/install/example_py:/opt/ros/humble /usr/local/bin/cmake --install /home/lin/train2/src/build/ydlidar
[0.491s] -- Install configuration: ""
[0.492s] -- Execute custom install script
[0.495s] -- Up-to-date symlink: /home/lin/train2/src/install/ydlidar/lib/ydlidar/ydlidar_node
[0.495s] -- Up-to-date symlink: /home/lin/train2/src/install/ydlidar/lib/ydlidar/ydlidar_client
[0.496s] -- Up-to-date symlink: /home/lin/train2/src/install/ydlidar/share/ydlidar/launch/ydlidar.py
[0.502s] -- Up-to-date symlink: /home/lin/train2/src/install/ydlidar/share/ydlidar/launch/ydlidar_launch.py
[0.504s] -- Up-to-date symlink: /home/lin/train2/src/install/ydlidar/share/ydlidar/params/ydlidar.yaml
[0.504s] -- Up-to-date symlink: /home/lin/train2/src/install/ydlidar/share/ydlidar/startup/initenv.sh
[0.504s] -- Up-to-date symlink: /home/lin/train2/src/install/ydlidar/share/ament_index/resource_index/package_run_dependencies/ydlidar
[0.504s] -- Up-to-date symlink: /home/lin/train2/src/install/ydlidar/share/ament_index/resource_index/parent_prefix_path/ydlidar
[0.505s] -- Up-to-date symlink: /home/lin/train2/src/install/ydlidar/share/ydlidar/environment/ament_prefix_path.sh
[0.505s] -- Up-to-date symlink: /home/lin/train2/src/install/ydlidar/share/ydlidar/environment/ament_prefix_path.dsv
[0.505s] -- Up-to-date symlink: /home/lin/train2/src/install/ydlidar/share/ydlidar/environment/path.sh
[0.507s] -- Up-to-date symlink: /home/lin/train2/src/install/ydlidar/share/ydlidar/environment/path.dsv
[0.507s] -- Up-to-date symlink: /home/lin/train2/src/install/ydlidar/share/ydlidar/local_setup.bash
[0.507s] -- Up-to-date symlink: /home/lin/train2/src/install/ydlidar/share/ydlidar/local_setup.sh
[0.507s] -- Up-to-date symlink: /home/lin/train2/src/install/ydlidar/share/ydlidar/local_setup.zsh
[0.510s] -- Up-to-date symlink: /home/lin/train2/src/install/ydlidar/share/ydlidar/local_setup.dsv
[0.510s] -- Symlinking: /home/lin/train2/src/install/ydlidar/share/ydlidar/package.dsv
[0.530s] -- Up-to-date symlink: /home/lin/train2/src/install/ydlidar/share/ament_index/resource_index/packages/ydlidar
[0.533s] -- Up-to-date symlink: /home/lin/train2/src/install/ydlidar/share/ydlidar/cmake/ydlidarConfig.cmake
[0.533s] -- Up-to-date symlink: /home/lin/train2/src/install/ydlidar/share/ydlidar/cmake/ydlidarConfig-version.cmake
[0.535s] -- Up-to-date symlink: /home/lin/train2/src/install/ydlidar/share/ydlidar/package.xml
[0.541s] Invoked command in '/home/lin/train2/src/build/ydlidar' returned '0': CMAKE_PREFIX_PATH=${CMAKE_PREFIX_PATH}:/home/lin/ros_ws/install/sdformat_tools:/home/lin/train2/src/install/fishbot_description:/home/lin/train2/src/install/example_py:/opt/ros/humble /usr/local/bin/cmake --install /home/lin/train2/src/build/ydlidar
