[0.160s] Invoking command in '/home/lin/train2/src/build/csm': CMAKE_PREFIX_PATH=${CMAKE_PREFIX_PATH}:/home/lin/ros_ws/install/sdformat_tools:/home/lin/train2/src/install/fishbot_description:/home/lin/train2/src/install/example_py:/opt/ros/humble /usr/local/bin/cmake --build /home/lin/train2/src/build/csm -- -j8 -l8
[2.193s] [100%] Built target csm
[2.379s] Invoked command in '/home/lin/train2/src/build/csm' returned '0': CMAKE_PREFIX_PATH=${CMAKE_PREFIX_PATH}:/home/lin/ros_ws/install/sdformat_tools:/home/lin/train2/src/install/fishbot_description:/home/lin/train2/src/install/example_py:/opt/ros/humble /usr/local/bin/cmake --build /home/lin/train2/src/build/csm -- -j8 -l8
[2.410s] Invoking command in '/home/lin/train2/src/build/csm': CMAKE_PREFIX_PATH=${CMAKE_PREFIX_PATH}:/home/lin/ros_ws/install/sdformat_tools:/home/lin/train2/src/install/fishbot_description:/home/lin/train2/src/install/example_py:/opt/ros/humble /usr/local/bin/cmake --install /home/lin/train2/src/build/csm
[2.494s] -- Install configuration: ""
[2.499s] -- Execute custom install script
[2.508s] -- Up-to-date symlink: /home/lin/train2/src/install/csm/lib/libcsm.so
[2.531s] -- Up-to-date symlink: /home/lin/train2/src/install/csm/include/..//include/csm/algos.h
[2.532s] -- Up-to-date symlink: /home/lin/train2/src/install/csm/include/..//include/csm/csm.h
[2.532s] -- Up-to-date symlink: /home/lin/train2/src/install/csm/include/..//include/csm/laser_data.h
[2.539s] -- Up-to-date symlink: /home/lin/train2/src/install/csm/include/..//include/csm/laser_data_inline.h
[2.539s] -- Up-to-date symlink: /home/lin/train2/src/install/csm/include/..//include/csm/restrict.h
[2.539s] -- Up-to-date symlink: /home/lin/train2/src/install/csm/include/..//include/gsl_eigen/gsl_eigen.h
[2.540s] -- Up-to-date symlink: /home/lin/train2/src/install/csm/share/csm/resource/csm
[2.597s] -- Up-to-date symlink: /home/lin/train2/src/install/csm/include/../gsl_eigen/gsl_eigen.h
[2.598s] -- Up-to-date symlink: /home/lin/train2/src/install/csm/share/csm/environment/library_path.sh
[2.598s] -- Up-to-date symlink: /home/lin/train2/src/install/csm/share/csm/environment/library_path.dsv
[2.599s] -- Up-to-date symlink: /home/lin/train2/src/install/csm/share/ament_index/resource_index/package_run_dependencies/csm
[2.599s] -- Up-to-date symlink: /home/lin/train2/src/install/csm/share/ament_index/resource_index/parent_prefix_path/csm
[2.619s] -- Up-to-date symlink: /home/lin/train2/src/install/csm/share/csm/environment/ament_prefix_path.sh
[2.621s] -- Up-to-date symlink: /home/lin/train2/src/install/csm/share/csm/environment/ament_prefix_path.dsv
[2.621s] -- Up-to-date symlink: /home/lin/train2/src/install/csm/share/csm/environment/path.sh
[2.621s] -- Up-to-date symlink: /home/lin/train2/src/install/csm/share/csm/environment/path.dsv
[2.622s] -- Up-to-date symlink: /home/lin/train2/src/install/csm/share/csm/local_setup.bash
[2.632s] -- Up-to-date symlink: /home/lin/train2/src/install/csm/share/csm/local_setup.sh
[2.645s] -- Up-to-date symlink: /home/lin/train2/src/install/csm/share/csm/local_setup.zsh
[2.648s] -- Up-to-date symlink: /home/lin/train2/src/install/csm/share/csm/local_setup.dsv
[2.648s] -- Symlinking: /home/lin/train2/src/install/csm/share/csm/package.dsv
[2.728s] -- Up-to-date symlink: /home/lin/train2/src/install/csm/share/ament_index/resource_index/packages/csm
[2.729s] -- Up-to-date symlink: /home/lin/train2/src/install/csm/share/csm/cmake/ament_cmake_export_dependencies-extras.cmake
[2.732s] -- Up-to-date symlink: /home/lin/train2/src/install/csm/share/csm/cmake/ament_cmake_export_include_directories-extras.cmake
[2.733s] -- Up-to-date symlink: /home/lin/train2/src/install/csm/share/csm/cmake/ament_cmake_export_libraries-extras.cmake
[2.733s] -- Up-to-date symlink: /home/lin/train2/src/install/csm/share/csm/cmake/csmConfig.cmake
[2.746s] -- Up-to-date symlink: /home/lin/train2/src/install/csm/share/csm/cmake/csmConfig-version.cmake
[2.747s] -- Up-to-date symlink: /home/lin/train2/src/install/csm/share/csm/package.xml
[2.923s] Invoked command in '/home/lin/train2/src/build/csm' returned '0': CMAKE_PREFIX_PATH=${CMAKE_PREFIX_PATH}:/home/lin/ros_ws/install/sdformat_tools:/home/lin/train2/src/install/fishbot_description:/home/lin/train2/src/install/example_py:/opt/ros/humble /usr/local/bin/cmake --install /home/lin/train2/src/build/csm
