[0.025s] Invoking command in '/home/lin/train2/src/build/fishbot_navigation2': /usr/local/bin/cmake /home/lin/train2/src/fishbot_navigation2 -DCMAKE_INSTALL_PREFIX=/home/lin/train2/src/install/fishbot_navigation2
[0.147s] -- The C compiler identification is GNU 11.4.0
[0.267s] -- The CXX compiler identification is GNU 11.4.0
[0.306s] -- Detecting C compiler ABI info
[0.472s] -- Detecting C compiler ABI info - done
[0.481s] -- Check for working C compiler: /usr/bin/cc - skipped
[0.482s] -- Detecting C compile features
[0.482s] -- Detecting C compile features - done
[0.504s] -- Detecting CXX compiler ABI info
[0.714s] -- Detecting CXX compiler ABI info - done
[0.722s] -- Check for working CXX compiler: /usr/bin/c++ - skipped
[0.723s] -- Detecting CXX compile features
[0.723s] -- Detecting CXX compile features - done
[0.739s] -- Found ament_cmake: 1.3.12 (/opt/ros/humble/share/ament_cmake/cmake)
[0.985s] -- Found Python3: /usr/bin/python3 (found version "3.10.12") found components: Interpreter 
[1.224s] -- Found nav2_bringup: 1.1.18 (/opt/ros/humble/share/nav2_bringup/cmake)
[1.233s] -- Found ament_lint_auto: 0.12.14 (/opt/ros/humble/share/ament_lint_auto/cmake)
[1.312s] Error parsing '/home/lin/train2/src/fishbot_navigation2/package.xml':
[1.380s] Traceback (most recent call last):
[1.380s]   File "/opt/ros/humble/share/ament_cmake_core/cmake/core/package_xml_2_cmake.py", line 150, in <module>
[1.380s]     main()
[1.380s]   File "/opt/ros/humble/share/ament_cmake_core/cmake/core/package_xml_2_cmake.py", line 53, in main
[1.381s]     raise e
[1.381s]   File "/opt/ros/humble/share/ament_cmake_core/cmake/core/package_xml_2_cmake.py", line 49, in main
[1.381s]     package = parse_package_string(
[1.381s]   File "/usr/lib/python3/dist-packages/catkin_pkg/package.py", line 786, in parse_package_string
[1.383s]     raise InvalidPackage('Error(s):%s' % (''.join(['\n- %s' % e for e in errors])), filename)
[1.383s] catkin_pkg.package.InvalidPackage: Error(s) in package '/home/lin/train2/src/fishbot_navigation2/package.xml':
[1.383s] Error(s):
[1.383s] - The generic dependency on 'nav2_bringup' is redundant with: exec_depend
[1.394s] [31mCMake Error at /opt/ros/humble/share/ament_cmake_core/cmake/core/ament_package_xml.cmake:95 (message):
[1.394s]   execute_process(/usr/bin/python3
[1.394s]   /opt/ros/humble/share/ament_cmake_core/cmake/core/package_xml_2_cmake.py
[1.394s]   /home/lin/train2/src/fishbot_navigation2/package.xml
[1.394s]   /home/lin/train2/src/build/fishbot_navigation2/ament_cmake_core/package.cmake)
[1.395s]   returned error code 1
[1.395s] Call Stack (most recent call first):
[1.395s]   /opt/ros/humble/share/ament_cmake_core/cmake/core/ament_package_xml.cmake:49 (_ament_package_xml)
[1.395s]   /opt/ros/humble/share/ament_lint_auto/cmake/ament_lint_auto_find_test_dependencies.cmake:31 (ament_package_xml)
[1.395s]   CMakeLists.txt:21 (ament_lint_auto_find_test_dependencies)
[1.395s] 
[1.395s] [0m
[1.395s] -- Configuring incomplete, errors occurred!
[1.404s] Invoked command in '/home/lin/train2/src/build/fishbot_navigation2' returned '1': /usr/local/bin/cmake /home/lin/train2/src/fishbot_navigation2 -DCMAKE_INSTALL_PREFIX=/home/lin/train2/src/install/fishbot_navigation2
