[0.171s] Invoking command in '/home/lin/train2/src/build/csm': CMAKE_PREFIX_PATH=${CMAKE_PREFIX_PATH}:/home/lin/ros_ws/install/sdformat_tools:/home/lin/train2/src/install/fishbot_description:/home/lin/train2/src/install/example_py:/opt/ros/humble /usr/local/bin/cmake --build /home/lin/train2/src/build/csm -- -j8 -l8
[0.881s] [100%] Built target csm
[0.925s] Invoked command in '/home/lin/train2/src/build/csm' returned '0': CMAKE_PREFIX_PATH=${CMAKE_PREFIX_PATH}:/home/lin/ros_ws/install/sdformat_tools:/home/lin/train2/src/install/fishbot_description:/home/lin/train2/src/install/example_py:/opt/ros/humble /usr/local/bin/cmake --build /home/lin/train2/src/build/csm -- -j8 -l8
[0.929s] Invoking command in '/home/lin/train2/src/build/csm': CMAKE_PREFIX_PATH=${CMAKE_PREFIX_PATH}:/home/lin/ros_ws/install/sdformat_tools:/home/lin/train2/src/install/fishbot_description:/home/lin/train2/src/install/example_py:/opt/ros/humble /usr/local/bin/cmake --install /home/lin/train2/src/build/csm
[0.976s] -- Install configuration: ""
[0.976s] -- Execute custom install script
[0.981s] -- Up-to-date symlink: /home/lin/train2/src/install/csm/lib/libcsm.so
[0.981s] -- Up-to-date symlink: /home/lin/train2/src/install/csm/include/..//include/csm/algos.h
[0.981s] -- Up-to-date symlink: /home/lin/train2/src/install/csm/include/..//include/csm/csm.h
[0.981s] -- Up-to-date symlink: /home/lin/train2/src/install/csm/include/..//include/csm/laser_data.h
[0.981s] -- Up-to-date symlink: /home/lin/train2/src/install/csm/include/..//include/csm/laser_data_inline.h
[0.981s] -- Up-to-date symlink: /home/lin/train2/src/install/csm/include/..//include/csm/restrict.h
[0.981s] -- Up-to-date symlink: /home/lin/train2/src/install/csm/include/..//include/gsl_eigen/gsl_eigen.h
[0.981s] -- Up-to-date symlink: /home/lin/train2/src/install/csm/share/csm/resource/csm
[0.982s] -- Up-to-date symlink: /home/lin/train2/src/install/csm/include/../gsl_eigen/gsl_eigen.h
[0.986s] -- Up-to-date symlink: /home/lin/train2/src/install/csm/share/csm/environment/library_path.sh
[0.986s] -- Up-to-date symlink: /home/lin/train2/src/install/csm/share/csm/environment/library_path.dsv
[0.987s] -- Up-to-date symlink: /home/lin/train2/src/install/csm/share/ament_index/resource_index/package_run_dependencies/csm
[0.987s] -- Up-to-date symlink: /home/lin/train2/src/install/csm/share/ament_index/resource_index/parent_prefix_path/csm
[0.987s] -- Up-to-date symlink: /home/lin/train2/src/install/csm/share/csm/environment/ament_prefix_path.sh
[0.987s] -- Up-to-date symlink: /home/lin/train2/src/install/csm/share/csm/environment/ament_prefix_path.dsv
[0.987s] -- Up-to-date symlink: /home/lin/train2/src/install/csm/share/csm/environment/path.sh
[0.990s] -- Up-to-date symlink: /home/lin/train2/src/install/csm/share/csm/environment/path.dsv
[0.991s] -- Up-to-date symlink: /home/lin/train2/src/install/csm/share/csm/local_setup.bash
[0.992s] -- Up-to-date symlink: /home/lin/train2/src/install/csm/share/csm/local_setup.sh
[0.992s] -- Up-to-date symlink: /home/lin/train2/src/install/csm/share/csm/local_setup.zsh
[0.997s] -- Up-to-date symlink: /home/lin/train2/src/install/csm/share/csm/local_setup.dsv
[0.997s] -- Symlinking: /home/lin/train2/src/install/csm/share/csm/package.dsv
[1.023s] -- Up-to-date symlink: /home/lin/train2/src/install/csm/share/ament_index/resource_index/packages/csm
[1.023s] -- Up-to-date symlink: /home/lin/train2/src/install/csm/share/csm/cmake/ament_cmake_export_dependencies-extras.cmake
[1.023s] -- Up-to-date symlink: /home/lin/train2/src/install/csm/share/csm/cmake/ament_cmake_export_include_directories-extras.cmake
[1.023s] -- Up-to-date symlink: /home/lin/train2/src/install/csm/share/csm/cmake/ament_cmake_export_libraries-extras.cmake
[1.023s] -- Up-to-date symlink: /home/lin/train2/src/install/csm/share/csm/cmake/csmConfig.cmake
[1.024s] -- Up-to-date symlink: /home/lin/train2/src/install/csm/share/csm/cmake/csmConfig-version.cmake
[1.029s] -- Up-to-date symlink: /home/lin/train2/src/install/csm/share/csm/package.xml
[1.150s] Invoked command in '/home/lin/train2/src/build/csm' returned '0': CMAKE_PREFIX_PATH=${CMAKE_PREFIX_PATH}:/home/lin/ros_ws/install/sdformat_tools:/home/lin/train2/src/install/fishbot_description:/home/lin/train2/src/install/example_py:/opt/ros/humble /usr/local/bin/cmake --install /home/lin/train2/src/build/csm
