/home/lin/.local/lib/python3.10/site-packages/setuptools/_distutils/dist.py:289: UserWarning: Unknown distribution option: 'tests_require'
  warnings.warn(msg)
running egg_info
creating ../build/fishbot_description/fishbot_description.egg-info
writing ../build/fishbot_description/fishbot_description.egg-info/PKG-INFO
writing dependency_links to ../build/fishbot_description/fishbot_description.egg-info/dependency_links.txt
writing requirements to ../build/fishbot_description/fishbot_description.egg-info/requires.txt
writing top-level names to ../build/fishbot_description/fishbot_description.egg-info/top_level.txt
writing manifest file '../build/fishbot_description/fishbot_description.egg-info/SOURCES.txt'
reading manifest file '../build/fishbot_description/fishbot_description.egg-info/SOURCES.txt'
writing manifest file '../build/fishbot_description/fishbot_description.egg-info/SOURCES.txt'
running build
running build_py
creating /home/lin/train2/src/build/fishbot_description/build/lib/fishbot_description
copying fishbot_description/__init__.py -> /home/lin/train2/src/build/fishbot_description/build/lib/fishbot_description
running install
running install_lib
creating /home/lin/train2/src/install/fishbot_description/lib/python3.10/site-packages/fishbot_description
copying /home/lin/train2/src/build/fishbot_description/build/lib/fishbot_description/__init__.py -> /home/lin/train2/src/install/fishbot_description/lib/python3.10/site-packages/fishbot_description
byte-compiling /home/lin/train2/src/install/fishbot_description/lib/python3.10/site-packages/fishbot_description/__init__.py to __init__.cpython-310.pyc
running install_data
creating /home/lin/train2/src/install/fishbot_description/share/ament_index/resource_index/packages
copying resource/fishbot_description -> /home/lin/train2/src/install/fishbot_description/share/ament_index/resource_index/packages
copying package.xml -> /home/lin/train2/src/install/fishbot_description/share/fishbot_description
creating /home/lin/train2/src/install/fishbot_description/share/fishbot_description/launch
copying launch/rviz2.launch.py -> /home/lin/train2/src/install/fishbot_description/share/fishbot_description/launch
creating /home/lin/train2/src/install/fishbot_description/share/fishbot_description/urdf
copying urdf/robot_base.urdf -> /home/lin/train2/src/install/fishbot_description/share/fishbot_description/urdf
running install_egg_info
Copying ../build/fishbot_description/fishbot_description.egg-info to /home/lin/train2/src/install/fishbot_description/lib/python3.10/site-packages/fishbot_description-0.0.0-py3.10.egg-info
running install_scripts
writing list of installed files to '/home/lin/train2/src/build/fishbot_description/install.log'
