[0.138s] DEBUG:colcon:Command line arguments: ['/usr/bin/colcon', 'build']
[0.138s] DEBUG:colcon:Parsed command line arguments: Namespace(log_base=None, log_level=None, verb_name='build', build_base='build', install_base='install', merge_install=False, symlink_install=False, test_result_base=None, continue_on_error=False, executor='parallel', parallel_workers=8, event_handlers=None, ignore_user_meta=False, metas=['./colcon.meta'], base_paths=['.'], packages_ignore=None, packages_ignore_regex=None, paths=None, packages_up_to=None, packages_up_to_regex=None, packages_above=None, packages_above_and_dependencies=None, packages_above_depth=None, packages_select_by_dep=None, packages_skip_by_dep=None, packages_skip_up_to=None, packages_select_build_failed=False, packages_skip_build_finished=False, packages_select_test_failures=False, packages_skip_test_passed=False, packages_select=None, packages_skip=None, packages_select_regex=None, packages_skip_regex=None, packages_start=None, packages_end=None, allow_overriding=[], cmake_args=None, cmake_target=None, cmake_target_skip_unavailable=False, cmake_clean_cache=False, cmake_clean_first=False, cmake_force_configure=False, ament_cmake_args=None, catkin_cmake_args=None, catkin_skip_building_tests=False, verb_parser=<colcon_defaults.argument_parser.defaults.DefaultArgumentsDecorator object at 0x73eacdc19420>, verb_extension=<colcon_core.verb.build.BuildVerb object at 0x73eacdd42ef0>, main=<bound method BuildVerb.main of <colcon_core.verb.build.BuildVerb object at 0x73eacdd42ef0>>)
[0.178s] Level 1:colcon.colcon_core.package_discovery:discover_packages(colcon_meta) check parameters
[0.178s] Level 1:colcon.colcon_core.package_discovery:discover_packages(recursive) check parameters
[0.178s] Level 1:colcon.colcon_core.package_discovery:discover_packages(ignore) check parameters
[0.178s] Level 1:colcon.colcon_core.package_discovery:discover_packages(path) check parameters
[0.178s] Level 1:colcon.colcon_core.package_discovery:discover_packages(colcon_meta) discover
[0.178s] Level 1:colcon.colcon_core.package_discovery:discover_packages(recursive) discover
[0.178s] INFO:colcon.colcon_core.package_discovery:Crawling recursively for packages in '/home/lin/train2/src'
[0.178s] Level 1:colcon.colcon_core.package_identification:_identify(.) by extensions ['ignore', 'ignore_ament_install']
[0.178s] Level 1:colcon.colcon_core.package_identification:_identify(.) by extension 'ignore'
[0.178s] Level 1:colcon.colcon_core.package_identification:_identify(.) by extension 'ignore_ament_install'
[0.178s] Level 1:colcon.colcon_core.package_identification:_identify(.) by extensions ['colcon_pkg']
[0.179s] Level 1:colcon.colcon_core.package_identification:_identify(.) by extension 'colcon_pkg'
[0.179s] Level 1:colcon.colcon_core.package_identification:_identify(.) by extensions ['colcon_meta']
[0.179s] Level 1:colcon.colcon_core.package_identification:_identify(.) by extension 'colcon_meta'
[0.179s] Level 1:colcon.colcon_core.package_identification:_identify(.) by extensions ['ros']
[0.179s] Level 1:colcon.colcon_core.package_identification:_identify(.) by extension 'ros'
[0.193s] Level 1:colcon.colcon_core.package_identification:_identify(.) by extensions ['cmake', 'python']
[0.194s] Level 1:colcon.colcon_core.package_identification:_identify(.) by extension 'cmake'
[0.194s] Level 1:colcon.colcon_core.package_identification:_identify(.) by extension 'python'
[0.194s] Level 1:colcon.colcon_core.package_identification:_identify(.) by extensions ['python_setup_py']
[0.194s] Level 1:colcon.colcon_core.package_identification:_identify(.) by extension 'python_setup_py'
[0.194s] Level 1:colcon.colcon_core.package_identification:_identify(build) by extensions ['ignore', 'ignore_ament_install']
[0.194s] Level 1:colcon.colcon_core.package_identification:_identify(build) by extension 'ignore'
[0.194s] Level 1:colcon.colcon_core.package_identification:_identify(build) ignored
[0.194s] Level 1:colcon.colcon_core.package_identification:_identify(example_cpp) by extensions ['ignore', 'ignore_ament_install']
[0.194s] Level 1:colcon.colcon_core.package_identification:_identify(example_cpp) by extension 'ignore'
[0.194s] Level 1:colcon.colcon_core.package_identification:_identify(example_cpp) by extension 'ignore_ament_install'
[0.194s] Level 1:colcon.colcon_core.package_identification:_identify(example_cpp) by extensions ['colcon_pkg']
[0.195s] Level 1:colcon.colcon_core.package_identification:_identify(example_cpp) by extension 'colcon_pkg'
[0.195s] Level 1:colcon.colcon_core.package_identification:_identify(example_cpp) by extensions ['colcon_meta']
[0.195s] Level 1:colcon.colcon_core.package_identification:_identify(example_cpp) by extension 'colcon_meta'
[0.195s] Level 1:colcon.colcon_core.package_identification:_identify(example_cpp) by extensions ['ros']
[0.195s] Level 1:colcon.colcon_core.package_identification:_identify(example_cpp) by extension 'ros'
[0.197s] DEBUG:colcon.colcon_core.package_identification:Package 'example_cpp' with type 'ros.ament_cmake' and name 'example_cpp'
[0.197s] Level 1:colcon.colcon_core.package_identification:_identify(example_py) by extensions ['ignore', 'ignore_ament_install']
[0.197s] Level 1:colcon.colcon_core.package_identification:_identify(example_py) by extension 'ignore'
[0.197s] Level 1:colcon.colcon_core.package_identification:_identify(example_py) by extension 'ignore_ament_install'
[0.197s] Level 1:colcon.colcon_core.package_identification:_identify(example_py) by extensions ['colcon_pkg']
[0.197s] Level 1:colcon.colcon_core.package_identification:_identify(example_py) by extension 'colcon_pkg'
[0.197s] Level 1:colcon.colcon_core.package_identification:_identify(example_py) by extensions ['colcon_meta']
[0.198s] Level 1:colcon.colcon_core.package_identification:_identify(example_py) by extension 'colcon_meta'
[0.198s] Level 1:colcon.colcon_core.package_identification:_identify(example_py) by extensions ['ros']
[0.198s] Level 1:colcon.colcon_core.package_identification:_identify(example_py) by extension 'ros'
[0.198s] DEBUG:colcon.colcon_core.package_identification:Package 'example_py' with type 'ros.ament_python' and name 'example_py'
[0.198s] Level 1:colcon.colcon_core.package_identification:_identify(example_ros2_interfaces) by extensions ['ignore', 'ignore_ament_install']
[0.198s] Level 1:colcon.colcon_core.package_identification:_identify(example_ros2_interfaces) by extension 'ignore'
[0.199s] Level 1:colcon.colcon_core.package_identification:_identify(example_ros2_interfaces) by extension 'ignore_ament_install'
[0.199s] Level 1:colcon.colcon_core.package_identification:_identify(example_ros2_interfaces) by extensions ['colcon_pkg']
[0.199s] Level 1:colcon.colcon_core.package_identification:_identify(example_ros2_interfaces) by extension 'colcon_pkg'
[0.199s] Level 1:colcon.colcon_core.package_identification:_identify(example_ros2_interfaces) by extensions ['colcon_meta']
[0.199s] Level 1:colcon.colcon_core.package_identification:_identify(example_ros2_interfaces) by extension 'colcon_meta'
[0.199s] Level 1:colcon.colcon_core.package_identification:_identify(example_ros2_interfaces) by extensions ['ros']
[0.199s] Level 1:colcon.colcon_core.package_identification:_identify(example_ros2_interfaces) by extension 'ros'
[0.199s] DEBUG:colcon.colcon_core.package_identification:Package 'example_ros2_interfaces' with type 'ros.ament_cmake' and name 'example_ros2_interfaces'
[0.200s] Level 1:colcon.colcon_core.package_identification:_identify(install) by extensions ['ignore', 'ignore_ament_install']
[0.200s] Level 1:colcon.colcon_core.package_identification:_identify(install) by extension 'ignore'
[0.200s] Level 1:colcon.colcon_core.package_identification:_identify(install) ignored
[0.200s] Level 1:colcon.colcon_core.package_identification:_identify(log) by extensions ['ignore', 'ignore_ament_install']
[0.200s] Level 1:colcon.colcon_core.package_identification:_identify(log) by extension 'ignore'
[0.200s] Level 1:colcon.colcon_core.package_identification:_identify(log) ignored
[0.200s] Level 1:colcon.colcon_core.package_identification:_identify(src) by extensions ['ignore', 'ignore_ament_install']
[0.200s] Level 1:colcon.colcon_core.package_identification:_identify(src) by extension 'ignore'
[0.200s] Level 1:colcon.colcon_core.package_identification:_identify(src) by extension 'ignore_ament_install'
[0.200s] Level 1:colcon.colcon_core.package_identification:_identify(src) by extensions ['colcon_pkg']
[0.200s] Level 1:colcon.colcon_core.package_identification:_identify(src) by extension 'colcon_pkg'
[0.200s] Level 1:colcon.colcon_core.package_identification:_identify(src) by extensions ['colcon_meta']
[0.201s] Level 1:colcon.colcon_core.package_identification:_identify(src) by extension 'colcon_meta'
[0.201s] Level 1:colcon.colcon_core.package_identification:_identify(src) by extensions ['ros']
[0.201s] Level 1:colcon.colcon_core.package_identification:_identify(src) by extension 'ros'
[0.201s] Level 1:colcon.colcon_core.package_identification:_identify(src) by extensions ['cmake', 'python']
[0.201s] Level 1:colcon.colcon_core.package_identification:_identify(src) by extension 'cmake'
[0.201s] Level 1:colcon.colcon_core.package_identification:_identify(src) by extension 'python'
[0.201s] Level 1:colcon.colcon_core.package_identification:_identify(src) by extensions ['python_setup_py']
[0.201s] Level 1:colcon.colcon_core.package_identification:_identify(src) by extension 'python_setup_py'
[0.201s] Level 1:colcon.colcon_core.package_identification:_identify(src/robot_startup) by extensions ['ignore', 'ignore_ament_install']
[0.201s] Level 1:colcon.colcon_core.package_identification:_identify(src/robot_startup) by extension 'ignore'
[0.201s] Level 1:colcon.colcon_core.package_identification:_identify(src/robot_startup) by extension 'ignore_ament_install'
[0.201s] Level 1:colcon.colcon_core.package_identification:_identify(src/robot_startup) by extensions ['colcon_pkg']
[0.201s] Level 1:colcon.colcon_core.package_identification:_identify(src/robot_startup) by extension 'colcon_pkg'
[0.201s] Level 1:colcon.colcon_core.package_identification:_identify(src/robot_startup) by extensions ['colcon_meta']
[0.202s] Level 1:colcon.colcon_core.package_identification:_identify(src/robot_startup) by extension 'colcon_meta'
[0.202s] Level 1:colcon.colcon_core.package_identification:_identify(src/robot_startup) by extensions ['ros']
[0.202s] Level 1:colcon.colcon_core.package_identification:_identify(src/robot_startup) by extension 'ros'
[0.202s] DEBUG:colcon.colcon_core.package_identification:Package 'src/robot_startup' with type 'ros.ament_cmake' and name 'robot_startup'
[0.202s] Level 1:colcon.colcon_core.package_discovery:discover_packages(recursive) using defaults
[0.202s] Level 1:colcon.colcon_core.package_discovery:discover_packages(ignore) discover
[0.202s] Level 1:colcon.colcon_core.package_discovery:discover_packages(ignore) using defaults
[0.202s] Level 1:colcon.colcon_core.package_discovery:discover_packages(path) discover
[0.202s] Level 1:colcon.colcon_core.package_discovery:discover_packages(path) using defaults
[0.221s] Level 1:colcon.colcon_core.package_discovery:discover_packages(prefix_path) check parameters
[0.221s] Level 1:colcon.colcon_core.package_discovery:discover_packages(prefix_path) discover
[0.223s] WARNING:colcon.colcon_core.prefix_path.colcon:The path '/home/lin/train2/install' in the environment variable COLCON_PREFIX_PATH doesn't exist
[0.223s] WARNING:colcon.colcon_ros.prefix_path.ament:The path '/home/lin/train2/install/example_cpp' in the environment variable AMENT_PREFIX_PATH doesn't exist
[0.223s] WARNING:colcon.colcon_ros.prefix_path.ament:The path '/home/lin/train2/install/example_ros2_interfaces' in the environment variable AMENT_PREFIX_PATH doesn't exist
[0.223s] WARNING:colcon.colcon_ros.prefix_path.ament:The path '/home/lin/train2/install/example_py' in the environment variable AMENT_PREFIX_PATH doesn't exist
[0.223s] WARNING:colcon.colcon_ros.prefix_path.catkin:The path '/home/lin/train2/install/example_cpp' in the environment variable CMAKE_PREFIX_PATH doesn't exist
[0.224s] WARNING:colcon.colcon_ros.prefix_path.catkin:The path '/home/lin/train2/install/example_ros2_interfaces' in the environment variable CMAKE_PREFIX_PATH doesn't exist
[0.225s] DEBUG:colcon.colcon_installed_package_information.package_discovery:Found 3 installed packages in /home/lin/train2/src/install
[0.227s] DEBUG:colcon.colcon_installed_package_information.package_discovery:Found 272 installed packages in /opt/ros/humble
[0.229s] Level 1:colcon.colcon_core.package_discovery:discover_packages(prefix_path) using defaults
[0.295s] Level 5:colcon.colcon_core.verb:set package 'example_py' build argument 'cmake_args' from command line to 'None'
[0.295s] Level 5:colcon.colcon_core.verb:set package 'example_py' build argument 'cmake_target' from command line to 'None'
[0.295s] Level 5:colcon.colcon_core.verb:set package 'example_py' build argument 'cmake_target_skip_unavailable' from command line to 'False'
[0.296s] Level 5:colcon.colcon_core.verb:set package 'example_py' build argument 'cmake_clean_cache' from command line to 'False'
[0.296s] Level 5:colcon.colcon_core.verb:set package 'example_py' build argument 'cmake_clean_first' from command line to 'False'
[0.296s] Level 5:colcon.colcon_core.verb:set package 'example_py' build argument 'cmake_force_configure' from command line to 'False'
[0.296s] Level 5:colcon.colcon_core.verb:set package 'example_py' build argument 'ament_cmake_args' from command line to 'None'
[0.296s] Level 5:colcon.colcon_core.verb:set package 'example_py' build argument 'catkin_cmake_args' from command line to 'None'
[0.296s] Level 5:colcon.colcon_core.verb:set package 'example_py' build argument 'catkin_skip_building_tests' from command line to 'False'
[0.296s] DEBUG:colcon.colcon_core.verb:Building package 'example_py' with the following arguments: {'ament_cmake_args': None, 'build_base': '/home/lin/train2/src/build/example_py', 'catkin_cmake_args': None, 'catkin_skip_building_tests': False, 'cmake_args': None, 'cmake_clean_cache': False, 'cmake_clean_first': False, 'cmake_force_configure': False, 'cmake_target': None, 'cmake_target_skip_unavailable': False, 'install_base': '/home/lin/train2/src/install/example_py', 'merge_install': False, 'path': '/home/lin/train2/src/example_py', 'symlink_install': False, 'test_result_base': None}
[0.297s] Level 5:colcon.colcon_core.verb:set package 'example_ros2_interfaces' build argument 'cmake_args' from command line to 'None'
[0.297s] Level 5:colcon.colcon_core.verb:set package 'example_ros2_interfaces' build argument 'cmake_target' from command line to 'None'
[0.297s] Level 5:colcon.colcon_core.verb:set package 'example_ros2_interfaces' build argument 'cmake_target_skip_unavailable' from command line to 'False'
[0.297s] Level 5:colcon.colcon_core.verb:set package 'example_ros2_interfaces' build argument 'cmake_clean_cache' from command line to 'False'
[0.297s] Level 5:colcon.colcon_core.verb:set package 'example_ros2_interfaces' build argument 'cmake_clean_first' from command line to 'False'
[0.297s] Level 5:colcon.colcon_core.verb:set package 'example_ros2_interfaces' build argument 'cmake_force_configure' from command line to 'False'
[0.297s] Level 5:colcon.colcon_core.verb:set package 'example_ros2_interfaces' build argument 'ament_cmake_args' from command line to 'None'
[0.297s] Level 5:colcon.colcon_core.verb:set package 'example_ros2_interfaces' build argument 'catkin_cmake_args' from command line to 'None'
[0.297s] Level 5:colcon.colcon_core.verb:set package 'example_ros2_interfaces' build argument 'catkin_skip_building_tests' from command line to 'False'
[0.297s] DEBUG:colcon.colcon_core.verb:Building package 'example_ros2_interfaces' with the following arguments: {'ament_cmake_args': None, 'build_base': '/home/lin/train2/src/build/example_ros2_interfaces', 'catkin_cmake_args': None, 'catkin_skip_building_tests': False, 'cmake_args': None, 'cmake_clean_cache': False, 'cmake_clean_first': False, 'cmake_force_configure': False, 'cmake_target': None, 'cmake_target_skip_unavailable': False, 'install_base': '/home/lin/train2/src/install/example_ros2_interfaces', 'merge_install': False, 'path': '/home/lin/train2/src/example_ros2_interfaces', 'symlink_install': False, 'test_result_base': None}
[0.298s] Level 5:colcon.colcon_core.verb:set package 'robot_startup' build argument 'cmake_args' from command line to 'None'
[0.298s] Level 5:colcon.colcon_core.verb:set package 'robot_startup' build argument 'cmake_target' from command line to 'None'
[0.298s] Level 5:colcon.colcon_core.verb:set package 'robot_startup' build argument 'cmake_target_skip_unavailable' from command line to 'False'
[0.298s] Level 5:colcon.colcon_core.verb:set package 'robot_startup' build argument 'cmake_clean_cache' from command line to 'False'
[0.298s] Level 5:colcon.colcon_core.verb:set package 'robot_startup' build argument 'cmake_clean_first' from command line to 'False'
[0.298s] Level 5:colcon.colcon_core.verb:set package 'robot_startup' build argument 'cmake_force_configure' from command line to 'False'
[0.298s] Level 5:colcon.colcon_core.verb:set package 'robot_startup' build argument 'ament_cmake_args' from command line to 'None'
[0.298s] Level 5:colcon.colcon_core.verb:set package 'robot_startup' build argument 'catkin_cmake_args' from command line to 'None'
[0.299s] Level 5:colcon.colcon_core.verb:set package 'robot_startup' build argument 'catkin_skip_building_tests' from command line to 'False'
[0.299s] DEBUG:colcon.colcon_core.verb:Building package 'robot_startup' with the following arguments: {'ament_cmake_args': None, 'build_base': '/home/lin/train2/src/build/robot_startup', 'catkin_cmake_args': None, 'catkin_skip_building_tests': False, 'cmake_args': None, 'cmake_clean_cache': False, 'cmake_clean_first': False, 'cmake_force_configure': False, 'cmake_target': None, 'cmake_target_skip_unavailable': False, 'install_base': '/home/lin/train2/src/install/robot_startup', 'merge_install': False, 'path': '/home/lin/train2/src/src/robot_startup', 'symlink_install': False, 'test_result_base': None}
[0.299s] Level 5:colcon.colcon_core.verb:set package 'example_cpp' build argument 'cmake_args' from command line to 'None'
[0.299s] Level 5:colcon.colcon_core.verb:set package 'example_cpp' build argument 'cmake_target' from command line to 'None'
[0.299s] Level 5:colcon.colcon_core.verb:set package 'example_cpp' build argument 'cmake_target_skip_unavailable' from command line to 'False'
[0.299s] Level 5:colcon.colcon_core.verb:set package 'example_cpp' build argument 'cmake_clean_cache' from command line to 'False'
[0.299s] Level 5:colcon.colcon_core.verb:set package 'example_cpp' build argument 'cmake_clean_first' from command line to 'False'
[0.300s] Level 5:colcon.colcon_core.verb:set package 'example_cpp' build argument 'cmake_force_configure' from command line to 'False'
[0.300s] Level 5:colcon.colcon_core.verb:set package 'example_cpp' build argument 'ament_cmake_args' from command line to 'None'
[0.300s] Level 5:colcon.colcon_core.verb:set package 'example_cpp' build argument 'catkin_cmake_args' from command line to 'None'
[0.300s] Level 5:colcon.colcon_core.verb:set package 'example_cpp' build argument 'catkin_skip_building_tests' from command line to 'False'
[0.300s] DEBUG:colcon.colcon_core.verb:Building package 'example_cpp' with the following arguments: {'ament_cmake_args': None, 'build_base': '/home/lin/train2/src/build/example_cpp', 'catkin_cmake_args': None, 'catkin_skip_building_tests': False, 'cmake_args': None, 'cmake_clean_cache': False, 'cmake_clean_first': False, 'cmake_force_configure': False, 'cmake_target': None, 'cmake_target_skip_unavailable': False, 'install_base': '/home/lin/train2/src/install/example_cpp', 'merge_install': False, 'path': '/home/lin/train2/src/example_cpp', 'symlink_install': False, 'test_result_base': None}
[0.300s] INFO:colcon.colcon_core.executor:Executing jobs using 'parallel' executor
[0.302s] DEBUG:colcon.colcon_parallel_executor.executor.parallel:run_until_complete
[0.303s] INFO:colcon.colcon_ros.task.ament_cmake.build:Building ROS package in '/home/lin/train2/src/example_ros2_interfaces' with build type 'ament_cmake'
[0.303s] INFO:colcon.colcon_cmake.task.cmake.build:Building CMake package in '/home/lin/train2/src/example_ros2_interfaces'
[0.308s] INFO:colcon.colcon_core.plugin_system:Skipping extension 'colcon_core.shell.bat': Not used on non-Windows systems
[0.308s] INFO:colcon.colcon_core.shell:Skip shell extension 'powershell' for command environment: Not usable outside of PowerShell
[0.308s] DEBUG:colcon.colcon_core.shell:Skip shell extension 'dsv' for command environment
[0.319s] INFO:colcon.colcon_ros.task.ament_python.build:Building ROS package in '/home/lin/train2/src/example_py' with build type 'ament_python'
[0.320s] Level 1:colcon.colcon_core.shell:create_environment_hook('example_py', 'ament_prefix_path')
[0.321s] INFO:colcon.colcon_core.shell:Creating environment hook '/home/lin/train2/src/install/example_py/share/example_py/hook/ament_prefix_path.ps1'
[0.322s] INFO:colcon.colcon_core.shell:Creating environment descriptor '/home/lin/train2/src/install/example_py/share/example_py/hook/ament_prefix_path.dsv'
[0.323s] INFO:colcon.colcon_core.shell:Creating environment hook '/home/lin/train2/src/install/example_py/share/example_py/hook/ament_prefix_path.sh'
[0.325s] INFO:colcon.colcon_core.shell:Skip shell extension 'powershell' for command environment: Not usable outside of PowerShell
[0.325s] DEBUG:colcon.colcon_core.shell:Skip shell extension 'dsv' for command environment
[0.335s] INFO:colcon.colcon_ros.task.ament_cmake.build:Building ROS package in '/home/lin/train2/src/src/robot_startup' with build type 'ament_cmake'
[0.335s] INFO:colcon.colcon_cmake.task.cmake.build:Building CMake package in '/home/lin/train2/src/src/robot_startup'
[0.335s] INFO:colcon.colcon_core.shell:Skip shell extension 'powershell' for command environment: Not usable outside of PowerShell
[0.335s] DEBUG:colcon.colcon_core.shell:Skip shell extension 'dsv' for command environment
[0.353s] DEBUG:colcon.colcon_core.event_handler.log_command:Invoking command in '/home/lin/train2/src/build/example_ros2_interfaces': CMAKE_PREFIX_PATH=${CMAKE_PREFIX_PATH}:/home/lin/train2/src/install/example_py:/home/lin/train2/install/example_py:/opt/ros/humble /usr/local/bin/cmake /home/lin/train2/src/example_ros2_interfaces -DCMAKE_INSTALL_PREFIX=/home/lin/train2/src/install/example_ros2_interfaces
[0.784s] INFO:colcon.colcon_core.task.python.build:Building Python package in '/home/lin/train2/src/example_py'
[0.785s] INFO:colcon.colcon_core.shell:Skip shell extension 'powershell' for command environment: Not usable outside of PowerShell
[0.785s] DEBUG:colcon.colcon_core.shell:Skip shell extension 'dsv' for command environment
[0.812s] DEBUG:colcon.colcon_core.event_handler.log_command:Invoking command in '/home/lin/train2/src/build/robot_startup': CMAKE_PREFIX_PATH=${CMAKE_PREFIX_PATH}:/home/lin/train2/src/install/example_py:/home/lin/train2/install/example_py:/opt/ros/humble /usr/local/bin/cmake /home/lin/train2/src/src/robot_startup -DCMAKE_INSTALL_PREFIX=/home/lin/train2/src/install/robot_startup
[1.782s] DEBUG:colcon.colcon_core.event_handler.log_command:Invoking command in '/home/lin/train2/src/example_py': PYTHONPATH=/home/lin/train2/src/build/example_py/prefix_override:/usr/lib/python3/dist-packages/colcon_core/task/python/colcon_distutils_commands:/home/lin/train2/src/install/example_py/lib/python3.10/site-packages:${PYTHONPATH} /usr/bin/python3 -W ignore:setup.py install is deprecated -W ignore:easy_install command is deprecated setup.py egg_info --egg-base ../build/example_py build --build-base /home/lin/train2/src/build/example_py/build install --record /home/lin/train2/src/build/example_py/install.log --single-version-externally-managed install_data
[2.721s] DEBUG:colcon.colcon_core.event_handler.log_command:Invoked command in '/home/lin/train2/src/build/robot_startup' returned '0': CMAKE_PREFIX_PATH=${CMAKE_PREFIX_PATH}:/home/lin/train2/src/install/example_py:/home/lin/train2/install/example_py:/opt/ros/humble /usr/local/bin/cmake /home/lin/train2/src/src/robot_startup -DCMAKE_INSTALL_PREFIX=/home/lin/train2/src/install/robot_startup
[2.729s] DEBUG:colcon.colcon_core.event_handler.log_command:Invoking command in '/home/lin/train2/src/build/robot_startup': CMAKE_PREFIX_PATH=${CMAKE_PREFIX_PATH}:/home/lin/train2/src/install/example_py:/home/lin/train2/install/example_py:/opt/ros/humble /usr/local/bin/cmake --build /home/lin/train2/src/build/robot_startup -- -j8 -l8
[2.776s] DEBUG:colcon.colcon_core.event_handler.log_command:Invoked command in '/home/lin/train2/src/example_py' returned '0': PYTHONPATH=/home/lin/train2/src/build/example_py/prefix_override:/usr/lib/python3/dist-packages/colcon_core/task/python/colcon_distutils_commands:/home/lin/train2/src/install/example_py/lib/python3.10/site-packages:${PYTHONPATH} /usr/bin/python3 -W ignore:setup.py install is deprecated -W ignore:easy_install command is deprecated setup.py egg_info --egg-base ../build/example_py build --build-base /home/lin/train2/src/build/example_py/build install --record /home/lin/train2/src/build/example_py/install.log --single-version-externally-managed install_data
[2.780s] Level 1:colcon.colcon_core.environment:checking '/home/lin/train2/src/install/example_py' for CMake module files
[2.781s] Level 1:colcon.colcon_core.environment:checking '/home/lin/train2/src/install/example_py' for CMake config files
[2.783s] Level 1:colcon.colcon_core.environment:checking '/home/lin/train2/src/install/example_py/lib'
[2.783s] Level 1:colcon.colcon_core.environment:checking '/home/lin/train2/src/install/example_py/bin'
[2.783s] Level 1:colcon.colcon_core.environment:checking '/home/lin/train2/src/install/example_py/lib/pkgconfig/example_py.pc'
[2.784s] Level 1:colcon.colcon_core.environment:checking '/home/lin/train2/src/install/example_py/lib/python3.10/site-packages'
[2.784s] Level 1:colcon.colcon_core.shell:create_environment_hook('example_py', 'pythonpath')
[2.784s] INFO:colcon.colcon_core.shell:Creating environment hook '/home/lin/train2/src/install/example_py/share/example_py/hook/pythonpath.ps1'
[2.786s] INFO:colcon.colcon_core.shell:Creating environment descriptor '/home/lin/train2/src/install/example_py/share/example_py/hook/pythonpath.dsv'
[2.791s] INFO:colcon.colcon_core.shell:Creating environment hook '/home/lin/train2/src/install/example_py/share/example_py/hook/pythonpath.sh'
[2.798s] Level 1:colcon.colcon_core.environment:checking '/home/lin/train2/src/install/example_py/bin'
[2.798s] Level 1:colcon.colcon_core.environment:create_environment_scripts_only(example_py)
[2.798s] INFO:colcon.colcon_core.shell:Creating package script '/home/lin/train2/src/install/example_py/share/example_py/package.ps1'
[2.799s] INFO:colcon.colcon_core.shell:Creating package descriptor '/home/lin/train2/src/install/example_py/share/example_py/package.dsv'
[2.800s] INFO:colcon.colcon_core.shell:Creating package script '/home/lin/train2/src/install/example_py/share/example_py/package.sh'
[2.802s] INFO:colcon.colcon_core.shell:Creating package script '/home/lin/train2/src/install/example_py/share/example_py/package.bash'
[2.803s] INFO:colcon.colcon_core.shell:Creating package script '/home/lin/train2/src/install/example_py/share/example_py/package.zsh'
[2.804s] Level 1:colcon.colcon_core.environment:create_file_with_runtime_dependencies(/home/lin/train2/src/install/example_py/share/colcon-core/packages/example_py)
[2.824s] DEBUG:colcon.colcon_core.event_handler.log_command:Invoked command in '/home/lin/train2/src/build/robot_startup' returned '0': CMAKE_PREFIX_PATH=${CMAKE_PREFIX_PATH}:/home/lin/train2/src/install/example_py:/home/lin/train2/install/example_py:/opt/ros/humble /usr/local/bin/cmake --build /home/lin/train2/src/build/robot_startup -- -j8 -l8
[2.833s] DEBUG:colcon.colcon_core.event_handler.log_command:Invoking command in '/home/lin/train2/src/build/robot_startup': CMAKE_PREFIX_PATH=${CMAKE_PREFIX_PATH}:/home/lin/train2/src/install/example_py:/home/lin/train2/install/example_py:/opt/ros/humble /usr/local/bin/cmake --install /home/lin/train2/src/build/robot_startup
[2.855s] Level 1:colcon.colcon_core.environment:create_environment_scripts_only(robot_startup)
[2.855s] Level 1:colcon.colcon_core.environment:checking '/home/lin/train2/src/install/robot_startup' for CMake module files
[2.857s] Level 1:colcon.colcon_core.environment:checking '/home/lin/train2/src/install/robot_startup' for CMake config files
[2.857s] Level 1:colcon.colcon_core.shell:create_environment_hook('robot_startup', 'cmake_prefix_path')
[2.858s] INFO:colcon.colcon_core.shell:Creating environment hook '/home/lin/train2/src/install/robot_startup/share/robot_startup/hook/cmake_prefix_path.ps1'
[2.859s] INFO:colcon.colcon_core.shell:Creating environment descriptor '/home/lin/train2/src/install/robot_startup/share/robot_startup/hook/cmake_prefix_path.dsv'
[2.859s] INFO:colcon.colcon_core.shell:Creating environment hook '/home/lin/train2/src/install/robot_startup/share/robot_startup/hook/cmake_prefix_path.sh'
[2.861s] Level 1:colcon.colcon_core.environment:checking '/home/lin/train2/src/install/robot_startup/bin'
[2.861s] Level 1:colcon.colcon_core.environment:checking '/home/lin/train2/src/install/robot_startup/lib/pkgconfig/robot_startup.pc'
[2.861s] Level 1:colcon.colcon_core.environment:checking '/home/lin/train2/src/install/robot_startup/lib/python3.10/site-packages'
[2.861s] Level 1:colcon.colcon_core.environment:checking '/home/lin/train2/src/install/robot_startup/bin'
[2.862s] INFO:colcon.colcon_core.shell:Creating package script '/home/lin/train2/src/install/robot_startup/share/robot_startup/package.ps1'
[2.864s] DEBUG:colcon.colcon_core.event_handler.log_command:Invoked command in '/home/lin/train2/src/build/robot_startup' returned '0': CMAKE_PREFIX_PATH=${CMAKE_PREFIX_PATH}:/home/lin/train2/src/install/example_py:/home/lin/train2/install/example_py:/opt/ros/humble /usr/local/bin/cmake --install /home/lin/train2/src/build/robot_startup
[2.864s] INFO:colcon.colcon_core.shell:Creating package descriptor '/home/lin/train2/src/install/robot_startup/share/robot_startup/package.dsv'
[2.865s] INFO:colcon.colcon_core.shell:Creating package script '/home/lin/train2/src/install/robot_startup/share/robot_startup/package.sh'
[2.866s] INFO:colcon.colcon_core.shell:Creating package script '/home/lin/train2/src/install/robot_startup/share/robot_startup/package.bash'
[2.866s] INFO:colcon.colcon_core.shell:Creating package script '/home/lin/train2/src/install/robot_startup/share/robot_startup/package.zsh'
[2.867s] Level 1:colcon.colcon_core.environment:create_file_with_runtime_dependencies(/home/lin/train2/src/install/robot_startup/share/colcon-core/packages/robot_startup)
[2.868s] Level 1:colcon.colcon_core.environment:create_environment_scripts_only(robot_startup)
[2.868s] Level 1:colcon.colcon_core.environment:checking '/home/lin/train2/src/install/robot_startup' for CMake module files
[2.869s] Level 1:colcon.colcon_core.environment:checking '/home/lin/train2/src/install/robot_startup' for CMake config files
[2.870s] Level 1:colcon.colcon_core.shell:create_environment_hook('robot_startup', 'cmake_prefix_path')
[2.870s] INFO:colcon.colcon_core.shell:Creating environment hook '/home/lin/train2/src/install/robot_startup/share/robot_startup/hook/cmake_prefix_path.ps1'
[2.871s] INFO:colcon.colcon_core.shell:Creating environment descriptor '/home/lin/train2/src/install/robot_startup/share/robot_startup/hook/cmake_prefix_path.dsv'
[2.871s] INFO:colcon.colcon_core.shell:Creating environment hook '/home/lin/train2/src/install/robot_startup/share/robot_startup/hook/cmake_prefix_path.sh'
[2.872s] Level 1:colcon.colcon_core.environment:checking '/home/lin/train2/src/install/robot_startup/bin'
[2.873s] Level 1:colcon.colcon_core.environment:checking '/home/lin/train2/src/install/robot_startup/lib/pkgconfig/robot_startup.pc'
[2.873s] Level 1:colcon.colcon_core.environment:checking '/home/lin/train2/src/install/robot_startup/lib/python3.10/site-packages'
[2.873s] Level 1:colcon.colcon_core.environment:checking '/home/lin/train2/src/install/robot_startup/bin'
[2.874s] INFO:colcon.colcon_core.shell:Creating package script '/home/lin/train2/src/install/robot_startup/share/robot_startup/package.ps1'
[2.874s] INFO:colcon.colcon_core.shell:Creating package descriptor '/home/lin/train2/src/install/robot_startup/share/robot_startup/package.dsv'
[2.875s] INFO:colcon.colcon_core.shell:Creating package script '/home/lin/train2/src/install/robot_startup/share/robot_startup/package.sh'
[2.876s] INFO:colcon.colcon_core.shell:Creating package script '/home/lin/train2/src/install/robot_startup/share/robot_startup/package.bash'
[2.877s] INFO:colcon.colcon_core.shell:Creating package script '/home/lin/train2/src/install/robot_startup/share/robot_startup/package.zsh'
[2.878s] Level 1:colcon.colcon_core.environment:create_file_with_runtime_dependencies(/home/lin/train2/src/install/robot_startup/share/colcon-core/packages/robot_startup)
[6.466s] DEBUG:colcon.colcon_core.event_handler.log_command:Invoked command in '/home/lin/train2/src/build/example_ros2_interfaces' returned '0': CMAKE_PREFIX_PATH=${CMAKE_PREFIX_PATH}:/home/lin/train2/src/install/example_py:/home/lin/train2/install/example_py:/opt/ros/humble /usr/local/bin/cmake /home/lin/train2/src/example_ros2_interfaces -DCMAKE_INSTALL_PREFIX=/home/lin/train2/src/install/example_ros2_interfaces
[6.469s] DEBUG:colcon.colcon_core.event_handler.log_command:Invoking command in '/home/lin/train2/src/build/example_ros2_interfaces': CMAKE_PREFIX_PATH=${CMAKE_PREFIX_PATH}:/home/lin/train2/src/install/example_py:/home/lin/train2/install/example_py:/opt/ros/humble /usr/local/bin/cmake --build /home/lin/train2/src/build/example_ros2_interfaces -- -j8 -l8
[12.156s] DEBUG:colcon.colcon_core.event_handler.log_command:Invoked command in '/home/lin/train2/src/build/example_ros2_interfaces' returned '0': CMAKE_PREFIX_PATH=${CMAKE_PREFIX_PATH}:/home/lin/train2/src/install/example_py:/home/lin/train2/install/example_py:/opt/ros/humble /usr/local/bin/cmake --build /home/lin/train2/src/build/example_ros2_interfaces -- -j8 -l8
[12.158s] DEBUG:colcon.colcon_core.event_handler.log_command:Invoking command in '/home/lin/train2/src/build/example_ros2_interfaces': CMAKE_PREFIX_PATH=${CMAKE_PREFIX_PATH}:/home/lin/train2/src/install/example_py:/home/lin/train2/install/example_py:/opt/ros/humble /usr/local/bin/cmake --install /home/lin/train2/src/build/example_ros2_interfaces
[12.387s] Level 1:colcon.colcon_core.environment:create_environment_scripts_only(example_ros2_interfaces)
[12.387s] Level 1:colcon.colcon_core.environment:checking '/home/lin/train2/src/install/example_ros2_interfaces' for CMake module files
[12.389s] DEBUG:colcon.colcon_core.event_handler.log_command:Invoked command in '/home/lin/train2/src/build/example_ros2_interfaces' returned '0': CMAKE_PREFIX_PATH=${CMAKE_PREFIX_PATH}:/home/lin/train2/src/install/example_py:/home/lin/train2/install/example_py:/opt/ros/humble /usr/local/bin/cmake --install /home/lin/train2/src/build/example_ros2_interfaces
[12.390s] Level 1:colcon.colcon_core.environment:checking '/home/lin/train2/src/install/example_ros2_interfaces' for CMake config files
[12.393s] Level 1:colcon.colcon_core.shell:create_environment_hook('example_ros2_interfaces', 'cmake_prefix_path')
[12.394s] INFO:colcon.colcon_core.shell:Creating environment hook '/home/lin/train2/src/install/example_ros2_interfaces/share/example_ros2_interfaces/hook/cmake_prefix_path.ps1'
[12.395s] INFO:colcon.colcon_core.shell:Creating environment descriptor '/home/lin/train2/src/install/example_ros2_interfaces/share/example_ros2_interfaces/hook/cmake_prefix_path.dsv'
[12.395s] INFO:colcon.colcon_core.shell:Creating environment hook '/home/lin/train2/src/install/example_ros2_interfaces/share/example_ros2_interfaces/hook/cmake_prefix_path.sh'
[12.397s] Level 1:colcon.colcon_core.environment:checking '/home/lin/train2/src/install/example_ros2_interfaces/lib'
[12.397s] Level 1:colcon.colcon_core.shell:create_environment_hook('example_ros2_interfaces', 'ld_library_path_lib')
[12.397s] INFO:colcon.colcon_core.shell:Creating environment hook '/home/lin/train2/src/install/example_ros2_interfaces/share/example_ros2_interfaces/hook/ld_library_path_lib.ps1'
[12.398s] INFO:colcon.colcon_core.shell:Creating environment descriptor '/home/lin/train2/src/install/example_ros2_interfaces/share/example_ros2_interfaces/hook/ld_library_path_lib.dsv'
[12.399s] INFO:colcon.colcon_core.shell:Creating environment hook '/home/lin/train2/src/install/example_ros2_interfaces/share/example_ros2_interfaces/hook/ld_library_path_lib.sh'
[12.400s] Level 1:colcon.colcon_core.environment:checking '/home/lin/train2/src/install/example_ros2_interfaces/bin'
[12.400s] Level 1:colcon.colcon_core.environment:checking '/home/lin/train2/src/install/example_ros2_interfaces/lib/pkgconfig/example_ros2_interfaces.pc'
[12.401s] Level 1:colcon.colcon_core.environment:checking '/home/lin/train2/src/install/example_ros2_interfaces/lib/python3.10/site-packages'
[12.401s] Level 1:colcon.colcon_core.environment:checking '/home/lin/train2/src/install/example_ros2_interfaces/bin'
[12.401s] INFO:colcon.colcon_core.shell:Creating package script '/home/lin/train2/src/install/example_ros2_interfaces/share/example_ros2_interfaces/package.ps1'
[12.402s] INFO:colcon.colcon_core.shell:Creating package descriptor '/home/lin/train2/src/install/example_ros2_interfaces/share/example_ros2_interfaces/package.dsv'
[12.403s] INFO:colcon.colcon_core.shell:Creating package script '/home/lin/train2/src/install/example_ros2_interfaces/share/example_ros2_interfaces/package.sh'
[12.404s] INFO:colcon.colcon_core.shell:Creating package script '/home/lin/train2/src/install/example_ros2_interfaces/share/example_ros2_interfaces/package.bash'
[12.405s] INFO:colcon.colcon_core.shell:Creating package script '/home/lin/train2/src/install/example_ros2_interfaces/share/example_ros2_interfaces/package.zsh'
[12.406s] Level 1:colcon.colcon_core.environment:create_file_with_runtime_dependencies(/home/lin/train2/src/install/example_ros2_interfaces/share/colcon-core/packages/example_ros2_interfaces)
[12.407s] Level 1:colcon.colcon_core.environment:create_environment_scripts_only(example_ros2_interfaces)
[12.407s] Level 1:colcon.colcon_core.environment:checking '/home/lin/train2/src/install/example_ros2_interfaces' for CMake module files
[12.409s] Level 1:colcon.colcon_core.environment:checking '/home/lin/train2/src/install/example_ros2_interfaces' for CMake config files
[12.412s] Level 1:colcon.colcon_core.shell:create_environment_hook('example_ros2_interfaces', 'cmake_prefix_path')
[12.412s] INFO:colcon.colcon_core.shell:Creating environment hook '/home/lin/train2/src/install/example_ros2_interfaces/share/example_ros2_interfaces/hook/cmake_prefix_path.ps1'
[12.413s] INFO:colcon.colcon_core.shell:Creating environment descriptor '/home/lin/train2/src/install/example_ros2_interfaces/share/example_ros2_interfaces/hook/cmake_prefix_path.dsv'
[12.414s] INFO:colcon.colcon_core.shell:Creating environment hook '/home/lin/train2/src/install/example_ros2_interfaces/share/example_ros2_interfaces/hook/cmake_prefix_path.sh'
[12.416s] Level 1:colcon.colcon_core.environment:checking '/home/lin/train2/src/install/example_ros2_interfaces/lib'
[12.416s] Level 1:colcon.colcon_core.shell:create_environment_hook('example_ros2_interfaces', 'ld_library_path_lib')
[12.416s] INFO:colcon.colcon_core.shell:Creating environment hook '/home/lin/train2/src/install/example_ros2_interfaces/share/example_ros2_interfaces/hook/ld_library_path_lib.ps1'
[12.417s] INFO:colcon.colcon_core.shell:Creating environment descriptor '/home/lin/train2/src/install/example_ros2_interfaces/share/example_ros2_interfaces/hook/ld_library_path_lib.dsv'
[12.417s] INFO:colcon.colcon_core.shell:Creating environment hook '/home/lin/train2/src/install/example_ros2_interfaces/share/example_ros2_interfaces/hook/ld_library_path_lib.sh'
[12.418s] Level 1:colcon.colcon_core.environment:checking '/home/lin/train2/src/install/example_ros2_interfaces/bin'
[12.418s] Level 1:colcon.colcon_core.environment:checking '/home/lin/train2/src/install/example_ros2_interfaces/lib/pkgconfig/example_ros2_interfaces.pc'
[12.419s] Level 1:colcon.colcon_core.environment:checking '/home/lin/train2/src/install/example_ros2_interfaces/lib/python3.10/site-packages'
[12.419s] Level 1:colcon.colcon_core.environment:checking '/home/lin/train2/src/install/example_ros2_interfaces/bin'
[12.419s] INFO:colcon.colcon_core.shell:Creating package script '/home/lin/train2/src/install/example_ros2_interfaces/share/example_ros2_interfaces/package.ps1'
[12.420s] INFO:colcon.colcon_core.shell:Creating package descriptor '/home/lin/train2/src/install/example_ros2_interfaces/share/example_ros2_interfaces/package.dsv'
[12.421s] INFO:colcon.colcon_core.shell:Creating package script '/home/lin/train2/src/install/example_ros2_interfaces/share/example_ros2_interfaces/package.sh'
[12.422s] INFO:colcon.colcon_core.shell:Creating package script '/home/lin/train2/src/install/example_ros2_interfaces/share/example_ros2_interfaces/package.bash'
[12.423s] INFO:colcon.colcon_core.shell:Creating package script '/home/lin/train2/src/install/example_ros2_interfaces/share/example_ros2_interfaces/package.zsh'
[12.424s] Level 1:colcon.colcon_core.environment:create_file_with_runtime_dependencies(/home/lin/train2/src/install/example_ros2_interfaces/share/colcon-core/packages/example_ros2_interfaces)
[12.425s] INFO:colcon.colcon_ros.task.ament_cmake.build:Building ROS package in '/home/lin/train2/src/example_cpp' with build type 'ament_cmake'
[12.425s] INFO:colcon.colcon_cmake.task.cmake.build:Building CMake package in '/home/lin/train2/src/example_cpp'
[12.425s] INFO:colcon.colcon_core.shell:Skip shell extension 'powershell' for command environment: Not usable outside of PowerShell
[12.425s] DEBUG:colcon.colcon_core.shell:Skip shell extension 'dsv' for command environment
[12.476s] DEBUG:colcon.colcon_core.event_handler.log_command:Invoking command in '/home/lin/train2/src/build/example_cpp': CMAKE_PREFIX_PATH=/home/lin/train2/src/install/example_ros2_interfaces:/home/lin/train2/src/install/example_cpp:/home/lin/train2/install/example_cpp:/home/lin/train2/install/example_ros2_interfaces:/home/lin/train2/src/install/example_py:/home/lin/train2/install/example_py:/opt/ros/humble /usr/local/bin/cmake --build /home/lin/train2/src/build/example_cpp -- -j8 -l8
[26.643s] DEBUG:colcon.colcon_core.event_handler.log_command:Invoked command in '/home/lin/train2/src/build/example_cpp' returned '0': CMAKE_PREFIX_PATH=/home/lin/train2/src/install/example_ros2_interfaces:/home/lin/train2/src/install/example_cpp:/home/lin/train2/install/example_cpp:/home/lin/train2/install/example_ros2_interfaces:/home/lin/train2/src/install/example_py:/home/lin/train2/install/example_py:/opt/ros/humble /usr/local/bin/cmake --build /home/lin/train2/src/build/example_cpp -- -j8 -l8
[26.649s] DEBUG:colcon.colcon_core.event_handler.log_command:Invoking command in '/home/lin/train2/src/build/example_cpp': CMAKE_PREFIX_PATH=/home/lin/train2/src/install/example_ros2_interfaces:/home/lin/train2/src/install/example_cpp:/home/lin/train2/install/example_cpp:/home/lin/train2/install/example_ros2_interfaces:/home/lin/train2/src/install/example_py:/home/lin/train2/install/example_py:/opt/ros/humble /usr/local/bin/cmake --install /home/lin/train2/src/build/example_cpp
[26.701s] Level 1:colcon.colcon_core.environment:create_environment_scripts_only(example_cpp)
[26.701s] Level 1:colcon.colcon_core.environment:checking '/home/lin/train2/src/install/example_cpp' for CMake module files
[26.703s] DEBUG:colcon.colcon_core.event_handler.log_command:Invoked command in '/home/lin/train2/src/build/example_cpp' returned '0': CMAKE_PREFIX_PATH=/home/lin/train2/src/install/example_ros2_interfaces:/home/lin/train2/src/install/example_cpp:/home/lin/train2/install/example_cpp:/home/lin/train2/install/example_ros2_interfaces:/home/lin/train2/src/install/example_py:/home/lin/train2/install/example_py:/opt/ros/humble /usr/local/bin/cmake --install /home/lin/train2/src/build/example_cpp
[26.703s] Level 1:colcon.colcon_core.environment:checking '/home/lin/train2/src/install/example_cpp' for CMake config files
[26.704s] Level 1:colcon.colcon_core.shell:create_environment_hook('example_cpp', 'cmake_prefix_path')
[26.704s] INFO:colcon.colcon_core.shell:Creating environment hook '/home/lin/train2/src/install/example_cpp/share/example_cpp/hook/cmake_prefix_path.ps1'
[26.705s] INFO:colcon.colcon_core.shell:Creating environment descriptor '/home/lin/train2/src/install/example_cpp/share/example_cpp/hook/cmake_prefix_path.dsv'
[26.706s] INFO:colcon.colcon_core.shell:Creating environment hook '/home/lin/train2/src/install/example_cpp/share/example_cpp/hook/cmake_prefix_path.sh'
[26.707s] Level 1:colcon.colcon_core.environment:checking '/home/lin/train2/src/install/example_cpp/lib'
[26.707s] Level 1:colcon.colcon_core.environment:checking '/home/lin/train2/src/install/example_cpp/bin'
[26.707s] Level 1:colcon.colcon_core.environment:checking '/home/lin/train2/src/install/example_cpp/lib/pkgconfig/example_cpp.pc'
[26.707s] Level 1:colcon.colcon_core.environment:checking '/home/lin/train2/src/install/example_cpp/lib/python3.10/site-packages'
[26.708s] Level 1:colcon.colcon_core.environment:checking '/home/lin/train2/src/install/example_cpp/bin'
[26.708s] INFO:colcon.colcon_core.shell:Creating package script '/home/lin/train2/src/install/example_cpp/share/example_cpp/package.ps1'
[26.709s] INFO:colcon.colcon_core.shell:Creating package descriptor '/home/lin/train2/src/install/example_cpp/share/example_cpp/package.dsv'
[26.710s] INFO:colcon.colcon_core.shell:Creating package script '/home/lin/train2/src/install/example_cpp/share/example_cpp/package.sh'
[26.711s] INFO:colcon.colcon_core.shell:Creating package script '/home/lin/train2/src/install/example_cpp/share/example_cpp/package.bash'
[26.711s] INFO:colcon.colcon_core.shell:Creating package script '/home/lin/train2/src/install/example_cpp/share/example_cpp/package.zsh'
[26.712s] Level 1:colcon.colcon_core.environment:create_file_with_runtime_dependencies(/home/lin/train2/src/install/example_cpp/share/colcon-core/packages/example_cpp)
[26.713s] Level 1:colcon.colcon_core.environment:create_environment_scripts_only(example_cpp)
[26.713s] Level 1:colcon.colcon_core.environment:checking '/home/lin/train2/src/install/example_cpp' for CMake module files
[26.714s] Level 1:colcon.colcon_core.environment:checking '/home/lin/train2/src/install/example_cpp' for CMake config files
[26.715s] Level 1:colcon.colcon_core.shell:create_environment_hook('example_cpp', 'cmake_prefix_path')
[26.715s] INFO:colcon.colcon_core.shell:Creating environment hook '/home/lin/train2/src/install/example_cpp/share/example_cpp/hook/cmake_prefix_path.ps1'
[26.716s] INFO:colcon.colcon_core.shell:Creating environment descriptor '/home/lin/train2/src/install/example_cpp/share/example_cpp/hook/cmake_prefix_path.dsv'
[26.717s] INFO:colcon.colcon_core.shell:Creating environment hook '/home/lin/train2/src/install/example_cpp/share/example_cpp/hook/cmake_prefix_path.sh'
[26.718s] Level 1:colcon.colcon_core.environment:checking '/home/lin/train2/src/install/example_cpp/lib'
[26.718s] Level 1:colcon.colcon_core.environment:checking '/home/lin/train2/src/install/example_cpp/bin'
[26.718s] Level 1:colcon.colcon_core.environment:checking '/home/lin/train2/src/install/example_cpp/lib/pkgconfig/example_cpp.pc'
[26.718s] Level 1:colcon.colcon_core.environment:checking '/home/lin/train2/src/install/example_cpp/lib/python3.10/site-packages'
[26.719s] Level 1:colcon.colcon_core.environment:checking '/home/lin/train2/src/install/example_cpp/bin'
[26.719s] INFO:colcon.colcon_core.shell:Creating package script '/home/lin/train2/src/install/example_cpp/share/example_cpp/package.ps1'
[26.720s] INFO:colcon.colcon_core.shell:Creating package descriptor '/home/lin/train2/src/install/example_cpp/share/example_cpp/package.dsv'
[26.720s] INFO:colcon.colcon_core.shell:Creating package script '/home/lin/train2/src/install/example_cpp/share/example_cpp/package.sh'
[26.721s] INFO:colcon.colcon_core.shell:Creating package script '/home/lin/train2/src/install/example_cpp/share/example_cpp/package.bash'
[26.722s] INFO:colcon.colcon_core.shell:Creating package script '/home/lin/train2/src/install/example_cpp/share/example_cpp/package.zsh'
[26.723s] Level 1:colcon.colcon_core.environment:create_file_with_runtime_dependencies(/home/lin/train2/src/install/example_cpp/share/colcon-core/packages/example_cpp)
[26.723s] DEBUG:colcon.colcon_parallel_executor.executor.parallel:closing loop
[26.724s] DEBUG:colcon.colcon_parallel_executor.executor.parallel:loop closed
[26.724s] DEBUG:colcon.colcon_parallel_executor.executor.parallel:run_until_complete finished with '0'
[26.724s] DEBUG:colcon.colcon_core.event_reactor:joining thread
[26.737s] INFO:colcon.colcon_core.plugin_system:Skipping extension 'colcon_notification.desktop_notification.terminal_notifier': Not used on non-Darwin systems
[26.737s] INFO:colcon.colcon_core.plugin_system:Skipping extension 'colcon_notification.desktop_notification.win32': Not used on non-Windows systems
[26.737s] INFO:colcon.colcon_notification.desktop_notification:Sending desktop notification using 'notify2'
[26.767s] DEBUG:colcon.colcon_core.event_reactor:joined thread
[26.768s] INFO:colcon.colcon_core.shell:Creating prefix script '/home/lin/train2/src/install/local_setup.ps1'
[26.769s] INFO:colcon.colcon_core.shell:Creating prefix util module '/home/lin/train2/src/install/_local_setup_util_ps1.py'
[26.771s] INFO:colcon.colcon_core.shell:Creating prefix chain script '/home/lin/train2/src/install/setup.ps1'
[26.774s] INFO:colcon.colcon_core.shell:Creating prefix script '/home/lin/train2/src/install/local_setup.sh'
[26.775s] INFO:colcon.colcon_core.shell:Creating prefix util module '/home/lin/train2/src/install/_local_setup_util_sh.py'
[26.776s] INFO:colcon.colcon_core.shell:Creating prefix chain script '/home/lin/train2/src/install/setup.sh'
[26.780s] INFO:colcon.colcon_core.shell:Creating prefix script '/home/lin/train2/src/install/local_setup.bash'
[26.782s] INFO:colcon.colcon_core.shell:Creating prefix chain script '/home/lin/train2/src/install/setup.bash'
[26.785s] INFO:colcon.colcon_core.shell:Creating prefix script '/home/lin/train2/src/install/local_setup.zsh'
[26.785s] INFO:colcon.colcon_core.shell:Creating prefix chain script '/home/lin/train2/src/install/setup.zsh'
