[1.857s] Invoking command in '/home/lin/train2/src/example_py': PYTHONPATH=/home/lin/train2/src/build/example_py/prefix_override:/usr/lib/python3/dist-packages/colcon_core/task/python/colcon_distutils_commands:/home/lin/train2/src/install/example_py/lib/python3.10/site-packages:${PYTHONPATH} /usr/bin/python3 -W ignore:setup.py install is deprecated -W ignore:easy_install command is deprecated setup.py egg_info --egg-base ../build/example_py build --build-base /home/lin/train2/src/build/example_py/build install --record /home/lin/train2/src/build/example_py/install.log --single-version-externally-managed install_data
[2.189s] running egg_info
[2.212s] writing ../build/example_py/example_py.egg-info/PKG-INFO
[2.214s] writing dependency_links to ../build/example_py/example_py.egg-info/dependency_links.txt
[2.214s] writing entry points to ../build/example_py/example_py.egg-info/entry_points.txt
[2.215s] writing requirements to ../build/example_py/example_py.egg-info/requires.txt
[2.216s] writing top-level names to ../build/example_py/example_py.egg-info/top_level.txt
[2.262s] reading manifest file '../build/example_py/example_py.egg-info/SOURCES.txt'
[2.266s] writing manifest file '../build/example_py/example_py.egg-info/SOURCES.txt'
[2.266s] running build
[2.266s] running build_py
[2.267s] copying example_py/__init__.py -> /home/lin/train2/src/build/example_py/build/lib/example_py
[2.267s] copying example_py/node_02.py -> /home/lin/train2/src/build/example_py/build/lib/example_py
[2.267s] running install
[2.271s] running install_lib
[2.296s] running install_data
[2.296s] copying resource/example_py -> /home/lin/train2/src/install/example_py/share/ament_index/resource_index/packages
[2.296s] copying package.xml -> /home/lin/train2/src/install/example_py/share/example_py
[2.296s] running install_egg_info
[2.320s] removing '/home/lin/train2/src/install/example_py/lib/python3.10/site-packages/example_py-0.0.0-py3.10.egg-info' (and everything under it)
[2.320s] Copying ../build/example_py/example_py.egg-info to /home/lin/train2/src/install/example_py/lib/python3.10/site-packages/example_py-0.0.0-py3.10.egg-info
[2.323s] running install_scripts
[2.526s] Installing node_02 script to /home/lin/train2/src/install/example_py/lib/example_py
[2.527s] writing list of installed files to '/home/lin/train2/src/build/example_py/install.log'
[2.554s] Invoked command in '/home/lin/train2/src/example_py' returned '0': PYTHONPATH=/home/lin/train2/src/build/example_py/prefix_override:/usr/lib/python3/dist-packages/colcon_core/task/python/colcon_distutils_commands:/home/lin/train2/src/install/example_py/lib/python3.10/site-packages:${PYTHONPATH} /usr/bin/python3 -W ignore:setup.py install is deprecated -W ignore:easy_install command is deprecated setup.py egg_info --egg-base ../build/example_py build --build-base /home/lin/train2/src/build/example_py/build install --record /home/lin/train2/src/build/example_py/install.log --single-version-externally-managed install_data
