[0.137s] Invoking command in '/home/lin/train2/src/build/ydlidar': CMAKE_PREFIX_PATH=${CMAKE_PREFIX_PATH}:/home/lin/ros_ws/install/sdformat_tools:/home/lin/train2/src/install/fishbot_description:/home/lin/train2/src/install/example_py:/opt/ros/humble /usr/local/bin/cmake --build /home/lin/train2/src/build/ydlidar -- -j8 -l8
[0.272s] [ 81%] Built target ydlidar_node
[0.279s] [100%] Built target ydlidar_client
[0.307s] Invoked command in '/home/lin/train2/src/build/ydlidar' returned '0': CMAKE_PREFIX_PATH=${CMAKE_PREFIX_PATH}:/home/lin/ros_ws/install/sdformat_tools:/home/lin/train2/src/install/fishbot_description:/home/lin/train2/src/install/example_py:/opt/ros/humble /usr/local/bin/cmake --build /home/lin/train2/src/build/ydlidar -- -j8 -l8
[0.308s] Invoking command in '/home/lin/train2/src/build/ydlidar': CMAKE_PREFIX_PATH=${CMAKE_PREFIX_PATH}:/home/lin/ros_ws/install/sdformat_tools:/home/lin/train2/src/install/fishbot_description:/home/lin/train2/src/install/example_py:/opt/ros/humble /usr/local/bin/cmake --install /home/lin/train2/src/build/ydlidar
[0.323s] -- Install configuration: ""
[0.324s] -- Execute custom install script
[0.327s] -- Up-to-date symlink: /home/lin/train2/src/install/ydlidar/lib/ydlidar/ydlidar_node
[0.327s] -- Up-to-date symlink: /home/lin/train2/src/install/ydlidar/lib/ydlidar/ydlidar_client
[0.327s] -- Up-to-date symlink: /home/lin/train2/src/install/ydlidar/share/ydlidar/launch/ydlidar.py
[0.327s] -- Up-to-date symlink: /home/lin/train2/src/install/ydlidar/share/ydlidar/launch/ydlidar_launch.py
[0.329s] -- Up-to-date symlink: /home/lin/train2/src/install/ydlidar/share/ydlidar/params/ydlidar.yaml
[0.332s] -- Up-to-date symlink: /home/lin/train2/src/install/ydlidar/share/ydlidar/startup/initenv.sh
[0.334s] -- Up-to-date symlink: /home/lin/train2/src/install/ydlidar/share/ament_index/resource_index/package_run_dependencies/ydlidar
[0.336s] -- Up-to-date symlink: /home/lin/train2/src/install/ydlidar/share/ament_index/resource_index/parent_prefix_path/ydlidar
[0.339s] -- Up-to-date symlink: /home/lin/train2/src/install/ydlidar/share/ydlidar/environment/ament_prefix_path.sh
[0.343s] -- Up-to-date symlink: /home/lin/train2/src/install/ydlidar/share/ydlidar/environment/ament_prefix_path.dsv
[0.344s] -- Up-to-date symlink: /home/lin/train2/src/install/ydlidar/share/ydlidar/environment/path.sh
[0.344s] -- Up-to-date symlink: /home/lin/train2/src/install/ydlidar/share/ydlidar/environment/path.dsv
[0.345s] -- Up-to-date symlink: /home/lin/train2/src/install/ydlidar/share/ydlidar/local_setup.bash
[0.348s] -- Up-to-date symlink: /home/lin/train2/src/install/ydlidar/share/ydlidar/local_setup.sh
[0.350s] -- Up-to-date symlink: /home/lin/train2/src/install/ydlidar/share/ydlidar/local_setup.zsh
[0.351s] -- Up-to-date symlink: /home/lin/train2/src/install/ydlidar/share/ydlidar/local_setup.dsv
[0.351s] -- Symlinking: /home/lin/train2/src/install/ydlidar/share/ydlidar/package.dsv
[0.367s] -- Up-to-date symlink: /home/lin/train2/src/install/ydlidar/share/ament_index/resource_index/packages/ydlidar
[0.368s] -- Up-to-date symlink: /home/lin/train2/src/install/ydlidar/share/ydlidar/cmake/ydlidarConfig.cmake
[0.370s] -- Up-to-date symlink: /home/lin/train2/src/install/ydlidar/share/ydlidar/cmake/ydlidarConfig-version.cmake
[0.371s] -- Up-to-date symlink: /home/lin/train2/src/install/ydlidar/share/ydlidar/package.xml
[0.377s] Invoked command in '/home/lin/train2/src/build/ydlidar' returned '0': CMAKE_PREFIX_PATH=${CMAKE_PREFIX_PATH}:/home/lin/ros_ws/install/sdformat_tools:/home/lin/train2/src/install/fishbot_description:/home/lin/train2/src/install/example_py:/opt/ros/humble /usr/local/bin/cmake --install /home/lin/train2/src/build/ydlidar
