-- Found ament_cmake: 1.3.12 (/opt/ros/humble/share/ament_cmake/cmake)
-- Override CMake install command with custom implementation using symlinks instead of copying resources
-- Found rclcpp: 16.0.14 (/opt/ros/humble/share/rclcpp/cmake)
-- Found rosidl_generator_c: 3.1.7 (/opt/ros/humble/share/rosidl_generator_c/cmake)
-- Found rosidl_adapter: 3.1.7 (/opt/ros/humble/share/rosidl_adapter/cmake)
-- Found rosidl_generator_cpp: 3.1.7 (/opt/ros/humble/share/rosidl_generator_cpp/cmake)
-- Using all available rosidl_typesupport_c: rosidl_typesupport_fastrtps_c;rosidl_typesupport_introspection_c
-- Using all available rosidl_typesupport_cpp: rosidl_typesupport_fastrtps_cpp;rosidl_typesupport_introspection_cpp
-- Found rmw_implementation_cmake: 6.1.2 (/opt/ros/humble/share/rmw_implementation_cmake/cmake)
-- Found rmw_fastrtps_cpp: 6.2.8 (/opt/ros/humble/share/rmw_fastrtps_cpp/cmake)
-- Using RMW implementation 'rmw_fastrtps_cpp' as default
-- Configuring done (1.4s)
-- Generating done (0.0s)
-- Build files have been written to: /home/lin/train2/src/build/csm
[100%] Built target csm
-- Install configuration: ""
-- Execute custom install script
-- Symlinking: /home/lin/train2/src/install/csm/lib/libcsm.so
-- Symlinking: /home/lin/train2/src/install/csm/include/..//include/csm/algos.h
-- Symlinking: /home/lin/train2/src/install/csm/include/..//include/csm/csm.h
-- Symlinking: /home/lin/train2/src/install/csm/include/..//include/csm/laser_data.h
-- Symlinking: /home/lin/train2/src/install/csm/include/..//include/csm/laser_data_inline.h
-- Symlinking: /home/lin/train2/src/install/csm/include/..//include/csm/restrict.h
-- Symlinking: /home/lin/train2/src/install/csm/include/..//include/gsl_eigen/gsl_eigen.h
-- Symlinking: /home/lin/train2/src/install/csm/share/csm/resource/csm
-- Symlinking: /home/lin/train2/src/install/csm/include/../gsl_eigen/gsl_eigen.h
-- Symlinking: /home/lin/train2/src/install/csm/share/csm/environment/library_path.sh
-- Symlinking: /home/lin/train2/src/install/csm/share/csm/environment/library_path.dsv
-- Symlinking: /home/lin/train2/src/install/csm/share/ament_index/resource_index/package_run_dependencies/csm
-- Symlinking: /home/lin/train2/src/install/csm/share/ament_index/resource_index/parent_prefix_path/csm
-- Symlinking: /home/lin/train2/src/install/csm/share/csm/environment/ament_prefix_path.sh
-- Symlinking: /home/lin/train2/src/install/csm/share/csm/environment/ament_prefix_path.dsv
-- Symlinking: /home/lin/train2/src/install/csm/share/csm/environment/path.sh
-- Symlinking: /home/lin/train2/src/install/csm/share/csm/environment/path.dsv
-- Symlinking: /home/lin/train2/src/install/csm/share/csm/local_setup.bash
-- Symlinking: /home/lin/train2/src/install/csm/share/csm/local_setup.sh
-- Symlinking: /home/lin/train2/src/install/csm/share/csm/local_setup.zsh
-- Symlinking: /home/lin/train2/src/install/csm/share/csm/local_setup.dsv
-- Symlinking: /home/lin/train2/src/install/csm/share/csm/package.dsv
-- Symlinking: /home/lin/train2/src/install/csm/share/ament_index/resource_index/packages/csm
-- Symlinking: /home/lin/train2/src/install/csm/share/csm/cmake/ament_cmake_export_dependencies-extras.cmake
-- Symlinking: /home/lin/train2/src/install/csm/share/csm/cmake/ament_cmake_export_include_directories-extras.cmake
-- Symlinking: /home/lin/train2/src/install/csm/share/csm/cmake/ament_cmake_export_libraries-extras.cmake
-- Symlinking: /home/lin/train2/src/install/csm/share/csm/cmake/csmConfig.cmake
-- Symlinking: /home/lin/train2/src/install/csm/share/csm/cmake/csmConfig-version.cmake
-- Symlinking: /home/lin/train2/src/install/csm/share/csm/package.xml
