[0.890s] Invoking command in '/home/lin/train2/src/build/robot_startup': CMAKE_PREFIX_PATH=${CMAKE_PREFIX_PATH}:/home/lin/ros_ws/install/sdformat_tools:/home/lin/train2/src/install/fishbot_description:/home/lin/train2/src/install/example_py:/opt/ros/humble /usr/local/bin/cmake --build /home/lin/train2/src/build/robot_startup -- -j8 -l8
[1.197s] Invoked command in '/home/lin/train2/src/build/robot_startup' returned '0': CMAKE_PREFIX_PATH=${CMAKE_PREFIX_PATH}:/home/lin/ros_ws/install/sdformat_tools:/home/lin/train2/src/install/fishbot_description:/home/lin/train2/src/install/example_py:/opt/ros/humble /usr/local/bin/cmake --build /home/lin/train2/src/build/robot_startup -- -j8 -l8
[1.198s] Invoking command in '/home/lin/train2/src/build/robot_startup': CMAKE_PREFIX_PATH=${CMAKE_PREFIX_PATH}:/home/lin/ros_ws/install/sdformat_tools:/home/lin/train2/src/install/fishbot_description:/home/lin/train2/src/install/example_py:/opt/ros/humble /usr/local/bin/cmake --install /home/lin/train2/src/build/robot_startup
[1.221s] -- Install configuration: ""
[1.222s] -- Execute custom install script
[1.222s] -- Up-to-date symlink: /home/lin/train2/src/install/robot_startup/share/robot_startup/launch/example_action.launch.py
[1.223s] -- Up-to-date symlink: /home/lin/train2/src/install/robot_startup/share/ament_index/resource_index/package_run_dependencies/robot_startup
[1.237s] -- Up-to-date symlink: /home/lin/train2/src/install/robot_startup/share/ament_index/resource_index/parent_prefix_path/robot_startup
[1.237s] -- Up-to-date symlink: /home/lin/train2/src/install/robot_startup/share/robot_startup/environment/ament_prefix_path.sh
[1.238s] -- Up-to-date symlink: /home/lin/train2/src/install/robot_startup/share/robot_startup/environment/ament_prefix_path.dsv
[1.238s] -- Up-to-date symlink: /home/lin/train2/src/install/robot_startup/share/robot_startup/environment/path.sh
[1.238s] -- Up-to-date symlink: /home/lin/train2/src/install/robot_startup/share/robot_startup/environment/path.dsv
[1.242s] -- Up-to-date symlink: /home/lin/train2/src/install/robot_startup/share/robot_startup/local_setup.bash
[1.243s] -- Up-to-date symlink: /home/lin/train2/src/install/robot_startup/share/robot_startup/local_setup.sh
[1.243s] -- Up-to-date symlink: /home/lin/train2/src/install/robot_startup/share/robot_startup/local_setup.zsh
[1.243s] -- Up-to-date symlink: /home/lin/train2/src/install/robot_startup/share/robot_startup/local_setup.dsv
[1.244s] -- Symlinking: /home/lin/train2/src/install/robot_startup/share/robot_startup/package.dsv
[1.244s] -- Up-to-date symlink: /home/lin/train2/src/install/robot_startup/share/ament_index/resource_index/packages/robot_startup
[1.244s] -- Up-to-date symlink: /home/lin/train2/src/install/robot_startup/share/robot_startup/cmake/robot_startupConfig.cmake
[1.244s] -- Up-to-date symlink: /home/lin/train2/src/install/robot_startup/share/robot_startup/cmake/robot_startupConfig-version.cmake
[1.244s] -- Up-to-date symlink: /home/lin/train2/src/install/robot_startup/share/robot_startup/package.xml
[1.319s] Invoked command in '/home/lin/train2/src/build/robot_startup' returned '0': CMAKE_PREFIX_PATH=${CMAKE_PREFIX_PATH}:/home/lin/ros_ws/install/sdformat_tools:/home/lin/train2/src/install/fishbot_description:/home/lin/train2/src/install/example_py:/opt/ros/humble /usr/local/bin/cmake --install /home/lin/train2/src/build/robot_startup
