[0.025s] Invoking command in '/home/lin/train2/src/build/csm': CMAKE_PREFIX_PATH=${CMAKE_PREFIX_PATH}:/home/lin/ros_ws/install/sdformat_tools:/home/lin/train2/src/install/fishbot_description:/home/lin/train2/src/install/example_py:/opt/ros/humble /usr/local/bin/cmake /home/lin/train2/src/csm -DCMAKE_INSTALL_PREFIX=/home/lin/train2/src/install/csm
[0.163s] -- The C compiler identification is GNU 11.4.0
[0.295s] -- The CXX compiler identification is GNU 11.4.0
[0.336s] -- Detecting C compiler ABI info
[0.490s] -- Detecting C compiler ABI info - done
[0.499s] -- Check for working C compiler: /usr/bin/cc - skipped
[0.499s] -- Detecting C compile features
[0.499s] -- Detecting C compile features - done
[0.520s] -- Detecting CXX compiler ABI info
[0.690s] -- Detecting CXX compiler ABI info - done
[0.699s] -- Check for working CXX compiler: /usr/bin/c++ - skipped
[0.700s] -- Detecting CXX compile features
[0.700s] -- Detecting CXX compile features - done
[0.716s] -- Found ament_cmake: 1.3.12 (/opt/ros/humble/share/ament_cmake/cmake)
[0.954s] -- Found Python3: /usr/bin/python3 (found version "3.10.12") found components: Interpreter 
[1.217s] -- Found rclcpp: 16.0.14 (/opt/ros/humble/share/rclcpp/cmake)
[1.387s] -- Found rosidl_generator_c: 3.1.7 (/opt/ros/humble/share/rosidl_generator_c/cmake)
[1.419s] -- Found rosidl_adapter: 3.1.7 (/opt/ros/humble/share/rosidl_adapter/cmake)
[1.453s] -- Found rosidl_generator_cpp: 3.1.7 (/opt/ros/humble/share/rosidl_generator_cpp/cmake)
[1.493s] -- Using all available rosidl_typesupport_c: rosidl_typesupport_fastrtps_c;rosidl_typesupport_introspection_c
[1.549s] -- Using all available rosidl_typesupport_cpp: rosidl_typesupport_fastrtps_cpp;rosidl_typesupport_introspection_cpp
[1.707s] -- Found rmw_implementation_cmake: 6.1.2 (/opt/ros/humble/share/rmw_implementation_cmake/cmake)
[1.724s] -- Found rmw_fastrtps_cpp: 6.2.8 (/opt/ros/humble/share/rmw_fastrtps_cpp/cmake)
[1.967s] -- Found OpenSSL: /usr/lib/x86_64-linux-gnu/libcrypto.so (found version "3.0.2")  
[2.018s] -- Found FastRTPS: /opt/ros/humble/include  
[2.101s] -- Using RMW implementation 'rmw_fastrtps_cpp' as default
[2.141s] -- Performing Test CMAKE_HAVE_LIBC_PTHREAD
[2.284s] -- Performing Test CMAKE_HAVE_LIBC_PTHREAD - Success
[2.287s] -- Found Threads: TRUE  
[2.524s] -- Configuring done (2.5s)
[2.543s] -- Generating done (0.0s)
[2.549s] -- Build files have been written to: /home/lin/train2/src/build/csm
[2.568s] Invoked command in '/home/lin/train2/src/build/csm' returned '0': CMAKE_PREFIX_PATH=${CMAKE_PREFIX_PATH}:/home/lin/ros_ws/install/sdformat_tools:/home/lin/train2/src/install/fishbot_description:/home/lin/train2/src/install/example_py:/opt/ros/humble /usr/local/bin/cmake /home/lin/train2/src/csm -DCMAKE_INSTALL_PREFIX=/home/lin/train2/src/install/csm
[2.569s] Invoking command in '/home/lin/train2/src/build/csm': CMAKE_PREFIX_PATH=${CMAKE_PREFIX_PATH}:/home/lin/ros_ws/install/sdformat_tools:/home/lin/train2/src/install/fishbot_description:/home/lin/train2/src/install/example_py:/opt/ros/humble /usr/local/bin/cmake --build /home/lin/train2/src/build/csm -- -j8 -l8
[2.634s] [  4%] [32mBuilding CXX object CMakeFiles/csm.dir/src/csm/laser_data.cpp.o[0m
[2.635s] [  8%] [32mBuilding CXX object CMakeFiles/csm.dir/src/csm/math_utils.cpp.o[0m
[2.636s] [ 12%] [32mBuilding CXX object CMakeFiles/csm.dir/src/csm/math_utils_gsl.cpp.o[0m
[2.638s] [ 16%] [32mBuilding CXX object CMakeFiles/csm.dir/src/csm/utils.cpp.o[0m
[2.642s] [ 25%] [32mBuilding CXX object CMakeFiles/csm.dir/src/csm/sm_options.cpp.o[0m
[2.642s] [ 25%] [32mBuilding CXX object CMakeFiles/csm.dir/src/csm/logging.cpp.o[0m
[2.645s] [ 29%] [32mBuilding CXX object CMakeFiles/csm.dir/src/csm/orientation.cpp.o[0m
[2.678s] [ 33%] [32mBuilding CXX object CMakeFiles/csm.dir/src/csm/clustering.cpp.o[0m
[5.114s] [ 37%] [32mBuilding CXX object CMakeFiles/csm.dir/src/egsl/egsl.cpp.o[0m
[5.230s] [ 41%] [32mBuilding CXX object CMakeFiles/csm.dir/src/egsl/egsl_misc.cpp.o[0m
[5.236s] [ 45%] [32mBuilding CXX object CMakeFiles/csm.dir/src/egsl/egsl_conversions.cpp.o[0m
[5.243s] [ 50%] [32mBuilding CXX object CMakeFiles/csm.dir/src/egsl/egsl_ops.cpp.o[0m
[5.255s] [ 54%] [32mBuilding CXX object CMakeFiles/csm.dir/src/gpc/gpc.cpp.o[0m
[5.260s] [ 58%] [32mBuilding CXX object CMakeFiles/csm.dir/src/gpc/gpc_utils.cpp.o[0m
[5.347s] [ 62%] [32mBuilding CXX object CMakeFiles/csm.dir/src/icp/icp.cpp.o[0m
[5.441s] [ 66%] [32mBuilding CXX object CMakeFiles/csm.dir/src/icp/icp_corr_dumb.cpp.o[0m
[6.499s] [ 70%] [32mBuilding CXX object CMakeFiles/csm.dir/src/icp/icp_corr_tricks.cpp.o[0m
[6.663s] [ 75%] [32mBuilding CXX object CMakeFiles/csm.dir/src/icp/icp_covariance.cpp.o[0m
[6.843s] [ 79%] [32mBuilding CXX object CMakeFiles/csm.dir/src/icp/icp_debug.cpp.o[0m
[6.915s] [ 83%] [32mBuilding CXX object CMakeFiles/csm.dir/src/icp/icp_loop.cpp.o[0m
[7.074s] [ 87%] [32mBuilding CXX object CMakeFiles/csm.dir/src/icp/icp_outliers.cpp.o[0m
[7.212s] [ 91%] [32mBuilding CXX object CMakeFiles/csm.dir/src/options/options.cpp.o[0m
[7.752s] [ 95%] [32mBuilding CXX object CMakeFiles/csm.dir/src/options/options_interface.cpp.o[0m
[17.852s] [100%] [32m[1mLinking CXX shared library libcsm.so[0m
[18.577s] [100%] Built target csm
[18.589s] Invoked command in '/home/lin/train2/src/build/csm' returned '0': CMAKE_PREFIX_PATH=${CMAKE_PREFIX_PATH}:/home/lin/ros_ws/install/sdformat_tools:/home/lin/train2/src/install/fishbot_description:/home/lin/train2/src/install/example_py:/opt/ros/humble /usr/local/bin/cmake --build /home/lin/train2/src/build/csm -- -j8 -l8
[18.599s] Invoking command in '/home/lin/train2/src/build/csm': CMAKE_PREFIX_PATH=${CMAKE_PREFIX_PATH}:/home/lin/ros_ws/install/sdformat_tools:/home/lin/train2/src/install/fishbot_description:/home/lin/train2/src/install/example_py:/opt/ros/humble /usr/local/bin/cmake --install /home/lin/train2/src/build/csm
[18.605s] -- Install configuration: ""
[18.605s] -- Installing: /home/lin/train2/src/install/csm/lib/libcsm.so
[18.627s] -- Installing: /home/lin/train2/src/install/csm/include/..//include
[18.627s] -- Installing: /home/lin/train2/src/install/csm/include/..//include/gsl_eigen
[18.628s] -- Installing: /home/lin/train2/src/install/csm/include/..//include/gsl_eigen/gsl_eigen.h
[18.628s] -- Installing: /home/lin/train2/src/install/csm/include/..//include/csm
[18.628s] -- Installing: /home/lin/train2/src/install/csm/include/..//include/csm/laser_data_inline.h
[18.628s] -- Installing: /home/lin/train2/src/install/csm/include/..//include/csm/algos.h
[18.628s] -- Installing: /home/lin/train2/src/install/csm/include/..//include/csm/restrict.h
[18.629s] -- Installing: /home/lin/train2/src/install/csm/include/..//include/csm/laser_data.h
[18.629s] -- Installing: /home/lin/train2/src/install/csm/include/..//include/csm/csm.h
[18.630s] -- Installing: /home/lin/train2/src/install/csm/share/csm/resource
[18.630s] -- Installing: /home/lin/train2/src/install/csm/share/csm/resource/csm
[18.630s] -- Installing: /home/lin/train2/src/install/csm/include/../gsl_eigen
[18.630s] -- Installing: /home/lin/train2/src/install/csm/include/../gsl_eigen/gsl_eigen.h
[18.630s] -- Installing: /home/lin/train2/src/install/csm/share/csm/environment/library_path.sh
[18.630s] -- Installing: /home/lin/train2/src/install/csm/share/csm/environment/library_path.dsv
[18.631s] -- Installing: /home/lin/train2/src/install/csm/share/ament_index/resource_index/package_run_dependencies/csm
[18.632s] -- Installing: /home/lin/train2/src/install/csm/share/ament_index/resource_index/parent_prefix_path/csm
[18.632s] -- Installing: /home/lin/train2/src/install/csm/share/csm/environment/ament_prefix_path.sh
[18.632s] -- Installing: /home/lin/train2/src/install/csm/share/csm/environment/ament_prefix_path.dsv
[18.632s] -- Installing: /home/lin/train2/src/install/csm/share/csm/environment/path.sh
[18.633s] -- Installing: /home/lin/train2/src/install/csm/share/csm/environment/path.dsv
[18.633s] -- Installing: /home/lin/train2/src/install/csm/share/csm/local_setup.bash
[18.633s] -- Installing: /home/lin/train2/src/install/csm/share/csm/local_setup.sh
[18.633s] -- Installing: /home/lin/train2/src/install/csm/share/csm/local_setup.zsh
[18.634s] -- Installing: /home/lin/train2/src/install/csm/share/csm/local_setup.dsv
[18.634s] -- Installing: /home/lin/train2/src/install/csm/share/csm/package.dsv
[18.634s] -- Installing: /home/lin/train2/src/install/csm/share/ament_index/resource_index/packages/csm
[18.635s] -- Installing: /home/lin/train2/src/install/csm/share/csm/cmake/ament_cmake_export_dependencies-extras.cmake
[18.635s] -- Installing: /home/lin/train2/src/install/csm/share/csm/cmake/ament_cmake_export_include_directories-extras.cmake
[18.635s] -- Installing: /home/lin/train2/src/install/csm/share/csm/cmake/ament_cmake_export_libraries-extras.cmake
[18.636s] -- Installing: /home/lin/train2/src/install/csm/share/csm/cmake/csmConfig.cmake
[18.636s] -- Installing: /home/lin/train2/src/install/csm/share/csm/cmake/csmConfig-version.cmake
[18.636s] -- Installing: /home/lin/train2/src/install/csm/share/csm/package.xml
[18.638s] Invoked command in '/home/lin/train2/src/build/csm' returned '0': CMAKE_PREFIX_PATH=${CMAKE_PREFIX_PATH}:/home/lin/ros_ws/install/sdformat_tools:/home/lin/train2/src/install/fishbot_description:/home/lin/train2/src/install/example_py:/opt/ros/humble /usr/local/bin/cmake --install /home/lin/train2/src/build/csm
