[0.725s] Invoking command in '/home/lin/train2/src/build/fishbot_navigation2': CMAKE_PREFIX_PATH=${CMAKE_PREFIX_PATH}:/home/lin/ros_ws/install/sdformat_tools:/home/lin/train2/src/install/fishbot_description:/home/lin/train2/src/install/example_py:/opt/ros/humble /usr/local/bin/cmake --build /home/lin/train2/src/build/fishbot_navigation2 -- -j8 -l8
[0.750s] -- Found ament_cmake: 1.3.12 (/opt/ros/humble/share/ament_cmake/cmake)
[1.363s] -- Override CMake install command with custom implementation using symlinks instead of copying resources
[1.466s] -- Found nav2_bringup: 1.1.18 (/opt/ros/humble/share/nav2_bringup/cmake)
[1.466s] -- Found ament_lint_auto: 0.12.14 (/opt/ros/humble/share/ament_lint_auto/cmake)
[1.619s] -- Added test 'flake8' to check Python code syntax and style conventions
[1.619s] -- Added test 'lint_cmake' to check CMake code style
[1.619s] -- Added test 'pep257' to check Python code against some of the docstring style conventions in PEP 257
[1.624s] -- Added test 'xmllint' to check XML markup files
[1.634s] -- Configuring done (0.9s)
[1.640s] -- Generating done (0.0s)
[1.645s] -- Build files have been written to: /home/lin/train2/src/build/fishbot_navigation2
[1.677s] Invoked command in '/home/lin/train2/src/build/fishbot_navigation2' returned '0': CMAKE_PREFIX_PATH=${CMAKE_PREFIX_PATH}:/home/lin/ros_ws/install/sdformat_tools:/home/lin/train2/src/install/fishbot_description:/home/lin/train2/src/install/example_py:/opt/ros/humble /usr/local/bin/cmake --build /home/lin/train2/src/build/fishbot_navigation2 -- -j8 -l8
[1.677s] Invoking command in '/home/lin/train2/src/build/fishbot_navigation2': CMAKE_PREFIX_PATH=${CMAKE_PREFIX_PATH}:/home/lin/ros_ws/install/sdformat_tools:/home/lin/train2/src/install/fishbot_description:/home/lin/train2/src/install/example_py:/opt/ros/humble /usr/local/bin/cmake --install /home/lin/train2/src/build/fishbot_navigation2
[1.700s] -- Install configuration: ""
[1.701s] -- Execute custom install script
[1.702s] -- Up-to-date symlink: /home/lin/train2/src/install/fishbot_navigation2/share/fishbot_navigation2/launch/launch.py
[1.703s] -- Up-to-date symlink: /home/lin/train2/src/install/fishbot_navigation2/share/fishbot_navigation2/param/fishbot_nav2.yaml
[1.703s] -- Up-to-date symlink: /home/lin/train2/src/install/fishbot_navigation2/share/fishbot_navigation2/maps/fishbot_map.pgm
[1.704s] -- Up-to-date symlink: /home/lin/train2/src/install/fishbot_navigation2/share/fishbot_navigation2/maps/fishbot_map.yaml
[1.704s] -- Up-to-date symlink: /home/lin/train2/src/install/fishbot_navigation2/share/ament_index/resource_index/package_run_dependencies/fishbot_navigation2
[1.704s] -- Up-to-date symlink: /home/lin/train2/src/install/fishbot_navigation2/share/ament_index/resource_index/parent_prefix_path/fishbot_navigation2
[1.705s] -- Up-to-date symlink: /home/lin/train2/src/install/fishbot_navigation2/share/fishbot_navigation2/environment/ament_prefix_path.sh
[1.706s] -- Up-to-date symlink: /home/lin/train2/src/install/fishbot_navigation2/share/fishbot_navigation2/environment/ament_prefix_path.dsv
[1.707s] -- Up-to-date symlink: /home/lin/train2/src/install/fishbot_navigation2/share/fishbot_navigation2/environment/path.sh
[1.707s] -- Up-to-date symlink: /home/lin/train2/src/install/fishbot_navigation2/share/fishbot_navigation2/environment/path.dsv
[1.708s] -- Up-to-date symlink: /home/lin/train2/src/install/fishbot_navigation2/share/fishbot_navigation2/local_setup.bash
[1.709s] -- Up-to-date symlink: /home/lin/train2/src/install/fishbot_navigation2/share/fishbot_navigation2/local_setup.sh
[1.710s] -- Up-to-date symlink: /home/lin/train2/src/install/fishbot_navigation2/share/fishbot_navigation2/local_setup.zsh
[1.710s] -- Up-to-date symlink: /home/lin/train2/src/install/fishbot_navigation2/share/fishbot_navigation2/local_setup.dsv
[1.710s] -- Symlinking: /home/lin/train2/src/install/fishbot_navigation2/share/fishbot_navigation2/package.dsv
[1.719s] -- Up-to-date symlink: /home/lin/train2/src/install/fishbot_navigation2/share/ament_index/resource_index/packages/fishbot_navigation2
[1.719s] -- Up-to-date symlink: /home/lin/train2/src/install/fishbot_navigation2/share/fishbot_navigation2/cmake/fishbot_navigation2Config.cmake
[1.722s] -- Up-to-date symlink: /home/lin/train2/src/install/fishbot_navigation2/share/fishbot_navigation2/cmake/fishbot_navigation2Config-version.cmake
[1.722s] -- Up-to-date symlink: /home/lin/train2/src/install/fishbot_navigation2/share/fishbot_navigation2/package.xml
[1.726s] Invoked command in '/home/lin/train2/src/build/fishbot_navigation2' returned '0': CMAKE_PREFIX_PATH=${CMAKE_PREFIX_PATH}:/home/lin/ros_ws/install/sdformat_tools:/home/lin/train2/src/install/fishbot_description:/home/lin/train2/src/install/example_py:/opt/ros/humble /usr/local/bin/cmake --install /home/lin/train2/src/build/fishbot_navigation2
