[  2%] Built target example_ros2_interfaces__cpp
[ 12%] Built target example_ros2_interfaces__rosidl_generator_c
[ 12%] Built target ament_cmake_python_copy_example_ros2_interfaces
[ 25%] Built target example_ros2_interfaces__rosidl_typesupport_fastrtps_cpp
[ 34%] Built target example_ros2_interfaces__rosidl_typesupport_cpp
[ 44%] Built target example_ros2_interfaces__rosidl_typesupport_introspection_c
[ 55%] Built target example_ros2_interfaces__rosidl_typesupport_introspection_cpp
[ 65%] Built target example_ros2_interfaces__rosidl_typesupport_c
[ 76%] Built target example_ros2_interfaces__rosidl_typesupport_fastrtps_c
[ 76%] Built target example_ros2_interfaces
[ 78%] Built target example_ros2_interfaces__py
[ 87%] Built target example_ros2_interfaces__rosidl_generator_py
[ 91%] Built target example_ros2_interfaces__rosidl_typesupport_fastrtps_c__pyext
[ 95%] Built target example_ros2_interfaces__rosidl_typesupport_introspection_c__pyext
[100%] Built target example_ros2_interfaces__rosidl_typesupport_c__pyext
running egg_info
writing example_ros2_interfaces.egg-info/PKG-INFO
writing dependency_links to example_ros2_interfaces.egg-info/dependency_links.txt
writing top-level names to example_ros2_interfaces.egg-info/top_level.txt
reading manifest file 'example_ros2_interfaces.egg-info/SOURCES.txt'
writing manifest file 'example_ros2_interfaces.egg-info/SOURCES.txt'
[100%] Built target ament_cmake_python_build_example_ros2_interfaces_egg
-- Install configuration: ""
-- Installing: /home/lin/train2/src/install/example_ros2_interfaces/share/ament_index/resource_index/rosidl_interfaces/example_ros2_interfaces
-- Installing: /home/lin/train2/src/install/example_ros2_interfaces/include/example_ros2_interfaces/example_ros2_interfaces
-- Installing: /home/lin/train2/src/install/example_ros2_interfaces/include/example_ros2_interfaces/example_ros2_interfaces/srv
-- Installing: /home/lin/train2/src/install/example_ros2_interfaces/include/example_ros2_interfaces/example_ros2_interfaces/srv/move_robot.h
-- Installing: /home/lin/train2/src/install/example_ros2_interfaces/include/example_ros2_interfaces/example_ros2_interfaces/srv/detail
-- Installing: /home/lin/train2/src/install/example_ros2_interfaces/include/example_ros2_interfaces/example_ros2_interfaces/srv/detail/move_robot__functions.h
-- Installing: /home/lin/train2/src/install/example_ros2_interfaces/include/example_ros2_interfaces/example_ros2_interfaces/srv/detail/move_robot__functions.c
-- Installing: /home/lin/train2/src/install/example_ros2_interfaces/include/example_ros2_interfaces/example_ros2_interfaces/srv/detail/move_robot__type_support.h
-- Installing: /home/lin/train2/src/install/example_ros2_interfaces/include/example_ros2_interfaces/example_ros2_interfaces/srv/detail/move_robot__struct.h
-- Installing: /home/lin/train2/src/install/example_ros2_interfaces/include/example_ros2_interfaces/example_ros2_interfaces/msg
-- Installing: /home/lin/train2/src/install/example_ros2_interfaces/include/example_ros2_interfaces/example_ros2_interfaces/msg/robopose.h
-- Installing: /home/lin/train2/src/install/example_ros2_interfaces/include/example_ros2_interfaces/example_ros2_interfaces/msg/rosidl_generator_c__visibility_control.h
-- Installing: /home/lin/train2/src/install/example_ros2_interfaces/include/example_ros2_interfaces/example_ros2_interfaces/msg/robot_status.h
-- Installing: /home/lin/train2/src/install/example_ros2_interfaces/include/example_ros2_interfaces/example_ros2_interfaces/msg/detail
-- Installing: /home/lin/train2/src/install/example_ros2_interfaces/include/example_ros2_interfaces/example_ros2_interfaces/msg/detail/robopose__struct.h
-- Installing: /home/lin/train2/src/install/example_ros2_interfaces/include/example_ros2_interfaces/example_ros2_interfaces/msg/detail/robot_status__functions.h
-- Installing: /home/lin/train2/src/install/example_ros2_interfaces/include/example_ros2_interfaces/example_ros2_interfaces/msg/detail/robot_status__functions.c
-- Installing: /home/lin/train2/src/install/example_ros2_interfaces/include/example_ros2_interfaces/example_ros2_interfaces/msg/detail/robopose__functions.h
-- Installing: /home/lin/train2/src/install/example_ros2_interfaces/include/example_ros2_interfaces/example_ros2_interfaces/msg/detail/robot_status__struct.h
-- Installing: /home/lin/train2/src/install/example_ros2_interfaces/include/example_ros2_interfaces/example_ros2_interfaces/msg/detail/robot_status__type_support.h
-- Installing: /home/lin/train2/src/install/example_ros2_interfaces/include/example_ros2_interfaces/example_ros2_interfaces/msg/detail/robopose__functions.c
-- Installing: /home/lin/train2/src/install/example_ros2_interfaces/include/example_ros2_interfaces/example_ros2_interfaces/msg/detail/robopose__type_support.h
-- Installing: /home/lin/train2/src/install/example_ros2_interfaces/share/example_ros2_interfaces/environment/library_path.sh
-- Installing: /home/lin/train2/src/install/example_ros2_interfaces/share/example_ros2_interfaces/environment/library_path.dsv
-- Installing: /home/lin/train2/src/install/example_ros2_interfaces/lib/libexample_ros2_interfaces__rosidl_generator_c.so
-- Set runtime path of "/home/lin/train2/src/install/example_ros2_interfaces/lib/libexample_ros2_interfaces__rosidl_generator_c.so" to ""
-- Up-to-date: /home/lin/train2/src/install/example_ros2_interfaces/include/example_ros2_interfaces/example_ros2_interfaces
-- Up-to-date: /home/lin/train2/src/install/example_ros2_interfaces/include/example_ros2_interfaces/example_ros2_interfaces/srv
-- Up-to-date: /home/lin/train2/src/install/example_ros2_interfaces/include/example_ros2_interfaces/example_ros2_interfaces/srv/detail
-- Installing: /home/lin/train2/src/install/example_ros2_interfaces/include/example_ros2_interfaces/example_ros2_interfaces/srv/detail/move_robot__rosidl_typesupport_fastrtps_c.h
-- Up-to-date: /home/lin/train2/src/install/example_ros2_interfaces/include/example_ros2_interfaces/example_ros2_interfaces/msg
-- Installing: /home/lin/train2/src/install/example_ros2_interfaces/include/example_ros2_interfaces/example_ros2_interfaces/msg/rosidl_typesupport_fastrtps_c__visibility_control.h
-- Up-to-date: /home/lin/train2/src/install/example_ros2_interfaces/include/example_ros2_interfaces/example_ros2_interfaces/msg/detail
-- Installing: /home/lin/train2/src/install/example_ros2_interfaces/include/example_ros2_interfaces/example_ros2_interfaces/msg/detail/robopose__rosidl_typesupport_fastrtps_c.h
-- Installing: /home/lin/train2/src/install/example_ros2_interfaces/include/example_ros2_interfaces/example_ros2_interfaces/msg/detail/robot_status__rosidl_typesupport_fastrtps_c.h
-- Installing: /home/lin/train2/src/install/example_ros2_interfaces/lib/libexample_ros2_interfaces__rosidl_typesupport_fastrtps_c.so
-- Set runtime path of "/home/lin/train2/src/install/example_ros2_interfaces/lib/libexample_ros2_interfaces__rosidl_typesupport_fastrtps_c.so" to ""
-- Up-to-date: /home/lin/train2/src/install/example_ros2_interfaces/include/example_ros2_interfaces/example_ros2_interfaces
-- Up-to-date: /home/lin/train2/src/install/example_ros2_interfaces/include/example_ros2_interfaces/example_ros2_interfaces/srv
-- Up-to-date: /home/lin/train2/src/install/example_ros2_interfaces/include/example_ros2_interfaces/example_ros2_interfaces/srv/detail
-- Installing: /home/lin/train2/src/install/example_ros2_interfaces/include/example_ros2_interfaces/example_ros2_interfaces/srv/detail/move_robot__rosidl_typesupport_introspection_c.h
-- Installing: /home/lin/train2/src/install/example_ros2_interfaces/include/example_ros2_interfaces/example_ros2_interfaces/srv/detail/move_robot__type_support.c
-- Up-to-date: /home/lin/train2/src/install/example_ros2_interfaces/include/example_ros2_interfaces/example_ros2_interfaces/msg
-- Installing: /home/lin/train2/src/install/example_ros2_interfaces/include/example_ros2_interfaces/example_ros2_interfaces/msg/rosidl_typesupport_introspection_c__visibility_control.h
-- Up-to-date: /home/lin/train2/src/install/example_ros2_interfaces/include/example_ros2_interfaces/example_ros2_interfaces/msg/detail
-- Installing: /home/lin/train2/src/install/example_ros2_interfaces/include/example_ros2_interfaces/example_ros2_interfaces/msg/detail/robopose__type_support.c
-- Installing: /home/lin/train2/src/install/example_ros2_interfaces/include/example_ros2_interfaces/example_ros2_interfaces/msg/detail/robot_status__type_support.c
-- Installing: /home/lin/train2/src/install/example_ros2_interfaces/include/example_ros2_interfaces/example_ros2_interfaces/msg/detail/robopose__rosidl_typesupport_introspection_c.h
-- Installing: /home/lin/train2/src/install/example_ros2_interfaces/include/example_ros2_interfaces/example_ros2_interfaces/msg/detail/robot_status__rosidl_typesupport_introspection_c.h
-- Installing: /home/lin/train2/src/install/example_ros2_interfaces/lib/libexample_ros2_interfaces__rosidl_typesupport_introspection_c.so
-- Set runtime path of "/home/lin/train2/src/install/example_ros2_interfaces/lib/libexample_ros2_interfaces__rosidl_typesupport_introspection_c.so" to ""
-- Installing: /home/lin/train2/src/install/example_ros2_interfaces/lib/libexample_ros2_interfaces__rosidl_typesupport_c.so
-- Set runtime path of "/home/lin/train2/src/install/example_ros2_interfaces/lib/libexample_ros2_interfaces__rosidl_typesupport_c.so" to ""
-- Up-to-date: /home/lin/train2/src/install/example_ros2_interfaces/include/example_ros2_interfaces/example_ros2_interfaces
-- Up-to-date: /home/lin/train2/src/install/example_ros2_interfaces/include/example_ros2_interfaces/example_ros2_interfaces/srv
-- Installing: /home/lin/train2/src/install/example_ros2_interfaces/include/example_ros2_interfaces/example_ros2_interfaces/srv/move_robot.hpp
-- Up-to-date: /home/lin/train2/src/install/example_ros2_interfaces/include/example_ros2_interfaces/example_ros2_interfaces/srv/detail
-- Installing: /home/lin/train2/src/install/example_ros2_interfaces/include/example_ros2_interfaces/example_ros2_interfaces/srv/detail/move_robot__type_support.hpp
-- Installing: /home/lin/train2/src/install/example_ros2_interfaces/include/example_ros2_interfaces/example_ros2_interfaces/srv/detail/move_robot__struct.hpp
-- Installing: /home/lin/train2/src/install/example_ros2_interfaces/include/example_ros2_interfaces/example_ros2_interfaces/srv/detail/move_robot__builder.hpp
-- Installing: /home/lin/train2/src/install/example_ros2_interfaces/include/example_ros2_interfaces/example_ros2_interfaces/srv/detail/move_robot__traits.hpp
-- Up-to-date: /home/lin/train2/src/install/example_ros2_interfaces/include/example_ros2_interfaces/example_ros2_interfaces/msg
-- Installing: /home/lin/train2/src/install/example_ros2_interfaces/include/example_ros2_interfaces/example_ros2_interfaces/msg/robot_status.hpp
-- Installing: /home/lin/train2/src/install/example_ros2_interfaces/include/example_ros2_interfaces/example_ros2_interfaces/msg/rosidl_generator_cpp__visibility_control.hpp
-- Installing: /home/lin/train2/src/install/example_ros2_interfaces/include/example_ros2_interfaces/example_ros2_interfaces/msg/robopose.hpp
-- Up-to-date: /home/lin/train2/src/install/example_ros2_interfaces/include/example_ros2_interfaces/example_ros2_interfaces/msg/detail
-- Installing: /home/lin/train2/src/install/example_ros2_interfaces/include/example_ros2_interfaces/example_ros2_interfaces/msg/detail/robopose__traits.hpp
-- Installing: /home/lin/train2/src/install/example_ros2_interfaces/include/example_ros2_interfaces/example_ros2_interfaces/msg/detail/robopose__type_support.hpp
-- Installing: /home/lin/train2/src/install/example_ros2_interfaces/include/example_ros2_interfaces/example_ros2_interfaces/msg/detail/robopose__builder.hpp
-- Installing: /home/lin/train2/src/install/example_ros2_interfaces/include/example_ros2_interfaces/example_ros2_interfaces/msg/detail/robot_status__traits.hpp
-- Installing: /home/lin/train2/src/install/example_ros2_interfaces/include/example_ros2_interfaces/example_ros2_interfaces/msg/detail/robot_status__type_support.hpp
-- Installing: /home/lin/train2/src/install/example_ros2_interfaces/include/example_ros2_interfaces/example_ros2_interfaces/msg/detail/robot_status__builder.hpp
-- Installing: /home/lin/train2/src/install/example_ros2_interfaces/include/example_ros2_interfaces/example_ros2_interfaces/msg/detail/robopose__struct.hpp
-- Installing: /home/lin/train2/src/install/example_ros2_interfaces/include/example_ros2_interfaces/example_ros2_interfaces/msg/detail/robot_status__struct.hpp
-- Up-to-date: /home/lin/train2/src/install/example_ros2_interfaces/include/example_ros2_interfaces/example_ros2_interfaces
-- Up-to-date: /home/lin/train2/src/install/example_ros2_interfaces/include/example_ros2_interfaces/example_ros2_interfaces/srv
-- Up-to-date: /home/lin/train2/src/install/example_ros2_interfaces/include/example_ros2_interfaces/example_ros2_interfaces/srv/detail
-- Installing: /home/lin/train2/src/install/example_ros2_interfaces/include/example_ros2_interfaces/example_ros2_interfaces/srv/detail/move_robot__rosidl_typesupport_fastrtps_cpp.hpp
-- Installing: /home/lin/train2/src/install/example_ros2_interfaces/include/example_ros2_interfaces/example_ros2_interfaces/srv/detail/dds_fastrtps
-- Up-to-date: /home/lin/train2/src/install/example_ros2_interfaces/include/example_ros2_interfaces/example_ros2_interfaces/msg
-- Installing: /home/lin/train2/src/install/example_ros2_interfaces/include/example_ros2_interfaces/example_ros2_interfaces/msg/rosidl_typesupport_fastrtps_cpp__visibility_control.h
-- Up-to-date: /home/lin/train2/src/install/example_ros2_interfaces/include/example_ros2_interfaces/example_ros2_interfaces/msg/detail
-- Installing: /home/lin/train2/src/install/example_ros2_interfaces/include/example_ros2_interfaces/example_ros2_interfaces/msg/detail/robopose__rosidl_typesupport_fastrtps_cpp.hpp
-- Installing: /home/lin/train2/src/install/example_ros2_interfaces/include/example_ros2_interfaces/example_ros2_interfaces/msg/detail/robot_status__rosidl_typesupport_fastrtps_cpp.hpp
-- Installing: /home/lin/train2/src/install/example_ros2_interfaces/include/example_ros2_interfaces/example_ros2_interfaces/msg/detail/dds_fastrtps
-- Installing: /home/lin/train2/src/install/example_ros2_interfaces/lib/libexample_ros2_interfaces__rosidl_typesupport_fastrtps_cpp.so
-- Set runtime path of "/home/lin/train2/src/install/example_ros2_interfaces/lib/libexample_ros2_interfaces__rosidl_typesupport_fastrtps_cpp.so" to ""
-- Up-to-date: /home/lin/train2/src/install/example_ros2_interfaces/include/example_ros2_interfaces/example_ros2_interfaces
-- Up-to-date: /home/lin/train2/src/install/example_ros2_interfaces/include/example_ros2_interfaces/example_ros2_interfaces/srv
-- Up-to-date: /home/lin/train2/src/install/example_ros2_interfaces/include/example_ros2_interfaces/example_ros2_interfaces/srv/detail
-- Installing: /home/lin/train2/src/install/example_ros2_interfaces/include/example_ros2_interfaces/example_ros2_interfaces/srv/detail/move_robot__rosidl_typesupport_introspection_cpp.hpp
-- Installing: /home/lin/train2/src/install/example_ros2_interfaces/include/example_ros2_interfaces/example_ros2_interfaces/srv/detail/move_robot__type_support.cpp
-- Up-to-date: /home/lin/train2/src/install/example_ros2_interfaces/include/example_ros2_interfaces/example_ros2_interfaces/msg
-- Up-to-date: /home/lin/train2/src/install/example_ros2_interfaces/include/example_ros2_interfaces/example_ros2_interfaces/msg/detail
-- Installing: /home/lin/train2/src/install/example_ros2_interfaces/include/example_ros2_interfaces/example_ros2_interfaces/msg/detail/robopose__rosidl_typesupport_introspection_cpp.hpp
-- Installing: /home/lin/train2/src/install/example_ros2_interfaces/include/example_ros2_interfaces/example_ros2_interfaces/msg/detail/robopose__type_support.cpp
-- Installing: /home/lin/train2/src/install/example_ros2_interfaces/include/example_ros2_interfaces/example_ros2_interfaces/msg/detail/robot_status__type_support.cpp
-- Installing: /home/lin/train2/src/install/example_ros2_interfaces/include/example_ros2_interfaces/example_ros2_interfaces/msg/detail/robot_status__rosidl_typesupport_introspection_cpp.hpp
-- Installing: /home/lin/train2/src/install/example_ros2_interfaces/lib/libexample_ros2_interfaces__rosidl_typesupport_introspection_cpp.so
-- Set runtime path of "/home/lin/train2/src/install/example_ros2_interfaces/lib/libexample_ros2_interfaces__rosidl_typesupport_introspection_cpp.so" to ""
-- Installing: /home/lin/train2/src/install/example_ros2_interfaces/lib/libexample_ros2_interfaces__rosidl_typesupport_cpp.so
-- Set runtime path of "/home/lin/train2/src/install/example_ros2_interfaces/lib/libexample_ros2_interfaces__rosidl_typesupport_cpp.so" to ""
-- Installing: /home/lin/train2/src/install/example_ros2_interfaces/share/example_ros2_interfaces/environment/pythonpath.sh
-- Installing: /home/lin/train2/src/install/example_ros2_interfaces/share/example_ros2_interfaces/environment/pythonpath.dsv
-- Installing: /home/lin/train2/src/install/example_ros2_interfaces/local/lib/python3.10/dist-packages/example_ros2_interfaces-0.0.0-py3.10.egg-info
-- Installing: /home/lin/train2/src/install/example_ros2_interfaces/local/lib/python3.10/dist-packages/example_ros2_interfaces-0.0.0-py3.10.egg-info/PKG-INFO
-- Installing: /home/lin/train2/src/install/example_ros2_interfaces/local/lib/python3.10/dist-packages/example_ros2_interfaces-0.0.0-py3.10.egg-info/dependency_links.txt
-- Installing: /home/lin/train2/src/install/example_ros2_interfaces/local/lib/python3.10/dist-packages/example_ros2_interfaces-0.0.0-py3.10.egg-info/SOURCES.txt
-- Installing: /home/lin/train2/src/install/example_ros2_interfaces/local/lib/python3.10/dist-packages/example_ros2_interfaces-0.0.0-py3.10.egg-info/top_level.txt
-- Installing: /home/lin/train2/src/install/example_ros2_interfaces/local/lib/python3.10/dist-packages/example_ros2_interfaces
-- Installing: /home/lin/train2/src/install/example_ros2_interfaces/local/lib/python3.10/dist-packages/example_ros2_interfaces/example_ros2_interfaces_s__rosidl_typesupport_fastrtps_c.cpython-310-x86_64-linux-gnu.so
-- Installing: /home/lin/train2/src/install/example_ros2_interfaces/local/lib/python3.10/dist-packages/example_ros2_interfaces/srv
-- Installing: /home/lin/train2/src/install/example_ros2_interfaces/local/lib/python3.10/dist-packages/example_ros2_interfaces/srv/_move_robot_s.c
-- Installing: /home/lin/train2/src/install/example_ros2_interfaces/local/lib/python3.10/dist-packages/example_ros2_interfaces/srv/__init__.py
-- Installing: /home/lin/train2/src/install/example_ros2_interfaces/local/lib/python3.10/dist-packages/example_ros2_interfaces/srv/_move_robot.py
-- Installing: /home/lin/train2/src/install/example_ros2_interfaces/local/lib/python3.10/dist-packages/example_ros2_interfaces/libexample_ros2_interfaces__rosidl_generator_py.so
-- Installing: /home/lin/train2/src/install/example_ros2_interfaces/local/lib/python3.10/dist-packages/example_ros2_interfaces/_example_ros2_interfaces_s.ep.rosidl_typesupport_c.c
-- Installing: /home/lin/train2/src/install/example_ros2_interfaces/local/lib/python3.10/dist-packages/example_ros2_interfaces/_example_ros2_interfaces_s.ep.rosidl_typesupport_fastrtps_c.c
-- Installing: /home/lin/train2/src/install/example_ros2_interfaces/local/lib/python3.10/dist-packages/example_ros2_interfaces/__init__.py
-- Installing: /home/lin/train2/src/install/example_ros2_interfaces/local/lib/python3.10/dist-packages/example_ros2_interfaces/example_ros2_interfaces_s__rosidl_typesupport_introspection_c.cpython-310-x86_64-linux-gnu.so
-- Installing: /home/lin/train2/src/install/example_ros2_interfaces/local/lib/python3.10/dist-packages/example_ros2_interfaces/msg
-- Installing: /home/lin/train2/src/install/example_ros2_interfaces/local/lib/python3.10/dist-packages/example_ros2_interfaces/msg/__init__.py
-- Installing: /home/lin/train2/src/install/example_ros2_interfaces/local/lib/python3.10/dist-packages/example_ros2_interfaces/msg/_robopose_s.c
-- Installing: /home/lin/train2/src/install/example_ros2_interfaces/local/lib/python3.10/dist-packages/example_ros2_interfaces/msg/_robot_status.py
-- Installing: /home/lin/train2/src/install/example_ros2_interfaces/local/lib/python3.10/dist-packages/example_ros2_interfaces/msg/_robot_status_s.c
-- Installing: /home/lin/train2/src/install/example_ros2_interfaces/local/lib/python3.10/dist-packages/example_ros2_interfaces/msg/_robopose.py
-- Installing: /home/lin/train2/src/install/example_ros2_interfaces/local/lib/python3.10/dist-packages/example_ros2_interfaces/example_ros2_interfaces_s__rosidl_typesupport_c.cpython-310-x86_64-linux-gnu.so
-- Installing: /home/lin/train2/src/install/example_ros2_interfaces/local/lib/python3.10/dist-packages/example_ros2_interfaces/_example_ros2_interfaces_s.ep.rosidl_typesupport_introspection_c.c
Listing '/home/lin/train2/src/install/example_ros2_interfaces/local/lib/python3.10/dist-packages/example_ros2_interfaces'...
Compiling '/home/lin/train2/src/install/example_ros2_interfaces/local/lib/python3.10/dist-packages/example_ros2_interfaces/__init__.py'...
Listing '/home/lin/train2/src/install/example_ros2_interfaces/local/lib/python3.10/dist-packages/example_ros2_interfaces/msg'...
Compiling '/home/lin/train2/src/install/example_ros2_interfaces/local/lib/python3.10/dist-packages/example_ros2_interfaces/msg/__init__.py'...
Compiling '/home/lin/train2/src/install/example_ros2_interfaces/local/lib/python3.10/dist-packages/example_ros2_interfaces/msg/_robopose.py'...
Compiling '/home/lin/train2/src/install/example_ros2_interfaces/local/lib/python3.10/dist-packages/example_ros2_interfaces/msg/_robot_status.py'...
Listing '/home/lin/train2/src/install/example_ros2_interfaces/local/lib/python3.10/dist-packages/example_ros2_interfaces/srv'...
Compiling '/home/lin/train2/src/install/example_ros2_interfaces/local/lib/python3.10/dist-packages/example_ros2_interfaces/srv/__init__.py'...
Compiling '/home/lin/train2/src/install/example_ros2_interfaces/local/lib/python3.10/dist-packages/example_ros2_interfaces/srv/_move_robot.py'...
-- Installing: /home/lin/train2/src/install/example_ros2_interfaces/local/lib/python3.10/dist-packages/example_ros2_interfaces/example_ros2_interfaces_s__rosidl_typesupport_fastrtps_c.cpython-310-x86_64-linux-gnu.so
-- Set runtime path of "/home/lin/train2/src/install/example_ros2_interfaces/local/lib/python3.10/dist-packages/example_ros2_interfaces/example_ros2_interfaces_s__rosidl_typesupport_fastrtps_c.cpython-310-x86_64-linux-gnu.so" to ""
-- Installing: /home/lin/train2/src/install/example_ros2_interfaces/local/lib/python3.10/dist-packages/example_ros2_interfaces/example_ros2_interfaces_s__rosidl_typesupport_introspection_c.cpython-310-x86_64-linux-gnu.so
-- Set runtime path of "/home/lin/train2/src/install/example_ros2_interfaces/local/lib/python3.10/dist-packages/example_ros2_interfaces/example_ros2_interfaces_s__rosidl_typesupport_introspection_c.cpython-310-x86_64-linux-gnu.so" to ""
-- Installing: /home/lin/train2/src/install/example_ros2_interfaces/local/lib/python3.10/dist-packages/example_ros2_interfaces/example_ros2_interfaces_s__rosidl_typesupport_c.cpython-310-x86_64-linux-gnu.so
-- Set runtime path of "/home/lin/train2/src/install/example_ros2_interfaces/local/lib/python3.10/dist-packages/example_ros2_interfaces/example_ros2_interfaces_s__rosidl_typesupport_c.cpython-310-x86_64-linux-gnu.so" to ""
-- Installing: /home/lin/train2/src/install/example_ros2_interfaces/lib/libexample_ros2_interfaces__rosidl_generator_py.so
-- Set runtime path of "/home/lin/train2/src/install/example_ros2_interfaces/lib/libexample_ros2_interfaces__rosidl_generator_py.so" to ""
-- Installing: /home/lin/train2/src/install/example_ros2_interfaces/share/example_ros2_interfaces/msg/Robopose.idl
-- Installing: /home/lin/train2/src/install/example_ros2_interfaces/share/example_ros2_interfaces/msg/RobotStatus.idl
-- Installing: /home/lin/train2/src/install/example_ros2_interfaces/share/example_ros2_interfaces/srv/MoveRobot.idl
-- Installing: /home/lin/train2/src/install/example_ros2_interfaces/share/example_ros2_interfaces/msg/Robopose.msg
-- Installing: /home/lin/train2/src/install/example_ros2_interfaces/share/example_ros2_interfaces/msg/RobotStatus.msg
-- Installing: /home/lin/train2/src/install/example_ros2_interfaces/share/example_ros2_interfaces/srv/MoveRobot.srv
-- Installing: /home/lin/train2/src/install/example_ros2_interfaces/share/example_ros2_interfaces/srv/MoveRobot_Request.msg
-- Installing: /home/lin/train2/src/install/example_ros2_interfaces/share/example_ros2_interfaces/srv/MoveRobot_Response.msg
-- Installing: /home/lin/train2/src/install/example_ros2_interfaces/share/ament_index/resource_index/package_run_dependencies/example_ros2_interfaces
-- Installing: /home/lin/train2/src/install/example_ros2_interfaces/share/ament_index/resource_index/parent_prefix_path/example_ros2_interfaces
-- Installing: /home/lin/train2/src/install/example_ros2_interfaces/share/example_ros2_interfaces/environment/ament_prefix_path.sh
-- Installing: /home/lin/train2/src/install/example_ros2_interfaces/share/example_ros2_interfaces/environment/ament_prefix_path.dsv
-- Installing: /home/lin/train2/src/install/example_ros2_interfaces/share/example_ros2_interfaces/environment/path.sh
-- Installing: /home/lin/train2/src/install/example_ros2_interfaces/share/example_ros2_interfaces/environment/path.dsv
-- Installing: /home/lin/train2/src/install/example_ros2_interfaces/share/example_ros2_interfaces/local_setup.bash
-- Installing: /home/lin/train2/src/install/example_ros2_interfaces/share/example_ros2_interfaces/local_setup.sh
-- Installing: /home/lin/train2/src/install/example_ros2_interfaces/share/example_ros2_interfaces/local_setup.zsh
-- Installing: /home/lin/train2/src/install/example_ros2_interfaces/share/example_ros2_interfaces/local_setup.dsv
-- Installing: /home/lin/train2/src/install/example_ros2_interfaces/share/example_ros2_interfaces/package.dsv
-- Installing: /home/lin/train2/src/install/example_ros2_interfaces/share/ament_index/resource_index/packages/example_ros2_interfaces
-- Installing: /home/lin/train2/src/install/example_ros2_interfaces/share/example_ros2_interfaces/cmake/export_example_ros2_interfaces__rosidl_generator_cExport.cmake
-- Installing: /home/lin/train2/src/install/example_ros2_interfaces/share/example_ros2_interfaces/cmake/export_example_ros2_interfaces__rosidl_generator_cExport-noconfig.cmake
-- Installing: /home/lin/train2/src/install/example_ros2_interfaces/share/example_ros2_interfaces/cmake/export_example_ros2_interfaces__rosidl_typesupport_fastrtps_cExport.cmake
-- Installing: /home/lin/train2/src/install/example_ros2_interfaces/share/example_ros2_interfaces/cmake/export_example_ros2_interfaces__rosidl_typesupport_fastrtps_cExport-noconfig.cmake
-- Installing: /home/lin/train2/src/install/example_ros2_interfaces/share/example_ros2_interfaces/cmake/example_ros2_interfaces__rosidl_typesupport_introspection_cExport.cmake
-- Installing: /home/lin/train2/src/install/example_ros2_interfaces/share/example_ros2_interfaces/cmake/example_ros2_interfaces__rosidl_typesupport_introspection_cExport-noconfig.cmake
-- Installing: /home/lin/train2/src/install/example_ros2_interfaces/share/example_ros2_interfaces/cmake/example_ros2_interfaces__rosidl_typesupport_cExport.cmake
-- Installing: /home/lin/train2/src/install/example_ros2_interfaces/share/example_ros2_interfaces/cmake/example_ros2_interfaces__rosidl_typesupport_cExport-noconfig.cmake
-- Installing: /home/lin/train2/src/install/example_ros2_interfaces/share/example_ros2_interfaces/cmake/export_example_ros2_interfaces__rosidl_generator_cppExport.cmake
-- Installing: /home/lin/train2/src/install/example_ros2_interfaces/share/example_ros2_interfaces/cmake/export_example_ros2_interfaces__rosidl_typesupport_fastrtps_cppExport.cmake
-- Installing: /home/lin/train2/src/install/example_ros2_interfaces/share/example_ros2_interfaces/cmake/export_example_ros2_interfaces__rosidl_typesupport_fastrtps_cppExport-noconfig.cmake
-- Installing: /home/lin/train2/src/install/example_ros2_interfaces/share/example_ros2_interfaces/cmake/example_ros2_interfaces__rosidl_typesupport_introspection_cppExport.cmake
-- Installing: /home/lin/train2/src/install/example_ros2_interfaces/share/example_ros2_interfaces/cmake/example_ros2_interfaces__rosidl_typesupport_introspection_cppExport-noconfig.cmake
-- Installing: /home/lin/train2/src/install/example_ros2_interfaces/share/example_ros2_interfaces/cmake/example_ros2_interfaces__rosidl_typesupport_cppExport.cmake
-- Installing: /home/lin/train2/src/install/example_ros2_interfaces/share/example_ros2_interfaces/cmake/example_ros2_interfaces__rosidl_typesupport_cppExport-noconfig.cmake
-- Installing: /home/lin/train2/src/install/example_ros2_interfaces/share/example_ros2_interfaces/cmake/export_example_ros2_interfaces__rosidl_generator_pyExport.cmake
-- Installing: /home/lin/train2/src/install/example_ros2_interfaces/share/example_ros2_interfaces/cmake/export_example_ros2_interfaces__rosidl_generator_pyExport-noconfig.cmake
-- Installing: /home/lin/train2/src/install/example_ros2_interfaces/share/example_ros2_interfaces/cmake/rosidl_cmake-extras.cmake
-- Installing: /home/lin/train2/src/install/example_ros2_interfaces/share/example_ros2_interfaces/cmake/ament_cmake_export_dependencies-extras.cmake
-- Installing: /home/lin/train2/src/install/example_ros2_interfaces/share/example_ros2_interfaces/cmake/ament_cmake_export_include_directories-extras.cmake
-- Installing: /home/lin/train2/src/install/example_ros2_interfaces/share/example_ros2_interfaces/cmake/ament_cmake_export_libraries-extras.cmake
-- Installing: /home/lin/train2/src/install/example_ros2_interfaces/share/example_ros2_interfaces/cmake/ament_cmake_export_targets-extras.cmake
-- Installing: /home/lin/train2/src/install/example_ros2_interfaces/share/example_ros2_interfaces/cmake/rosidl_cmake_export_typesupport_targets-extras.cmake
-- Installing: /home/lin/train2/src/install/example_ros2_interfaces/share/example_ros2_interfaces/cmake/rosidl_cmake_export_typesupport_libraries-extras.cmake
-- Installing: /home/lin/train2/src/install/example_ros2_interfaces/share/example_ros2_interfaces/cmake/example_ros2_interfacesConfig.cmake
-- Installing: /home/lin/train2/src/install/example_ros2_interfaces/share/example_ros2_interfaces/cmake/example_ros2_interfacesConfig-version.cmake
-- Installing: /home/lin/train2/src/install/example_ros2_interfaces/share/example_ros2_interfaces/package.xml
