[0.190s] Invoking command in '/home/lin/train2/src/build/csm': CMAKE_PREFIX_PATH=${CMAKE_PREFIX_PATH}:/home/lin/ros_ws/install/sdformat_tools:/home/lin/train2/src/install/fishbot_description:/home/lin/train2/src/install/example_py:/opt/ros/humble /usr/local/bin/cmake --build /home/lin/train2/src/build/csm -- -j8 -l8
[1.027s] [100%] Built target csm
[1.062s] Invoked command in '/home/lin/train2/src/build/csm' returned '0': CMAKE_PREFIX_PATH=${CMAKE_PREFIX_PATH}:/home/lin/ros_ws/install/sdformat_tools:/home/lin/train2/src/install/fishbot_description:/home/lin/train2/src/install/example_py:/opt/ros/humble /usr/local/bin/cmake --build /home/lin/train2/src/build/csm -- -j8 -l8
[1.083s] Invoking command in '/home/lin/train2/src/build/csm': CMAKE_PREFIX_PATH=${CMAKE_PREFIX_PATH}:/home/lin/ros_ws/install/sdformat_tools:/home/lin/train2/src/install/fishbot_description:/home/lin/train2/src/install/example_py:/opt/ros/humble /usr/local/bin/cmake --install /home/lin/train2/src/build/csm
[1.122s] -- Install configuration: ""
[1.122s] -- Execute custom install script
[1.122s] -- Up-to-date symlink: /home/lin/train2/src/install/csm/lib/libcsm.so
[1.122s] -- Up-to-date symlink: /home/lin/train2/src/install/csm/include/..//include/csm/algos.h
[1.123s] -- Up-to-date symlink: /home/lin/train2/src/install/csm/include/..//include/csm/csm.h
[1.123s] -- Up-to-date symlink: /home/lin/train2/src/install/csm/include/..//include/csm/laser_data.h
[1.123s] -- Up-to-date symlink: /home/lin/train2/src/install/csm/include/..//include/csm/laser_data_inline.h
[1.123s] -- Up-to-date symlink: /home/lin/train2/src/install/csm/include/..//include/csm/restrict.h
[1.123s] -- Up-to-date symlink: /home/lin/train2/src/install/csm/include/..//include/gsl_eigen/gsl_eigen.h
[1.123s] -- Up-to-date symlink: /home/lin/train2/src/install/csm/share/csm/resource/csm
[1.124s] -- Up-to-date symlink: /home/lin/train2/src/install/csm/include/../gsl_eigen/gsl_eigen.h
[1.124s] -- Up-to-date symlink: /home/lin/train2/src/install/csm/share/csm/environment/library_path.sh
[1.124s] -- Up-to-date symlink: /home/lin/train2/src/install/csm/share/csm/environment/library_path.dsv
[1.124s] -- Up-to-date symlink: /home/lin/train2/src/install/csm/share/ament_index/resource_index/package_run_dependencies/csm
[1.124s] -- Up-to-date symlink: /home/lin/train2/src/install/csm/share/ament_index/resource_index/parent_prefix_path/csm
[1.124s] -- Up-to-date symlink: /home/lin/train2/src/install/csm/share/csm/environment/ament_prefix_path.sh
[1.124s] -- Up-to-date symlink: /home/lin/train2/src/install/csm/share/csm/environment/ament_prefix_path.dsv
[1.126s] -- Up-to-date symlink: /home/lin/train2/src/install/csm/share/csm/environment/path.sh
[1.131s] -- Up-to-date symlink: /home/lin/train2/src/install/csm/share/csm/environment/path.dsv
[1.131s] -- Up-to-date symlink: /home/lin/train2/src/install/csm/share/csm/local_setup.bash
[1.132s] -- Up-to-date symlink: /home/lin/train2/src/install/csm/share/csm/local_setup.sh
[1.132s] -- Up-to-date symlink: /home/lin/train2/src/install/csm/share/csm/local_setup.zsh
[1.132s] -- Up-to-date symlink: /home/lin/train2/src/install/csm/share/csm/local_setup.dsv
[1.133s] -- Symlinking: /home/lin/train2/src/install/csm/share/csm/package.dsv
[1.139s] -- Up-to-date symlink: /home/lin/train2/src/install/csm/share/ament_index/resource_index/packages/csm
[1.161s] -- Up-to-date symlink: /home/lin/train2/src/install/csm/share/csm/cmake/ament_cmake_export_dependencies-extras.cmake
[1.161s] -- Up-to-date symlink: /home/lin/train2/src/install/csm/share/csm/cmake/ament_cmake_export_include_directories-extras.cmake
[1.168s] -- Up-to-date symlink: /home/lin/train2/src/install/csm/share/csm/cmake/ament_cmake_export_libraries-extras.cmake
[1.168s] -- Up-to-date symlink: /home/lin/train2/src/install/csm/share/csm/cmake/csmConfig.cmake
[1.181s] -- Up-to-date symlink: /home/lin/train2/src/install/csm/share/csm/cmake/csmConfig-version.cmake
[1.181s] -- Up-to-date symlink: /home/lin/train2/src/install/csm/share/csm/package.xml
[1.340s] Invoked command in '/home/lin/train2/src/build/csm' returned '0': CMAKE_PREFIX_PATH=${CMAKE_PREFIX_PATH}:/home/lin/ros_ws/install/sdformat_tools:/home/lin/train2/src/install/fishbot_description:/home/lin/train2/src/install/example_py:/opt/ros/humble /usr/local/bin/cmake --install /home/lin/train2/src/build/csm
