[0.713s] Invoking command in '/home/lin/train2/src/build/odom_publisher': CMAKE_PREFIX_PATH=${CMAKE_PREFIX_PATH}:/home/lin/ros_ws/install/sdformat_tools:/home/lin/train2/src/install/fishbot_description:/home/lin/train2/src/install/example_py:/opt/ros/humble /usr/local/bin/cmake --build /home/lin/train2/src/build/odom_publisher -- -j8 -l8
[0.850s] [100%] Built target odom_publisher
[0.971s] Invoked command in '/home/lin/train2/src/build/odom_publisher' returned '0': CMAKE_PREFIX_PATH=${CMAKE_PREFIX_PATH}:/home/lin/ros_ws/install/sdformat_tools:/home/lin/train2/src/install/fishbot_description:/home/lin/train2/src/install/example_py:/opt/ros/humble /usr/local/bin/cmake --build /home/lin/train2/src/build/odom_publisher -- -j8 -l8
[0.972s] Invoking command in '/home/lin/train2/src/build/odom_publisher': CMAKE_PREFIX_PATH=${CMAKE_PREFIX_PATH}:/home/lin/ros_ws/install/sdformat_tools:/home/lin/train2/src/install/fishbot_description:/home/lin/train2/src/install/example_py:/opt/ros/humble /usr/local/bin/cmake --install /home/lin/train2/src/build/odom_publisher
[0.995s] -- Install configuration: ""
[0.995s] -- Execute custom install script
[0.997s] -- Up-to-date symlink: /home/lin/train2/src/install/odom_publisher/lib/odom_publisher/odom_publisher
[0.998s] -- Up-to-date symlink: /home/lin/train2/src/install/odom_publisher/share/ament_index/resource_index/package_run_dependencies/odom_publisher
[0.998s] -- Up-to-date symlink: /home/lin/train2/src/install/odom_publisher/share/ament_index/resource_index/parent_prefix_path/odom_publisher
[1.000s] -- Up-to-date symlink: /home/lin/train2/src/install/odom_publisher/share/odom_publisher/environment/ament_prefix_path.sh
[1.000s] -- Up-to-date symlink: /home/lin/train2/src/install/odom_publisher/share/odom_publisher/environment/ament_prefix_path.dsv
[1.001s] -- Up-to-date symlink: /home/lin/train2/src/install/odom_publisher/share/odom_publisher/environment/path.sh
[1.001s] -- Up-to-date symlink: /home/lin/train2/src/install/odom_publisher/share/odom_publisher/environment/path.dsv
[1.001s] -- Up-to-date symlink: /home/lin/train2/src/install/odom_publisher/share/odom_publisher/local_setup.bash
[1.018s] -- Up-to-date symlink: /home/lin/train2/src/install/odom_publisher/share/odom_publisher/local_setup.sh
[1.018s] -- Up-to-date symlink: /home/lin/train2/src/install/odom_publisher/share/odom_publisher/local_setup.zsh
[1.020s] -- Up-to-date symlink: /home/lin/train2/src/install/odom_publisher/share/odom_publisher/local_setup.dsv
[1.020s] -- Symlinking: /home/lin/train2/src/install/odom_publisher/share/odom_publisher/package.dsv
[1.021s] -- Up-to-date symlink: /home/lin/train2/src/install/odom_publisher/share/ament_index/resource_index/packages/odom_publisher
[1.021s] -- Up-to-date symlink: /home/lin/train2/src/install/odom_publisher/share/odom_publisher/cmake/odom_publisherConfig.cmake
[1.021s] -- Up-to-date symlink: /home/lin/train2/src/install/odom_publisher/share/odom_publisher/cmake/odom_publisherConfig-version.cmake
[1.024s] -- Up-to-date symlink: /home/lin/train2/src/install/odom_publisher/share/odom_publisher/package.xml
[1.050s] Invoked command in '/home/lin/train2/src/build/odom_publisher' returned '0': CMAKE_PREFIX_PATH=${CMAKE_PREFIX_PATH}:/home/lin/ros_ws/install/sdformat_tools:/home/lin/train2/src/install/fishbot_description:/home/lin/train2/src/install/example_py:/opt/ros/humble /usr/local/bin/cmake --install /home/lin/train2/src/build/odom_publisher
